ARM GAS  C:\Users\Schuyler\AppData\Local\Temp\ccUcqVeA.s 			page 1


   1              		.syntax unified
   2              		.cpu cortex-m3
   3              		.fpu softvfp
   4              		.eabi_attribute 20, 1
   5              		.eabi_attribute 21, 1
   6              		.eabi_attribute 23, 3
   7              		.eabi_attribute 24, 1
   8              		.eabi_attribute 25, 1
   9              		.eabi_attribute 26, 1
  10              		.eabi_attribute 30, 6
  11              		.eabi_attribute 34, 1
  12              		.eabi_attribute 18, 4
  13              		.thumb
  14              		.file	"can_manga.c"
  15              		.text
  16              	.Ltext0:
  17              		.cfi_sections	.debug_frame
  18              		.section	.text.testHandler,"ax",%progbits
  19              		.align	2
  20              		.global	testHandler
  21              		.thumb
  22              		.thumb_func
  23              		.type	testHandler, %function
  24              	testHandler:
  25              	.LFB0:
  26              		.file 1 "./can_manga_handlers.h"
   1:./can_manga_handlers.h **** /* ========================================
   2:./can_manga_handlers.h ****  * This file is used for declaring functions which will be executed for a particular CAN ID.
   3:./can_manga_handlers.h ****  * ========================================
   4:./can_manga_handlers.h ****  */
   5:./can_manga_handlers.h **** 
   6:./can_manga_handlers.h **** #ifndef CAN_MANGA_HANDLERS_H
   7:./can_manga_handlers.h **** #define CAN_MANGA_HANDLERS_H
   8:./can_manga_handlers.h **** 
   9:./can_manga_handlers.h **** #include "CAN_1.h"
  10:./can_manga_handlers.h **** #include "RED.h"
  11:./can_manga_handlers.h ****     
  12:./can_manga_handlers.h **** extern volatile unsigned int incrementedNumber;
  13:./can_manga_handlers.h **** 
  14:./can_manga_handlers.h **** // Handles 0x300
  15:./can_manga_handlers.h **** void testHandler(CAN_1_RX_STRUCT msg)
  16:./can_manga_handlers.h **** {
  27              		.loc 1 16 0
  28              		.cfi_startproc
  29              		@ args = 32, pretend = 16, frame = 0
  30              		@ frame_needed = 1, uses_anonymous_args = 0
  31              		@ link register save eliminated.
  32 0000 84B0     		sub	sp, sp, #16
  33              		.cfi_def_cfa_offset 16
  34 0002 90B4     		push	{r4, r7}
  35              		.cfi_def_cfa_offset 24
  36              		.cfi_offset 4, -24
  37              		.cfi_offset 7, -20
  38 0004 00AF     		add	r7, sp, #0
  39              		.cfi_def_cfa_register 7
  40 0006 07F10804 		add	r4, r7, #8
  41 000a 84E80F00 		stmia	r4, {r0, r1, r2, r3}
ARM GAS  C:\Users\Schuyler\AppData\Local\Temp\ccUcqVeA.s 			page 2


  17:./can_manga_handlers.h ****     incrementedNumber = (int)msg.rxdata.byte[CAN_1_DATA_BYTE_1];
  42              		.loc 1 17 0
  43 000e FB7C     		ldrb	r3, [r7, #19]
  44 0010 DBB2     		uxtb	r3, r3
  45 0012 1A46     		mov	r2, r3
  46 0014 024B     		ldr	r3, .L2
  47 0016 1A60     		str	r2, [r3]
  18:./can_manga_handlers.h **** };
  48              		.loc 1 18 0
  49 0018 BD46     		mov	sp, r7
  50              		.cfi_def_cfa_register 13
  51              		@ sp needed
  52 001a 90BC     		pop	{r4, r7}
  53              		.cfi_restore 7
  54              		.cfi_restore 4
  55              		.cfi_def_cfa_offset 16
  56 001c 04B0     		add	sp, sp, #16
  57              		.cfi_def_cfa_offset 0
  58 001e 7047     		bx	lr
  59              	.L3:
  60              		.align	2
  61              	.L2:
  62 0020 00000000 		.word	incrementedNumber
  63              		.cfi_endproc
  64              	.LFE0:
  65              		.size	testHandler, .-testHandler
  66              		.section	.text.testHandler2,"ax",%progbits
  67              		.align	2
  68              		.global	testHandler2
  69              		.thumb
  70              		.thumb_func
  71              		.type	testHandler2, %function
  72              	testHandler2:
  73              	.LFB1:
  19:./can_manga_handlers.h **** void testHandler2(CAN_1_RX_STRUCT msg)
  20:./can_manga_handlers.h **** {
  74              		.loc 1 20 0
  75              		.cfi_startproc
  76              		@ args = 32, pretend = 16, frame = 0
  77              		@ frame_needed = 1, uses_anonymous_args = 0
  78 0000 84B0     		sub	sp, sp, #16
  79              		.cfi_def_cfa_offset 16
  80 0002 80B5     		push	{r7, lr}
  81              		.cfi_def_cfa_offset 24
  82              		.cfi_offset 7, -24
  83              		.cfi_offset 14, -20
  84 0004 00AF     		add	r7, sp, #0
  85              		.cfi_def_cfa_register 7
  86 0006 07F1080E 		add	lr, r7, #8
  87 000a 8EE80F00 		stmia	lr, {r0, r1, r2, r3}
  21:./can_manga_handlers.h ****     RED_Write(1);
  88              		.loc 1 21 0
  89 000e 0120     		movs	r0, #1
  90 0010 FFF7FEFF 		bl	RED_Write
  22:./can_manga_handlers.h ****     CyDelay(500);
  91              		.loc 1 22 0
  92 0014 4FF4FA70 		mov	r0, #500
ARM GAS  C:\Users\Schuyler\AppData\Local\Temp\ccUcqVeA.s 			page 3


  93 0018 FFF7FEFF 		bl	CyDelay
  23:./can_manga_handlers.h ****     RED_Write(0);
  94              		.loc 1 23 0
  95 001c 0020     		movs	r0, #0
  96 001e FFF7FEFF 		bl	RED_Write
  24:./can_manga_handlers.h **** };
  97              		.loc 1 24 0
  98 0022 BD46     		mov	sp, r7
  99              		.cfi_def_cfa_register 13
 100              		@ sp needed
 101 0024 BDE88040 		pop	{r7, lr}
 102              		.cfi_restore 14
 103              		.cfi_restore 7
 104              		.cfi_def_cfa_offset 16
 105 0028 04B0     		add	sp, sp, #16
 106              		.cfi_def_cfa_offset 0
 107 002a 7047     		bx	lr
 108              		.cfi_endproc
 109              	.LFE1:
 110              		.size	testHandler2, .-testHandler2
 111              		.section	.text.can_receive,"ax",%progbits
 112              		.align	2
 113              		.global	can_receive
 114              		.thumb
 115              		.thumb_func
 116              		.type	can_receive, %function
 117              	can_receive:
 118              	.LFB2:
 119              		.file 2 "..\\can_manga.c"
   1:..\can_manga.c **** /* ========================================
   2:..\can_manga.c ****  * Can API for FRUCD
   3:..\can_manga.c ****  * Schuyler Alschuler 2016 - 2017
   4:..\can_manga.c ****  * ========================================
   5:..\can_manga.c **** */
   6:..\can_manga.c **** 
   7:..\can_manga.c **** /*
   8:..\can_manga.c ****     Make sure to use macros to access data bytes. They are not in
   9:..\can_manga.c ****     the order you expect! These macros were defined by Cypress in CAN_1.h.
  10:..\can_manga.c ****     
  11:..\can_manga.c ****     CAN_1_DATA_BYTE_1    
  12:..\can_manga.c ****     CAN_1_DATA_BYTE_2    
  13:..\can_manga.c ****     CAN_1_DATA_BYTE_3    
  14:..\can_manga.c ****     CAN_1_DATA_BYTE_4    
  15:..\can_manga.c ****     CAN_1_DATA_BYTE_5
  16:..\can_manga.c ****     CAN_1_DATA_BYTE_6
  17:..\can_manga.c ****     CAN_1_DATA_BYTE_7
  18:..\can_manga.c ****     CAN_1_DATA_BYTE_8
  19:..\can_manga.c **** */
  20:..\can_manga.c **** 
  21:..\can_manga.c **** #include "CAN_1.h"
  22:..\can_manga.c **** #include "can_manga.h"
  23:..\can_manga.c **** #include "can_manga_handlers.h"
  24:..\can_manga.c **** 
  25:..\can_manga.c **** 
  26:..\can_manga.c **** void can_receive(CAN_1_RX_STRUCT msg, int ID)
  27:..\can_manga.c **** {
 120              		.loc 2 27 0
ARM GAS  C:\Users\Schuyler\AppData\Local\Temp\ccUcqVeA.s 			page 4


 121              		.cfi_startproc
 122              		@ args = 36, pretend = 16, frame = 0
 123              		@ frame_needed = 1, uses_anonymous_args = 0
 124 0000 84B0     		sub	sp, sp, #16
 125              		.cfi_def_cfa_offset 16
 126 0002 90B5     		push	{r4, r7, lr}
 127              		.cfi_def_cfa_offset 28
 128              		.cfi_offset 4, -28
 129              		.cfi_offset 7, -24
 130              		.cfi_offset 14, -20
 131 0004 85B0     		sub	sp, sp, #20
 132              		.cfi_def_cfa_offset 48
 133 0006 04AF     		add	r7, sp, #16
 134              		.cfi_def_cfa 7, 32
 135 0008 07F11004 		add	r4, r7, #16
 136 000c 84E80F00 		stmia	r4, {r0, r1, r2, r3}
  28:..\can_manga.c ****     switch (ID) 
 137              		.loc 2 28 0
 138 0010 3B6B     		ldr	r3, [r7, #48]
 139 0012 B3F5407F 		cmp	r3, #768
 140 0016 03D0     		beq	.L7
 141 0018 B3F5C06F 		cmp	r3, #1536
 142 001c 0CD0     		beq	.L8
 143 001e 16E0     		b	.L5
 144              	.L7:
  29:..\can_manga.c ****     {
  30:..\can_manga.c ****         case 0x300:
  31:..\can_manga.c ****             testHandler(msg);
 145              		.loc 2 31 0
 146 0020 6C46     		mov	r4, sp
 147 0022 07F12003 		add	r3, r7, #32
 148 0026 0FCB     		ldmia	r3, {r0, r1, r2, r3}
 149 0028 84E80F00 		stmia	r4, {r0, r1, r2, r3}
 150 002c 07F11003 		add	r3, r7, #16
 151 0030 0FCB     		ldmia	r3, {r0, r1, r2, r3}
 152 0032 FFF7FEFF 		bl	testHandler
  32:..\can_manga.c ****             break;
 153              		.loc 2 32 0
 154 0036 0AE0     		b	.L5
 155              	.L8:
  33:..\can_manga.c ****         case 0x600:
  34:..\can_manga.c ****             testHandler2(msg);
 156              		.loc 2 34 0
 157 0038 6C46     		mov	r4, sp
 158 003a 07F12003 		add	r3, r7, #32
 159 003e 0FCB     		ldmia	r3, {r0, r1, r2, r3}
 160 0040 84E80F00 		stmia	r4, {r0, r1, r2, r3}
 161 0044 07F11003 		add	r3, r7, #16
 162 0048 0FCB     		ldmia	r3, {r0, r1, r2, r3}
 163 004a FFF7FEFF 		bl	testHandler2
 164              	.L5:
  35:..\can_manga.c ****     }
  36:..\can_manga.c **** }
 165              		.loc 2 36 0
 166 004e 0437     		adds	r7, r7, #4
 167              		.cfi_def_cfa_offset 28
 168 0050 BD46     		mov	sp, r7
ARM GAS  C:\Users\Schuyler\AppData\Local\Temp\ccUcqVeA.s 			page 5


 169              		.cfi_def_cfa_register 13
 170              		@ sp needed
 171 0052 BDE89040 		pop	{r4, r7, lr}
 172              		.cfi_restore 14
 173              		.cfi_restore 7
 174              		.cfi_restore 4
 175              		.cfi_def_cfa_offset 16
 176 0056 04B0     		add	sp, sp, #16
 177              		.cfi_def_cfa_offset 0
 178 0058 7047     		bx	lr
 179              		.cfi_endproc
 180              	.LFE2:
 181              		.size	can_receive, .-can_receive
 182 005a 00BF     		.section	.text.can_test_send,"ax",%progbits
 183              		.align	2
 184              		.global	can_test_send
 185              		.thumb
 186              		.thumb_func
 187              		.type	can_test_send, %function
 188              	can_test_send:
 189              	.LFB3:
  37:..\can_manga.c **** 
  38:..\can_manga.c **** void can_test_send()
  39:..\can_manga.c **** {
 190              		.loc 2 39 0
 191              		.cfi_startproc
 192              		@ args = 0, pretend = 0, frame = 16
 193              		@ frame_needed = 1, uses_anonymous_args = 0
 194 0000 80B5     		push	{r7, lr}
 195              		.cfi_def_cfa_offset 8
 196              		.cfi_offset 7, -8
 197              		.cfi_offset 14, -4
 198 0002 84B0     		sub	sp, sp, #16
 199              		.cfi_def_cfa_offset 24
 200 0004 00AF     		add	r7, sp, #0
 201              		.cfi_def_cfa_register 7
  40:..\can_manga.c ****     //CAN_1_DATA_BYTES_MSG msg;
  41:..\can_manga.c ****     CAN_1_TX_MSG HeartB;
  42:..\can_manga.c ****     
  43:..\can_manga.c ****     HeartB.id = 0x300;
 202              		.loc 2 43 0
 203 0006 4FF44073 		mov	r3, #768
 204 000a 7B60     		str	r3, [r7, #4]
  44:..\can_manga.c ****     HeartB.rtr = 0;
 205              		.loc 2 44 0
 206 000c 0023     		movs	r3, #0
 207 000e 3B72     		strb	r3, [r7, #8]
  45:..\can_manga.c ****     HeartB.ide = 0;
 208              		.loc 2 45 0
 209 0010 0023     		movs	r3, #0
 210 0012 7B72     		strb	r3, [r7, #9]
  46:..\can_manga.c ****     HeartB.dlc = 1;
 211              		.loc 2 46 0
 212 0014 0123     		movs	r3, #1
 213 0016 BB72     		strb	r3, [r7, #10]
  47:..\can_manga.c ****     
  48:..\can_manga.c ****     HeartB.irq = 0;
ARM GAS  C:\Users\Schuyler\AppData\Local\Temp\ccUcqVeA.s 			page 6


 214              		.loc 2 48 0
 215 0018 0023     		movs	r3, #0
 216 001a FB72     		strb	r3, [r7, #11]
  49:..\can_manga.c ****     
  50:..\can_manga.c ****     HeartB.msg->byte[0] = (uint8) 1;
 217              		.loc 2 50 0
 218 001c FB68     		ldr	r3, [r7, #12]
 219 001e 0122     		movs	r2, #1
 220 0020 1A70     		strb	r2, [r3]
  51:..\can_manga.c ****     HeartB.msg->byte[1] = (uint8) 1;
 221              		.loc 2 51 0
 222 0022 FB68     		ldr	r3, [r7, #12]
 223 0024 0122     		movs	r2, #1
 224 0026 5A70     		strb	r2, [r3, #1]
  52:..\can_manga.c ****     HeartB.msg->byte[2] = (uint8) 1;
 225              		.loc 2 52 0
 226 0028 FB68     		ldr	r3, [r7, #12]
 227 002a 0122     		movs	r2, #1
 228 002c 9A70     		strb	r2, [r3, #2]
  53:..\can_manga.c ****     HeartB.msg->byte[3] = (uint8) 1;
 229              		.loc 2 53 0
 230 002e FB68     		ldr	r3, [r7, #12]
 231 0030 0122     		movs	r2, #1
 232 0032 DA70     		strb	r2, [r3, #3]
  54:..\can_manga.c ****     HeartB.msg->byte[4] = (uint8) 1;
 233              		.loc 2 54 0
 234 0034 FB68     		ldr	r3, [r7, #12]
 235 0036 0122     		movs	r2, #1
 236 0038 1A71     		strb	r2, [r3, #4]
  55:..\can_manga.c ****     HeartB.msg->byte[5] = (uint8) 1;
 237              		.loc 2 55 0
 238 003a FB68     		ldr	r3, [r7, #12]
 239 003c 0122     		movs	r2, #1
 240 003e 5A71     		strb	r2, [r3, #5]
  56:..\can_manga.c ****     HeartB.msg->byte[6] = (uint8) 1;
 241              		.loc 2 56 0
 242 0040 FB68     		ldr	r3, [r7, #12]
 243 0042 0122     		movs	r2, #1
 244 0044 9A71     		strb	r2, [r3, #6]
  57:..\can_manga.c ****     HeartB.msg->byte[7] = (uint8) 1;
 245              		.loc 2 57 0
 246 0046 FB68     		ldr	r3, [r7, #12]
 247 0048 0122     		movs	r2, #1
 248 004a DA71     		strb	r2, [r3, #7]
  58:..\can_manga.c ****     
  59:..\can_manga.c ****     CAN_1_SendMsg(&HeartB);
 249              		.loc 2 59 0
 250 004c 3B1D     		adds	r3, r7, #4
 251 004e 1846     		mov	r0, r3
 252 0050 FFF7FEFF 		bl	CAN_1_SendMsg
  60:..\can_manga.c **** }
 253              		.loc 2 60 0
 254 0054 1037     		adds	r7, r7, #16
 255              		.cfi_def_cfa_offset 8
 256 0056 BD46     		mov	sp, r7
 257              		.cfi_def_cfa_register 13
 258              		@ sp needed
ARM GAS  C:\Users\Schuyler\AppData\Local\Temp\ccUcqVeA.s 			page 7


 259 0058 80BD     		pop	{r7, pc}
 260              		.cfi_endproc
 261              	.LFE3:
 262              		.size	can_test_send, .-can_test_send
 263 005a 00BF     		.section	.text.can_send,"ax",%progbits
 264              		.align	2
 265              		.global	can_send
 266              		.thumb
 267              		.thumb_func
 268              		.type	can_send, %function
 269              	can_send:
 270              	.LFB4:
  61:..\can_manga.c **** 
  62:..\can_manga.c **** void can_send(uint8_t data[8], uint32_t ID)
  63:..\can_manga.c **** {
 271              		.loc 2 63 0
 272              		.cfi_startproc
 273              		@ args = 0, pretend = 0, frame = 32
 274              		@ frame_needed = 1, uses_anonymous_args = 0
 275 0000 80B5     		push	{r7, lr}
 276              		.cfi_def_cfa_offset 8
 277              		.cfi_offset 7, -8
 278              		.cfi_offset 14, -4
 279 0002 88B0     		sub	sp, sp, #32
 280              		.cfi_def_cfa_offset 40
 281 0004 00AF     		add	r7, sp, #0
 282              		.cfi_def_cfa_register 7
 283 0006 7860     		str	r0, [r7, #4]
 284 0008 3960     		str	r1, [r7]
  64:..\can_manga.c ****     uint8_t i, state;
  65:..\can_manga.c **** 	CAN_1_TX_MSG message;
  66:..\can_manga.c **** 	CAN_1_DATA_BYTES_MSG payload;
  67:..\can_manga.c **** 	message.id = ID; 
 285              		.loc 2 67 0
 286 000a 3B68     		ldr	r3, [r7]
 287 000c 3B61     		str	r3, [r7, #16]
  68:..\can_manga.c **** 	message.rtr = 0;
 288              		.loc 2 68 0
 289 000e 0023     		movs	r3, #0
 290 0010 3B75     		strb	r3, [r7, #20]
  69:..\can_manga.c **** 	message.ide = 0;
 291              		.loc 2 69 0
 292 0012 0023     		movs	r3, #0
 293 0014 7B75     		strb	r3, [r7, #21]
  70:..\can_manga.c **** 	message.dlc = 0x08;
 294              		.loc 2 70 0
 295 0016 0823     		movs	r3, #8
 296 0018 BB75     		strb	r3, [r7, #22]
  71:..\can_manga.c **** 	message.irq = 0;
 297              		.loc 2 71 0
 298 001a 0023     		movs	r3, #0
 299 001c FB75     		strb	r3, [r7, #23]
  72:..\can_manga.c **** 	message.msg = &payload;
 300              		.loc 2 72 0
 301 001e 07F10803 		add	r3, r7, #8
 302 0022 BB61     		str	r3, [r7, #24]
  73:..\can_manga.c **** 	for(i=0;i<8;i++)
ARM GAS  C:\Users\Schuyler\AppData\Local\Temp\ccUcqVeA.s 			page 8


 303              		.loc 2 73 0
 304 0024 0023     		movs	r3, #0
 305 0026 FB77     		strb	r3, [r7, #31]
 306 0028 0CE0     		b	.L11
 307              	.L12:
  74:..\can_manga.c **** 		payload.byte[i] = data[i];
 308              		.loc 2 74 0 discriminator 3
 309 002a FB7F     		ldrb	r3, [r7, #31]	@ zero_extendqisi2
 310 002c FA7F     		ldrb	r2, [r7, #31]	@ zero_extendqisi2
 311 002e 7968     		ldr	r1, [r7, #4]
 312 0030 0A44     		add	r2, r2, r1
 313 0032 1278     		ldrb	r2, [r2]	@ zero_extendqisi2
 314 0034 07F12001 		add	r1, r7, #32
 315 0038 0B44     		add	r3, r3, r1
 316 003a 03F8182C 		strb	r2, [r3, #-24]
  73:..\can_manga.c **** 	for(i=0;i<8;i++)
 317              		.loc 2 73 0 discriminator 3
 318 003e FB7F     		ldrb	r3, [r7, #31]	@ zero_extendqisi2
 319 0040 0133     		adds	r3, r3, #1
 320 0042 FB77     		strb	r3, [r7, #31]
 321              	.L11:
  73:..\can_manga.c **** 	for(i=0;i<8;i++)
 322              		.loc 2 73 0 is_stmt 0 discriminator 1
 323 0044 FB7F     		ldrb	r3, [r7, #31]	@ zero_extendqisi2
 324 0046 072B     		cmp	r3, #7
 325 0048 EFD9     		bls	.L12
  75:..\can_manga.c **** 	CAN_1_SendMsg(&message); 
 326              		.loc 2 75 0 is_stmt 1
 327 004a 07F11003 		add	r3, r7, #16
 328 004e 1846     		mov	r0, r3
 329 0050 FFF7FEFF 		bl	CAN_1_SendMsg
  76:..\can_manga.c **** }
 330              		.loc 2 76 0
 331 0054 2037     		adds	r7, r7, #32
 332              		.cfi_def_cfa_offset 8
 333 0056 BD46     		mov	sp, r7
 334              		.cfi_def_cfa_register 13
 335              		@ sp needed
 336 0058 80BD     		pop	{r7, pc}
 337              		.cfi_endproc
 338              	.LFE4:
 339              		.size	can_send, .-can_send
 340 005a 00BF     		.text
 341              	.Letext0:
 342              		.file 3 "c:\\program files (x86)\\cypress\\psoc creator\\4.0\\psoc creator\\import\\gnu\\arm\\4.9.
 343              		.file 4 "c:\\program files (x86)\\cypress\\psoc creator\\4.0\\psoc creator\\import\\gnu\\arm\\4.9.
 344              		.file 5 "Generated_Source\\PSoC5/cytypes.h"
 345              		.file 6 "Generated_Source\\PSoC5/CAN_1.h"
 346              		.section	.debug_info,"",%progbits
 347              	.Ldebug_info0:
 348 0000 53030000 		.4byte	0x353
 349 0004 0400     		.2byte	0x4
 350 0006 00000000 		.4byte	.Ldebug_abbrev0
 351 000a 04       		.byte	0x4
 352 000b 01       		.uleb128 0x1
 353 000c C8000000 		.4byte	.LASF41
 354 0010 01       		.byte	0x1
ARM GAS  C:\Users\Schuyler\AppData\Local\Temp\ccUcqVeA.s 			page 9


 355 0011 66020000 		.4byte	.LASF42
 356 0015 68010000 		.4byte	.LASF43
 357 0019 00000000 		.4byte	.Ldebug_ranges0+0
 358 001d 00000000 		.4byte	0
 359 0021 00000000 		.4byte	.Ldebug_line0
 360 0025 02       		.uleb128 0x2
 361 0026 01       		.byte	0x1
 362 0027 06       		.byte	0x6
 363 0028 99020000 		.4byte	.LASF0
 364 002c 03       		.uleb128 0x3
 365 002d 1A000000 		.4byte	.LASF5
 366 0031 03       		.byte	0x3
 367 0032 1D       		.byte	0x1d
 368 0033 37000000 		.4byte	0x37
 369 0037 02       		.uleb128 0x2
 370 0038 01       		.byte	0x1
 371 0039 08       		.byte	0x8
 372 003a 80000000 		.4byte	.LASF1
 373 003e 02       		.uleb128 0x2
 374 003f 02       		.byte	0x2
 375 0040 05       		.byte	0x5
 376 0041 58000000 		.4byte	.LASF2
 377 0045 02       		.uleb128 0x2
 378 0046 02       		.byte	0x2
 379 0047 07       		.byte	0x7
 380 0048 3D000000 		.4byte	.LASF3
 381 004c 02       		.uleb128 0x2
 382 004d 04       		.byte	0x4
 383 004e 05       		.byte	0x5
 384 004f 84020000 		.4byte	.LASF4
 385 0053 03       		.uleb128 0x3
 386 0054 5D010000 		.4byte	.LASF6
 387 0058 03       		.byte	0x3
 388 0059 41       		.byte	0x41
 389 005a 5E000000 		.4byte	0x5e
 390 005e 02       		.uleb128 0x2
 391 005f 04       		.byte	0x4
 392 0060 07       		.byte	0x7
 393 0061 B0000000 		.4byte	.LASF7
 394 0065 02       		.uleb128 0x2
 395 0066 08       		.byte	0x8
 396 0067 05       		.byte	0x5
 397 0068 3E020000 		.4byte	.LASF8
 398 006c 02       		.uleb128 0x2
 399 006d 08       		.byte	0x8
 400 006e 07       		.byte	0x7
 401 006f EA010000 		.4byte	.LASF9
 402 0073 04       		.uleb128 0x4
 403 0074 04       		.byte	0x4
 404 0075 05       		.byte	0x5
 405 0076 696E7400 		.ascii	"int\000"
 406 007a 02       		.uleb128 0x2
 407 007b 04       		.byte	0x4
 408 007c 07       		.byte	0x7
 409 007d DD010000 		.4byte	.LASF10
 410 0081 03       		.uleb128 0x3
 411 0082 50000000 		.4byte	.LASF11
ARM GAS  C:\Users\Schuyler\AppData\Local\Temp\ccUcqVeA.s 			page 10


 412 0086 04       		.byte	0x4
 413 0087 15       		.byte	0x15
 414 0088 2C000000 		.4byte	0x2c
 415 008c 03       		.uleb128 0x3
 416 008d 7B020000 		.4byte	.LASF12
 417 0091 04       		.byte	0x4
 418 0092 2D       		.byte	0x2d
 419 0093 53000000 		.4byte	0x53
 420 0097 05       		.uleb128 0x5
 421 0098 C2000000 		.4byte	.LASF13
 422 009c 05       		.byte	0x5
 423 009d 9201     		.2byte	0x192
 424 009f 37000000 		.4byte	0x37
 425 00a3 05       		.uleb128 0x5
 426 00a4 CD010000 		.4byte	.LASF14
 427 00a8 05       		.byte	0x5
 428 00a9 9401     		.2byte	0x194
 429 00ab 5E000000 		.4byte	0x5e
 430 00af 02       		.uleb128 0x2
 431 00b0 04       		.byte	0x4
 432 00b1 04       		.byte	0x4
 433 00b2 75000000 		.4byte	.LASF15
 434 00b6 02       		.uleb128 0x2
 435 00b7 08       		.byte	0x8
 436 00b8 04       		.byte	0x4
 437 00b9 56010000 		.4byte	.LASF16
 438 00bd 02       		.uleb128 0x2
 439 00be 01       		.byte	0x1
 440 00bf 08       		.byte	0x8
 441 00c0 4C020000 		.4byte	.LASF17
 442 00c4 05       		.uleb128 0x5
 443 00c5 29020000 		.4byte	.LASF18
 444 00c9 05       		.byte	0x5
 445 00ca 3C02     		.2byte	0x23c
 446 00cc D0000000 		.4byte	0xd0
 447 00d0 06       		.uleb128 0x6
 448 00d1 97000000 		.4byte	0x97
 449 00d5 02       		.uleb128 0x2
 450 00d6 04       		.byte	0x4
 451 00d7 07       		.byte	0x7
 452 00d8 2E020000 		.4byte	.LASF19
 453 00dc 07       		.uleb128 0x7
 454 00dd 08       		.byte	0x8
 455 00de 06       		.byte	0x6
 456 00df 6F       		.byte	0x6f
 457 00e0 F1000000 		.4byte	0xf1
 458 00e4 08       		.uleb128 0x8
 459 00e5 62000000 		.4byte	.LASF21
 460 00e9 06       		.byte	0x6
 461 00ea 71       		.byte	0x71
 462 00eb F1000000 		.4byte	0xf1
 463 00ef 00       		.byte	0
 464 00f0 00       		.byte	0
 465 00f1 09       		.uleb128 0x9
 466 00f2 97000000 		.4byte	0x97
 467 00f6 01010000 		.4byte	0x101
 468 00fa 0A       		.uleb128 0xa
ARM GAS  C:\Users\Schuyler\AppData\Local\Temp\ccUcqVeA.s 			page 11


 469 00fb D5000000 		.4byte	0xd5
 470 00ff 07       		.byte	0x7
 471 0100 00       		.byte	0
 472 0101 03       		.uleb128 0x3
 473 0102 51020000 		.4byte	.LASF20
 474 0106 06       		.byte	0x6
 475 0107 72       		.byte	0x72
 476 0108 DC000000 		.4byte	0xdc
 477 010c 07       		.uleb128 0x7
 478 010d 08       		.byte	0x8
 479 010e 06       		.byte	0x6
 480 010f 75       		.byte	0x75
 481 0110 21010000 		.4byte	0x121
 482 0114 08       		.uleb128 0x8
 483 0115 62000000 		.4byte	.LASF21
 484 0119 06       		.byte	0x6
 485 011a 77       		.byte	0x77
 486 011b 31010000 		.4byte	0x131
 487 011f 00       		.byte	0
 488 0120 00       		.byte	0
 489 0121 09       		.uleb128 0x9
 490 0122 C4000000 		.4byte	0xc4
 491 0126 31010000 		.4byte	0x131
 492 012a 0A       		.uleb128 0xa
 493 012b D5000000 		.4byte	0xd5
 494 012f 07       		.byte	0x7
 495 0130 00       		.byte	0
 496 0131 06       		.uleb128 0x6
 497 0132 21010000 		.4byte	0x121
 498 0136 03       		.uleb128 0x3
 499 0137 BC010000 		.4byte	.LASF22
 500 013b 06       		.byte	0x6
 501 013c 78       		.byte	0x78
 502 013d 0C010000 		.4byte	0x10c
 503 0141 07       		.uleb128 0x7
 504 0142 04       		.byte	0x4
 505 0143 06       		.byte	0x6
 506 0144 7B       		.byte	0x7b
 507 0145 56010000 		.4byte	0x156
 508 0149 08       		.uleb128 0x8
 509 014a 62000000 		.4byte	.LASF21
 510 014e 06       		.byte	0x6
 511 014f 7D       		.byte	0x7d
 512 0150 66010000 		.4byte	0x166
 513 0154 00       		.byte	0
 514 0155 00       		.byte	0
 515 0156 09       		.uleb128 0x9
 516 0157 C4000000 		.4byte	0xc4
 517 015b 66010000 		.4byte	0x166
 518 015f 0A       		.uleb128 0xa
 519 0160 D5000000 		.4byte	0xd5
 520 0164 03       		.byte	0x3
 521 0165 00       		.byte	0
 522 0166 06       		.uleb128 0x6
 523 0167 56010000 		.4byte	0x156
 524 016b 03       		.uleb128 0x3
 525 016c 0D000000 		.4byte	.LASF23
ARM GAS  C:\Users\Schuyler\AppData\Local\Temp\ccUcqVeA.s 			page 12


 526 0170 06       		.byte	0x6
 527 0171 7E       		.byte	0x7e
 528 0172 41010000 		.4byte	0x141
 529 0176 07       		.uleb128 0x7
 530 0177 0C       		.byte	0xc
 531 0178 06       		.byte	0x6
 532 0179 81       		.byte	0x81
 533 017a C6010000 		.4byte	0x1c6
 534 017e 0B       		.uleb128 0xb
 535 017f 696400   		.ascii	"id\000"
 536 0182 06       		.byte	0x6
 537 0183 83       		.byte	0x83
 538 0184 A3000000 		.4byte	0xa3
 539 0188 00       		.byte	0
 540 0189 0B       		.uleb128 0xb
 541 018a 72747200 		.ascii	"rtr\000"
 542 018e 06       		.byte	0x6
 543 018f 84       		.byte	0x84
 544 0190 97000000 		.4byte	0x97
 545 0194 04       		.byte	0x4
 546 0195 0B       		.uleb128 0xb
 547 0196 69646500 		.ascii	"ide\000"
 548 019a 06       		.byte	0x6
 549 019b 85       		.byte	0x85
 550 019c 97000000 		.4byte	0x97
 551 01a0 05       		.byte	0x5
 552 01a1 0B       		.uleb128 0xb
 553 01a2 646C6300 		.ascii	"dlc\000"
 554 01a6 06       		.byte	0x6
 555 01a7 86       		.byte	0x86
 556 01a8 97000000 		.4byte	0x97
 557 01ac 06       		.byte	0x6
 558 01ad 0B       		.uleb128 0xb
 559 01ae 69727100 		.ascii	"irq\000"
 560 01b2 06       		.byte	0x6
 561 01b3 87       		.byte	0x87
 562 01b4 97000000 		.4byte	0x97
 563 01b8 07       		.byte	0x7
 564 01b9 0B       		.uleb128 0xb
 565 01ba 6D736700 		.ascii	"msg\000"
 566 01be 06       		.byte	0x6
 567 01bf 8B       		.byte	0x8b
 568 01c0 C6010000 		.4byte	0x1c6
 569 01c4 08       		.byte	0x8
 570 01c5 00       		.byte	0
 571 01c6 0C       		.uleb128 0xc
 572 01c7 04       		.byte	0x4
 573 01c8 01010000 		.4byte	0x101
 574 01cc 03       		.uleb128 0x3
 575 01cd 30000000 		.4byte	.LASF24
 576 01d1 06       		.byte	0x6
 577 01d2 8C       		.byte	0x8c
 578 01d3 76010000 		.4byte	0x176
 579 01d7 07       		.uleb128 0x7
 580 01d8 20       		.byte	0x20
 581 01d9 06       		.byte	0x6
 582 01da A0       		.byte	0xa0
ARM GAS  C:\Users\Schuyler\AppData\Local\Temp\ccUcqVeA.s 			page 13


 583 01db 34020000 		.4byte	0x234
 584 01df 08       		.uleb128 0x8
 585 01e0 AA000000 		.4byte	.LASF25
 586 01e4 06       		.byte	0x6
 587 01e5 A2       		.byte	0xa2
 588 01e6 6B010000 		.4byte	0x16b
 589 01ea 00       		.byte	0
 590 01eb 08       		.uleb128 0x8
 591 01ec 8E000000 		.4byte	.LASF26
 592 01f0 06       		.byte	0x6
 593 01f1 A3       		.byte	0xa3
 594 01f2 6B010000 		.4byte	0x16b
 595 01f6 04       		.byte	0x4
 596 01f7 08       		.uleb128 0x8
 597 01f8 67000000 		.4byte	.LASF27
 598 01fc 06       		.byte	0x6
 599 01fd A4       		.byte	0xa4
 600 01fe 36010000 		.4byte	0x136
 601 0202 08       		.byte	0x8
 602 0203 08       		.uleb128 0x8
 603 0204 2A000000 		.4byte	.LASF28
 604 0208 06       		.byte	0x6
 605 0209 A5       		.byte	0xa5
 606 020a 6B010000 		.4byte	0x16b
 607 020e 10       		.byte	0x10
 608 020f 08       		.uleb128 0x8
 609 0210 75020000 		.4byte	.LASF29
 610 0214 06       		.byte	0x6
 611 0215 A6       		.byte	0xa6
 612 0216 6B010000 		.4byte	0x16b
 613 021a 14       		.byte	0x14
 614 021b 08       		.uleb128 0x8
 615 021c 37020000 		.4byte	.LASF30
 616 0220 06       		.byte	0x6
 617 0221 A7       		.byte	0xa7
 618 0222 6B010000 		.4byte	0x16b
 619 0226 18       		.byte	0x18
 620 0227 08       		.uleb128 0x8
 621 0228 6E000000 		.4byte	.LASF31
 622 022c 06       		.byte	0x6
 623 022d A8       		.byte	0xa8
 624 022e 6B010000 		.4byte	0x16b
 625 0232 1C       		.byte	0x1c
 626 0233 00       		.byte	0
 627 0234 03       		.uleb128 0x3
 628 0235 93000000 		.4byte	.LASF32
 629 0239 06       		.byte	0x6
 630 023a A9       		.byte	0xa9
 631 023b D7010000 		.4byte	0x1d7
 632 023f 0D       		.uleb128 0xd
 633 0240 8D020000 		.4byte	.LASF33
 634 0244 01       		.byte	0x1
 635 0245 0F       		.byte	0xf
 636 0246 00000000 		.4byte	.LFB0
 637 024a 24000000 		.4byte	.LFE0-.LFB0
 638 024e 01       		.uleb128 0x1
 639 024f 9C       		.byte	0x9c
ARM GAS  C:\Users\Schuyler\AppData\Local\Temp\ccUcqVeA.s 			page 14


 640 0250 63020000 		.4byte	0x263
 641 0254 0E       		.uleb128 0xe
 642 0255 6D736700 		.ascii	"msg\000"
 643 0259 01       		.byte	0x1
 644 025a 0F       		.byte	0xf
 645 025b 34020000 		.4byte	0x234
 646 025f 02       		.uleb128 0x2
 647 0260 91       		.byte	0x91
 648 0261 70       		.sleb128 -16
 649 0262 00       		.byte	0
 650 0263 0F       		.uleb128 0xf
 651 0264 00000000 		.4byte	.LASF34
 652 0268 01       		.byte	0x1
 653 0269 13       		.byte	0x13
 654 026a 00000000 		.4byte	.LFB1
 655 026e 2C000000 		.4byte	.LFE1-.LFB1
 656 0272 01       		.uleb128 0x1
 657 0273 9C       		.byte	0x9c
 658 0274 87020000 		.4byte	0x287
 659 0278 0E       		.uleb128 0xe
 660 0279 6D736700 		.ascii	"msg\000"
 661 027d 01       		.byte	0x1
 662 027e 13       		.byte	0x13
 663 027f 34020000 		.4byte	0x234
 664 0283 02       		.uleb128 0x2
 665 0284 91       		.byte	0x91
 666 0285 70       		.sleb128 -16
 667 0286 00       		.byte	0
 668 0287 0F       		.uleb128 0xf
 669 0288 A5020000 		.4byte	.LASF35
 670 028c 02       		.byte	0x2
 671 028d 1A       		.byte	0x1a
 672 028e 00000000 		.4byte	.LFB2
 673 0292 5A000000 		.4byte	.LFE2-.LFB2
 674 0296 01       		.uleb128 0x1
 675 0297 9C       		.byte	0x9c
 676 0298 B8020000 		.4byte	0x2b8
 677 029c 0E       		.uleb128 0xe
 678 029d 6D736700 		.ascii	"msg\000"
 679 02a1 02       		.byte	0x2
 680 02a2 1A       		.byte	0x1a
 681 02a3 34020000 		.4byte	0x234
 682 02a7 02       		.uleb128 0x2
 683 02a8 91       		.byte	0x91
 684 02a9 70       		.sleb128 -16
 685 02aa 0E       		.uleb128 0xe
 686 02ab 494400   		.ascii	"ID\000"
 687 02ae 02       		.byte	0x2
 688 02af 1A       		.byte	0x1a
 689 02b0 73000000 		.4byte	0x73
 690 02b4 02       		.uleb128 0x2
 691 02b5 91       		.byte	0x91
 692 02b6 10       		.sleb128 16
 693 02b7 00       		.byte	0
 694 02b8 10       		.uleb128 0x10
 695 02b9 01020000 		.4byte	.LASF44
 696 02bd 02       		.byte	0x2
ARM GAS  C:\Users\Schuyler\AppData\Local\Temp\ccUcqVeA.s 			page 15


 697 02be 26       		.byte	0x26
 698 02bf 00000000 		.4byte	.LFB3
 699 02c3 5A000000 		.4byte	.LFE3-.LFB3
 700 02c7 01       		.uleb128 0x1
 701 02c8 9C       		.byte	0x9c
 702 02c9 DC020000 		.4byte	0x2dc
 703 02cd 11       		.uleb128 0x11
 704 02ce A3000000 		.4byte	.LASF38
 705 02d2 02       		.byte	0x2
 706 02d3 29       		.byte	0x29
 707 02d4 CC010000 		.4byte	0x1cc
 708 02d8 02       		.uleb128 0x2
 709 02d9 91       		.byte	0x91
 710 02da 6C       		.sleb128 -20
 711 02db 00       		.byte	0
 712 02dc 0F       		.uleb128 0xf
 713 02dd D4010000 		.4byte	.LASF36
 714 02e1 02       		.byte	0x2
 715 02e2 3E       		.byte	0x3e
 716 02e3 00000000 		.4byte	.LFB4
 717 02e7 5A000000 		.4byte	.LFE4-.LFB4
 718 02eb 01       		.uleb128 0x1
 719 02ec 9C       		.byte	0x9c
 720 02ed 40030000 		.4byte	0x340
 721 02f1 12       		.uleb128 0x12
 722 02f2 7B000000 		.4byte	.LASF37
 723 02f6 02       		.byte	0x2
 724 02f7 3E       		.byte	0x3e
 725 02f8 40030000 		.4byte	0x340
 726 02fc 02       		.uleb128 0x2
 727 02fd 91       		.byte	0x91
 728 02fe 5C       		.sleb128 -36
 729 02ff 0E       		.uleb128 0xe
 730 0300 494400   		.ascii	"ID\000"
 731 0303 02       		.byte	0x2
 732 0304 3E       		.byte	0x3e
 733 0305 8C000000 		.4byte	0x8c
 734 0309 02       		.uleb128 0x2
 735 030a 91       		.byte	0x91
 736 030b 58       		.sleb128 -40
 737 030c 13       		.uleb128 0x13
 738 030d 6900     		.ascii	"i\000"
 739 030f 02       		.byte	0x2
 740 0310 40       		.byte	0x40
 741 0311 81000000 		.4byte	0x81
 742 0315 02       		.uleb128 0x2
 743 0316 91       		.byte	0x91
 744 0317 77       		.sleb128 -9
 745 0318 14       		.uleb128 0x14
 746 0319 24000000 		.4byte	.LASF45
 747 031d 02       		.byte	0x2
 748 031e 40       		.byte	0x40
 749 031f 81000000 		.4byte	0x81
 750 0323 11       		.uleb128 0x11
 751 0324 B4010000 		.4byte	.LASF39
 752 0328 02       		.byte	0x2
 753 0329 41       		.byte	0x41
ARM GAS  C:\Users\Schuyler\AppData\Local\Temp\ccUcqVeA.s 			page 16


 754 032a CC010000 		.4byte	0x1cc
 755 032e 02       		.uleb128 0x2
 756 032f 91       		.byte	0x91
 757 0330 68       		.sleb128 -24
 758 0331 11       		.uleb128 0x11
 759 0332 21020000 		.4byte	.LASF40
 760 0336 02       		.byte	0x2
 761 0337 42       		.byte	0x42
 762 0338 01010000 		.4byte	0x101
 763 033c 02       		.uleb128 0x2
 764 033d 91       		.byte	0x91
 765 033e 60       		.sleb128 -32
 766 033f 00       		.byte	0
 767 0340 0C       		.uleb128 0xc
 768 0341 04       		.byte	0x4
 769 0342 81000000 		.4byte	0x81
 770 0346 15       		.uleb128 0x15
 771 0347 0F020000 		.4byte	.LASF46
 772 034b 01       		.byte	0x1
 773 034c 0C       		.byte	0xc
 774 034d 51030000 		.4byte	0x351
 775 0351 06       		.uleb128 0x6
 776 0352 7A000000 		.4byte	0x7a
 777 0356 00       		.byte	0
 778              		.section	.debug_abbrev,"",%progbits
 779              	.Ldebug_abbrev0:
 780 0000 01       		.uleb128 0x1
 781 0001 11       		.uleb128 0x11
 782 0002 01       		.byte	0x1
 783 0003 25       		.uleb128 0x25
 784 0004 0E       		.uleb128 0xe
 785 0005 13       		.uleb128 0x13
 786 0006 0B       		.uleb128 0xb
 787 0007 03       		.uleb128 0x3
 788 0008 0E       		.uleb128 0xe
 789 0009 1B       		.uleb128 0x1b
 790 000a 0E       		.uleb128 0xe
 791 000b 55       		.uleb128 0x55
 792 000c 17       		.uleb128 0x17
 793 000d 11       		.uleb128 0x11
 794 000e 01       		.uleb128 0x1
 795 000f 10       		.uleb128 0x10
 796 0010 17       		.uleb128 0x17
 797 0011 00       		.byte	0
 798 0012 00       		.byte	0
 799 0013 02       		.uleb128 0x2
 800 0014 24       		.uleb128 0x24
 801 0015 00       		.byte	0
 802 0016 0B       		.uleb128 0xb
 803 0017 0B       		.uleb128 0xb
 804 0018 3E       		.uleb128 0x3e
 805 0019 0B       		.uleb128 0xb
 806 001a 03       		.uleb128 0x3
 807 001b 0E       		.uleb128 0xe
 808 001c 00       		.byte	0
 809 001d 00       		.byte	0
 810 001e 03       		.uleb128 0x3
ARM GAS  C:\Users\Schuyler\AppData\Local\Temp\ccUcqVeA.s 			page 17


 811 001f 16       		.uleb128 0x16
 812 0020 00       		.byte	0
 813 0021 03       		.uleb128 0x3
 814 0022 0E       		.uleb128 0xe
 815 0023 3A       		.uleb128 0x3a
 816 0024 0B       		.uleb128 0xb
 817 0025 3B       		.uleb128 0x3b
 818 0026 0B       		.uleb128 0xb
 819 0027 49       		.uleb128 0x49
 820 0028 13       		.uleb128 0x13
 821 0029 00       		.byte	0
 822 002a 00       		.byte	0
 823 002b 04       		.uleb128 0x4
 824 002c 24       		.uleb128 0x24
 825 002d 00       		.byte	0
 826 002e 0B       		.uleb128 0xb
 827 002f 0B       		.uleb128 0xb
 828 0030 3E       		.uleb128 0x3e
 829 0031 0B       		.uleb128 0xb
 830 0032 03       		.uleb128 0x3
 831 0033 08       		.uleb128 0x8
 832 0034 00       		.byte	0
 833 0035 00       		.byte	0
 834 0036 05       		.uleb128 0x5
 835 0037 16       		.uleb128 0x16
 836 0038 00       		.byte	0
 837 0039 03       		.uleb128 0x3
 838 003a 0E       		.uleb128 0xe
 839 003b 3A       		.uleb128 0x3a
 840 003c 0B       		.uleb128 0xb
 841 003d 3B       		.uleb128 0x3b
 842 003e 05       		.uleb128 0x5
 843 003f 49       		.uleb128 0x49
 844 0040 13       		.uleb128 0x13
 845 0041 00       		.byte	0
 846 0042 00       		.byte	0
 847 0043 06       		.uleb128 0x6
 848 0044 35       		.uleb128 0x35
 849 0045 00       		.byte	0
 850 0046 49       		.uleb128 0x49
 851 0047 13       		.uleb128 0x13
 852 0048 00       		.byte	0
 853 0049 00       		.byte	0
 854 004a 07       		.uleb128 0x7
 855 004b 13       		.uleb128 0x13
 856 004c 01       		.byte	0x1
 857 004d 0B       		.uleb128 0xb
 858 004e 0B       		.uleb128 0xb
 859 004f 3A       		.uleb128 0x3a
 860 0050 0B       		.uleb128 0xb
 861 0051 3B       		.uleb128 0x3b
 862 0052 0B       		.uleb128 0xb
 863 0053 01       		.uleb128 0x1
 864 0054 13       		.uleb128 0x13
 865 0055 00       		.byte	0
 866 0056 00       		.byte	0
 867 0057 08       		.uleb128 0x8
ARM GAS  C:\Users\Schuyler\AppData\Local\Temp\ccUcqVeA.s 			page 18


 868 0058 0D       		.uleb128 0xd
 869 0059 00       		.byte	0
 870 005a 03       		.uleb128 0x3
 871 005b 0E       		.uleb128 0xe
 872 005c 3A       		.uleb128 0x3a
 873 005d 0B       		.uleb128 0xb
 874 005e 3B       		.uleb128 0x3b
 875 005f 0B       		.uleb128 0xb
 876 0060 49       		.uleb128 0x49
 877 0061 13       		.uleb128 0x13
 878 0062 38       		.uleb128 0x38
 879 0063 0B       		.uleb128 0xb
 880 0064 00       		.byte	0
 881 0065 00       		.byte	0
 882 0066 09       		.uleb128 0x9
 883 0067 01       		.uleb128 0x1
 884 0068 01       		.byte	0x1
 885 0069 49       		.uleb128 0x49
 886 006a 13       		.uleb128 0x13
 887 006b 01       		.uleb128 0x1
 888 006c 13       		.uleb128 0x13
 889 006d 00       		.byte	0
 890 006e 00       		.byte	0
 891 006f 0A       		.uleb128 0xa
 892 0070 21       		.uleb128 0x21
 893 0071 00       		.byte	0
 894 0072 49       		.uleb128 0x49
 895 0073 13       		.uleb128 0x13
 896 0074 2F       		.uleb128 0x2f
 897 0075 0B       		.uleb128 0xb
 898 0076 00       		.byte	0
 899 0077 00       		.byte	0
 900 0078 0B       		.uleb128 0xb
 901 0079 0D       		.uleb128 0xd
 902 007a 00       		.byte	0
 903 007b 03       		.uleb128 0x3
 904 007c 08       		.uleb128 0x8
 905 007d 3A       		.uleb128 0x3a
 906 007e 0B       		.uleb128 0xb
 907 007f 3B       		.uleb128 0x3b
 908 0080 0B       		.uleb128 0xb
 909 0081 49       		.uleb128 0x49
 910 0082 13       		.uleb128 0x13
 911 0083 38       		.uleb128 0x38
 912 0084 0B       		.uleb128 0xb
 913 0085 00       		.byte	0
 914 0086 00       		.byte	0
 915 0087 0C       		.uleb128 0xc
 916 0088 0F       		.uleb128 0xf
 917 0089 00       		.byte	0
 918 008a 0B       		.uleb128 0xb
 919 008b 0B       		.uleb128 0xb
 920 008c 49       		.uleb128 0x49
 921 008d 13       		.uleb128 0x13
 922 008e 00       		.byte	0
 923 008f 00       		.byte	0
 924 0090 0D       		.uleb128 0xd
ARM GAS  C:\Users\Schuyler\AppData\Local\Temp\ccUcqVeA.s 			page 19


 925 0091 2E       		.uleb128 0x2e
 926 0092 01       		.byte	0x1
 927 0093 3F       		.uleb128 0x3f
 928 0094 19       		.uleb128 0x19
 929 0095 03       		.uleb128 0x3
 930 0096 0E       		.uleb128 0xe
 931 0097 3A       		.uleb128 0x3a
 932 0098 0B       		.uleb128 0xb
 933 0099 3B       		.uleb128 0x3b
 934 009a 0B       		.uleb128 0xb
 935 009b 27       		.uleb128 0x27
 936 009c 19       		.uleb128 0x19
 937 009d 11       		.uleb128 0x11
 938 009e 01       		.uleb128 0x1
 939 009f 12       		.uleb128 0x12
 940 00a0 06       		.uleb128 0x6
 941 00a1 40       		.uleb128 0x40
 942 00a2 18       		.uleb128 0x18
 943 00a3 9742     		.uleb128 0x2117
 944 00a5 19       		.uleb128 0x19
 945 00a6 01       		.uleb128 0x1
 946 00a7 13       		.uleb128 0x13
 947 00a8 00       		.byte	0
 948 00a9 00       		.byte	0
 949 00aa 0E       		.uleb128 0xe
 950 00ab 05       		.uleb128 0x5
 951 00ac 00       		.byte	0
 952 00ad 03       		.uleb128 0x3
 953 00ae 08       		.uleb128 0x8
 954 00af 3A       		.uleb128 0x3a
 955 00b0 0B       		.uleb128 0xb
 956 00b1 3B       		.uleb128 0x3b
 957 00b2 0B       		.uleb128 0xb
 958 00b3 49       		.uleb128 0x49
 959 00b4 13       		.uleb128 0x13
 960 00b5 02       		.uleb128 0x2
 961 00b6 18       		.uleb128 0x18
 962 00b7 00       		.byte	0
 963 00b8 00       		.byte	0
 964 00b9 0F       		.uleb128 0xf
 965 00ba 2E       		.uleb128 0x2e
 966 00bb 01       		.byte	0x1
 967 00bc 3F       		.uleb128 0x3f
 968 00bd 19       		.uleb128 0x19
 969 00be 03       		.uleb128 0x3
 970 00bf 0E       		.uleb128 0xe
 971 00c0 3A       		.uleb128 0x3a
 972 00c1 0B       		.uleb128 0xb
 973 00c2 3B       		.uleb128 0x3b
 974 00c3 0B       		.uleb128 0xb
 975 00c4 27       		.uleb128 0x27
 976 00c5 19       		.uleb128 0x19
 977 00c6 11       		.uleb128 0x11
 978 00c7 01       		.uleb128 0x1
 979 00c8 12       		.uleb128 0x12
 980 00c9 06       		.uleb128 0x6
 981 00ca 40       		.uleb128 0x40
ARM GAS  C:\Users\Schuyler\AppData\Local\Temp\ccUcqVeA.s 			page 20


 982 00cb 18       		.uleb128 0x18
 983 00cc 9642     		.uleb128 0x2116
 984 00ce 19       		.uleb128 0x19
 985 00cf 01       		.uleb128 0x1
 986 00d0 13       		.uleb128 0x13
 987 00d1 00       		.byte	0
 988 00d2 00       		.byte	0
 989 00d3 10       		.uleb128 0x10
 990 00d4 2E       		.uleb128 0x2e
 991 00d5 01       		.byte	0x1
 992 00d6 3F       		.uleb128 0x3f
 993 00d7 19       		.uleb128 0x19
 994 00d8 03       		.uleb128 0x3
 995 00d9 0E       		.uleb128 0xe
 996 00da 3A       		.uleb128 0x3a
 997 00db 0B       		.uleb128 0xb
 998 00dc 3B       		.uleb128 0x3b
 999 00dd 0B       		.uleb128 0xb
 1000 00de 11       		.uleb128 0x11
 1001 00df 01       		.uleb128 0x1
 1002 00e0 12       		.uleb128 0x12
 1003 00e1 06       		.uleb128 0x6
 1004 00e2 40       		.uleb128 0x40
 1005 00e3 18       		.uleb128 0x18
 1006 00e4 9642     		.uleb128 0x2116
 1007 00e6 19       		.uleb128 0x19
 1008 00e7 01       		.uleb128 0x1
 1009 00e8 13       		.uleb128 0x13
 1010 00e9 00       		.byte	0
 1011 00ea 00       		.byte	0
 1012 00eb 11       		.uleb128 0x11
 1013 00ec 34       		.uleb128 0x34
 1014 00ed 00       		.byte	0
 1015 00ee 03       		.uleb128 0x3
 1016 00ef 0E       		.uleb128 0xe
 1017 00f0 3A       		.uleb128 0x3a
 1018 00f1 0B       		.uleb128 0xb
 1019 00f2 3B       		.uleb128 0x3b
 1020 00f3 0B       		.uleb128 0xb
 1021 00f4 49       		.uleb128 0x49
 1022 00f5 13       		.uleb128 0x13
 1023 00f6 02       		.uleb128 0x2
 1024 00f7 18       		.uleb128 0x18
 1025 00f8 00       		.byte	0
 1026 00f9 00       		.byte	0
 1027 00fa 12       		.uleb128 0x12
 1028 00fb 05       		.uleb128 0x5
 1029 00fc 00       		.byte	0
 1030 00fd 03       		.uleb128 0x3
 1031 00fe 0E       		.uleb128 0xe
 1032 00ff 3A       		.uleb128 0x3a
 1033 0100 0B       		.uleb128 0xb
 1034 0101 3B       		.uleb128 0x3b
 1035 0102 0B       		.uleb128 0xb
 1036 0103 49       		.uleb128 0x49
 1037 0104 13       		.uleb128 0x13
 1038 0105 02       		.uleb128 0x2
ARM GAS  C:\Users\Schuyler\AppData\Local\Temp\ccUcqVeA.s 			page 21


 1039 0106 18       		.uleb128 0x18
 1040 0107 00       		.byte	0
 1041 0108 00       		.byte	0
 1042 0109 13       		.uleb128 0x13
 1043 010a 34       		.uleb128 0x34
 1044 010b 00       		.byte	0
 1045 010c 03       		.uleb128 0x3
 1046 010d 08       		.uleb128 0x8
 1047 010e 3A       		.uleb128 0x3a
 1048 010f 0B       		.uleb128 0xb
 1049 0110 3B       		.uleb128 0x3b
 1050 0111 0B       		.uleb128 0xb
 1051 0112 49       		.uleb128 0x49
 1052 0113 13       		.uleb128 0x13
 1053 0114 02       		.uleb128 0x2
 1054 0115 18       		.uleb128 0x18
 1055 0116 00       		.byte	0
 1056 0117 00       		.byte	0
 1057 0118 14       		.uleb128 0x14
 1058 0119 34       		.uleb128 0x34
 1059 011a 00       		.byte	0
 1060 011b 03       		.uleb128 0x3
 1061 011c 0E       		.uleb128 0xe
 1062 011d 3A       		.uleb128 0x3a
 1063 011e 0B       		.uleb128 0xb
 1064 011f 3B       		.uleb128 0x3b
 1065 0120 0B       		.uleb128 0xb
 1066 0121 49       		.uleb128 0x49
 1067 0122 13       		.uleb128 0x13
 1068 0123 00       		.byte	0
 1069 0124 00       		.byte	0
 1070 0125 15       		.uleb128 0x15
 1071 0126 34       		.uleb128 0x34
 1072 0127 00       		.byte	0
 1073 0128 03       		.uleb128 0x3
 1074 0129 0E       		.uleb128 0xe
 1075 012a 3A       		.uleb128 0x3a
 1076 012b 0B       		.uleb128 0xb
 1077 012c 3B       		.uleb128 0x3b
 1078 012d 0B       		.uleb128 0xb
 1079 012e 49       		.uleb128 0x49
 1080 012f 13       		.uleb128 0x13
 1081 0130 3F       		.uleb128 0x3f
 1082 0131 19       		.uleb128 0x19
 1083 0132 3C       		.uleb128 0x3c
 1084 0133 19       		.uleb128 0x19
 1085 0134 00       		.byte	0
 1086 0135 00       		.byte	0
 1087 0136 00       		.byte	0
 1088              		.section	.debug_aranges,"",%progbits
 1089 0000 3C000000 		.4byte	0x3c
 1090 0004 0200     		.2byte	0x2
 1091 0006 00000000 		.4byte	.Ldebug_info0
 1092 000a 04       		.byte	0x4
 1093 000b 00       		.byte	0
 1094 000c 0000     		.2byte	0
 1095 000e 0000     		.2byte	0
ARM GAS  C:\Users\Schuyler\AppData\Local\Temp\ccUcqVeA.s 			page 22


 1096 0010 00000000 		.4byte	.LFB0
 1097 0014 24000000 		.4byte	.LFE0-.LFB0
 1098 0018 00000000 		.4byte	.LFB1
 1099 001c 2C000000 		.4byte	.LFE1-.LFB1
 1100 0020 00000000 		.4byte	.LFB2
 1101 0024 5A000000 		.4byte	.LFE2-.LFB2
 1102 0028 00000000 		.4byte	.LFB3
 1103 002c 5A000000 		.4byte	.LFE3-.LFB3
 1104 0030 00000000 		.4byte	.LFB4
 1105 0034 5A000000 		.4byte	.LFE4-.LFB4
 1106 0038 00000000 		.4byte	0
 1107 003c 00000000 		.4byte	0
 1108              		.section	.debug_ranges,"",%progbits
 1109              	.Ldebug_ranges0:
 1110 0000 00000000 		.4byte	.LFB0
 1111 0004 24000000 		.4byte	.LFE0
 1112 0008 00000000 		.4byte	.LFB1
 1113 000c 2C000000 		.4byte	.LFE1
 1114 0010 00000000 		.4byte	.LFB2
 1115 0014 5A000000 		.4byte	.LFE2
 1116 0018 00000000 		.4byte	.LFB3
 1117 001c 5A000000 		.4byte	.LFE3
 1118 0020 00000000 		.4byte	.LFB4
 1119 0024 5A000000 		.4byte	.LFE4
 1120 0028 00000000 		.4byte	0
 1121 002c 00000000 		.4byte	0
 1122              		.section	.debug_line,"",%progbits
 1123              	.Ldebug_line0:
 1124 0000 F1010000 		.section	.debug_str,"MS",%progbits,1
 1124      02006601 
 1124      00000201 
 1124      FB0E0D00 
 1124      01010101 
 1125              	.LASF34:
 1126 0000 74657374 		.ascii	"testHandler2\000"
 1126      48616E64 
 1126      6C657232 
 1126      00
 1127              	.LASF23:
 1128 000d 43414E5F 		.ascii	"CAN_1_REG_32\000"
 1128      315F5245 
 1128      475F3332 
 1128      00
 1129              	.LASF5:
 1130 001a 5F5F7569 		.ascii	"__uint8_t\000"
 1130      6E74385F 
 1130      7400
 1131              	.LASF45:
 1132 0024 73746174 		.ascii	"state\000"
 1132      6500
 1133              	.LASF28:
 1134 002a 7278616D 		.ascii	"rxamr\000"
 1134      7200
 1135              	.LASF24:
 1136 0030 43414E5F 		.ascii	"CAN_1_TX_MSG\000"
 1136      315F5458 
 1136      5F4D5347 
ARM GAS  C:\Users\Schuyler\AppData\Local\Temp\ccUcqVeA.s 			page 23


 1136      00
 1137              	.LASF3:
 1138 003d 73686F72 		.ascii	"short unsigned int\000"
 1138      7420756E 
 1138      7369676E 
 1138      65642069 
 1138      6E7400
 1139              	.LASF11:
 1140 0050 75696E74 		.ascii	"uint8_t\000"
 1140      385F7400 
 1141              	.LASF2:
 1142 0058 73686F72 		.ascii	"short int\000"
 1142      7420696E 
 1142      7400
 1143              	.LASF21:
 1144 0062 62797465 		.ascii	"byte\000"
 1144      00
 1145              	.LASF27:
 1146 0067 72786461 		.ascii	"rxdata\000"
 1146      746100
 1147              	.LASF31:
 1148 006e 72786163 		.ascii	"rxacrd\000"
 1148      726400
 1149              	.LASF15:
 1150 0075 666C6F61 		.ascii	"float\000"
 1150      7400
 1151              	.LASF37:
 1152 007b 64617461 		.ascii	"data\000"
 1152      00
 1153              	.LASF1:
 1154 0080 756E7369 		.ascii	"unsigned char\000"
 1154      676E6564 
 1154      20636861 
 1154      7200
 1155              	.LASF26:
 1156 008e 72786964 		.ascii	"rxid\000"
 1156      00
 1157              	.LASF32:
 1158 0093 43414E5F 		.ascii	"CAN_1_RX_STRUCT\000"
 1158      315F5258 
 1158      5F535452 
 1158      55435400 
 1159              	.LASF38:
 1160 00a3 48656172 		.ascii	"HeartB\000"
 1160      744200
 1161              	.LASF25:
 1162 00aa 7278636D 		.ascii	"rxcmd\000"
 1162      6400
 1163              	.LASF7:
 1164 00b0 6C6F6E67 		.ascii	"long unsigned int\000"
 1164      20756E73 
 1164      69676E65 
 1164      6420696E 
 1164      7400
 1165              	.LASF13:
 1166 00c2 75696E74 		.ascii	"uint8\000"
 1166      3800
ARM GAS  C:\Users\Schuyler\AppData\Local\Temp\ccUcqVeA.s 			page 24


 1167              	.LASF41:
 1168 00c8 474E5520 		.ascii	"GNU C 4.9.3 20150303 (release) [ARM/embedded-4_9-br"
 1168      4320342E 
 1168      392E3320 
 1168      32303135 
 1168      30333033 
 1169 00fb 616E6368 		.ascii	"anch revision 221220] -mcpu=cortex-m3 -mthumb -g -O"
 1169      20726576 
 1169      6973696F 
 1169      6E203232 
 1169      31323230 
 1170 012e 30202D66 		.ascii	"0 -ffunction-sections -ffat-lto-objects\000"
 1170      66756E63 
 1170      74696F6E 
 1170      2D736563 
 1170      74696F6E 
 1171              	.LASF16:
 1172 0156 646F7562 		.ascii	"double\000"
 1172      6C6500
 1173              	.LASF6:
 1174 015d 5F5F7569 		.ascii	"__uint32_t\000"
 1174      6E743332 
 1174      5F7400
 1175              	.LASF43:
 1176 0168 433A5C55 		.ascii	"C:\\Users\\Schuyler\\Documents\\PSoC Creator\\CANBu"
 1176      73657273 
 1176      5C536368 
 1176      75796C65 
 1176      725C446F 
 1177 0196 73546573 		.ascii	"sTest\\Receiver\\Design03.cydsn\000"
 1177      745C5265 
 1177      63656976 
 1177      65725C44 
 1177      65736967 
 1178              	.LASF39:
 1179 01b4 6D657373 		.ascii	"message\000"
 1179      61676500 
 1180              	.LASF22:
 1181 01bc 43414E5F 		.ascii	"CAN_1_DATA_BYTES\000"
 1181      315F4441 
 1181      54415F42 
 1181      59544553 
 1181      00
 1182              	.LASF14:
 1183 01cd 75696E74 		.ascii	"uint32\000"
 1183      333200
 1184              	.LASF36:
 1185 01d4 63616E5F 		.ascii	"can_send\000"
 1185      73656E64 
 1185      00
 1186              	.LASF10:
 1187 01dd 756E7369 		.ascii	"unsigned int\000"
 1187      676E6564 
 1187      20696E74 
 1187      00
 1188              	.LASF9:
 1189 01ea 6C6F6E67 		.ascii	"long long unsigned int\000"
ARM GAS  C:\Users\Schuyler\AppData\Local\Temp\ccUcqVeA.s 			page 25


 1189      206C6F6E 
 1189      6720756E 
 1189      7369676E 
 1189      65642069 
 1190              	.LASF44:
 1191 0201 63616E5F 		.ascii	"can_test_send\000"
 1191      74657374 
 1191      5F73656E 
 1191      6400
 1192              	.LASF46:
 1193 020f 696E6372 		.ascii	"incrementedNumber\000"
 1193      656D656E 
 1193      7465644E 
 1193      756D6265 
 1193      7200
 1194              	.LASF40:
 1195 0221 7061796C 		.ascii	"payload\000"
 1195      6F616400 
 1196              	.LASF18:
 1197 0229 72656738 		.ascii	"reg8\000"
 1197      00
 1198              	.LASF19:
 1199 022e 73697A65 		.ascii	"sizetype\000"
 1199      74797065 
 1199      00
 1200              	.LASF30:
 1201 0237 7278616D 		.ascii	"rxamrd\000"
 1201      726400
 1202              	.LASF8:
 1203 023e 6C6F6E67 		.ascii	"long long int\000"
 1203      206C6F6E 
 1203      6720696E 
 1203      7400
 1204              	.LASF17:
 1205 024c 63686172 		.ascii	"char\000"
 1205      00
 1206              	.LASF20:
 1207 0251 43414E5F 		.ascii	"CAN_1_DATA_BYTES_MSG\000"
 1207      315F4441 
 1207      54415F42 
 1207      59544553 
 1207      5F4D5347 
 1208              	.LASF42:
 1209 0266 2E2E5C63 		.ascii	"..\\can_manga.c\000"
 1209      616E5F6D 
 1209      616E6761 
 1209      2E6300
 1210              	.LASF29:
 1211 0275 72786163 		.ascii	"rxacr\000"
 1211      7200
 1212              	.LASF12:
 1213 027b 75696E74 		.ascii	"uint32_t\000"
 1213      33325F74 
 1213      00
 1214              	.LASF4:
 1215 0284 6C6F6E67 		.ascii	"long int\000"
 1215      20696E74 
ARM GAS  C:\Users\Schuyler\AppData\Local\Temp\ccUcqVeA.s 			page 26


 1215      00
 1216              	.LASF33:
 1217 028d 74657374 		.ascii	"testHandler\000"
 1217      48616E64 
 1217      6C657200 
 1218              	.LASF0:
 1219 0299 7369676E 		.ascii	"signed char\000"
 1219      65642063 
 1219      68617200 
 1220              	.LASF35:
 1221 02a5 63616E5F 		.ascii	"can_receive\000"
 1221      72656365 
 1221      69766500 
 1222              		.ident	"GCC: (GNU Tools for ARM Embedded Processors) 4.9.3 20150303 (release) [ARM/embedded-4_9-br
