ARM GAS  C:\Users\Schuyler\AppData\Local\Temp\cctL0cvX.s 			page 1


   1              		.syntax unified
   2              		.cpu cortex-m3
   3              		.fpu softvfp
   4              		.eabi_attribute 20, 1
   5              		.eabi_attribute 21, 1
   6              		.eabi_attribute 23, 3
   7              		.eabi_attribute 24, 1
   8              		.eabi_attribute 25, 1
   9              		.eabi_attribute 26, 1
  10              		.eabi_attribute 30, 6
  11              		.eabi_attribute 34, 1
  12              		.eabi_attribute 18, 4
  13              		.thumb
  14              		.file	"main.c"
  15              		.text
  16              	.Ltext0:
  17              		.cfi_sections	.debug_frame
  18              		.global	Rx_Data
  19              		.data
  20              		.type	Rx_Data, %object
  21              		.size	Rx_Data, 1
  22              	Rx_Data:
  23 0000 0A       		.byte	10
  24              		.global	incrementedNumber
  25              		.bss
  26              		.align	2
  27              		.type	incrementedNumber, %object
  28              		.size	incrementedNumber, 4
  29              	incrementedNumber:
  30 0000 00000000 		.space	4
  31              		.section	.text.main,"ax",%progbits
  32              		.align	2
  33              		.global	main
  34              		.thumb
  35              		.thumb_func
  36              		.type	main, %function
  37              	main:
  38              	.LFB63:
  39              		.file 1 "main.c"
   1:main.c        **** /* ========================================
   2:main.c        ****  * CAN BUS Transmission Firmware
   3:main.c        ****  * Schuyler Alschuler (FRUCD)
   4:main.c        ****  * ========================================
   5:main.c        **** */
   6:main.c        **** #include <project.h>
   7:main.c        **** uint8 Rx_Data = 10;
   8:main.c        **** volatile unsigned int incrementedNumber = 0;
   9:main.c        **** 
  10:main.c        **** int main()
  11:main.c        **** {
  40              		.loc 1 11 0
  41              		.cfi_startproc
  42              		@ args = 0, pretend = 0, frame = 0
  43              		@ frame_needed = 1, uses_anonymous_args = 0
  44 0000 80B5     		push	{r7, lr}
  45              		.cfi_def_cfa_offset 8
  46              		.cfi_offset 7, -8
ARM GAS  C:\Users\Schuyler\AppData\Local\Temp\cctL0cvX.s 			page 2


  47              		.cfi_offset 14, -4
  48 0002 00AF     		add	r7, sp, #0
  49              		.cfi_def_cfa_register 7
  12:main.c        ****  CAN_1_Start();
  50              		.loc 1 12 0
  51 0004 FFF7FEFF 		bl	CAN_1_Start
  13:main.c        ****  CyGlobalIntEnable;
  52              		.loc 1 13 0
  53              	@ 13 "main.c" 1
  54 0008 62B6     		CPSIE   i
  55              	@ 0 "" 2
  56              		.thumb
  57              	.L4:
  14:main.c        **** 
  15:main.c        ****  for(;;) /* do forever */
  16:main.c        ****  {  
  17:main.c        ****     if (incrementedNumber > 10)
  58              		.loc 1 17 0
  59 000a 094B     		ldr	r3, .L5
  60 000c 1B68     		ldr	r3, [r3]
  61 000e 0A2B     		cmp	r3, #10
  62 0010 06D9     		bls	.L2
  18:main.c        ****     {
  19:main.c        ****         RED_Write(1);
  63              		.loc 1 19 0
  64 0012 0120     		movs	r0, #1
  65 0014 FFF7FEFF 		bl	RED_Write
  20:main.c        ****         GREEN_Write(0);
  66              		.loc 1 20 0
  67 0018 0020     		movs	r0, #0
  68 001a FFF7FEFF 		bl	GREEN_Write
  69 001e 05E0     		b	.L3
  70              	.L2:
  21:main.c        ****     }
  22:main.c        ****     else
  23:main.c        ****     {
  24:main.c        ****         RED_Write(0);
  71              		.loc 1 24 0
  72 0020 0020     		movs	r0, #0
  73 0022 FFF7FEFF 		bl	RED_Write
  25:main.c        ****         GREEN_Write(1);
  74              		.loc 1 25 0
  75 0026 0120     		movs	r0, #1
  76 0028 FFF7FEFF 		bl	GREEN_Write
  77              	.L3:
  26:main.c        ****     }
  27:main.c        ****         
  28:main.c        ****  }
  78              		.loc 1 28 0
  79 002c EDE7     		b	.L4
  80              	.L6:
  81 002e 00BF     		.align	2
  82              	.L5:
  83 0030 00000000 		.word	incrementedNumber
  84              		.cfi_endproc
  85              	.LFE63:
  86              		.size	main, .-main
ARM GAS  C:\Users\Schuyler\AppData\Local\Temp\cctL0cvX.s 			page 3


  87              		.text
  88              	.Letext0:
  89              		.file 2 "c:\\program files (x86)\\cypress\\psoc creator\\4.0\\psoc creator\\import\\gnu\\arm\\4.9.
  90              		.file 3 "c:\\program files (x86)\\cypress\\psoc creator\\4.0\\psoc creator\\import\\gnu\\arm\\4.9.
  91              		.file 4 "Generated_Source\\PSoC5/cytypes.h"
  92              		.file 5 "Generated_Source\\PSoC5/core_cm3.h"
  93              		.section	.debug_info,"",%progbits
  94              	.Ldebug_info0:
  95 0000 F3000000 		.4byte	0xf3
  96 0004 0400     		.2byte	0x4
  97 0006 00000000 		.4byte	.Ldebug_abbrev0
  98 000a 04       		.byte	0x4
  99 000b 01       		.uleb128 0x1
 100 000c 95000000 		.4byte	.LASF19
 101 0010 01       		.byte	0x1
 102 0011 36000000 		.4byte	.LASF20
 103 0015 6F010000 		.4byte	.LASF21
 104 0019 00000000 		.4byte	.Ldebug_ranges0+0
 105 001d 00000000 		.4byte	0
 106 0021 00000000 		.4byte	.Ldebug_line0
 107 0025 02       		.uleb128 0x2
 108 0026 01       		.byte	0x1
 109 0027 06       		.byte	0x6
 110 0028 49010000 		.4byte	.LASF0
 111 002c 02       		.uleb128 0x2
 112 002d 01       		.byte	0x1
 113 002e 08       		.byte	0x8
 114 002f 79000000 		.4byte	.LASF1
 115 0033 02       		.uleb128 0x2
 116 0034 02       		.byte	0x2
 117 0035 05       		.byte	0x5
 118 0036 65010000 		.4byte	.LASF2
 119 003a 02       		.uleb128 0x2
 120 003b 02       		.byte	0x2
 121 003c 07       		.byte	0x7
 122 003d 0E000000 		.4byte	.LASF3
 123 0041 03       		.uleb128 0x3
 124 0042 55010000 		.4byte	.LASF9
 125 0046 02       		.byte	0x2
 126 0047 3F       		.byte	0x3f
 127 0048 4C000000 		.4byte	0x4c
 128 004c 02       		.uleb128 0x2
 129 004d 04       		.byte	0x4
 130 004e 05       		.byte	0x5
 131 004f 8C000000 		.4byte	.LASF4
 132 0053 02       		.uleb128 0x2
 133 0054 04       		.byte	0x4
 134 0055 07       		.byte	0x7
 135 0056 50000000 		.4byte	.LASF5
 136 005a 02       		.uleb128 0x2
 137 005b 08       		.byte	0x8
 138 005c 05       		.byte	0x5
 139 005d 00000000 		.4byte	.LASF6
 140 0061 02       		.uleb128 0x2
 141 0062 08       		.byte	0x8
 142 0063 07       		.byte	0x7
 143 0064 62000000 		.4byte	.LASF7
ARM GAS  C:\Users\Schuyler\AppData\Local\Temp\cctL0cvX.s 			page 4


 144 0068 04       		.uleb128 0x4
 145 0069 04       		.byte	0x4
 146 006a 05       		.byte	0x5
 147 006b 696E7400 		.ascii	"int\000"
 148 006f 02       		.uleb128 0x2
 149 0070 04       		.byte	0x4
 150 0071 07       		.byte	0x7
 151 0072 29000000 		.4byte	.LASF8
 152 0076 03       		.uleb128 0x3
 153 0077 48000000 		.4byte	.LASF10
 154 007b 03       		.byte	0x3
 155 007c 2C       		.byte	0x2c
 156 007d 41000000 		.4byte	0x41
 157 0081 05       		.uleb128 0x5
 158 0082 42000000 		.4byte	.LASF11
 159 0086 04       		.byte	0x4
 160 0087 9201     		.2byte	0x192
 161 0089 2C000000 		.4byte	0x2c
 162 008d 02       		.uleb128 0x2
 163 008e 04       		.byte	0x4
 164 008f 04       		.byte	0x4
 165 0090 5F010000 		.4byte	.LASF12
 166 0094 02       		.uleb128 0x2
 167 0095 08       		.byte	0x8
 168 0096 04       		.byte	0x4
 169 0097 23010000 		.4byte	.LASF13
 170 009b 02       		.uleb128 0x2
 171 009c 01       		.byte	0x1
 172 009d 08       		.byte	0x8
 173 009e 87000000 		.4byte	.LASF14
 174 00a2 02       		.uleb128 0x2
 175 00a3 04       		.byte	0x4
 176 00a4 07       		.byte	0x7
 177 00a5 BB010000 		.4byte	.LASF15
 178 00a9 06       		.uleb128 0x6
 179 00aa 3D000000 		.4byte	.LASF22
 180 00ae 01       		.byte	0x1
 181 00af 0A       		.byte	0xa
 182 00b0 68000000 		.4byte	0x68
 183 00b4 00000000 		.4byte	.LFB63
 184 00b8 34000000 		.4byte	.LFE63-.LFB63
 185 00bc 01       		.uleb128 0x1
 186 00bd 9C       		.byte	0x9c
 187 00be 07       		.uleb128 0x7
 188 00bf 3C010000 		.4byte	.LASF16
 189 00c3 05       		.byte	0x5
 190 00c4 9606     		.2byte	0x696
 191 00c6 CA000000 		.4byte	0xca
 192 00ca 08       		.uleb128 0x8
 193 00cb 76000000 		.4byte	0x76
 194 00cf 09       		.uleb128 0x9
 195 00d0 21000000 		.4byte	.LASF17
 196 00d4 01       		.byte	0x1
 197 00d5 07       		.byte	0x7
 198 00d6 81000000 		.4byte	0x81
 199 00da 05       		.uleb128 0x5
 200 00db 03       		.byte	0x3
ARM GAS  C:\Users\Schuyler\AppData\Local\Temp\cctL0cvX.s 			page 5


 201 00dc 00000000 		.4byte	Rx_Data
 202 00e0 09       		.uleb128 0x9
 203 00e1 2A010000 		.4byte	.LASF18
 204 00e5 01       		.byte	0x1
 205 00e6 08       		.byte	0x8
 206 00e7 F1000000 		.4byte	0xf1
 207 00eb 05       		.uleb128 0x5
 208 00ec 03       		.byte	0x3
 209 00ed 00000000 		.4byte	incrementedNumber
 210 00f1 08       		.uleb128 0x8
 211 00f2 6F000000 		.4byte	0x6f
 212 00f6 00       		.byte	0
 213              		.section	.debug_abbrev,"",%progbits
 214              	.Ldebug_abbrev0:
 215 0000 01       		.uleb128 0x1
 216 0001 11       		.uleb128 0x11
 217 0002 01       		.byte	0x1
 218 0003 25       		.uleb128 0x25
 219 0004 0E       		.uleb128 0xe
 220 0005 13       		.uleb128 0x13
 221 0006 0B       		.uleb128 0xb
 222 0007 03       		.uleb128 0x3
 223 0008 0E       		.uleb128 0xe
 224 0009 1B       		.uleb128 0x1b
 225 000a 0E       		.uleb128 0xe
 226 000b 55       		.uleb128 0x55
 227 000c 17       		.uleb128 0x17
 228 000d 11       		.uleb128 0x11
 229 000e 01       		.uleb128 0x1
 230 000f 10       		.uleb128 0x10
 231 0010 17       		.uleb128 0x17
 232 0011 00       		.byte	0
 233 0012 00       		.byte	0
 234 0013 02       		.uleb128 0x2
 235 0014 24       		.uleb128 0x24
 236 0015 00       		.byte	0
 237 0016 0B       		.uleb128 0xb
 238 0017 0B       		.uleb128 0xb
 239 0018 3E       		.uleb128 0x3e
 240 0019 0B       		.uleb128 0xb
 241 001a 03       		.uleb128 0x3
 242 001b 0E       		.uleb128 0xe
 243 001c 00       		.byte	0
 244 001d 00       		.byte	0
 245 001e 03       		.uleb128 0x3
 246 001f 16       		.uleb128 0x16
 247 0020 00       		.byte	0
 248 0021 03       		.uleb128 0x3
 249 0022 0E       		.uleb128 0xe
 250 0023 3A       		.uleb128 0x3a
 251 0024 0B       		.uleb128 0xb
 252 0025 3B       		.uleb128 0x3b
 253 0026 0B       		.uleb128 0xb
 254 0027 49       		.uleb128 0x49
 255 0028 13       		.uleb128 0x13
 256 0029 00       		.byte	0
 257 002a 00       		.byte	0
ARM GAS  C:\Users\Schuyler\AppData\Local\Temp\cctL0cvX.s 			page 6


 258 002b 04       		.uleb128 0x4
 259 002c 24       		.uleb128 0x24
 260 002d 00       		.byte	0
 261 002e 0B       		.uleb128 0xb
 262 002f 0B       		.uleb128 0xb
 263 0030 3E       		.uleb128 0x3e
 264 0031 0B       		.uleb128 0xb
 265 0032 03       		.uleb128 0x3
 266 0033 08       		.uleb128 0x8
 267 0034 00       		.byte	0
 268 0035 00       		.byte	0
 269 0036 05       		.uleb128 0x5
 270 0037 16       		.uleb128 0x16
 271 0038 00       		.byte	0
 272 0039 03       		.uleb128 0x3
 273 003a 0E       		.uleb128 0xe
 274 003b 3A       		.uleb128 0x3a
 275 003c 0B       		.uleb128 0xb
 276 003d 3B       		.uleb128 0x3b
 277 003e 05       		.uleb128 0x5
 278 003f 49       		.uleb128 0x49
 279 0040 13       		.uleb128 0x13
 280 0041 00       		.byte	0
 281 0042 00       		.byte	0
 282 0043 06       		.uleb128 0x6
 283 0044 2E       		.uleb128 0x2e
 284 0045 00       		.byte	0
 285 0046 3F       		.uleb128 0x3f
 286 0047 19       		.uleb128 0x19
 287 0048 03       		.uleb128 0x3
 288 0049 0E       		.uleb128 0xe
 289 004a 3A       		.uleb128 0x3a
 290 004b 0B       		.uleb128 0xb
 291 004c 3B       		.uleb128 0x3b
 292 004d 0B       		.uleb128 0xb
 293 004e 49       		.uleb128 0x49
 294 004f 13       		.uleb128 0x13
 295 0050 11       		.uleb128 0x11
 296 0051 01       		.uleb128 0x1
 297 0052 12       		.uleb128 0x12
 298 0053 06       		.uleb128 0x6
 299 0054 40       		.uleb128 0x40
 300 0055 18       		.uleb128 0x18
 301 0056 9642     		.uleb128 0x2116
 302 0058 19       		.uleb128 0x19
 303 0059 00       		.byte	0
 304 005a 00       		.byte	0
 305 005b 07       		.uleb128 0x7
 306 005c 34       		.uleb128 0x34
 307 005d 00       		.byte	0
 308 005e 03       		.uleb128 0x3
 309 005f 0E       		.uleb128 0xe
 310 0060 3A       		.uleb128 0x3a
 311 0061 0B       		.uleb128 0xb
 312 0062 3B       		.uleb128 0x3b
 313 0063 05       		.uleb128 0x5
 314 0064 49       		.uleb128 0x49
ARM GAS  C:\Users\Schuyler\AppData\Local\Temp\cctL0cvX.s 			page 7


 315 0065 13       		.uleb128 0x13
 316 0066 3F       		.uleb128 0x3f
 317 0067 19       		.uleb128 0x19
 318 0068 3C       		.uleb128 0x3c
 319 0069 19       		.uleb128 0x19
 320 006a 00       		.byte	0
 321 006b 00       		.byte	0
 322 006c 08       		.uleb128 0x8
 323 006d 35       		.uleb128 0x35
 324 006e 00       		.byte	0
 325 006f 49       		.uleb128 0x49
 326 0070 13       		.uleb128 0x13
 327 0071 00       		.byte	0
 328 0072 00       		.byte	0
 329 0073 09       		.uleb128 0x9
 330 0074 34       		.uleb128 0x34
 331 0075 00       		.byte	0
 332 0076 03       		.uleb128 0x3
 333 0077 0E       		.uleb128 0xe
 334 0078 3A       		.uleb128 0x3a
 335 0079 0B       		.uleb128 0xb
 336 007a 3B       		.uleb128 0x3b
 337 007b 0B       		.uleb128 0xb
 338 007c 49       		.uleb128 0x49
 339 007d 13       		.uleb128 0x13
 340 007e 3F       		.uleb128 0x3f
 341 007f 19       		.uleb128 0x19
 342 0080 02       		.uleb128 0x2
 343 0081 18       		.uleb128 0x18
 344 0082 00       		.byte	0
 345 0083 00       		.byte	0
 346 0084 00       		.byte	0
 347              		.section	.debug_aranges,"",%progbits
 348 0000 1C000000 		.4byte	0x1c
 349 0004 0200     		.2byte	0x2
 350 0006 00000000 		.4byte	.Ldebug_info0
 351 000a 04       		.byte	0x4
 352 000b 00       		.byte	0
 353 000c 0000     		.2byte	0
 354 000e 0000     		.2byte	0
 355 0010 00000000 		.4byte	.LFB63
 356 0014 34000000 		.4byte	.LFE63-.LFB63
 357 0018 00000000 		.4byte	0
 358 001c 00000000 		.4byte	0
 359              		.section	.debug_ranges,"",%progbits
 360              	.Ldebug_ranges0:
 361 0000 00000000 		.4byte	.LFB63
 362 0004 34000000 		.4byte	.LFE63
 363 0008 00000000 		.4byte	0
 364 000c 00000000 		.4byte	0
 365              		.section	.debug_line,"",%progbits
 366              	.Ldebug_line0:
 367 0000 64010000 		.section	.debug_str,"MS",%progbits,1
 367      02004701 
 367      00000201 
 367      FB0E0D00 
 367      01010101 
ARM GAS  C:\Users\Schuyler\AppData\Local\Temp\cctL0cvX.s 			page 8


 368              	.LASF6:
 369 0000 6C6F6E67 		.ascii	"long long int\000"
 369      206C6F6E 
 369      6720696E 
 369      7400
 370              	.LASF3:
 371 000e 73686F72 		.ascii	"short unsigned int\000"
 371      7420756E 
 371      7369676E 
 371      65642069 
 371      6E7400
 372              	.LASF17:
 373 0021 52785F44 		.ascii	"Rx_Data\000"
 373      61746100 
 374              	.LASF8:
 375 0029 756E7369 		.ascii	"unsigned int\000"
 375      676E6564 
 375      20696E74 
 375      00
 376              	.LASF20:
 377 0036 6D61696E 		.ascii	"main.c\000"
 377      2E6300
 378              	.LASF22:
 379 003d 6D61696E 		.ascii	"main\000"
 379      00
 380              	.LASF11:
 381 0042 75696E74 		.ascii	"uint8\000"
 381      3800
 382              	.LASF10:
 383 0048 696E7433 		.ascii	"int32_t\000"
 383      325F7400 
 384              	.LASF5:
 385 0050 6C6F6E67 		.ascii	"long unsigned int\000"
 385      20756E73 
 385      69676E65 
 385      6420696E 
 385      7400
 386              	.LASF7:
 387 0062 6C6F6E67 		.ascii	"long long unsigned int\000"
 387      206C6F6E 
 387      6720756E 
 387      7369676E 
 387      65642069 
 388              	.LASF1:
 389 0079 756E7369 		.ascii	"unsigned char\000"
 389      676E6564 
 389      20636861 
 389      7200
 390              	.LASF14:
 391 0087 63686172 		.ascii	"char\000"
 391      00
 392              	.LASF4:
 393 008c 6C6F6E67 		.ascii	"long int\000"
 393      20696E74 
 393      00
 394              	.LASF19:
 395 0095 474E5520 		.ascii	"GNU C 4.9.3 20150303 (release) [ARM/embedded-4_9-br"
ARM GAS  C:\Users\Schuyler\AppData\Local\Temp\cctL0cvX.s 			page 9


 395      4320342E 
 395      392E3320 
 395      32303135 
 395      30333033 
 396 00c8 616E6368 		.ascii	"anch revision 221220] -mcpu=cortex-m3 -mthumb -g -O"
 396      20726576 
 396      6973696F 
 396      6E203232 
 396      31323230 
 397 00fb 30202D66 		.ascii	"0 -ffunction-sections -ffat-lto-objects\000"
 397      66756E63 
 397      74696F6E 
 397      2D736563 
 397      74696F6E 
 398              	.LASF13:
 399 0123 646F7562 		.ascii	"double\000"
 399      6C6500
 400              	.LASF18:
 401 012a 696E6372 		.ascii	"incrementedNumber\000"
 401      656D656E 
 401      7465644E 
 401      756D6265 
 401      7200
 402              	.LASF16:
 403 013c 49544D5F 		.ascii	"ITM_RxBuffer\000"
 403      52784275 
 403      66666572 
 403      00
 404              	.LASF0:
 405 0149 7369676E 		.ascii	"signed char\000"
 405      65642063 
 405      68617200 
 406              	.LASF9:
 407 0155 5F5F696E 		.ascii	"__int32_t\000"
 407      7433325F 
 407      7400
 408              	.LASF12:
 409 015f 666C6F61 		.ascii	"float\000"
 409      7400
 410              	.LASF2:
 411 0165 73686F72 		.ascii	"short int\000"
 411      7420696E 
 411      7400
 412              	.LASF21:
 413 016f 433A5C55 		.ascii	"C:\\Users\\Schuyler\\Documents\\PSoC Creator\\CANBu"
 413      73657273 
 413      5C536368 
 413      75796C65 
 413      725C446F 
 414 019d 73546573 		.ascii	"sTest\\Receiver\\Design03.cydsn\000"
 414      745C5265 
 414      63656976 
 414      65725C44 
 414      65736967 
 415              	.LASF15:
 416 01bb 73697A65 		.ascii	"sizetype\000"
 416      74797065 
ARM GAS  C:\Users\Schuyler\AppData\Local\Temp\cctL0cvX.s 			page 10


 416      00
 417              		.ident	"GCC: (GNU Tools for ARM Embedded Processors) 4.9.3 20150303 (release) [ARM/embedded-4_9-br
