--------------- Clean Started: 01/27/2017 10:30:47 Project: Design02, Configuration: ARM GCC 4.9-2015-q1-update Debug ---------------
Deleting file ".\CortexM3\ARM_GCC_493\Debug\main.o"
Deleting file ".\CortexM3\ARM_GCC_493\Debug\can_manga.o"
Deleting file ".\CortexM3\ARM_GCC_493\Debug\cyfitter_cfg.o"
Deleting file ".\CortexM3\ARM_GCC_493\Debug\cymetadata.o"
Deleting file ".\CortexM3\ARM_GCC_493\Debug\Cm3Start.o"
Deleting file ".\CortexM3\ARM_GCC_493\Debug\CyBootAsmGnu.o"
Deleting file ".\CortexM3\ARM_GCC_493\Debug\CyDmac.o"
Deleting file ".\CortexM3\ARM_GCC_493\Debug\CyFlash.o"
Deleting file ".\CortexM3\ARM_GCC_493\Debug\CyLib.o"
Deleting file ".\CortexM3\ARM_GCC_493\Debug\cyPm.o"
Deleting file ".\CortexM3\ARM_GCC_493\Debug\CySpc.o"
Deleting file ".\CortexM3\ARM_GCC_493\Debug\cyutils.o"
Deleting file ".\CortexM3\ARM_GCC_493\Debug\Rx_1.o"
Deleting file ".\CortexM3\ARM_GCC_493\Debug\Tx_1.o"
Deleting file ".\CortexM3\ARM_GCC_493\Debug\CAN_1.o"
Deleting file ".\CortexM3\ARM_GCC_493\Debug\CAN_1_INT.o"
Deleting file ".\CortexM3\ARM_GCC_493\Debug\CAN_1_PM.o"
Deleting file ".\CortexM3\ARM_GCC_493\Debug\CAN_1_TX_RX_func.o"
Deleting file ".\CortexM3\ARM_GCC_493\Debug\Timer_1.o"
Deleting file ".\CortexM3\ARM_GCC_493\Debug\Timer_1_PM.o"
Deleting file ".\CortexM3\ARM_GCC_493\Debug\isr_1.o"
Deleting file ".\CortexM3\ARM_GCC_493\Debug\LED_1.o"
Deleting file ".\CortexM3\ARM_GCC_493\Debug\Design02.hex"
Deleting file ".\CortexM3\ARM_GCC_493\Debug\Design02.map"
Deleting file ".\Design02.cycdx"
Deleting file ".\Design02.svd"
Deleting file ".\Design02.rpt"
Deleting file ".\Design02_timing.html"
Deleting file ".\CortexM3\ARM_GCC_493\Debug\.deps\SOURCE_C__ARM_GCC_GENERIC.P"
Deleting file ".\CortexM3\ARM_GCC_493\Debug\.deps\SOURCE_ASM__ARM_GCC_GENERIC.P"
--------------- Clean Succeeded: 01/27/2017 10:30:47 ---------------
