ARM GAS  C:\Users\Schuyler\AppData\Local\Temp\ccGrAYR4.s 			page 1


   1              		.syntax unified
   2              		.cpu cortex-m3
   3              		.fpu softvfp
   4              		.eabi_attribute 20, 1
   5              		.eabi_attribute 21, 1
   6              		.eabi_attribute 23, 3
   7              		.eabi_attribute 24, 1
   8              		.eabi_attribute 25, 1
   9              		.eabi_attribute 26, 1
  10              		.eabi_attribute 30, 6
  11              		.eabi_attribute 34, 1
  12              		.eabi_attribute 18, 4
  13              		.thumb
  14              		.file	"cymetadata.c"
  15              		.text
  16              	.Ltext0:
  17              		.cfi_sections	.debug_frame
  18              		.global	cy_meta_configecc
  19              		.section	.cyconfigecc,"a",%progbits
  20              		.align	2
  21              		.type	cy_meta_configecc, %object
  22              		.size	cy_meta_configecc, 312
  23              	cy_meta_configecc:
  24 0000 01       		.byte	1
  25 0001 52       		.byte	82
  26 0002 00       		.byte	0
  27 0003 40       		.byte	64
  28 0004 01       		.byte	1
  29 0005 64       		.byte	100
  30 0006 00       		.byte	0
  31 0007 40       		.byte	64
  32 0008 01       		.byte	1
  33 0009 03       		.byte	3
  34 000a 01       		.byte	1
  35 000b 40       		.byte	64
  36 000c 28       		.byte	40
  37 000d 0A       		.byte	10
  38 000e 01       		.byte	1
  39 000f 40       		.byte	64
  40 0010 09       		.byte	9
  41 0011 0B       		.byte	11
  42 0012 01       		.byte	1
  43 0013 40       		.byte	64
  44 0014 1F       		.byte	31
  45 0015 0C       		.byte	12
  46 0016 01       		.byte	1
  47 0017 40       		.byte	64
  48 0018 13       		.byte	19
  49 0019 0D       		.byte	13
  50 001a 01       		.byte	1
  51 001b 40       		.byte	64
  52 001c 02       		.byte	2
  53 001d 40       		.byte	64
  54 001e 01       		.byte	1
  55 001f 40       		.byte	64
  56 0020 03       		.byte	3
  57 0021 41       		.byte	65
ARM GAS  C:\Users\Schuyler\AppData\Local\Temp\ccGrAYR4.s 			page 2


  58 0022 01       		.byte	1
  59 0023 40       		.byte	64
  60 0024 04       		.byte	4
  61 0025 4C       		.byte	76
  62 0026 01       		.byte	1
  63 0027 40       		.byte	64
  64 0028 06       		.byte	6
  65 0029 4D       		.byte	77
  66 002a 01       		.byte	1
  67 002b 40       		.byte	64
  68 002c 03       		.byte	3
  69 002d 50       		.byte	80
  70 002e 01       		.byte	1
  71 002f 40       		.byte	64
  72 0030 01       		.byte	1
  73 0031 51       		.byte	81
  74 0032 01       		.byte	1
  75 0033 40       		.byte	64
  76 0034 08       		.byte	8
  77 0035 40       		.byte	64
  78 0036 8C       		.byte	-116
  79 0037 0D       		.byte	13
  80 0038 E6       		.byte	-26
  81 0039 02       		.byte	2
  82 003a 40       		.byte	64
  83 003b 54       		.byte	84
  84 003c 49       		.byte	73
  85 003d FF       		.byte	-1
  86 003e 4A       		.byte	74
  87 003f FF       		.byte	-1
  88 0040 4B       		.byte	75
  89 0041 FF       		.byte	-1
  90 0042 4F       		.byte	79
  91 0043 01       		.byte	1
  92 0044 50       		.byte	80
  93 0045 18       		.byte	24
  94 0046 52       		.byte	82
  95 0047 80       		.byte	-128
  96 0048 5A       		.byte	90
  97 0049 04       		.byte	4
  98 004a 5B       		.byte	91
  99 004b 04       		.byte	4
 100 004c 5D       		.byte	93
 101 004d 99       		.byte	-103
 102 004e 5F       		.byte	95
 103 004f 01       		.byte	1
 104 0050 60       		.byte	96
 105 0051 40       		.byte	64
 106 0052 62       		.byte	98
 107 0053 40       		.byte	64
 108 0054 64       		.byte	100
 109 0055 40       		.byte	64
 110 0056 65       		.byte	101
 111 0057 40       		.byte	64
 112 0058 66       		.byte	102
 113 0059 80       		.byte	-128
 114 005a 68       		.byte	104
ARM GAS  C:\Users\Schuyler\AppData\Local\Temp\ccGrAYR4.s 			page 3


 115 005b 80       		.byte	-128
 116 005c 6A       		.byte	106
 117 005d 80       		.byte	-128
 118 005e 6C       		.byte	108
 119 005f 80       		.byte	-128
 120 0060 6E       		.byte	110
 121 0061 80       		.byte	-128
 122 0062 C0       		.byte	-64
 123 0063 54       		.byte	84
 124 0064 C9       		.byte	-55
 125 0065 FF       		.byte	-1
 126 0066 CA       		.byte	-54
 127 0067 FF       		.byte	-1
 128 0068 CB       		.byte	-53
 129 0069 FF       		.byte	-1
 130 006a CD       		.byte	-51
 131 006b 83       		.byte	-125
 132 006c CE       		.byte	-50
 133 006d 03       		.byte	3
 134 006e CF       		.byte	-49
 135 006f 01       		.byte	1
 136 0070 D0       		.byte	-48
 137 0071 18       		.byte	24
 138 0072 DA       		.byte	-38
 139 0073 04       		.byte	4
 140 0074 DD       		.byte	-35
 141 0075 09       		.byte	9
 142 0076 DF       		.byte	-33
 143 0077 01       		.byte	1
 144 0078 E0       		.byte	-32
 145 0079 40       		.byte	64
 146 007a E2       		.byte	-30
 147 007b 40       		.byte	64
 148 007c E4       		.byte	-28
 149 007d 40       		.byte	64
 150 007e E5       		.byte	-27
 151 007f 40       		.byte	64
 152 0080 E6       		.byte	-26
 153 0081 80       		.byte	-128
 154 0082 E8       		.byte	-24
 155 0083 80       		.byte	-128
 156 0084 EA       		.byte	-22
 157 0085 80       		.byte	-128
 158 0086 EC       		.byte	-20
 159 0087 80       		.byte	-128
 160 0088 EE       		.byte	-18
 161 0089 80       		.byte	-128
 162 008a 42       		.byte	66
 163 008b 80       		.byte	-128
 164 008c 46       		.byte	70
 165 008d 80       		.byte	-128
 166 008e 48       		.byte	72
 167 008f 02       		.byte	2
 168 0090 4C       		.byte	76
 169 0091 02       		.byte	2
 170 0092 70       		.byte	112
 171 0093 02       		.byte	2
ARM GAS  C:\Users\Schuyler\AppData\Local\Temp\ccGrAYR4.s 			page 4


 172 0094 9A       		.byte	-102
 173 0095 80       		.byte	-128
 174 0096 A4       		.byte	-92
 175 0097 02       		.byte	2
 176 0098 D0       		.byte	-48
 177 0099 81       		.byte	-127
 178 009a D2       		.byte	-46
 179 009b 18       		.byte	24
 180 009c 12       		.byte	18
 181 009d 01       		.byte	1
 182 009e 22       		.byte	34
 183 009f 01       		.byte	1
 184 00a0 30       		.byte	48
 185 00a1 01       		.byte	1
 186 00a2 3E       		.byte	62
 187 00a3 01       		.byte	1
 188 00a4 40       		.byte	64
 189 00a5 54       		.byte	84
 190 00a6 45       		.byte	69
 191 00a7 EC       		.byte	-20
 192 00a8 46       		.byte	70
 193 00a9 02       		.byte	2
 194 00aa 48       		.byte	72
 195 00ab 07       		.byte	7
 196 00ac 49       		.byte	73
 197 00ad FF       		.byte	-1
 198 00ae 4A       		.byte	74
 199 00af FF       		.byte	-1
 200 00b0 4B       		.byte	75
 201 00b1 FF       		.byte	-1
 202 00b2 4D       		.byte	77
 203 00b3 83       		.byte	-125
 204 00b4 4E       		.byte	78
 205 00b5 03       		.byte	3
 206 00b6 4F       		.byte	79
 207 00b7 01       		.byte	1
 208 00b8 50       		.byte	80
 209 00b9 18       		.byte	24
 210 00ba 54       		.byte	84
 211 00bb 01       		.byte	1
 212 00bc 56       		.byte	86
 213 00bd 04       		.byte	4
 214 00be 58       		.byte	88
 215 00bf 04       		.byte	4
 216 00c0 5A       		.byte	90
 217 00c1 04       		.byte	4
 218 00c2 5B       		.byte	91
 219 00c3 04       		.byte	4
 220 00c4 5D       		.byte	93
 221 00c5 99       		.byte	-103
 222 00c6 5F       		.byte	95
 223 00c7 01       		.byte	1
 224 00c8 60       		.byte	96
 225 00c9 40       		.byte	64
 226 00ca 62       		.byte	98
 227 00cb 40       		.byte	64
 228 00cc 64       		.byte	100
ARM GAS  C:\Users\Schuyler\AppData\Local\Temp\ccGrAYR4.s 			page 5


 229 00cd 40       		.byte	64
 230 00ce 65       		.byte	101
 231 00cf 40       		.byte	64
 232 00d0 66       		.byte	102
 233 00d1 80       		.byte	-128
 234 00d2 68       		.byte	104
 235 00d3 80       		.byte	-128
 236 00d4 6A       		.byte	106
 237 00d5 80       		.byte	-128
 238 00d6 6C       		.byte	108
 239 00d7 80       		.byte	-128
 240 00d8 6E       		.byte	110
 241 00d9 80       		.byte	-128
 242 00da 0C       		.byte	12
 243 00db 02       		.byte	2
 244 00dc 16       		.byte	22
 245 00dd 80       		.byte	-128
 246 00de 1E       		.byte	30
 247 00df 80       		.byte	-128
 248 00e0 46       		.byte	70
 249 00e1 80       		.byte	-128
 250 00e2 4C       		.byte	76
 251 00e3 02       		.byte	2
 252 00e4 4D       		.byte	77
 253 00e5 04       		.byte	4
 254 00e6 4F       		.byte	79
 255 00e7 01       		.byte	1
 256 00e8 56       		.byte	86
 257 00e9 80       		.byte	-128
 258 00ea 5D       		.byte	93
 259 00eb 04       		.byte	4
 260 00ec 5E       		.byte	94
 261 00ed 80       		.byte	-128
 262 00ee 5F       		.byte	95
 263 00ef 01       		.byte	1
 264 00f0 67       		.byte	103
 265 00f1 40       		.byte	64
 266 00f2 87       		.byte	-121
 267 00f3 40       		.byte	64
 268 00f4 C2       		.byte	-62
 269 00f5 10       		.byte	16
 270 00f6 C4       		.byte	-60
 271 00f7 10       		.byte	16
 272 00f8 D0       		.byte	-48
 273 00f9 80       		.byte	-128
 274 00fa D2       		.byte	-46
 275 00fb 10       		.byte	16
 276 00fc D6       		.byte	-42
 277 00fd D0       		.byte	-48
 278 00fe D8       		.byte	-40
 279 00ff 80       		.byte	-128
 280 0100 32       		.byte	50
 281 0101 20       		.byte	32
 282 0102 CC       		.byte	-52
 283 0103 10       		.byte	16
 284 0104 86       		.byte	-122
 285 0105 20       		.byte	32
ARM GAS  C:\Users\Schuyler\AppData\Local\Temp\ccGrAYR4.s 			page 6


 286 0106 A6       		.byte	-90
 287 0107 20       		.byte	32
 288 0108 E6       		.byte	-26
 289 0109 40       		.byte	64
 290 010a 0C       		.byte	12
 291 010b 10       		.byte	16
 292 010c 5D       		.byte	93
 293 010d 02       		.byte	2
 294 010e C2       		.byte	-62
 295 010f 01       		.byte	1
 296 0110 D6       		.byte	-42
 297 0111 01       		.byte	1
 298 0112 19       		.byte	25
 299 0113 02       		.byte	2
 300 0114 78       		.byte	120
 301 0115 10       		.byte	16
 302 0116 98       		.byte	-104
 303 0117 10       		.byte	16
 304 0118 9D       		.byte	-99
 305 0119 02       		.byte	2
 306 011a C6       		.byte	-58
 307 011b 08       		.byte	8
 308 011c DE       		.byte	-34
 309 011d 02       		.byte	2
 310 011e 01       		.byte	1
 311 011f 01       		.byte	1
 312 0120 0D       		.byte	13
 313 0121 01       		.byte	1
 314 0122 0F       		.byte	15
 315 0123 01       		.byte	1
 316 0124 00       		.byte	0
 317 0125 03       		.byte	3
 318 0126 00       		.byte	0
 319 0127 00       		.byte	0
 320 0128 80       		.byte	-128
 321 0129 4B       		.byte	75
 322 012a 4B       		.byte	75
 323 012b 00       		.byte	0
 324 012c 40       		.byte	64
 325 012d 00       		.byte	0
 326 012e 00       		.byte	0
 327 012f 00       		.byte	0
 328 0130 00       		.byte	0
 329 0131 02       		.byte	2
 330 0132 02       		.byte	2
 331 0133 00       		.byte	0
 332 0134 00       		.byte	0
 333 0135 00       		.byte	0
 334 0136 00       		.byte	0
 335 0137 00       		.byte	0
 336              		.global	cy_meta_custnvl
 337              		.section	.cycustnvl,"a",%progbits
 338              		.align	2
 339              		.type	cy_meta_custnvl, %object
 340              		.size	cy_meta_custnvl, 4
 341              	cy_meta_custnvl:
 342 0000 00       		.byte	0
ARM GAS  C:\Users\Schuyler\AppData\Local\Temp\ccGrAYR4.s 			page 7


 343 0001 00       		.byte	0
 344 0002 40       		.byte	64
 345 0003 05       		.byte	5
 346              		.global	cy_meta_wonvl
 347              		.section	.cywolatch,"a",%progbits
 348              		.align	2
 349              		.type	cy_meta_wonvl, %object
 350              		.size	cy_meta_wonvl, 4
 351              	cy_meta_wonvl:
 352 0000 BC       		.byte	-68
 353 0001 90       		.byte	-112
 354 0002 AC       		.byte	-84
 355 0003 AF       		.byte	-81
 356              		.global	cy_meta_flashprotect
 357              		.section	.cyflashprotect,"a",%progbits
 358              		.align	2
 359              		.type	cy_meta_flashprotect, %object
 360              		.size	cy_meta_flashprotect, 256
 361              	cy_meta_flashprotect:
 362 0000 00000000 		.space	256
 362      00000000 
 362      00000000 
 362      00000000 
 362      00000000 
 363              		.global	cy_metadata
 364              		.section	.cymeta,"a",%progbits
 365              		.align	2
 366              		.type	cy_metadata, %object
 367              		.size	cy_metadata, 12
 368              	cy_metadata:
 369 0000 00       		.byte	0
 370 0001 01       		.byte	1
 371 0002 2E       		.byte	46
 372 0003 16       		.byte	22
 373 0004 10       		.byte	16
 374 0005 69       		.byte	105
 375 0006 00       		.byte	0
 376 0007 01       		.byte	1
 377 0008 00       		.byte	0
 378 0009 00       		.byte	0
 379 000a 00       		.byte	0
 380 000b 00       		.byte	0
 381              		.text
 382              	.Letext0:
 383              		.file 1 "Generated_Source\\PSoC5\\cymetadata.c"
 384              		.file 2 "Generated_Source\\PSoC5\\cytypes.h"
 385              		.section	.debug_info,"",%progbits
 386              	.Ldebug_info0:
 387 0000 37010000 		.4byte	0x137
 388 0004 0400     		.2byte	0x4
 389 0006 00000000 		.4byte	.Ldebug_abbrev0
 390 000a 04       		.byte	0x4
 391 000b 01       		.uleb128 0x1
 392 000c 00000000 		.4byte	.LASF18
 393 0010 01       		.byte	0x1
 394 0011 D3010000 		.4byte	.LASF19
 395 0015 84010000 		.4byte	.LASF20
ARM GAS  C:\Users\Schuyler\AppData\Local\Temp\ccGrAYR4.s 			page 8


 396 0019 00000000 		.4byte	.Ldebug_line0
 397 001d 02       		.uleb128 0x2
 398 001e 01       		.byte	0x1
 399 001f 06       		.byte	0x6
 400 0020 78010000 		.4byte	.LASF0
 401 0024 02       		.uleb128 0x2
 402 0025 01       		.byte	0x1
 403 0026 08       		.byte	0x8
 404 0027 A0000000 		.4byte	.LASF1
 405 002b 02       		.uleb128 0x2
 406 002c 02       		.byte	0x2
 407 002d 05       		.byte	0x5
 408 002e 5F010000 		.4byte	.LASF2
 409 0032 02       		.uleb128 0x2
 410 0033 02       		.byte	0x2
 411 0034 07       		.byte	0x7
 412 0035 C0000000 		.4byte	.LASF3
 413 0039 02       		.uleb128 0x2
 414 003a 04       		.byte	0x4
 415 003b 05       		.byte	0x5
 416 003c 6F010000 		.4byte	.LASF4
 417 0040 02       		.uleb128 0x2
 418 0041 04       		.byte	0x4
 419 0042 07       		.byte	0x7
 420 0043 AE000000 		.4byte	.LASF5
 421 0047 02       		.uleb128 0x2
 422 0048 08       		.byte	0x8
 423 0049 05       		.byte	0x5
 424 004a 4C010000 		.4byte	.LASF6
 425 004e 02       		.uleb128 0x2
 426 004f 08       		.byte	0x8
 427 0050 07       		.byte	0x7
 428 0051 09010000 		.4byte	.LASF7
 429 0055 03       		.uleb128 0x3
 430 0056 04       		.byte	0x4
 431 0057 05       		.byte	0x5
 432 0058 696E7400 		.ascii	"int\000"
 433 005c 02       		.uleb128 0x2
 434 005d 04       		.byte	0x4
 435 005e 07       		.byte	0x7
 436 005f FC000000 		.4byte	.LASF8
 437 0063 04       		.uleb128 0x4
 438 0064 69010000 		.4byte	.LASF21
 439 0068 02       		.byte	0x2
 440 0069 9201     		.2byte	0x192
 441 006b 24000000 		.4byte	0x24
 442 006f 02       		.uleb128 0x2
 443 0070 04       		.byte	0x4
 444 0071 04       		.byte	0x4
 445 0072 9A000000 		.4byte	.LASF9
 446 0076 02       		.uleb128 0x2
 447 0077 08       		.byte	0x8
 448 0078 04       		.byte	0x4
 449 0079 D3000000 		.4byte	.LASF10
 450 007d 02       		.uleb128 0x2
 451 007e 01       		.byte	0x1
 452 007f 08       		.byte	0x8
ARM GAS  C:\Users\Schuyler\AppData\Local\Temp\ccGrAYR4.s 			page 9


 453 0080 5A010000 		.4byte	.LASF11
 454 0084 05       		.uleb128 0x5
 455 0085 63000000 		.4byte	0x63
 456 0089 95000000 		.4byte	0x95
 457 008d 06       		.uleb128 0x6
 458 008e 95000000 		.4byte	0x95
 459 0092 3701     		.2byte	0x137
 460 0094 00       		.byte	0
 461 0095 02       		.uleb128 0x2
 462 0096 04       		.byte	0x4
 463 0097 07       		.byte	0x7
 464 0098 43010000 		.4byte	.LASF12
 465 009c 07       		.uleb128 0x7
 466 009d EA000000 		.4byte	.LASF13
 467 00a1 01       		.byte	0x1
 468 00a2 1F       		.byte	0x1f
 469 00a3 AD000000 		.4byte	0xad
 470 00a7 05       		.uleb128 0x5
 471 00a8 03       		.byte	0x3
 472 00a9 00000000 		.4byte	cy_meta_configecc
 473 00ad 08       		.uleb128 0x8
 474 00ae 84000000 		.4byte	0x84
 475 00b2 05       		.uleb128 0x5
 476 00b3 63000000 		.4byte	0x63
 477 00b7 C2000000 		.4byte	0xc2
 478 00bb 09       		.uleb128 0x9
 479 00bc 95000000 		.4byte	0x95
 480 00c0 03       		.byte	0x3
 481 00c1 00       		.byte	0
 482 00c2 07       		.uleb128 0x7
 483 00c3 DA000000 		.4byte	.LASF14
 484 00c7 01       		.byte	0x1
 485 00c8 53       		.byte	0x53
 486 00c9 D3000000 		.4byte	0xd3
 487 00cd 05       		.uleb128 0x5
 488 00ce 03       		.byte	0x3
 489 00cf 00000000 		.4byte	cy_meta_custnvl
 490 00d3 08       		.uleb128 0x8
 491 00d4 B2000000 		.4byte	0xb2
 492 00d8 07       		.uleb128 0x7
 493 00d9 35010000 		.4byte	.LASF15
 494 00dd 01       		.byte	0x1
 495 00de 61       		.byte	0x61
 496 00df E9000000 		.4byte	0xe9
 497 00e3 05       		.uleb128 0x5
 498 00e4 03       		.byte	0x3
 499 00e5 00000000 		.4byte	cy_meta_wonvl
 500 00e9 08       		.uleb128 0x8
 501 00ea B2000000 		.4byte	0xb2
 502 00ee 05       		.uleb128 0x5
 503 00ef 63000000 		.4byte	0x63
 504 00f3 FE000000 		.4byte	0xfe
 505 00f7 09       		.uleb128 0x9
 506 00f8 95000000 		.4byte	0x95
 507 00fc FF       		.byte	0xff
 508 00fd 00       		.byte	0
 509 00fe 07       		.uleb128 0x7
ARM GAS  C:\Users\Schuyler\AppData\Local\Temp\ccGrAYR4.s 			page 10


 510 00ff 20010000 		.4byte	.LASF16
 511 0103 01       		.byte	0x1
 512 0104 6F       		.byte	0x6f
 513 0105 0F010000 		.4byte	0x10f
 514 0109 05       		.uleb128 0x5
 515 010a 03       		.byte	0x3
 516 010b 00000000 		.4byte	cy_meta_flashprotect
 517 010f 08       		.uleb128 0x8
 518 0110 EE000000 		.4byte	0xee
 519 0114 05       		.uleb128 0x5
 520 0115 63000000 		.4byte	0x63
 521 0119 24010000 		.4byte	0x124
 522 011d 09       		.uleb128 0x9
 523 011e 95000000 		.4byte	0x95
 524 0122 0B       		.byte	0xb
 525 0123 00       		.byte	0
 526 0124 07       		.uleb128 0x7
 527 0125 8E000000 		.4byte	.LASF17
 528 0129 01       		.byte	0x1
 529 012a 9C       		.byte	0x9c
 530 012b 35010000 		.4byte	0x135
 531 012f 05       		.uleb128 0x5
 532 0130 03       		.byte	0x3
 533 0131 00000000 		.4byte	cy_metadata
 534 0135 08       		.uleb128 0x8
 535 0136 14010000 		.4byte	0x114
 536 013a 00       		.byte	0
 537              		.section	.debug_abbrev,"",%progbits
 538              	.Ldebug_abbrev0:
 539 0000 01       		.uleb128 0x1
 540 0001 11       		.uleb128 0x11
 541 0002 01       		.byte	0x1
 542 0003 25       		.uleb128 0x25
 543 0004 0E       		.uleb128 0xe
 544 0005 13       		.uleb128 0x13
 545 0006 0B       		.uleb128 0xb
 546 0007 03       		.uleb128 0x3
 547 0008 0E       		.uleb128 0xe
 548 0009 1B       		.uleb128 0x1b
 549 000a 0E       		.uleb128 0xe
 550 000b 10       		.uleb128 0x10
 551 000c 17       		.uleb128 0x17
 552 000d 00       		.byte	0
 553 000e 00       		.byte	0
 554 000f 02       		.uleb128 0x2
 555 0010 24       		.uleb128 0x24
 556 0011 00       		.byte	0
 557 0012 0B       		.uleb128 0xb
 558 0013 0B       		.uleb128 0xb
 559 0014 3E       		.uleb128 0x3e
 560 0015 0B       		.uleb128 0xb
 561 0016 03       		.uleb128 0x3
 562 0017 0E       		.uleb128 0xe
 563 0018 00       		.byte	0
 564 0019 00       		.byte	0
 565 001a 03       		.uleb128 0x3
 566 001b 24       		.uleb128 0x24
ARM GAS  C:\Users\Schuyler\AppData\Local\Temp\ccGrAYR4.s 			page 11


 567 001c 00       		.byte	0
 568 001d 0B       		.uleb128 0xb
 569 001e 0B       		.uleb128 0xb
 570 001f 3E       		.uleb128 0x3e
 571 0020 0B       		.uleb128 0xb
 572 0021 03       		.uleb128 0x3
 573 0022 08       		.uleb128 0x8
 574 0023 00       		.byte	0
 575 0024 00       		.byte	0
 576 0025 04       		.uleb128 0x4
 577 0026 16       		.uleb128 0x16
 578 0027 00       		.byte	0
 579 0028 03       		.uleb128 0x3
 580 0029 0E       		.uleb128 0xe
 581 002a 3A       		.uleb128 0x3a
 582 002b 0B       		.uleb128 0xb
 583 002c 3B       		.uleb128 0x3b
 584 002d 05       		.uleb128 0x5
 585 002e 49       		.uleb128 0x49
 586 002f 13       		.uleb128 0x13
 587 0030 00       		.byte	0
 588 0031 00       		.byte	0
 589 0032 05       		.uleb128 0x5
 590 0033 01       		.uleb128 0x1
 591 0034 01       		.byte	0x1
 592 0035 49       		.uleb128 0x49
 593 0036 13       		.uleb128 0x13
 594 0037 01       		.uleb128 0x1
 595 0038 13       		.uleb128 0x13
 596 0039 00       		.byte	0
 597 003a 00       		.byte	0
 598 003b 06       		.uleb128 0x6
 599 003c 21       		.uleb128 0x21
 600 003d 00       		.byte	0
 601 003e 49       		.uleb128 0x49
 602 003f 13       		.uleb128 0x13
 603 0040 2F       		.uleb128 0x2f
 604 0041 05       		.uleb128 0x5
 605 0042 00       		.byte	0
 606 0043 00       		.byte	0
 607 0044 07       		.uleb128 0x7
 608 0045 34       		.uleb128 0x34
 609 0046 00       		.byte	0
 610 0047 03       		.uleb128 0x3
 611 0048 0E       		.uleb128 0xe
 612 0049 3A       		.uleb128 0x3a
 613 004a 0B       		.uleb128 0xb
 614 004b 3B       		.uleb128 0x3b
 615 004c 0B       		.uleb128 0xb
 616 004d 49       		.uleb128 0x49
 617 004e 13       		.uleb128 0x13
 618 004f 3F       		.uleb128 0x3f
 619 0050 19       		.uleb128 0x19
 620 0051 02       		.uleb128 0x2
 621 0052 18       		.uleb128 0x18
 622 0053 00       		.byte	0
 623 0054 00       		.byte	0
ARM GAS  C:\Users\Schuyler\AppData\Local\Temp\ccGrAYR4.s 			page 12


 624 0055 08       		.uleb128 0x8
 625 0056 26       		.uleb128 0x26
 626 0057 00       		.byte	0
 627 0058 49       		.uleb128 0x49
 628 0059 13       		.uleb128 0x13
 629 005a 00       		.byte	0
 630 005b 00       		.byte	0
 631 005c 09       		.uleb128 0x9
 632 005d 21       		.uleb128 0x21
 633 005e 00       		.byte	0
 634 005f 49       		.uleb128 0x49
 635 0060 13       		.uleb128 0x13
 636 0061 2F       		.uleb128 0x2f
 637 0062 0B       		.uleb128 0xb
 638 0063 00       		.byte	0
 639 0064 00       		.byte	0
 640 0065 00       		.byte	0
 641              		.section	.debug_aranges,"",%progbits
 642 0000 14000000 		.4byte	0x14
 643 0004 0200     		.2byte	0x2
 644 0006 00000000 		.4byte	.Ldebug_info0
 645 000a 04       		.byte	0x4
 646 000b 00       		.byte	0
 647 000c 0000     		.2byte	0
 648 000e 0000     		.2byte	0
 649 0010 00000000 		.4byte	0
 650 0014 00000000 		.4byte	0
 651              		.section	.debug_line,"",%progbits
 652              	.Ldebug_line0:
 653 0000 4D000000 		.section	.debug_str,"MS",%progbits,1
 653      02004700 
 653      00000201 
 653      FB0E0D00 
 653      01010101 
 654              	.LASF18:
 655 0000 474E5520 		.ascii	"GNU C 4.9.3 20150303 (release) [ARM/embedded-4_9-br"
 655      4320342E 
 655      392E3320 
 655      32303135 
 655      30333033 
 656 0033 616E6368 		.ascii	"anch revision 221220] -mcpu=cortex-m3 -mthumb -g -O"
 656      20726576 
 656      6973696F 
 656      6E203232 
 656      31323230 
 657 0066 30202D66 		.ascii	"0 -ffunction-sections -ffat-lto-objects\000"
 657      66756E63 
 657      74696F6E 
 657      2D736563 
 657      74696F6E 
 658              	.LASF17:
 659 008e 63795F6D 		.ascii	"cy_metadata\000"
 659      65746164 
 659      61746100 
 660              	.LASF9:
 661 009a 666C6F61 		.ascii	"float\000"
 661      7400
ARM GAS  C:\Users\Schuyler\AppData\Local\Temp\ccGrAYR4.s 			page 13


 662              	.LASF1:
 663 00a0 756E7369 		.ascii	"unsigned char\000"
 663      676E6564 
 663      20636861 
 663      7200
 664              	.LASF5:
 665 00ae 6C6F6E67 		.ascii	"long unsigned int\000"
 665      20756E73 
 665      69676E65 
 665      6420696E 
 665      7400
 666              	.LASF3:
 667 00c0 73686F72 		.ascii	"short unsigned int\000"
 667      7420756E 
 667      7369676E 
 667      65642069 
 667      6E7400
 668              	.LASF10:
 669 00d3 646F7562 		.ascii	"double\000"
 669      6C6500
 670              	.LASF14:
 671 00da 63795F6D 		.ascii	"cy_meta_custnvl\000"
 671      6574615F 
 671      63757374 
 671      6E766C00 
 672              	.LASF13:
 673 00ea 63795F6D 		.ascii	"cy_meta_configecc\000"
 673      6574615F 
 673      636F6E66 
 673      69676563 
 673      6300
 674              	.LASF8:
 675 00fc 756E7369 		.ascii	"unsigned int\000"
 675      676E6564 
 675      20696E74 
 675      00
 676              	.LASF7:
 677 0109 6C6F6E67 		.ascii	"long long unsigned int\000"
 677      206C6F6E 
 677      6720756E 
 677      7369676E 
 677      65642069 
 678              	.LASF16:
 679 0120 63795F6D 		.ascii	"cy_meta_flashprotect\000"
 679      6574615F 
 679      666C6173 
 679      6870726F 
 679      74656374 
 680              	.LASF15:
 681 0135 63795F6D 		.ascii	"cy_meta_wonvl\000"
 681      6574615F 
 681      776F6E76 
 681      6C00
 682              	.LASF12:
 683 0143 73697A65 		.ascii	"sizetype\000"
 683      74797065 
 683      00
ARM GAS  C:\Users\Schuyler\AppData\Local\Temp\ccGrAYR4.s 			page 14


 684              	.LASF6:
 685 014c 6C6F6E67 		.ascii	"long long int\000"
 685      206C6F6E 
 685      6720696E 
 685      7400
 686              	.LASF11:
 687 015a 63686172 		.ascii	"char\000"
 687      00
 688              	.LASF2:
 689 015f 73686F72 		.ascii	"short int\000"
 689      7420696E 
 689      7400
 690              	.LASF21:
 691 0169 75696E74 		.ascii	"uint8\000"
 691      3800
 692              	.LASF4:
 693 016f 6C6F6E67 		.ascii	"long int\000"
 693      20696E74 
 693      00
 694              	.LASF0:
 695 0178 7369676E 		.ascii	"signed char\000"
 695      65642063 
 695      68617200 
 696              	.LASF20:
 697 0184 433A5C55 		.ascii	"C:\\Users\\Schuyler\\Documents\\PSoC Creator\\CANBu"
 697      73657273 
 697      5C536368 
 697      75796C65 
 697      725C446F 
 698 01b2 73546573 		.ascii	"sTest\\Transmitter\\Design02.cydsn\000"
 698      745C5472 
 698      616E736D 
 698      69747465 
 698      725C4465 
 699              	.LASF19:
 700 01d3 47656E65 		.ascii	"Generated_Source\\PSoC5\\cymetadata.c\000"
 700      72617465 
 700      645F536F 
 700      75726365 
 700      5C50536F 
 701              		.ident	"GCC: (GNU Tools for ARM Embedded Processors) 4.9.3 20150303 (release) [ARM/embedded-4_9-br
