ARM GAS  C:\Users\Schuyler\AppData\Local\Temp\ccUr3b2u.s 			page 1


   1              		.syntax unified
   2              		.cpu cortex-m3
   3              		.fpu softvfp
   4              		.eabi_attribute 20, 1
   5              		.eabi_attribute 21, 1
   6              		.eabi_attribute 23, 3
   7              		.eabi_attribute 24, 1
   8              		.eabi_attribute 25, 1
   9              		.eabi_attribute 26, 1
  10              		.eabi_attribute 30, 6
  11              		.eabi_attribute 34, 1
  12              		.eabi_attribute 18, 4
  13              		.thumb
  14              		.file	"isr_1.c"
  15              		.text
  16              	.Ltext0:
  17              		.cfi_sections	.debug_frame
  18              		.section	.text.isr_1_Start,"ax",%progbits
  19              		.align	2
  20              		.global	isr_1_Start
  21              		.thumb
  22              		.thumb_func
  23              		.type	isr_1_Start, %function
  24              	isr_1_Start:
  25              	.LFB0:
  26              		.file 1 "Generated_Source\\PSoC5\\isr_1.c"
   1:Generated_Source\PSoC5/isr_1.c **** /*******************************************************************************
   2:Generated_Source\PSoC5/isr_1.c **** * File Name: isr_1.c  
   3:Generated_Source\PSoC5/isr_1.c **** * Version 1.70
   4:Generated_Source\PSoC5/isr_1.c **** *
   5:Generated_Source\PSoC5/isr_1.c **** *  Description:
   6:Generated_Source\PSoC5/isr_1.c **** *   API for controlling the state of an interrupt.
   7:Generated_Source\PSoC5/isr_1.c **** *
   8:Generated_Source\PSoC5/isr_1.c **** *
   9:Generated_Source\PSoC5/isr_1.c **** *  Note:
  10:Generated_Source\PSoC5/isr_1.c **** *
  11:Generated_Source\PSoC5/isr_1.c **** ********************************************************************************
  12:Generated_Source\PSoC5/isr_1.c **** * Copyright 2008-2015, Cypress Semiconductor Corporation.  All rights reserved.
  13:Generated_Source\PSoC5/isr_1.c **** * You may use this file only in accordance with the license, terms, conditions, 
  14:Generated_Source\PSoC5/isr_1.c **** * disclaimers, and limitations in the end user license agreement accompanying 
  15:Generated_Source\PSoC5/isr_1.c **** * the software package with which this file was provided.
  16:Generated_Source\PSoC5/isr_1.c **** *******************************************************************************/
  17:Generated_Source\PSoC5/isr_1.c **** 
  18:Generated_Source\PSoC5/isr_1.c **** 
  19:Generated_Source\PSoC5/isr_1.c **** #include <cydevice_trm.h>
  20:Generated_Source\PSoC5/isr_1.c **** #include <CyLib.h>
  21:Generated_Source\PSoC5/isr_1.c **** #include <isr_1.h>
  22:Generated_Source\PSoC5/isr_1.c **** 
  23:Generated_Source\PSoC5/isr_1.c **** 
  24:Generated_Source\PSoC5/isr_1.c **** #if !defined(isr_1__REMOVED) /* Check for removal by optimization */
  25:Generated_Source\PSoC5/isr_1.c **** 
  26:Generated_Source\PSoC5/isr_1.c **** /*******************************************************************************
  27:Generated_Source\PSoC5/isr_1.c **** *  Place your includes, defines and code here 
  28:Generated_Source\PSoC5/isr_1.c **** ********************************************************************************/
  29:Generated_Source\PSoC5/isr_1.c **** /* `#START isr_1_intc` */
  30:Generated_Source\PSoC5/isr_1.c **** #include "CAN_1.h"
  31:Generated_Source\PSoC5/isr_1.c **** #include "LED_1.h"
ARM GAS  C:\Users\Schuyler\AppData\Local\Temp\ccUr3b2u.s 			page 2


  32:Generated_Source\PSoC5/isr_1.c **** #include "Timer_1.h"
  33:Generated_Source\PSoC5/isr_1.c **** /* `#END` */
  34:Generated_Source\PSoC5/isr_1.c **** 
  35:Generated_Source\PSoC5/isr_1.c **** #ifndef CYINT_IRQ_BASE
  36:Generated_Source\PSoC5/isr_1.c **** #define CYINT_IRQ_BASE      16
  37:Generated_Source\PSoC5/isr_1.c **** #endif /* CYINT_IRQ_BASE */
  38:Generated_Source\PSoC5/isr_1.c **** #ifndef CYINT_VECT_TABLE
  39:Generated_Source\PSoC5/isr_1.c **** #define CYINT_VECT_TABLE    ((cyisraddress **) CYREG_NVIC_VECT_OFFSET)
  40:Generated_Source\PSoC5/isr_1.c **** #endif /* CYINT_VECT_TABLE */
  41:Generated_Source\PSoC5/isr_1.c **** 
  42:Generated_Source\PSoC5/isr_1.c **** /* Declared in startup, used to set unused interrupts to. */
  43:Generated_Source\PSoC5/isr_1.c **** CY_ISR_PROTO(IntDefaultHandler);
  44:Generated_Source\PSoC5/isr_1.c **** 
  45:Generated_Source\PSoC5/isr_1.c **** 
  46:Generated_Source\PSoC5/isr_1.c **** /*******************************************************************************
  47:Generated_Source\PSoC5/isr_1.c **** * Function Name: isr_1_Start
  48:Generated_Source\PSoC5/isr_1.c **** ********************************************************************************
  49:Generated_Source\PSoC5/isr_1.c **** *
  50:Generated_Source\PSoC5/isr_1.c **** * Summary:
  51:Generated_Source\PSoC5/isr_1.c **** *  Set up the interrupt and enable it. This function disables the interrupt, 
  52:Generated_Source\PSoC5/isr_1.c **** *  sets the default interrupt vector, sets the priority from the value in the
  53:Generated_Source\PSoC5/isr_1.c **** *  Design Wide Resources Interrupt Editor, then enables the interrupt to the 
  54:Generated_Source\PSoC5/isr_1.c **** *  interrupt controller.
  55:Generated_Source\PSoC5/isr_1.c **** *
  56:Generated_Source\PSoC5/isr_1.c **** * Parameters:  
  57:Generated_Source\PSoC5/isr_1.c **** *   None
  58:Generated_Source\PSoC5/isr_1.c **** *
  59:Generated_Source\PSoC5/isr_1.c **** * Return:
  60:Generated_Source\PSoC5/isr_1.c **** *   None
  61:Generated_Source\PSoC5/isr_1.c **** *
  62:Generated_Source\PSoC5/isr_1.c **** *******************************************************************************/
  63:Generated_Source\PSoC5/isr_1.c **** void isr_1_Start(void)
  64:Generated_Source\PSoC5/isr_1.c **** {
  27              		.loc 1 64 0
  28              		.cfi_startproc
  29              		@ args = 0, pretend = 0, frame = 0
  30              		@ frame_needed = 1, uses_anonymous_args = 0
  31 0000 80B5     		push	{r7, lr}
  32              		.cfi_def_cfa_offset 8
  33              		.cfi_offset 7, -8
  34              		.cfi_offset 14, -4
  35 0002 00AF     		add	r7, sp, #0
  36              		.cfi_def_cfa_register 7
  65:Generated_Source\PSoC5/isr_1.c ****     /* For all we know the interrupt is active. */
  66:Generated_Source\PSoC5/isr_1.c ****     isr_1_Disable();
  37              		.loc 1 66 0
  38 0004 FFF7FEFF 		bl	isr_1_Disable
  67:Generated_Source\PSoC5/isr_1.c **** 
  68:Generated_Source\PSoC5/isr_1.c ****     /* Set the ISR to point to the isr_1 Interrupt. */
  69:Generated_Source\PSoC5/isr_1.c ****     isr_1_SetVector(&isr_1_Interrupt);
  39              		.loc 1 69 0
  40 0008 0448     		ldr	r0, .L2
  41 000a FFF7FEFF 		bl	isr_1_SetVector
  70:Generated_Source\PSoC5/isr_1.c **** 
  71:Generated_Source\PSoC5/isr_1.c ****     /* Set the priority. */
  72:Generated_Source\PSoC5/isr_1.c ****     isr_1_SetPriority((uint8)isr_1_INTC_PRIOR_NUMBER);
  42              		.loc 1 72 0
ARM GAS  C:\Users\Schuyler\AppData\Local\Temp\ccUr3b2u.s 			page 3


  43 000e 0720     		movs	r0, #7
  44 0010 FFF7FEFF 		bl	isr_1_SetPriority
  73:Generated_Source\PSoC5/isr_1.c **** 
  74:Generated_Source\PSoC5/isr_1.c ****     /* Enable it. */
  75:Generated_Source\PSoC5/isr_1.c ****     isr_1_Enable();
  45              		.loc 1 75 0
  46 0014 FFF7FEFF 		bl	isr_1_Enable
  76:Generated_Source\PSoC5/isr_1.c **** }
  47              		.loc 1 76 0
  48 0018 80BD     		pop	{r7, pc}
  49              	.L3:
  50 001a 00BF     		.align	2
  51              	.L2:
  52 001c 00000000 		.word	isr_1_Interrupt
  53              		.cfi_endproc
  54              	.LFE0:
  55              		.size	isr_1_Start, .-isr_1_Start
  56              		.section	.text.isr_1_StartEx,"ax",%progbits
  57              		.align	2
  58              		.global	isr_1_StartEx
  59              		.thumb
  60              		.thumb_func
  61              		.type	isr_1_StartEx, %function
  62              	isr_1_StartEx:
  63              	.LFB1:
  77:Generated_Source\PSoC5/isr_1.c **** 
  78:Generated_Source\PSoC5/isr_1.c **** 
  79:Generated_Source\PSoC5/isr_1.c **** /*******************************************************************************
  80:Generated_Source\PSoC5/isr_1.c **** * Function Name: isr_1_StartEx
  81:Generated_Source\PSoC5/isr_1.c **** ********************************************************************************
  82:Generated_Source\PSoC5/isr_1.c **** *
  83:Generated_Source\PSoC5/isr_1.c **** * Summary:
  84:Generated_Source\PSoC5/isr_1.c **** *  Sets up the interrupt and enables it. This function disables the interrupt,
  85:Generated_Source\PSoC5/isr_1.c **** *  sets the interrupt vector based on the address passed in, sets the priority 
  86:Generated_Source\PSoC5/isr_1.c **** *  from the value in the Design Wide Resources Interrupt Editor, then enables 
  87:Generated_Source\PSoC5/isr_1.c **** *  the interrupt to the interrupt controller.
  88:Generated_Source\PSoC5/isr_1.c **** *  
  89:Generated_Source\PSoC5/isr_1.c **** *  When defining ISR functions, the CY_ISR and CY_ISR_PROTO macros should be 
  90:Generated_Source\PSoC5/isr_1.c **** *  used to provide consistent definition across compilers:
  91:Generated_Source\PSoC5/isr_1.c **** *  
  92:Generated_Source\PSoC5/isr_1.c **** *  Function definition example:
  93:Generated_Source\PSoC5/isr_1.c **** *   CY_ISR(MyISR)
  94:Generated_Source\PSoC5/isr_1.c **** *   {
  95:Generated_Source\PSoC5/isr_1.c **** *   }
  96:Generated_Source\PSoC5/isr_1.c **** *   Function prototype example:
  97:Generated_Source\PSoC5/isr_1.c **** *   CY_ISR_PROTO(MyISR);
  98:Generated_Source\PSoC5/isr_1.c **** *
  99:Generated_Source\PSoC5/isr_1.c **** * Parameters:  
 100:Generated_Source\PSoC5/isr_1.c **** *   address: Address of the ISR to set in the interrupt vector table.
 101:Generated_Source\PSoC5/isr_1.c **** *
 102:Generated_Source\PSoC5/isr_1.c **** * Return:
 103:Generated_Source\PSoC5/isr_1.c **** *   None
 104:Generated_Source\PSoC5/isr_1.c **** *
 105:Generated_Source\PSoC5/isr_1.c **** *******************************************************************************/
 106:Generated_Source\PSoC5/isr_1.c **** void isr_1_StartEx(cyisraddress address)
 107:Generated_Source\PSoC5/isr_1.c **** {
  64              		.loc 1 107 0
ARM GAS  C:\Users\Schuyler\AppData\Local\Temp\ccUr3b2u.s 			page 4


  65              		.cfi_startproc
  66              		@ args = 0, pretend = 0, frame = 8
  67              		@ frame_needed = 1, uses_anonymous_args = 0
  68 0000 80B5     		push	{r7, lr}
  69              		.cfi_def_cfa_offset 8
  70              		.cfi_offset 7, -8
  71              		.cfi_offset 14, -4
  72 0002 82B0     		sub	sp, sp, #8
  73              		.cfi_def_cfa_offset 16
  74 0004 00AF     		add	r7, sp, #0
  75              		.cfi_def_cfa_register 7
  76 0006 7860     		str	r0, [r7, #4]
 108:Generated_Source\PSoC5/isr_1.c ****     /* For all we know the interrupt is active. */
 109:Generated_Source\PSoC5/isr_1.c ****     isr_1_Disable();
  77              		.loc 1 109 0
  78 0008 FFF7FEFF 		bl	isr_1_Disable
 110:Generated_Source\PSoC5/isr_1.c **** 
 111:Generated_Source\PSoC5/isr_1.c ****     /* Set the ISR to point to the isr_1 Interrupt. */
 112:Generated_Source\PSoC5/isr_1.c ****     isr_1_SetVector(address);
  79              		.loc 1 112 0
  80 000c 7868     		ldr	r0, [r7, #4]
  81 000e FFF7FEFF 		bl	isr_1_SetVector
 113:Generated_Source\PSoC5/isr_1.c **** 
 114:Generated_Source\PSoC5/isr_1.c ****     /* Set the priority. */
 115:Generated_Source\PSoC5/isr_1.c ****     isr_1_SetPriority((uint8)isr_1_INTC_PRIOR_NUMBER);
  82              		.loc 1 115 0
  83 0012 0720     		movs	r0, #7
  84 0014 FFF7FEFF 		bl	isr_1_SetPriority
 116:Generated_Source\PSoC5/isr_1.c **** 
 117:Generated_Source\PSoC5/isr_1.c ****     /* Enable it. */
 118:Generated_Source\PSoC5/isr_1.c ****     isr_1_Enable();
  85              		.loc 1 118 0
  86 0018 FFF7FEFF 		bl	isr_1_Enable
 119:Generated_Source\PSoC5/isr_1.c **** }
  87              		.loc 1 119 0
  88 001c 0837     		adds	r7, r7, #8
  89              		.cfi_def_cfa_offset 8
  90 001e BD46     		mov	sp, r7
  91              		.cfi_def_cfa_register 13
  92              		@ sp needed
  93 0020 80BD     		pop	{r7, pc}
  94              		.cfi_endproc
  95              	.LFE1:
  96              		.size	isr_1_StartEx, .-isr_1_StartEx
  97 0022 00BF     		.section	.text.isr_1_Stop,"ax",%progbits
  98              		.align	2
  99              		.global	isr_1_Stop
 100              		.thumb
 101              		.thumb_func
 102              		.type	isr_1_Stop, %function
 103              	isr_1_Stop:
 104              	.LFB2:
 120:Generated_Source\PSoC5/isr_1.c **** 
 121:Generated_Source\PSoC5/isr_1.c **** 
 122:Generated_Source\PSoC5/isr_1.c **** /*******************************************************************************
 123:Generated_Source\PSoC5/isr_1.c **** * Function Name: isr_1_Stop
 124:Generated_Source\PSoC5/isr_1.c **** ********************************************************************************
ARM GAS  C:\Users\Schuyler\AppData\Local\Temp\ccUr3b2u.s 			page 5


 125:Generated_Source\PSoC5/isr_1.c **** *
 126:Generated_Source\PSoC5/isr_1.c **** * Summary:
 127:Generated_Source\PSoC5/isr_1.c **** *   Disables and removes the interrupt.
 128:Generated_Source\PSoC5/isr_1.c **** *
 129:Generated_Source\PSoC5/isr_1.c **** * Parameters:  
 130:Generated_Source\PSoC5/isr_1.c **** *   None
 131:Generated_Source\PSoC5/isr_1.c **** *
 132:Generated_Source\PSoC5/isr_1.c **** * Return:
 133:Generated_Source\PSoC5/isr_1.c **** *   None
 134:Generated_Source\PSoC5/isr_1.c **** *
 135:Generated_Source\PSoC5/isr_1.c **** *******************************************************************************/
 136:Generated_Source\PSoC5/isr_1.c **** void isr_1_Stop(void)
 137:Generated_Source\PSoC5/isr_1.c **** {
 105              		.loc 1 137 0
 106              		.cfi_startproc
 107              		@ args = 0, pretend = 0, frame = 0
 108              		@ frame_needed = 1, uses_anonymous_args = 0
 109 0000 80B5     		push	{r7, lr}
 110              		.cfi_def_cfa_offset 8
 111              		.cfi_offset 7, -8
 112              		.cfi_offset 14, -4
 113 0002 00AF     		add	r7, sp, #0
 114              		.cfi_def_cfa_register 7
 138:Generated_Source\PSoC5/isr_1.c ****     /* Disable this interrupt. */
 139:Generated_Source\PSoC5/isr_1.c ****     isr_1_Disable();
 115              		.loc 1 139 0
 116 0004 FFF7FEFF 		bl	isr_1_Disable
 140:Generated_Source\PSoC5/isr_1.c **** 
 141:Generated_Source\PSoC5/isr_1.c ****     /* Set the ISR to point to the passive one. */
 142:Generated_Source\PSoC5/isr_1.c ****     isr_1_SetVector(&IntDefaultHandler);
 117              		.loc 1 142 0
 118 0008 0148     		ldr	r0, .L6
 119 000a FFF7FEFF 		bl	isr_1_SetVector
 143:Generated_Source\PSoC5/isr_1.c **** }
 120              		.loc 1 143 0
 121 000e 80BD     		pop	{r7, pc}
 122              	.L7:
 123              		.align	2
 124              	.L6:
 125 0010 00000000 		.word	IntDefaultHandler
 126              		.cfi_endproc
 127              	.LFE2:
 128              		.size	isr_1_Stop, .-isr_1_Stop
 129              		.section	.text.isr_1_Interrupt,"ax",%progbits
 130              		.align	2
 131              		.global	isr_1_Interrupt
 132              		.thumb
 133              		.thumb_func
 134              		.type	isr_1_Interrupt, %function
 135              	isr_1_Interrupt:
 136              	.LFB3:
 144:Generated_Source\PSoC5/isr_1.c **** 
 145:Generated_Source\PSoC5/isr_1.c **** 
 146:Generated_Source\PSoC5/isr_1.c **** /*******************************************************************************
 147:Generated_Source\PSoC5/isr_1.c **** * Function Name: isr_1_Interrupt
 148:Generated_Source\PSoC5/isr_1.c **** ********************************************************************************
 149:Generated_Source\PSoC5/isr_1.c **** *
ARM GAS  C:\Users\Schuyler\AppData\Local\Temp\ccUr3b2u.s 			page 6


 150:Generated_Source\PSoC5/isr_1.c **** * Summary:
 151:Generated_Source\PSoC5/isr_1.c **** *   The default Interrupt Service Routine for isr_1.
 152:Generated_Source\PSoC5/isr_1.c **** *
 153:Generated_Source\PSoC5/isr_1.c **** *   Add custom code between the coments to keep the next version of this file
 154:Generated_Source\PSoC5/isr_1.c **** *   from over writting your code.
 155:Generated_Source\PSoC5/isr_1.c **** *
 156:Generated_Source\PSoC5/isr_1.c **** * Parameters:  
 157:Generated_Source\PSoC5/isr_1.c **** *
 158:Generated_Source\PSoC5/isr_1.c **** * Return:
 159:Generated_Source\PSoC5/isr_1.c **** *   None
 160:Generated_Source\PSoC5/isr_1.c **** *
 161:Generated_Source\PSoC5/isr_1.c **** *******************************************************************************/
 162:Generated_Source\PSoC5/isr_1.c **** CY_ISR(isr_1_Interrupt)
 163:Generated_Source\PSoC5/isr_1.c **** {
 137              		.loc 1 163 0
 138              		.cfi_startproc
 139              		@ args = 0, pretend = 0, frame = 0
 140              		@ frame_needed = 1, uses_anonymous_args = 0
 141 0000 80B5     		push	{r7, lr}
 142              		.cfi_def_cfa_offset 8
 143              		.cfi_offset 7, -8
 144              		.cfi_offset 14, -4
 145 0002 00AF     		add	r7, sp, #0
 146              		.cfi_def_cfa_register 7
 164:Generated_Source\PSoC5/isr_1.c ****     #ifdef isr_1_INTERRUPT_INTERRUPT_CALLBACK
 165:Generated_Source\PSoC5/isr_1.c ****         isr_1_Interrupt_InterruptCallback();
 166:Generated_Source\PSoC5/isr_1.c ****     #endif /* isr_1_INTERRUPT_INTERRUPT_CALLBACK */ 
 167:Generated_Source\PSoC5/isr_1.c **** 
 168:Generated_Source\PSoC5/isr_1.c ****     /*  Place your Interrupt code here. */
 169:Generated_Source\PSoC5/isr_1.c ****     /* `#START isr_1_Interrupt` */
 170:Generated_Source\PSoC5/isr_1.c ****     
 171:Generated_Source\PSoC5/isr_1.c ****     CAN_1_SendMsg1(); // Sends message to mailboxes 0 and 1 respectively.
 147              		.loc 1 171 0
 148 0004 FFF7FEFF 		bl	CAN_1_SendMsg1
 172:Generated_Source\PSoC5/isr_1.c ****     CAN_1_SendMsg0(); // Sends whatever data is held in Tx_Data
 149              		.loc 1 172 0
 150 0008 FFF7FEFF 		bl	CAN_1_SendMsg0
 173:Generated_Source\PSoC5/isr_1.c ****     CAN_1_SendMsg1(); // Sends message to mailboxes 0 and 1 respectively.
 151              		.loc 1 173 0
 152 000c FFF7FEFF 		bl	CAN_1_SendMsg1
 174:Generated_Source\PSoC5/isr_1.c ****     CAN_1_SendMsg0(); // Sends whatever data is held in Tx_Data
 153              		.loc 1 174 0
 154 0010 FFF7FEFF 		bl	CAN_1_SendMsg0
 175:Generated_Source\PSoC5/isr_1.c ****     CAN_1_SendMsg1(); // Sends message to mailboxes 0 and 1 respectively.
 155              		.loc 1 175 0
 156 0014 FFF7FEFF 		bl	CAN_1_SendMsg1
 176:Generated_Source\PSoC5/isr_1.c ****     CAN_1_SendMsg0(); // Sends whatever data is held in Tx_Data
 157              		.loc 1 176 0
 158 0018 FFF7FEFF 		bl	CAN_1_SendMsg0
 177:Generated_Source\PSoC5/isr_1.c ****     CAN_1_SendMsg1(); // Sends message to mailboxes 0 and 1 respectively.
 159              		.loc 1 177 0
 160 001c FFF7FEFF 		bl	CAN_1_SendMsg1
 178:Generated_Source\PSoC5/isr_1.c ****     CAN_1_SendMsg1(); // Sends message to mailboxes 0 and 1 respectively.
 161              		.loc 1 178 0
 162 0020 FFF7FEFF 		bl	CAN_1_SendMsg1
 179:Generated_Source\PSoC5/isr_1.c ****     CAN_1_SendMsg0(); // Sends whatever data is held in Tx_Data
 163              		.loc 1 179 0
ARM GAS  C:\Users\Schuyler\AppData\Local\Temp\ccUr3b2u.s 			page 7


 164 0024 FFF7FEFF 		bl	CAN_1_SendMsg0
 180:Generated_Source\PSoC5/isr_1.c ****     
 181:Generated_Source\PSoC5/isr_1.c ****     Timer_1_ReadStatusRegister();
 165              		.loc 1 181 0
 166 0028 FFF7FEFF 		bl	Timer_1_ReadStatusRegister
 182:Generated_Source\PSoC5/isr_1.c ****     
 183:Generated_Source\PSoC5/isr_1.c ****     /* `#END` */
 184:Generated_Source\PSoC5/isr_1.c **** }
 167              		.loc 1 184 0
 168 002c 80BD     		pop	{r7, pc}
 169              		.cfi_endproc
 170              	.LFE3:
 171              		.size	isr_1_Interrupt, .-isr_1_Interrupt
 172 002e 00BF     		.section	.text.isr_1_SetVector,"ax",%progbits
 173              		.align	2
 174              		.global	isr_1_SetVector
 175              		.thumb
 176              		.thumb_func
 177              		.type	isr_1_SetVector, %function
 178              	isr_1_SetVector:
 179              	.LFB4:
 185:Generated_Source\PSoC5/isr_1.c **** 
 186:Generated_Source\PSoC5/isr_1.c **** 
 187:Generated_Source\PSoC5/isr_1.c **** /*******************************************************************************
 188:Generated_Source\PSoC5/isr_1.c **** * Function Name: isr_1_SetVector
 189:Generated_Source\PSoC5/isr_1.c **** ********************************************************************************
 190:Generated_Source\PSoC5/isr_1.c **** *
 191:Generated_Source\PSoC5/isr_1.c **** * Summary:
 192:Generated_Source\PSoC5/isr_1.c **** *   Change the ISR vector for the Interrupt. Note calling isr_1_Start
 193:Generated_Source\PSoC5/isr_1.c **** *   will override any effect this method would have had. To set the vector 
 194:Generated_Source\PSoC5/isr_1.c **** *   before the component has been started use isr_1_StartEx instead.
 195:Generated_Source\PSoC5/isr_1.c **** * 
 196:Generated_Source\PSoC5/isr_1.c **** *   When defining ISR functions, the CY_ISR and CY_ISR_PROTO macros should be 
 197:Generated_Source\PSoC5/isr_1.c **** *   used to provide consistent definition across compilers:
 198:Generated_Source\PSoC5/isr_1.c **** *
 199:Generated_Source\PSoC5/isr_1.c **** *   Function definition example:
 200:Generated_Source\PSoC5/isr_1.c **** *   CY_ISR(MyISR)
 201:Generated_Source\PSoC5/isr_1.c **** *   {
 202:Generated_Source\PSoC5/isr_1.c **** *   }
 203:Generated_Source\PSoC5/isr_1.c **** *
 204:Generated_Source\PSoC5/isr_1.c **** *   Function prototype example:
 205:Generated_Source\PSoC5/isr_1.c **** *     CY_ISR_PROTO(MyISR);
 206:Generated_Source\PSoC5/isr_1.c **** *
 207:Generated_Source\PSoC5/isr_1.c **** * Parameters:
 208:Generated_Source\PSoC5/isr_1.c **** *   address: Address of the ISR to set in the interrupt vector table.
 209:Generated_Source\PSoC5/isr_1.c **** *
 210:Generated_Source\PSoC5/isr_1.c **** * Return:
 211:Generated_Source\PSoC5/isr_1.c **** *   None
 212:Generated_Source\PSoC5/isr_1.c **** *
 213:Generated_Source\PSoC5/isr_1.c **** *******************************************************************************/
 214:Generated_Source\PSoC5/isr_1.c **** void isr_1_SetVector(cyisraddress address)
 215:Generated_Source\PSoC5/isr_1.c **** {
 180              		.loc 1 215 0
 181              		.cfi_startproc
 182              		@ args = 0, pretend = 0, frame = 16
 183              		@ frame_needed = 1, uses_anonymous_args = 0
 184              		@ link register save eliminated.
ARM GAS  C:\Users\Schuyler\AppData\Local\Temp\ccUr3b2u.s 			page 8


 185 0000 80B4     		push	{r7}
 186              		.cfi_def_cfa_offset 4
 187              		.cfi_offset 7, -4
 188 0002 85B0     		sub	sp, sp, #20
 189              		.cfi_def_cfa_offset 24
 190 0004 00AF     		add	r7, sp, #0
 191              		.cfi_def_cfa_register 7
 192 0006 7860     		str	r0, [r7, #4]
 216:Generated_Source\PSoC5/isr_1.c ****     cyisraddress * ramVectorTable;
 217:Generated_Source\PSoC5/isr_1.c **** 
 218:Generated_Source\PSoC5/isr_1.c ****     ramVectorTable = (cyisraddress *) *CYINT_VECT_TABLE;
 193              		.loc 1 218 0
 194 0008 054B     		ldr	r3, .L10
 195 000a 1B68     		ldr	r3, [r3]
 196 000c FB60     		str	r3, [r7, #12]
 219:Generated_Source\PSoC5/isr_1.c **** 
 220:Generated_Source\PSoC5/isr_1.c ****     ramVectorTable[CYINT_IRQ_BASE + (uint32)isr_1__INTC_NUMBER] = address;
 197              		.loc 1 220 0
 198 000e FB68     		ldr	r3, [r7, #12]
 199 0010 4033     		adds	r3, r3, #64
 200 0012 7A68     		ldr	r2, [r7, #4]
 201 0014 1A60     		str	r2, [r3]
 221:Generated_Source\PSoC5/isr_1.c **** }
 202              		.loc 1 221 0
 203 0016 1437     		adds	r7, r7, #20
 204              		.cfi_def_cfa_offset 4
 205 0018 BD46     		mov	sp, r7
 206              		.cfi_def_cfa_register 13
 207              		@ sp needed
 208 001a 5DF8047B 		ldr	r7, [sp], #4
 209              		.cfi_restore 7
 210              		.cfi_def_cfa_offset 0
 211 001e 7047     		bx	lr
 212              	.L11:
 213              		.align	2
 214              	.L10:
 215 0020 08ED00E0 		.word	-536810232
 216              		.cfi_endproc
 217              	.LFE4:
 218              		.size	isr_1_SetVector, .-isr_1_SetVector
 219              		.section	.text.isr_1_GetVector,"ax",%progbits
 220              		.align	2
 221              		.global	isr_1_GetVector
 222              		.thumb
 223              		.thumb_func
 224              		.type	isr_1_GetVector, %function
 225              	isr_1_GetVector:
 226              	.LFB5:
 222:Generated_Source\PSoC5/isr_1.c **** 
 223:Generated_Source\PSoC5/isr_1.c **** 
 224:Generated_Source\PSoC5/isr_1.c **** /*******************************************************************************
 225:Generated_Source\PSoC5/isr_1.c **** * Function Name: isr_1_GetVector
 226:Generated_Source\PSoC5/isr_1.c **** ********************************************************************************
 227:Generated_Source\PSoC5/isr_1.c **** *
 228:Generated_Source\PSoC5/isr_1.c **** * Summary:
 229:Generated_Source\PSoC5/isr_1.c **** *   Gets the "address" of the current ISR vector for the Interrupt.
 230:Generated_Source\PSoC5/isr_1.c **** *
ARM GAS  C:\Users\Schuyler\AppData\Local\Temp\ccUr3b2u.s 			page 9


 231:Generated_Source\PSoC5/isr_1.c **** * Parameters:
 232:Generated_Source\PSoC5/isr_1.c **** *   None
 233:Generated_Source\PSoC5/isr_1.c **** *
 234:Generated_Source\PSoC5/isr_1.c **** * Return:
 235:Generated_Source\PSoC5/isr_1.c **** *   Address of the ISR in the interrupt vector table.
 236:Generated_Source\PSoC5/isr_1.c **** *
 237:Generated_Source\PSoC5/isr_1.c **** *******************************************************************************/
 238:Generated_Source\PSoC5/isr_1.c **** cyisraddress isr_1_GetVector(void)
 239:Generated_Source\PSoC5/isr_1.c **** {
 227              		.loc 1 239 0
 228              		.cfi_startproc
 229              		@ args = 0, pretend = 0, frame = 8
 230              		@ frame_needed = 1, uses_anonymous_args = 0
 231              		@ link register save eliminated.
 232 0000 80B4     		push	{r7}
 233              		.cfi_def_cfa_offset 4
 234              		.cfi_offset 7, -4
 235 0002 83B0     		sub	sp, sp, #12
 236              		.cfi_def_cfa_offset 16
 237 0004 00AF     		add	r7, sp, #0
 238              		.cfi_def_cfa_register 7
 240:Generated_Source\PSoC5/isr_1.c ****     cyisraddress * ramVectorTable;
 241:Generated_Source\PSoC5/isr_1.c **** 
 242:Generated_Source\PSoC5/isr_1.c ****     ramVectorTable = (cyisraddress *) *CYINT_VECT_TABLE;
 239              		.loc 1 242 0
 240 0006 054B     		ldr	r3, .L14
 241 0008 1B68     		ldr	r3, [r3]
 242 000a 7B60     		str	r3, [r7, #4]
 243:Generated_Source\PSoC5/isr_1.c **** 
 244:Generated_Source\PSoC5/isr_1.c ****     return ramVectorTable[CYINT_IRQ_BASE + (uint32)isr_1__INTC_NUMBER];
 243              		.loc 1 244 0
 244 000c 7B68     		ldr	r3, [r7, #4]
 245 000e 1B6C     		ldr	r3, [r3, #64]
 245:Generated_Source\PSoC5/isr_1.c **** }
 246              		.loc 1 245 0
 247 0010 1846     		mov	r0, r3
 248 0012 0C37     		adds	r7, r7, #12
 249              		.cfi_def_cfa_offset 4
 250 0014 BD46     		mov	sp, r7
 251              		.cfi_def_cfa_register 13
 252              		@ sp needed
 253 0016 5DF8047B 		ldr	r7, [sp], #4
 254              		.cfi_restore 7
 255              		.cfi_def_cfa_offset 0
 256 001a 7047     		bx	lr
 257              	.L15:
 258              		.align	2
 259              	.L14:
 260 001c 08ED00E0 		.word	-536810232
 261              		.cfi_endproc
 262              	.LFE5:
 263              		.size	isr_1_GetVector, .-isr_1_GetVector
 264              		.section	.text.isr_1_SetPriority,"ax",%progbits
 265              		.align	2
 266              		.global	isr_1_SetPriority
 267              		.thumb
 268              		.thumb_func
ARM GAS  C:\Users\Schuyler\AppData\Local\Temp\ccUr3b2u.s 			page 10


 269              		.type	isr_1_SetPriority, %function
 270              	isr_1_SetPriority:
 271              	.LFB6:
 246:Generated_Source\PSoC5/isr_1.c **** 
 247:Generated_Source\PSoC5/isr_1.c **** 
 248:Generated_Source\PSoC5/isr_1.c **** /*******************************************************************************
 249:Generated_Source\PSoC5/isr_1.c **** * Function Name: isr_1_SetPriority
 250:Generated_Source\PSoC5/isr_1.c **** ********************************************************************************
 251:Generated_Source\PSoC5/isr_1.c **** *
 252:Generated_Source\PSoC5/isr_1.c **** * Summary:
 253:Generated_Source\PSoC5/isr_1.c **** *   Sets the Priority of the Interrupt. 
 254:Generated_Source\PSoC5/isr_1.c **** *
 255:Generated_Source\PSoC5/isr_1.c **** *   Note calling isr_1_Start or isr_1_StartEx will 
 256:Generated_Source\PSoC5/isr_1.c **** *   override any effect this API would have had. This API should only be called
 257:Generated_Source\PSoC5/isr_1.c **** *   after isr_1_Start or isr_1_StartEx has been called. 
 258:Generated_Source\PSoC5/isr_1.c **** *   To set the initial priority for the component, use the Design-Wide Resources
 259:Generated_Source\PSoC5/isr_1.c **** *   Interrupt Editor.
 260:Generated_Source\PSoC5/isr_1.c **** *
 261:Generated_Source\PSoC5/isr_1.c **** *   Note This API has no effect on Non-maskable interrupt NMI).
 262:Generated_Source\PSoC5/isr_1.c **** *
 263:Generated_Source\PSoC5/isr_1.c **** * Parameters:
 264:Generated_Source\PSoC5/isr_1.c **** *   priority: Priority of the interrupt, 0 being the highest priority
 265:Generated_Source\PSoC5/isr_1.c **** *             PSoC 3 and PSoC 5LP: Priority is from 0 to 7.
 266:Generated_Source\PSoC5/isr_1.c **** *             PSoC 4: Priority is from 0 to 3.
 267:Generated_Source\PSoC5/isr_1.c **** *
 268:Generated_Source\PSoC5/isr_1.c **** * Return:
 269:Generated_Source\PSoC5/isr_1.c **** *   None
 270:Generated_Source\PSoC5/isr_1.c **** *
 271:Generated_Source\PSoC5/isr_1.c **** *******************************************************************************/
 272:Generated_Source\PSoC5/isr_1.c **** void isr_1_SetPriority(uint8 priority)
 273:Generated_Source\PSoC5/isr_1.c **** {
 272              		.loc 1 273 0
 273              		.cfi_startproc
 274              		@ args = 0, pretend = 0, frame = 8
 275              		@ frame_needed = 1, uses_anonymous_args = 0
 276              		@ link register save eliminated.
 277 0000 80B4     		push	{r7}
 278              		.cfi_def_cfa_offset 4
 279              		.cfi_offset 7, -4
 280 0002 83B0     		sub	sp, sp, #12
 281              		.cfi_def_cfa_offset 16
 282 0004 00AF     		add	r7, sp, #0
 283              		.cfi_def_cfa_register 7
 284 0006 0346     		mov	r3, r0
 285 0008 FB71     		strb	r3, [r7, #7]
 274:Generated_Source\PSoC5/isr_1.c ****     *isr_1_INTC_PRIOR = priority << 5;
 286              		.loc 1 274 0
 287 000a 054A     		ldr	r2, .L17
 288 000c FB79     		ldrb	r3, [r7, #7]
 289 000e 5B01     		lsls	r3, r3, #5
 290 0010 DBB2     		uxtb	r3, r3
 291 0012 1370     		strb	r3, [r2]
 275:Generated_Source\PSoC5/isr_1.c **** }
 292              		.loc 1 275 0
 293 0014 0C37     		adds	r7, r7, #12
 294              		.cfi_def_cfa_offset 4
 295 0016 BD46     		mov	sp, r7
ARM GAS  C:\Users\Schuyler\AppData\Local\Temp\ccUr3b2u.s 			page 11


 296              		.cfi_def_cfa_register 13
 297              		@ sp needed
 298 0018 5DF8047B 		ldr	r7, [sp], #4
 299              		.cfi_restore 7
 300              		.cfi_def_cfa_offset 0
 301 001c 7047     		bx	lr
 302              	.L18:
 303 001e 00BF     		.align	2
 304              	.L17:
 305 0020 00E400E0 		.word	-536812544
 306              		.cfi_endproc
 307              	.LFE6:
 308              		.size	isr_1_SetPriority, .-isr_1_SetPriority
 309              		.section	.text.isr_1_GetPriority,"ax",%progbits
 310              		.align	2
 311              		.global	isr_1_GetPriority
 312              		.thumb
 313              		.thumb_func
 314              		.type	isr_1_GetPriority, %function
 315              	isr_1_GetPriority:
 316              	.LFB7:
 276:Generated_Source\PSoC5/isr_1.c **** 
 277:Generated_Source\PSoC5/isr_1.c **** 
 278:Generated_Source\PSoC5/isr_1.c **** /*******************************************************************************
 279:Generated_Source\PSoC5/isr_1.c **** * Function Name: isr_1_GetPriority
 280:Generated_Source\PSoC5/isr_1.c **** ********************************************************************************
 281:Generated_Source\PSoC5/isr_1.c **** *
 282:Generated_Source\PSoC5/isr_1.c **** * Summary:
 283:Generated_Source\PSoC5/isr_1.c **** *   Gets the Priority of the Interrupt.
 284:Generated_Source\PSoC5/isr_1.c **** *
 285:Generated_Source\PSoC5/isr_1.c **** * Parameters:
 286:Generated_Source\PSoC5/isr_1.c **** *   None
 287:Generated_Source\PSoC5/isr_1.c **** *
 288:Generated_Source\PSoC5/isr_1.c **** * Return:
 289:Generated_Source\PSoC5/isr_1.c **** *   Priority of the interrupt, 0 being the highest priority
 290:Generated_Source\PSoC5/isr_1.c **** *    PSoC 3 and PSoC 5LP: Priority is from 0 to 7.
 291:Generated_Source\PSoC5/isr_1.c **** *    PSoC 4: Priority is from 0 to 3.
 292:Generated_Source\PSoC5/isr_1.c **** *
 293:Generated_Source\PSoC5/isr_1.c **** *******************************************************************************/
 294:Generated_Source\PSoC5/isr_1.c **** uint8 isr_1_GetPriority(void)
 295:Generated_Source\PSoC5/isr_1.c **** {
 317              		.loc 1 295 0
 318              		.cfi_startproc
 319              		@ args = 0, pretend = 0, frame = 8
 320              		@ frame_needed = 1, uses_anonymous_args = 0
 321              		@ link register save eliminated.
 322 0000 80B4     		push	{r7}
 323              		.cfi_def_cfa_offset 4
 324              		.cfi_offset 7, -4
 325 0002 83B0     		sub	sp, sp, #12
 326              		.cfi_def_cfa_offset 16
 327 0004 00AF     		add	r7, sp, #0
 328              		.cfi_def_cfa_register 7
 296:Generated_Source\PSoC5/isr_1.c ****     uint8 priority;
 297:Generated_Source\PSoC5/isr_1.c **** 
 298:Generated_Source\PSoC5/isr_1.c **** 
 299:Generated_Source\PSoC5/isr_1.c ****     priority = *isr_1_INTC_PRIOR >> 5;
ARM GAS  C:\Users\Schuyler\AppData\Local\Temp\ccUr3b2u.s 			page 12


 329              		.loc 1 299 0
 330 0006 064B     		ldr	r3, .L21
 331 0008 1B78     		ldrb	r3, [r3]
 332 000a DBB2     		uxtb	r3, r3
 333 000c 5B09     		lsrs	r3, r3, #5
 334 000e FB71     		strb	r3, [r7, #7]
 300:Generated_Source\PSoC5/isr_1.c **** 
 301:Generated_Source\PSoC5/isr_1.c ****     return priority;
 335              		.loc 1 301 0
 336 0010 FB79     		ldrb	r3, [r7, #7]	@ zero_extendqisi2
 302:Generated_Source\PSoC5/isr_1.c **** }
 337              		.loc 1 302 0
 338 0012 1846     		mov	r0, r3
 339 0014 0C37     		adds	r7, r7, #12
 340              		.cfi_def_cfa_offset 4
 341 0016 BD46     		mov	sp, r7
 342              		.cfi_def_cfa_register 13
 343              		@ sp needed
 344 0018 5DF8047B 		ldr	r7, [sp], #4
 345              		.cfi_restore 7
 346              		.cfi_def_cfa_offset 0
 347 001c 7047     		bx	lr
 348              	.L22:
 349 001e 00BF     		.align	2
 350              	.L21:
 351 0020 00E400E0 		.word	-536812544
 352              		.cfi_endproc
 353              	.LFE7:
 354              		.size	isr_1_GetPriority, .-isr_1_GetPriority
 355              		.section	.text.isr_1_Enable,"ax",%progbits
 356              		.align	2
 357              		.global	isr_1_Enable
 358              		.thumb
 359              		.thumb_func
 360              		.type	isr_1_Enable, %function
 361              	isr_1_Enable:
 362              	.LFB8:
 303:Generated_Source\PSoC5/isr_1.c **** 
 304:Generated_Source\PSoC5/isr_1.c **** 
 305:Generated_Source\PSoC5/isr_1.c **** /*******************************************************************************
 306:Generated_Source\PSoC5/isr_1.c **** * Function Name: isr_1_Enable
 307:Generated_Source\PSoC5/isr_1.c **** ********************************************************************************
 308:Generated_Source\PSoC5/isr_1.c **** *
 309:Generated_Source\PSoC5/isr_1.c **** * Summary:
 310:Generated_Source\PSoC5/isr_1.c **** *   Enables the interrupt to the interrupt controller. Do not call this function
 311:Generated_Source\PSoC5/isr_1.c **** *   unless ISR_Start() has been called or the functionality of the ISR_Start() 
 312:Generated_Source\PSoC5/isr_1.c **** *   function, which sets the vector and the priority, has been called.
 313:Generated_Source\PSoC5/isr_1.c **** *
 314:Generated_Source\PSoC5/isr_1.c **** * Parameters:
 315:Generated_Source\PSoC5/isr_1.c **** *   None
 316:Generated_Source\PSoC5/isr_1.c **** *
 317:Generated_Source\PSoC5/isr_1.c **** * Return:
 318:Generated_Source\PSoC5/isr_1.c **** *   None
 319:Generated_Source\PSoC5/isr_1.c **** *
 320:Generated_Source\PSoC5/isr_1.c **** *******************************************************************************/
 321:Generated_Source\PSoC5/isr_1.c **** void isr_1_Enable(void)
 322:Generated_Source\PSoC5/isr_1.c **** {
ARM GAS  C:\Users\Schuyler\AppData\Local\Temp\ccUr3b2u.s 			page 13


 363              		.loc 1 322 0
 364              		.cfi_startproc
 365              		@ args = 0, pretend = 0, frame = 0
 366              		@ frame_needed = 1, uses_anonymous_args = 0
 367              		@ link register save eliminated.
 368 0000 80B4     		push	{r7}
 369              		.cfi_def_cfa_offset 4
 370              		.cfi_offset 7, -4
 371 0002 00AF     		add	r7, sp, #0
 372              		.cfi_def_cfa_register 7
 323:Generated_Source\PSoC5/isr_1.c ****     /* Enable the general interrupt. */
 324:Generated_Source\PSoC5/isr_1.c ****     *isr_1_INTC_SET_EN = isr_1__INTC_MASK;
 373              		.loc 1 324 0
 374 0004 034B     		ldr	r3, .L24
 375 0006 0122     		movs	r2, #1
 376 0008 1A60     		str	r2, [r3]
 325:Generated_Source\PSoC5/isr_1.c **** }
 377              		.loc 1 325 0
 378 000a BD46     		mov	sp, r7
 379              		.cfi_def_cfa_register 13
 380              		@ sp needed
 381 000c 5DF8047B 		ldr	r7, [sp], #4
 382              		.cfi_restore 7
 383              		.cfi_def_cfa_offset 0
 384 0010 7047     		bx	lr
 385              	.L25:
 386 0012 00BF     		.align	2
 387              	.L24:
 388 0014 00E100E0 		.word	-536813312
 389              		.cfi_endproc
 390              	.LFE8:
 391              		.size	isr_1_Enable, .-isr_1_Enable
 392              		.section	.text.isr_1_GetState,"ax",%progbits
 393              		.align	2
 394              		.global	isr_1_GetState
 395              		.thumb
 396              		.thumb_func
 397              		.type	isr_1_GetState, %function
 398              	isr_1_GetState:
 399              	.LFB9:
 326:Generated_Source\PSoC5/isr_1.c **** 
 327:Generated_Source\PSoC5/isr_1.c **** 
 328:Generated_Source\PSoC5/isr_1.c **** /*******************************************************************************
 329:Generated_Source\PSoC5/isr_1.c **** * Function Name: isr_1_GetState
 330:Generated_Source\PSoC5/isr_1.c **** ********************************************************************************
 331:Generated_Source\PSoC5/isr_1.c **** *
 332:Generated_Source\PSoC5/isr_1.c **** * Summary:
 333:Generated_Source\PSoC5/isr_1.c **** *   Gets the state (enabled, disabled) of the Interrupt.
 334:Generated_Source\PSoC5/isr_1.c **** *
 335:Generated_Source\PSoC5/isr_1.c **** * Parameters:
 336:Generated_Source\PSoC5/isr_1.c **** *   None
 337:Generated_Source\PSoC5/isr_1.c **** *
 338:Generated_Source\PSoC5/isr_1.c **** * Return:
 339:Generated_Source\PSoC5/isr_1.c **** *   1 if enabled, 0 if disabled.
 340:Generated_Source\PSoC5/isr_1.c **** *
 341:Generated_Source\PSoC5/isr_1.c **** *******************************************************************************/
 342:Generated_Source\PSoC5/isr_1.c **** uint8 isr_1_GetState(void)
ARM GAS  C:\Users\Schuyler\AppData\Local\Temp\ccUr3b2u.s 			page 14


 343:Generated_Source\PSoC5/isr_1.c **** {
 400              		.loc 1 343 0
 401              		.cfi_startproc
 402              		@ args = 0, pretend = 0, frame = 0
 403              		@ frame_needed = 1, uses_anonymous_args = 0
 404              		@ link register save eliminated.
 405 0000 80B4     		push	{r7}
 406              		.cfi_def_cfa_offset 4
 407              		.cfi_offset 7, -4
 408 0002 00AF     		add	r7, sp, #0
 409              		.cfi_def_cfa_register 7
 344:Generated_Source\PSoC5/isr_1.c ****     /* Get the state of the general interrupt. */
 345:Generated_Source\PSoC5/isr_1.c ****     return ((*isr_1_INTC_SET_EN & (uint32)isr_1__INTC_MASK) != 0u) ? 1u:0u;
 410              		.loc 1 345 0
 411 0004 054B     		ldr	r3, .L28
 412 0006 1B68     		ldr	r3, [r3]
 413 0008 DBB2     		uxtb	r3, r3
 414 000a 03F00103 		and	r3, r3, #1
 415 000e DBB2     		uxtb	r3, r3
 346:Generated_Source\PSoC5/isr_1.c **** }
 416              		.loc 1 346 0
 417 0010 1846     		mov	r0, r3
 418 0012 BD46     		mov	sp, r7
 419              		.cfi_def_cfa_register 13
 420              		@ sp needed
 421 0014 5DF8047B 		ldr	r7, [sp], #4
 422              		.cfi_restore 7
 423              		.cfi_def_cfa_offset 0
 424 0018 7047     		bx	lr
 425              	.L29:
 426 001a 00BF     		.align	2
 427              	.L28:
 428 001c 00E100E0 		.word	-536813312
 429              		.cfi_endproc
 430              	.LFE9:
 431              		.size	isr_1_GetState, .-isr_1_GetState
 432              		.section	.text.isr_1_Disable,"ax",%progbits
 433              		.align	2
 434              		.global	isr_1_Disable
 435              		.thumb
 436              		.thumb_func
 437              		.type	isr_1_Disable, %function
 438              	isr_1_Disable:
 439              	.LFB10:
 347:Generated_Source\PSoC5/isr_1.c **** 
 348:Generated_Source\PSoC5/isr_1.c **** 
 349:Generated_Source\PSoC5/isr_1.c **** /*******************************************************************************
 350:Generated_Source\PSoC5/isr_1.c **** * Function Name: isr_1_Disable
 351:Generated_Source\PSoC5/isr_1.c **** ********************************************************************************
 352:Generated_Source\PSoC5/isr_1.c **** *
 353:Generated_Source\PSoC5/isr_1.c **** * Summary:
 354:Generated_Source\PSoC5/isr_1.c **** *   Disables the Interrupt in the interrupt controller.
 355:Generated_Source\PSoC5/isr_1.c **** *
 356:Generated_Source\PSoC5/isr_1.c **** * Parameters:
 357:Generated_Source\PSoC5/isr_1.c **** *   None
 358:Generated_Source\PSoC5/isr_1.c **** *
 359:Generated_Source\PSoC5/isr_1.c **** * Return:
ARM GAS  C:\Users\Schuyler\AppData\Local\Temp\ccUr3b2u.s 			page 15


 360:Generated_Source\PSoC5/isr_1.c **** *   None
 361:Generated_Source\PSoC5/isr_1.c **** *
 362:Generated_Source\PSoC5/isr_1.c **** *******************************************************************************/
 363:Generated_Source\PSoC5/isr_1.c **** void isr_1_Disable(void)
 364:Generated_Source\PSoC5/isr_1.c **** {
 440              		.loc 1 364 0
 441              		.cfi_startproc
 442              		@ args = 0, pretend = 0, frame = 0
 443              		@ frame_needed = 1, uses_anonymous_args = 0
 444              		@ link register save eliminated.
 445 0000 80B4     		push	{r7}
 446              		.cfi_def_cfa_offset 4
 447              		.cfi_offset 7, -4
 448 0002 00AF     		add	r7, sp, #0
 449              		.cfi_def_cfa_register 7
 365:Generated_Source\PSoC5/isr_1.c ****     /* Disable the general interrupt. */
 366:Generated_Source\PSoC5/isr_1.c ****     *isr_1_INTC_CLR_EN = isr_1__INTC_MASK;
 450              		.loc 1 366 0
 451 0004 034B     		ldr	r3, .L31
 452 0006 0122     		movs	r2, #1
 453 0008 1A60     		str	r2, [r3]
 367:Generated_Source\PSoC5/isr_1.c **** }
 454              		.loc 1 367 0
 455 000a BD46     		mov	sp, r7
 456              		.cfi_def_cfa_register 13
 457              		@ sp needed
 458 000c 5DF8047B 		ldr	r7, [sp], #4
 459              		.cfi_restore 7
 460              		.cfi_def_cfa_offset 0
 461 0010 7047     		bx	lr
 462              	.L32:
 463 0012 00BF     		.align	2
 464              	.L31:
 465 0014 80E100E0 		.word	-536813184
 466              		.cfi_endproc
 467              	.LFE10:
 468              		.size	isr_1_Disable, .-isr_1_Disable
 469              		.section	.text.isr_1_SetPending,"ax",%progbits
 470              		.align	2
 471              		.global	isr_1_SetPending
 472              		.thumb
 473              		.thumb_func
 474              		.type	isr_1_SetPending, %function
 475              	isr_1_SetPending:
 476              	.LFB11:
 368:Generated_Source\PSoC5/isr_1.c **** 
 369:Generated_Source\PSoC5/isr_1.c **** 
 370:Generated_Source\PSoC5/isr_1.c **** /*******************************************************************************
 371:Generated_Source\PSoC5/isr_1.c **** * Function Name: isr_1_SetPending
 372:Generated_Source\PSoC5/isr_1.c **** ********************************************************************************
 373:Generated_Source\PSoC5/isr_1.c **** *
 374:Generated_Source\PSoC5/isr_1.c **** * Summary:
 375:Generated_Source\PSoC5/isr_1.c **** *   Causes the Interrupt to enter the pending state, a software method of
 376:Generated_Source\PSoC5/isr_1.c **** *   generating the interrupt.
 377:Generated_Source\PSoC5/isr_1.c **** *
 378:Generated_Source\PSoC5/isr_1.c **** * Parameters:
 379:Generated_Source\PSoC5/isr_1.c **** *   None
ARM GAS  C:\Users\Schuyler\AppData\Local\Temp\ccUr3b2u.s 			page 16


 380:Generated_Source\PSoC5/isr_1.c **** *
 381:Generated_Source\PSoC5/isr_1.c **** * Return:
 382:Generated_Source\PSoC5/isr_1.c **** *   None
 383:Generated_Source\PSoC5/isr_1.c **** *
 384:Generated_Source\PSoC5/isr_1.c **** * Side Effects:
 385:Generated_Source\PSoC5/isr_1.c **** *   If interrupts are enabled and the interrupt is set up properly, the ISR is
 386:Generated_Source\PSoC5/isr_1.c **** *   entered (depending on the priority of this interrupt and other pending 
 387:Generated_Source\PSoC5/isr_1.c **** *   interrupts).
 388:Generated_Source\PSoC5/isr_1.c **** *
 389:Generated_Source\PSoC5/isr_1.c **** *******************************************************************************/
 390:Generated_Source\PSoC5/isr_1.c **** void isr_1_SetPending(void)
 391:Generated_Source\PSoC5/isr_1.c **** {
 477              		.loc 1 391 0
 478              		.cfi_startproc
 479              		@ args = 0, pretend = 0, frame = 0
 480              		@ frame_needed = 1, uses_anonymous_args = 0
 481              		@ link register save eliminated.
 482 0000 80B4     		push	{r7}
 483              		.cfi_def_cfa_offset 4
 484              		.cfi_offset 7, -4
 485 0002 00AF     		add	r7, sp, #0
 486              		.cfi_def_cfa_register 7
 392:Generated_Source\PSoC5/isr_1.c ****     *isr_1_INTC_SET_PD = isr_1__INTC_MASK;
 487              		.loc 1 392 0
 488 0004 034B     		ldr	r3, .L34
 489 0006 0122     		movs	r2, #1
 490 0008 1A60     		str	r2, [r3]
 393:Generated_Source\PSoC5/isr_1.c **** }
 491              		.loc 1 393 0
 492 000a BD46     		mov	sp, r7
 493              		.cfi_def_cfa_register 13
 494              		@ sp needed
 495 000c 5DF8047B 		ldr	r7, [sp], #4
 496              		.cfi_restore 7
 497              		.cfi_def_cfa_offset 0
 498 0010 7047     		bx	lr
 499              	.L35:
 500 0012 00BF     		.align	2
 501              	.L34:
 502 0014 00E200E0 		.word	-536813056
 503              		.cfi_endproc
 504              	.LFE11:
 505              		.size	isr_1_SetPending, .-isr_1_SetPending
 506              		.section	.text.isr_1_ClearPending,"ax",%progbits
 507              		.align	2
 508              		.global	isr_1_ClearPending
 509              		.thumb
 510              		.thumb_func
 511              		.type	isr_1_ClearPending, %function
 512              	isr_1_ClearPending:
 513              	.LFB12:
 394:Generated_Source\PSoC5/isr_1.c **** 
 395:Generated_Source\PSoC5/isr_1.c **** 
 396:Generated_Source\PSoC5/isr_1.c **** /*******************************************************************************
 397:Generated_Source\PSoC5/isr_1.c **** * Function Name: isr_1_ClearPending
 398:Generated_Source\PSoC5/isr_1.c **** ********************************************************************************
 399:Generated_Source\PSoC5/isr_1.c **** *
ARM GAS  C:\Users\Schuyler\AppData\Local\Temp\ccUr3b2u.s 			page 17


 400:Generated_Source\PSoC5/isr_1.c **** * Summary:
 401:Generated_Source\PSoC5/isr_1.c **** *   Clears a pending interrupt in the interrupt controller.
 402:Generated_Source\PSoC5/isr_1.c **** *
 403:Generated_Source\PSoC5/isr_1.c **** *   Note Some interrupt sources are clear-on-read and require the block 
 404:Generated_Source\PSoC5/isr_1.c **** *   interrupt/status register to be read/cleared with the appropriate block API 
 405:Generated_Source\PSoC5/isr_1.c **** *   (GPIO, UART, and so on). Otherwise the ISR will continue to remain in 
 406:Generated_Source\PSoC5/isr_1.c **** *   pending state even though the interrupt itself is cleared using this API.
 407:Generated_Source\PSoC5/isr_1.c **** *
 408:Generated_Source\PSoC5/isr_1.c **** * Parameters:
 409:Generated_Source\PSoC5/isr_1.c **** *   None
 410:Generated_Source\PSoC5/isr_1.c **** *
 411:Generated_Source\PSoC5/isr_1.c **** * Return:
 412:Generated_Source\PSoC5/isr_1.c **** *   None
 413:Generated_Source\PSoC5/isr_1.c **** *
 414:Generated_Source\PSoC5/isr_1.c **** *******************************************************************************/
 415:Generated_Source\PSoC5/isr_1.c **** void isr_1_ClearPending(void)
 416:Generated_Source\PSoC5/isr_1.c **** {
 514              		.loc 1 416 0
 515              		.cfi_startproc
 516              		@ args = 0, pretend = 0, frame = 0
 517              		@ frame_needed = 1, uses_anonymous_args = 0
 518              		@ link register save eliminated.
 519 0000 80B4     		push	{r7}
 520              		.cfi_def_cfa_offset 4
 521              		.cfi_offset 7, -4
 522 0002 00AF     		add	r7, sp, #0
 523              		.cfi_def_cfa_register 7
 417:Generated_Source\PSoC5/isr_1.c ****     *isr_1_INTC_CLR_PD = isr_1__INTC_MASK;
 524              		.loc 1 417 0
 525 0004 034B     		ldr	r3, .L37
 526 0006 0122     		movs	r2, #1
 527 0008 1A60     		str	r2, [r3]
 418:Generated_Source\PSoC5/isr_1.c **** }
 528              		.loc 1 418 0
 529 000a BD46     		mov	sp, r7
 530              		.cfi_def_cfa_register 13
 531              		@ sp needed
 532 000c 5DF8047B 		ldr	r7, [sp], #4
 533              		.cfi_restore 7
 534              		.cfi_def_cfa_offset 0
 535 0010 7047     		bx	lr
 536              	.L38:
 537 0012 00BF     		.align	2
 538              	.L37:
 539 0014 80E200E0 		.word	-536812928
 540              		.cfi_endproc
 541              	.LFE12:
 542              		.size	isr_1_ClearPending, .-isr_1_ClearPending
 543              		.text
 544              	.Letext0:
 545              		.file 2 "Generated_Source\\PSoC5/cytypes.h"
 546              		.section	.debug_info,"",%progbits
 547              	.Ldebug_info0:
 548 0000 36020000 		.4byte	0x236
 549 0004 0400     		.2byte	0x4
 550 0006 00000000 		.4byte	.Ldebug_abbrev0
 551 000a 04       		.byte	0x4
ARM GAS  C:\Users\Schuyler\AppData\Local\Temp\ccUr3b2u.s 			page 18


 552 000b 01       		.uleb128 0x1
 553 000c BD000000 		.4byte	.LASF33
 554 0010 01       		.byte	0x1
 555 0011 64010000 		.4byte	.LASF34
 556 0015 48020000 		.4byte	.LASF35
 557 0019 00000000 		.4byte	.Ldebug_ranges0+0
 558 001d 00000000 		.4byte	0
 559 0021 00000000 		.4byte	.Ldebug_line0
 560 0025 02       		.uleb128 0x2
 561 0026 04       		.byte	0x4
 562 0027 05       		.byte	0x5
 563 0028 696E7400 		.ascii	"int\000"
 564 002c 03       		.uleb128 0x3
 565 002d 04       		.byte	0x4
 566 002e 07       		.byte	0x7
 567 002f 8A010000 		.4byte	.LASF0
 568 0033 03       		.uleb128 0x3
 569 0034 01       		.byte	0x1
 570 0035 06       		.byte	0x6
 571 0036 2E020000 		.4byte	.LASF1
 572 003a 03       		.uleb128 0x3
 573 003b 01       		.byte	0x1
 574 003c 08       		.byte	0x8
 575 003d 89000000 		.4byte	.LASF2
 576 0041 03       		.uleb128 0x3
 577 0042 02       		.byte	0x2
 578 0043 05       		.byte	0x5
 579 0044 FB010000 		.4byte	.LASF3
 580 0048 03       		.uleb128 0x3
 581 0049 02       		.byte	0x2
 582 004a 07       		.byte	0x7
 583 004b 5E000000 		.4byte	.LASF4
 584 004f 03       		.uleb128 0x3
 585 0050 04       		.byte	0x4
 586 0051 05       		.byte	0x5
 587 0052 25020000 		.4byte	.LASF5
 588 0056 03       		.uleb128 0x3
 589 0057 04       		.byte	0x4
 590 0058 07       		.byte	0x7
 591 0059 9C000000 		.4byte	.LASF6
 592 005d 03       		.uleb128 0x3
 593 005e 08       		.byte	0x8
 594 005f 05       		.byte	0x5
 595 0060 CC010000 		.4byte	.LASF7
 596 0064 03       		.uleb128 0x3
 597 0065 08       		.byte	0x8
 598 0066 07       		.byte	0x7
 599 0067 9F010000 		.4byte	.LASF8
 600 006b 03       		.uleb128 0x3
 601 006c 04       		.byte	0x4
 602 006d 07       		.byte	0x7
 603 006e C3010000 		.4byte	.LASF9
 604 0072 04       		.uleb128 0x4
 605 0073 04       		.byte	0x4
 606 0074 78000000 		.4byte	0x78
 607 0078 05       		.uleb128 0x5
 608 0079 03       		.uleb128 0x3
ARM GAS  C:\Users\Schuyler\AppData\Local\Temp\ccUr3b2u.s 			page 19


 609 007a 01       		.byte	0x1
 610 007b 08       		.byte	0x8
 611 007c E7010000 		.4byte	.LASF10
 612 0080 06       		.uleb128 0x6
 613 0081 AE000000 		.4byte	.LASF11
 614 0085 02       		.byte	0x2
 615 0086 9201     		.2byte	0x192
 616 0088 3A000000 		.4byte	0x3a
 617 008c 06       		.uleb128 0x6
 618 008d 83010000 		.4byte	.LASF12
 619 0091 02       		.byte	0x2
 620 0092 9401     		.2byte	0x194
 621 0094 56000000 		.4byte	0x56
 622 0098 03       		.uleb128 0x3
 623 0099 04       		.byte	0x4
 624 009a 04       		.byte	0x4
 625 009b 83000000 		.4byte	.LASF13
 626 009f 03       		.uleb128 0x3
 627 00a0 08       		.byte	0x8
 628 00a1 04       		.byte	0x4
 629 00a2 4B010000 		.4byte	.LASF14
 630 00a6 06       		.uleb128 0x6
 631 00a7 97000000 		.4byte	.LASF15
 632 00ab 02       		.byte	0x2
 633 00ac 3C02     		.2byte	0x23c
 634 00ae B2000000 		.4byte	0xb2
 635 00b2 07       		.uleb128 0x7
 636 00b3 80000000 		.4byte	0x80
 637 00b7 06       		.uleb128 0x6
 638 00b8 13000000 		.4byte	.LASF16
 639 00bc 02       		.byte	0x2
 640 00bd 3E02     		.2byte	0x23e
 641 00bf C3000000 		.4byte	0xc3
 642 00c3 07       		.uleb128 0x7
 643 00c4 8C000000 		.4byte	0x8c
 644 00c8 06       		.uleb128 0x6
 645 00c9 B6010000 		.4byte	.LASF17
 646 00cd 02       		.byte	0x2
 647 00ce 4E02     		.2byte	0x24e
 648 00d0 72000000 		.4byte	0x72
 649 00d4 08       		.uleb128 0x8
 650 00d5 52000000 		.4byte	.LASF18
 651 00d9 01       		.byte	0x1
 652 00da 3F       		.byte	0x3f
 653 00db 00000000 		.4byte	.LFB0
 654 00df 20000000 		.4byte	.LFE0-.LFB0
 655 00e3 01       		.uleb128 0x1
 656 00e4 9C       		.byte	0x9c
 657 00e5 09       		.uleb128 0x9
 658 00e6 3A020000 		.4byte	.LASF21
 659 00ea 01       		.byte	0x1
 660 00eb 6A       		.byte	0x6a
 661 00ec 00000000 		.4byte	.LFB1
 662 00f0 22000000 		.4byte	.LFE1-.LFB1
 663 00f4 01       		.uleb128 0x1
 664 00f5 9C       		.byte	0x9c
 665 00f6 09010000 		.4byte	0x109
ARM GAS  C:\Users\Schuyler\AppData\Local\Temp\ccUr3b2u.s 			page 20


 666 00fa 0A       		.uleb128 0xa
 667 00fb 97010000 		.4byte	.LASF23
 668 00ff 01       		.byte	0x1
 669 0100 6A       		.byte	0x6a
 670 0101 C8000000 		.4byte	0xc8
 671 0105 02       		.uleb128 0x2
 672 0106 91       		.byte	0x91
 673 0107 74       		.sleb128 -12
 674 0108 00       		.byte	0
 675 0109 08       		.uleb128 0x8
 676 010a 47000000 		.4byte	.LASF19
 677 010e 01       		.byte	0x1
 678 010f 88       		.byte	0x88
 679 0110 00000000 		.4byte	.LFB2
 680 0114 14000000 		.4byte	.LFE2-.LFB2
 681 0118 01       		.uleb128 0x1
 682 0119 9C       		.byte	0x9c
 683 011a 08       		.uleb128 0x8
 684 011b 15020000 		.4byte	.LASF20
 685 011f 01       		.byte	0x1
 686 0120 A2       		.byte	0xa2
 687 0121 00000000 		.4byte	.LFB3
 688 0125 2E000000 		.4byte	.LFE3-.LFB3
 689 0129 01       		.uleb128 0x1
 690 012a 9C       		.byte	0x9c
 691 012b 0B       		.uleb128 0xb
 692 012c 97020000 		.4byte	.LASF22
 693 0130 01       		.byte	0x1
 694 0131 D6       		.byte	0xd6
 695 0132 00000000 		.4byte	.LFB4
 696 0136 24000000 		.4byte	.LFE4-.LFB4
 697 013a 01       		.uleb128 0x1
 698 013b 9C       		.byte	0x9c
 699 013c 5D010000 		.4byte	0x15d
 700 0140 0A       		.uleb128 0xa
 701 0141 97010000 		.4byte	.LASF23
 702 0145 01       		.byte	0x1
 703 0146 D6       		.byte	0xd6
 704 0147 C8000000 		.4byte	0xc8
 705 014b 02       		.uleb128 0x2
 706 014c 91       		.byte	0x91
 707 014d 6C       		.sleb128 -20
 708 014e 0C       		.uleb128 0xc
 709 014f EC010000 		.4byte	.LASF24
 710 0153 01       		.byte	0x1
 711 0154 D8       		.byte	0xd8
 712 0155 5D010000 		.4byte	0x15d
 713 0159 02       		.uleb128 0x2
 714 015a 91       		.byte	0x91
 715 015b 74       		.sleb128 -12
 716 015c 00       		.byte	0
 717 015d 04       		.uleb128 0x4
 718 015e 04       		.byte	0x4
 719 015f C8000000 		.4byte	0xc8
 720 0163 0D       		.uleb128 0xd
 721 0164 05020000 		.4byte	.LASF27
 722 0168 01       		.byte	0x1
ARM GAS  C:\Users\Schuyler\AppData\Local\Temp\ccUr3b2u.s 			page 21


 723 0169 EE       		.byte	0xee
 724 016a C8000000 		.4byte	0xc8
 725 016e 00000000 		.4byte	.LFB5
 726 0172 20000000 		.4byte	.LFE5-.LFB5
 727 0176 01       		.uleb128 0x1
 728 0177 9C       		.byte	0x9c
 729 0178 8B010000 		.4byte	0x18b
 730 017c 0C       		.uleb128 0xc
 731 017d EC010000 		.4byte	.LASF24
 732 0181 01       		.byte	0x1
 733 0182 F0       		.byte	0xf0
 734 0183 5D010000 		.4byte	0x15d
 735 0187 02       		.uleb128 0x2
 736 0188 91       		.byte	0x91
 737 0189 74       		.sleb128 -12
 738 018a 00       		.byte	0
 739 018b 0E       		.uleb128 0xe
 740 018c 52010000 		.4byte	.LASF25
 741 0190 01       		.byte	0x1
 742 0191 1001     		.2byte	0x110
 743 0193 00000000 		.4byte	.LFB6
 744 0197 24000000 		.4byte	.LFE6-.LFB6
 745 019b 01       		.uleb128 0x1
 746 019c 9C       		.byte	0x9c
 747 019d B1010000 		.4byte	0x1b1
 748 01a1 0F       		.uleb128 0xf
 749 01a2 B4000000 		.4byte	.LASF26
 750 01a6 01       		.byte	0x1
 751 01a7 1001     		.2byte	0x110
 752 01a9 80000000 		.4byte	0x80
 753 01ad 02       		.uleb128 0x2
 754 01ae 91       		.byte	0x91
 755 01af 77       		.sleb128 -9
 756 01b0 00       		.byte	0
 757 01b1 10       		.uleb128 0x10
 758 01b2 71000000 		.4byte	.LASF28
 759 01b6 01       		.byte	0x1
 760 01b7 2601     		.2byte	0x126
 761 01b9 80000000 		.4byte	0x80
 762 01bd 00000000 		.4byte	.LFB7
 763 01c1 24000000 		.4byte	.LFE7-.LFB7
 764 01c5 01       		.uleb128 0x1
 765 01c6 9C       		.byte	0x9c
 766 01c7 DB010000 		.4byte	0x1db
 767 01cb 11       		.uleb128 0x11
 768 01cc B4000000 		.4byte	.LASF26
 769 01d0 01       		.byte	0x1
 770 01d1 2801     		.2byte	0x128
 771 01d3 80000000 		.4byte	0x80
 772 01d7 02       		.uleb128 0x2
 773 01d8 91       		.byte	0x91
 774 01d9 77       		.sleb128 -9
 775 01da 00       		.byte	0
 776 01db 12       		.uleb128 0x12
 777 01dc DA010000 		.4byte	.LASF29
 778 01e0 01       		.byte	0x1
 779 01e1 4101     		.2byte	0x141
ARM GAS  C:\Users\Schuyler\AppData\Local\Temp\ccUr3b2u.s 			page 22


 780 01e3 00000000 		.4byte	.LFB8
 781 01e7 18000000 		.4byte	.LFE8-.LFB8
 782 01eb 01       		.uleb128 0x1
 783 01ec 9C       		.byte	0x9c
 784 01ed 13       		.uleb128 0x13
 785 01ee 2A000000 		.4byte	.LASF36
 786 01f2 01       		.byte	0x1
 787 01f3 5601     		.2byte	0x156
 788 01f5 80000000 		.4byte	0x80
 789 01f9 00000000 		.4byte	.LFB9
 790 01fd 20000000 		.4byte	.LFE9-.LFB9
 791 0201 01       		.uleb128 0x1
 792 0202 9C       		.byte	0x9c
 793 0203 12       		.uleb128 0x12
 794 0204 39000000 		.4byte	.LASF30
 795 0208 01       		.byte	0x1
 796 0209 6B01     		.2byte	0x16b
 797 020b 00000000 		.4byte	.LFB10
 798 020f 18000000 		.4byte	.LFE10-.LFB10
 799 0213 01       		.uleb128 0x1
 800 0214 9C       		.byte	0x9c
 801 0215 12       		.uleb128 0x12
 802 0216 19000000 		.4byte	.LASF31
 803 021a 01       		.byte	0x1
 804 021b 8601     		.2byte	0x186
 805 021d 00000000 		.4byte	.LFB11
 806 0221 18000000 		.4byte	.LFE11-.LFB11
 807 0225 01       		.uleb128 0x1
 808 0226 9C       		.byte	0x9c
 809 0227 12       		.uleb128 0x12
 810 0228 00000000 		.4byte	.LASF32
 811 022c 01       		.byte	0x1
 812 022d 9F01     		.2byte	0x19f
 813 022f 00000000 		.4byte	.LFB12
 814 0233 18000000 		.4byte	.LFE12-.LFB12
 815 0237 01       		.uleb128 0x1
 816 0238 9C       		.byte	0x9c
 817 0239 00       		.byte	0
 818              		.section	.debug_abbrev,"",%progbits
 819              	.Ldebug_abbrev0:
 820 0000 01       		.uleb128 0x1
 821 0001 11       		.uleb128 0x11
 822 0002 01       		.byte	0x1
 823 0003 25       		.uleb128 0x25
 824 0004 0E       		.uleb128 0xe
 825 0005 13       		.uleb128 0x13
 826 0006 0B       		.uleb128 0xb
 827 0007 03       		.uleb128 0x3
 828 0008 0E       		.uleb128 0xe
 829 0009 1B       		.uleb128 0x1b
 830 000a 0E       		.uleb128 0xe
 831 000b 55       		.uleb128 0x55
 832 000c 17       		.uleb128 0x17
 833 000d 11       		.uleb128 0x11
 834 000e 01       		.uleb128 0x1
 835 000f 10       		.uleb128 0x10
 836 0010 17       		.uleb128 0x17
ARM GAS  C:\Users\Schuyler\AppData\Local\Temp\ccUr3b2u.s 			page 23


 837 0011 00       		.byte	0
 838 0012 00       		.byte	0
 839 0013 02       		.uleb128 0x2
 840 0014 24       		.uleb128 0x24
 841 0015 00       		.byte	0
 842 0016 0B       		.uleb128 0xb
 843 0017 0B       		.uleb128 0xb
 844 0018 3E       		.uleb128 0x3e
 845 0019 0B       		.uleb128 0xb
 846 001a 03       		.uleb128 0x3
 847 001b 08       		.uleb128 0x8
 848 001c 00       		.byte	0
 849 001d 00       		.byte	0
 850 001e 03       		.uleb128 0x3
 851 001f 24       		.uleb128 0x24
 852 0020 00       		.byte	0
 853 0021 0B       		.uleb128 0xb
 854 0022 0B       		.uleb128 0xb
 855 0023 3E       		.uleb128 0x3e
 856 0024 0B       		.uleb128 0xb
 857 0025 03       		.uleb128 0x3
 858 0026 0E       		.uleb128 0xe
 859 0027 00       		.byte	0
 860 0028 00       		.byte	0
 861 0029 04       		.uleb128 0x4
 862 002a 0F       		.uleb128 0xf
 863 002b 00       		.byte	0
 864 002c 0B       		.uleb128 0xb
 865 002d 0B       		.uleb128 0xb
 866 002e 49       		.uleb128 0x49
 867 002f 13       		.uleb128 0x13
 868 0030 00       		.byte	0
 869 0031 00       		.byte	0
 870 0032 05       		.uleb128 0x5
 871 0033 15       		.uleb128 0x15
 872 0034 00       		.byte	0
 873 0035 27       		.uleb128 0x27
 874 0036 19       		.uleb128 0x19
 875 0037 00       		.byte	0
 876 0038 00       		.byte	0
 877 0039 06       		.uleb128 0x6
 878 003a 16       		.uleb128 0x16
 879 003b 00       		.byte	0
 880 003c 03       		.uleb128 0x3
 881 003d 0E       		.uleb128 0xe
 882 003e 3A       		.uleb128 0x3a
 883 003f 0B       		.uleb128 0xb
 884 0040 3B       		.uleb128 0x3b
 885 0041 05       		.uleb128 0x5
 886 0042 49       		.uleb128 0x49
 887 0043 13       		.uleb128 0x13
 888 0044 00       		.byte	0
 889 0045 00       		.byte	0
 890 0046 07       		.uleb128 0x7
 891 0047 35       		.uleb128 0x35
 892 0048 00       		.byte	0
 893 0049 49       		.uleb128 0x49
ARM GAS  C:\Users\Schuyler\AppData\Local\Temp\ccUr3b2u.s 			page 24


 894 004a 13       		.uleb128 0x13
 895 004b 00       		.byte	0
 896 004c 00       		.byte	0
 897 004d 08       		.uleb128 0x8
 898 004e 2E       		.uleb128 0x2e
 899 004f 00       		.byte	0
 900 0050 3F       		.uleb128 0x3f
 901 0051 19       		.uleb128 0x19
 902 0052 03       		.uleb128 0x3
 903 0053 0E       		.uleb128 0xe
 904 0054 3A       		.uleb128 0x3a
 905 0055 0B       		.uleb128 0xb
 906 0056 3B       		.uleb128 0x3b
 907 0057 0B       		.uleb128 0xb
 908 0058 27       		.uleb128 0x27
 909 0059 19       		.uleb128 0x19
 910 005a 11       		.uleb128 0x11
 911 005b 01       		.uleb128 0x1
 912 005c 12       		.uleb128 0x12
 913 005d 06       		.uleb128 0x6
 914 005e 40       		.uleb128 0x40
 915 005f 18       		.uleb128 0x18
 916 0060 9642     		.uleb128 0x2116
 917 0062 19       		.uleb128 0x19
 918 0063 00       		.byte	0
 919 0064 00       		.byte	0
 920 0065 09       		.uleb128 0x9
 921 0066 2E       		.uleb128 0x2e
 922 0067 01       		.byte	0x1
 923 0068 3F       		.uleb128 0x3f
 924 0069 19       		.uleb128 0x19
 925 006a 03       		.uleb128 0x3
 926 006b 0E       		.uleb128 0xe
 927 006c 3A       		.uleb128 0x3a
 928 006d 0B       		.uleb128 0xb
 929 006e 3B       		.uleb128 0x3b
 930 006f 0B       		.uleb128 0xb
 931 0070 27       		.uleb128 0x27
 932 0071 19       		.uleb128 0x19
 933 0072 11       		.uleb128 0x11
 934 0073 01       		.uleb128 0x1
 935 0074 12       		.uleb128 0x12
 936 0075 06       		.uleb128 0x6
 937 0076 40       		.uleb128 0x40
 938 0077 18       		.uleb128 0x18
 939 0078 9642     		.uleb128 0x2116
 940 007a 19       		.uleb128 0x19
 941 007b 01       		.uleb128 0x1
 942 007c 13       		.uleb128 0x13
 943 007d 00       		.byte	0
 944 007e 00       		.byte	0
 945 007f 0A       		.uleb128 0xa
 946 0080 05       		.uleb128 0x5
 947 0081 00       		.byte	0
 948 0082 03       		.uleb128 0x3
 949 0083 0E       		.uleb128 0xe
 950 0084 3A       		.uleb128 0x3a
ARM GAS  C:\Users\Schuyler\AppData\Local\Temp\ccUr3b2u.s 			page 25


 951 0085 0B       		.uleb128 0xb
 952 0086 3B       		.uleb128 0x3b
 953 0087 0B       		.uleb128 0xb
 954 0088 49       		.uleb128 0x49
 955 0089 13       		.uleb128 0x13
 956 008a 02       		.uleb128 0x2
 957 008b 18       		.uleb128 0x18
 958 008c 00       		.byte	0
 959 008d 00       		.byte	0
 960 008e 0B       		.uleb128 0xb
 961 008f 2E       		.uleb128 0x2e
 962 0090 01       		.byte	0x1
 963 0091 3F       		.uleb128 0x3f
 964 0092 19       		.uleb128 0x19
 965 0093 03       		.uleb128 0x3
 966 0094 0E       		.uleb128 0xe
 967 0095 3A       		.uleb128 0x3a
 968 0096 0B       		.uleb128 0xb
 969 0097 3B       		.uleb128 0x3b
 970 0098 0B       		.uleb128 0xb
 971 0099 27       		.uleb128 0x27
 972 009a 19       		.uleb128 0x19
 973 009b 11       		.uleb128 0x11
 974 009c 01       		.uleb128 0x1
 975 009d 12       		.uleb128 0x12
 976 009e 06       		.uleb128 0x6
 977 009f 40       		.uleb128 0x40
 978 00a0 18       		.uleb128 0x18
 979 00a1 9742     		.uleb128 0x2117
 980 00a3 19       		.uleb128 0x19
 981 00a4 01       		.uleb128 0x1
 982 00a5 13       		.uleb128 0x13
 983 00a6 00       		.byte	0
 984 00a7 00       		.byte	0
 985 00a8 0C       		.uleb128 0xc
 986 00a9 34       		.uleb128 0x34
 987 00aa 00       		.byte	0
 988 00ab 03       		.uleb128 0x3
 989 00ac 0E       		.uleb128 0xe
 990 00ad 3A       		.uleb128 0x3a
 991 00ae 0B       		.uleb128 0xb
 992 00af 3B       		.uleb128 0x3b
 993 00b0 0B       		.uleb128 0xb
 994 00b1 49       		.uleb128 0x49
 995 00b2 13       		.uleb128 0x13
 996 00b3 02       		.uleb128 0x2
 997 00b4 18       		.uleb128 0x18
 998 00b5 00       		.byte	0
 999 00b6 00       		.byte	0
 1000 00b7 0D       		.uleb128 0xd
 1001 00b8 2E       		.uleb128 0x2e
 1002 00b9 01       		.byte	0x1
 1003 00ba 3F       		.uleb128 0x3f
 1004 00bb 19       		.uleb128 0x19
 1005 00bc 03       		.uleb128 0x3
 1006 00bd 0E       		.uleb128 0xe
 1007 00be 3A       		.uleb128 0x3a
ARM GAS  C:\Users\Schuyler\AppData\Local\Temp\ccUr3b2u.s 			page 26


 1008 00bf 0B       		.uleb128 0xb
 1009 00c0 3B       		.uleb128 0x3b
 1010 00c1 0B       		.uleb128 0xb
 1011 00c2 27       		.uleb128 0x27
 1012 00c3 19       		.uleb128 0x19
 1013 00c4 49       		.uleb128 0x49
 1014 00c5 13       		.uleb128 0x13
 1015 00c6 11       		.uleb128 0x11
 1016 00c7 01       		.uleb128 0x1
 1017 00c8 12       		.uleb128 0x12
 1018 00c9 06       		.uleb128 0x6
 1019 00ca 40       		.uleb128 0x40
 1020 00cb 18       		.uleb128 0x18
 1021 00cc 9742     		.uleb128 0x2117
 1022 00ce 19       		.uleb128 0x19
 1023 00cf 01       		.uleb128 0x1
 1024 00d0 13       		.uleb128 0x13
 1025 00d1 00       		.byte	0
 1026 00d2 00       		.byte	0
 1027 00d3 0E       		.uleb128 0xe
 1028 00d4 2E       		.uleb128 0x2e
 1029 00d5 01       		.byte	0x1
 1030 00d6 3F       		.uleb128 0x3f
 1031 00d7 19       		.uleb128 0x19
 1032 00d8 03       		.uleb128 0x3
 1033 00d9 0E       		.uleb128 0xe
 1034 00da 3A       		.uleb128 0x3a
 1035 00db 0B       		.uleb128 0xb
 1036 00dc 3B       		.uleb128 0x3b
 1037 00dd 05       		.uleb128 0x5
 1038 00de 27       		.uleb128 0x27
 1039 00df 19       		.uleb128 0x19
 1040 00e0 11       		.uleb128 0x11
 1041 00e1 01       		.uleb128 0x1
 1042 00e2 12       		.uleb128 0x12
 1043 00e3 06       		.uleb128 0x6
 1044 00e4 40       		.uleb128 0x40
 1045 00e5 18       		.uleb128 0x18
 1046 00e6 9742     		.uleb128 0x2117
 1047 00e8 19       		.uleb128 0x19
 1048 00e9 01       		.uleb128 0x1
 1049 00ea 13       		.uleb128 0x13
 1050 00eb 00       		.byte	0
 1051 00ec 00       		.byte	0
 1052 00ed 0F       		.uleb128 0xf
 1053 00ee 05       		.uleb128 0x5
 1054 00ef 00       		.byte	0
 1055 00f0 03       		.uleb128 0x3
 1056 00f1 0E       		.uleb128 0xe
 1057 00f2 3A       		.uleb128 0x3a
 1058 00f3 0B       		.uleb128 0xb
 1059 00f4 3B       		.uleb128 0x3b
 1060 00f5 05       		.uleb128 0x5
 1061 00f6 49       		.uleb128 0x49
 1062 00f7 13       		.uleb128 0x13
 1063 00f8 02       		.uleb128 0x2
 1064 00f9 18       		.uleb128 0x18
ARM GAS  C:\Users\Schuyler\AppData\Local\Temp\ccUr3b2u.s 			page 27


 1065 00fa 00       		.byte	0
 1066 00fb 00       		.byte	0
 1067 00fc 10       		.uleb128 0x10
 1068 00fd 2E       		.uleb128 0x2e
 1069 00fe 01       		.byte	0x1
 1070 00ff 3F       		.uleb128 0x3f
 1071 0100 19       		.uleb128 0x19
 1072 0101 03       		.uleb128 0x3
 1073 0102 0E       		.uleb128 0xe
 1074 0103 3A       		.uleb128 0x3a
 1075 0104 0B       		.uleb128 0xb
 1076 0105 3B       		.uleb128 0x3b
 1077 0106 05       		.uleb128 0x5
 1078 0107 27       		.uleb128 0x27
 1079 0108 19       		.uleb128 0x19
 1080 0109 49       		.uleb128 0x49
 1081 010a 13       		.uleb128 0x13
 1082 010b 11       		.uleb128 0x11
 1083 010c 01       		.uleb128 0x1
 1084 010d 12       		.uleb128 0x12
 1085 010e 06       		.uleb128 0x6
 1086 010f 40       		.uleb128 0x40
 1087 0110 18       		.uleb128 0x18
 1088 0111 9742     		.uleb128 0x2117
 1089 0113 19       		.uleb128 0x19
 1090 0114 01       		.uleb128 0x1
 1091 0115 13       		.uleb128 0x13
 1092 0116 00       		.byte	0
 1093 0117 00       		.byte	0
 1094 0118 11       		.uleb128 0x11
 1095 0119 34       		.uleb128 0x34
 1096 011a 00       		.byte	0
 1097 011b 03       		.uleb128 0x3
 1098 011c 0E       		.uleb128 0xe
 1099 011d 3A       		.uleb128 0x3a
 1100 011e 0B       		.uleb128 0xb
 1101 011f 3B       		.uleb128 0x3b
 1102 0120 05       		.uleb128 0x5
 1103 0121 49       		.uleb128 0x49
 1104 0122 13       		.uleb128 0x13
 1105 0123 02       		.uleb128 0x2
 1106 0124 18       		.uleb128 0x18
 1107 0125 00       		.byte	0
 1108 0126 00       		.byte	0
 1109 0127 12       		.uleb128 0x12
 1110 0128 2E       		.uleb128 0x2e
 1111 0129 00       		.byte	0
 1112 012a 3F       		.uleb128 0x3f
 1113 012b 19       		.uleb128 0x19
 1114 012c 03       		.uleb128 0x3
 1115 012d 0E       		.uleb128 0xe
 1116 012e 3A       		.uleb128 0x3a
 1117 012f 0B       		.uleb128 0xb
 1118 0130 3B       		.uleb128 0x3b
 1119 0131 05       		.uleb128 0x5
 1120 0132 27       		.uleb128 0x27
 1121 0133 19       		.uleb128 0x19
ARM GAS  C:\Users\Schuyler\AppData\Local\Temp\ccUr3b2u.s 			page 28


 1122 0134 11       		.uleb128 0x11
 1123 0135 01       		.uleb128 0x1
 1124 0136 12       		.uleb128 0x12
 1125 0137 06       		.uleb128 0x6
 1126 0138 40       		.uleb128 0x40
 1127 0139 18       		.uleb128 0x18
 1128 013a 9742     		.uleb128 0x2117
 1129 013c 19       		.uleb128 0x19
 1130 013d 00       		.byte	0
 1131 013e 00       		.byte	0
 1132 013f 13       		.uleb128 0x13
 1133 0140 2E       		.uleb128 0x2e
 1134 0141 00       		.byte	0
 1135 0142 3F       		.uleb128 0x3f
 1136 0143 19       		.uleb128 0x19
 1137 0144 03       		.uleb128 0x3
 1138 0145 0E       		.uleb128 0xe
 1139 0146 3A       		.uleb128 0x3a
 1140 0147 0B       		.uleb128 0xb
 1141 0148 3B       		.uleb128 0x3b
 1142 0149 05       		.uleb128 0x5
 1143 014a 27       		.uleb128 0x27
 1144 014b 19       		.uleb128 0x19
 1145 014c 49       		.uleb128 0x49
 1146 014d 13       		.uleb128 0x13
 1147 014e 11       		.uleb128 0x11
 1148 014f 01       		.uleb128 0x1
 1149 0150 12       		.uleb128 0x12
 1150 0151 06       		.uleb128 0x6
 1151 0152 40       		.uleb128 0x40
 1152 0153 18       		.uleb128 0x18
 1153 0154 9742     		.uleb128 0x2117
 1154 0156 19       		.uleb128 0x19
 1155 0157 00       		.byte	0
 1156 0158 00       		.byte	0
 1157 0159 00       		.byte	0
 1158              		.section	.debug_aranges,"",%progbits
 1159 0000 7C000000 		.4byte	0x7c
 1160 0004 0200     		.2byte	0x2
 1161 0006 00000000 		.4byte	.Ldebug_info0
 1162 000a 04       		.byte	0x4
 1163 000b 00       		.byte	0
 1164 000c 0000     		.2byte	0
 1165 000e 0000     		.2byte	0
 1166 0010 00000000 		.4byte	.LFB0
 1167 0014 20000000 		.4byte	.LFE0-.LFB0
 1168 0018 00000000 		.4byte	.LFB1
 1169 001c 22000000 		.4byte	.LFE1-.LFB1
 1170 0020 00000000 		.4byte	.LFB2
 1171 0024 14000000 		.4byte	.LFE2-.LFB2
 1172 0028 00000000 		.4byte	.LFB3
 1173 002c 2E000000 		.4byte	.LFE3-.LFB3
 1174 0030 00000000 		.4byte	.LFB4
 1175 0034 24000000 		.4byte	.LFE4-.LFB4
 1176 0038 00000000 		.4byte	.LFB5
 1177 003c 20000000 		.4byte	.LFE5-.LFB5
 1178 0040 00000000 		.4byte	.LFB6
ARM GAS  C:\Users\Schuyler\AppData\Local\Temp\ccUr3b2u.s 			page 29


 1179 0044 24000000 		.4byte	.LFE6-.LFB6
 1180 0048 00000000 		.4byte	.LFB7
 1181 004c 24000000 		.4byte	.LFE7-.LFB7
 1182 0050 00000000 		.4byte	.LFB8
 1183 0054 18000000 		.4byte	.LFE8-.LFB8
 1184 0058 00000000 		.4byte	.LFB9
 1185 005c 20000000 		.4byte	.LFE9-.LFB9
 1186 0060 00000000 		.4byte	.LFB10
 1187 0064 18000000 		.4byte	.LFE10-.LFB10
 1188 0068 00000000 		.4byte	.LFB11
 1189 006c 18000000 		.4byte	.LFE11-.LFB11
 1190 0070 00000000 		.4byte	.LFB12
 1191 0074 18000000 		.4byte	.LFE12-.LFB12
 1192 0078 00000000 		.4byte	0
 1193 007c 00000000 		.4byte	0
 1194              		.section	.debug_ranges,"",%progbits
 1195              	.Ldebug_ranges0:
 1196 0000 00000000 		.4byte	.LFB0
 1197 0004 20000000 		.4byte	.LFE0
 1198 0008 00000000 		.4byte	.LFB1
 1199 000c 22000000 		.4byte	.LFE1
 1200 0010 00000000 		.4byte	.LFB2
 1201 0014 14000000 		.4byte	.LFE2
 1202 0018 00000000 		.4byte	.LFB3
 1203 001c 2E000000 		.4byte	.LFE3
 1204 0020 00000000 		.4byte	.LFB4
 1205 0024 24000000 		.4byte	.LFE4
 1206 0028 00000000 		.4byte	.LFB5
 1207 002c 20000000 		.4byte	.LFE5
 1208 0030 00000000 		.4byte	.LFB6
 1209 0034 24000000 		.4byte	.LFE6
 1210 0038 00000000 		.4byte	.LFB7
 1211 003c 24000000 		.4byte	.LFE7
 1212 0040 00000000 		.4byte	.LFB8
 1213 0044 18000000 		.4byte	.LFE8
 1214 0048 00000000 		.4byte	.LFB9
 1215 004c 20000000 		.4byte	.LFE9
 1216 0050 00000000 		.4byte	.LFB10
 1217 0054 18000000 		.4byte	.LFE10
 1218 0058 00000000 		.4byte	.LFB11
 1219 005c 18000000 		.4byte	.LFE11
 1220 0060 00000000 		.4byte	.LFB12
 1221 0064 18000000 		.4byte	.LFE12
 1222 0068 00000000 		.4byte	0
 1223 006c 00000000 		.4byte	0
 1224              		.section	.debug_line,"",%progbits
 1225              	.Ldebug_line0:
 1226 0000 44010000 		.section	.debug_str,"MS",%progbits,1
 1226      02004200 
 1226      00000201 
 1226      FB0E0D00 
 1226      01010101 
 1227              	.LASF32:
 1228 0000 6973725F 		.ascii	"isr_1_ClearPending\000"
 1228      315F436C 
 1228      65617250 
 1228      656E6469 
ARM GAS  C:\Users\Schuyler\AppData\Local\Temp\ccUr3b2u.s 			page 30


 1228      6E6700
 1229              	.LASF16:
 1230 0013 72656733 		.ascii	"reg32\000"
 1230      3200
 1231              	.LASF31:
 1232 0019 6973725F 		.ascii	"isr_1_SetPending\000"
 1232      315F5365 
 1232      7450656E 
 1232      64696E67 
 1232      00
 1233              	.LASF36:
 1234 002a 6973725F 		.ascii	"isr_1_GetState\000"
 1234      315F4765 
 1234      74537461 
 1234      746500
 1235              	.LASF30:
 1236 0039 6973725F 		.ascii	"isr_1_Disable\000"
 1236      315F4469 
 1236      7361626C 
 1236      6500
 1237              	.LASF19:
 1238 0047 6973725F 		.ascii	"isr_1_Stop\000"
 1238      315F5374 
 1238      6F7000
 1239              	.LASF18:
 1240 0052 6973725F 		.ascii	"isr_1_Start\000"
 1240      315F5374 
 1240      61727400 
 1241              	.LASF4:
 1242 005e 73686F72 		.ascii	"short unsigned int\000"
 1242      7420756E 
 1242      7369676E 
 1242      65642069 
 1242      6E7400
 1243              	.LASF28:
 1244 0071 6973725F 		.ascii	"isr_1_GetPriority\000"
 1244      315F4765 
 1244      74507269 
 1244      6F726974 
 1244      7900
 1245              	.LASF13:
 1246 0083 666C6F61 		.ascii	"float\000"
 1246      7400
 1247              	.LASF2:
 1248 0089 756E7369 		.ascii	"unsigned char\000"
 1248      676E6564 
 1248      20636861 
 1248      7200
 1249              	.LASF15:
 1250 0097 72656738 		.ascii	"reg8\000"
 1250      00
 1251              	.LASF6:
 1252 009c 6C6F6E67 		.ascii	"long unsigned int\000"
 1252      20756E73 
 1252      69676E65 
 1252      6420696E 
 1252      7400
ARM GAS  C:\Users\Schuyler\AppData\Local\Temp\ccUr3b2u.s 			page 31


 1253              	.LASF11:
 1254 00ae 75696E74 		.ascii	"uint8\000"
 1254      3800
 1255              	.LASF26:
 1256 00b4 7072696F 		.ascii	"priority\000"
 1256      72697479 
 1256      00
 1257              	.LASF33:
 1258 00bd 474E5520 		.ascii	"GNU C 4.9.3 20150303 (release) [ARM/embedded-4_9-br"
 1258      4320342E 
 1258      392E3320 
 1258      32303135 
 1258      30333033 
 1259 00f0 616E6368 		.ascii	"anch revision 221220] -mcpu=cortex-m3 -mthumb -g -O"
 1259      20726576 
 1259      6973696F 
 1259      6E203232 
 1259      31323230 
 1260 0123 30202D66 		.ascii	"0 -ffunction-sections -ffat-lto-objects\000"
 1260      66756E63 
 1260      74696F6E 
 1260      2D736563 
 1260      74696F6E 
 1261              	.LASF14:
 1262 014b 646F7562 		.ascii	"double\000"
 1262      6C6500
 1263              	.LASF25:
 1264 0152 6973725F 		.ascii	"isr_1_SetPriority\000"
 1264      315F5365 
 1264      74507269 
 1264      6F726974 
 1264      7900
 1265              	.LASF34:
 1266 0164 47656E65 		.ascii	"Generated_Source\\PSoC5\\isr_1.c\000"
 1266      72617465 
 1266      645F536F 
 1266      75726365 
 1266      5C50536F 
 1267              	.LASF12:
 1268 0183 75696E74 		.ascii	"uint32\000"
 1268      333200
 1269              	.LASF0:
 1270 018a 756E7369 		.ascii	"unsigned int\000"
 1270      676E6564 
 1270      20696E74 
 1270      00
 1271              	.LASF23:
 1272 0197 61646472 		.ascii	"address\000"
 1272      65737300 
 1273              	.LASF8:
 1274 019f 6C6F6E67 		.ascii	"long long unsigned int\000"
 1274      206C6F6E 
 1274      6720756E 
 1274      7369676E 
 1274      65642069 
 1275              	.LASF17:
 1276 01b6 63796973 		.ascii	"cyisraddress\000"
ARM GAS  C:\Users\Schuyler\AppData\Local\Temp\ccUr3b2u.s 			page 32


 1276      72616464 
 1276      72657373 
 1276      00
 1277              	.LASF9:
 1278 01c3 73697A65 		.ascii	"sizetype\000"
 1278      74797065 
 1278      00
 1279              	.LASF7:
 1280 01cc 6C6F6E67 		.ascii	"long long int\000"
 1280      206C6F6E 
 1280      6720696E 
 1280      7400
 1281              	.LASF29:
 1282 01da 6973725F 		.ascii	"isr_1_Enable\000"
 1282      315F456E 
 1282      61626C65 
 1282      00
 1283              	.LASF10:
 1284 01e7 63686172 		.ascii	"char\000"
 1284      00
 1285              	.LASF24:
 1286 01ec 72616D56 		.ascii	"ramVectorTable\000"
 1286      6563746F 
 1286      72546162 
 1286      6C6500
 1287              	.LASF3:
 1288 01fb 73686F72 		.ascii	"short int\000"
 1288      7420696E 
 1288      7400
 1289              	.LASF27:
 1290 0205 6973725F 		.ascii	"isr_1_GetVector\000"
 1290      315F4765 
 1290      74566563 
 1290      746F7200 
 1291              	.LASF20:
 1292 0215 6973725F 		.ascii	"isr_1_Interrupt\000"
 1292      315F496E 
 1292      74657272 
 1292      75707400 
 1293              	.LASF5:
 1294 0225 6C6F6E67 		.ascii	"long int\000"
 1294      20696E74 
 1294      00
 1295              	.LASF1:
 1296 022e 7369676E 		.ascii	"signed char\000"
 1296      65642063 
 1296      68617200 
 1297              	.LASF21:
 1298 023a 6973725F 		.ascii	"isr_1_StartEx\000"
 1298      315F5374 
 1298      61727445 
 1298      7800
 1299              	.LASF35:
 1300 0248 433A5C55 		.ascii	"C:\\Users\\Schuyler\\Documents\\PSoC Creator\\CANBu"
 1300      73657273 
 1300      5C536368 
 1300      75796C65 
ARM GAS  C:\Users\Schuyler\AppData\Local\Temp\ccUr3b2u.s 			page 33


 1300      725C446F 
 1301 0276 73546573 		.ascii	"sTest\\Transmitter\\Design02.cydsn\000"
 1301      745C5472 
 1301      616E736D 
 1301      69747465 
 1301      725C4465 
 1302              	.LASF22:
 1303 0297 6973725F 		.ascii	"isr_1_SetVector\000"
 1303      315F5365 
 1303      74566563 
 1303      746F7200 
 1304              		.ident	"GCC: (GNU Tools for ARM Embedded Processors) 4.9.3 20150303 (release) [ARM/embedded-4_9-br
