ARM GAS  C:\Users\Schuyler\AppData\Local\Temp\ccoErYOD.s 			page 1


   1              		.syntax unified
   2              		.cpu cortex-m3
   3              		.fpu softvfp
   4              		.eabi_attribute 20, 1
   5              		.eabi_attribute 21, 1
   6              		.eabi_attribute 23, 3
   7              		.eabi_attribute 24, 1
   8              		.eabi_attribute 25, 1
   9              		.eabi_attribute 26, 1
  10              		.eabi_attribute 30, 6
  11              		.eabi_attribute 34, 1
  12              		.eabi_attribute 18, 4
  13              		.thumb
  14              		.file	"main.c"
  15              		.text
  16              	.Ltext0:
  17              		.cfi_sections	.debug_frame
  18              		.global	Tx_Data
  19              		.bss
  20              		.type	Tx_Data, %object
  21              		.size	Tx_Data, 1
  22              	Tx_Data:
  23 0000 00       		.space	1
  24              		.section	.rodata
  25              		.align	2
  26              	.LC0:
  27 0000 01       		.byte	1
  28 0001 02       		.byte	2
  29 0002 03       		.byte	3
  30 0003 04       		.byte	4
  31 0004 05       		.byte	5
  32 0005 06       		.byte	6
  33 0006 07       		.byte	7
  34 0007 08       		.byte	8
  35              		.section	.text.main,"ax",%progbits
  36              		.align	2
  37              		.global	main
  38              		.thumb
  39              		.thumb_func
  40              		.type	main, %function
  41              	main:
  42              	.LFB63:
  43              		.file 1 "main.c"
   1:main.c        **** /* ========================================
   2:main.c        ****  * CAN BUS Transmission Firmware
   3:main.c        ****  * Schuyler Alschuler (FRUCD)
   4:main.c        ****  * ========================================
   5:main.c        **** */
   6:main.c        **** #include <project.h>
   7:main.c        **** #include "can_manga.h"
   8:main.c        **** uint8 Tx_Data = 0x0;
   9:main.c        **** 
  10:main.c        **** int main()
  11:main.c        **** {
  44              		.loc 1 11 0
  45              		.cfi_startproc
  46              		@ args = 0, pretend = 0, frame = 8
ARM GAS  C:\Users\Schuyler\AppData\Local\Temp\ccoErYOD.s 			page 2


  47              		@ frame_needed = 1, uses_anonymous_args = 0
  48 0000 80B5     		push	{r7, lr}
  49              		.cfi_def_cfa_offset 8
  50              		.cfi_offset 7, -8
  51              		.cfi_offset 14, -4
  52 0002 82B0     		sub	sp, sp, #8
  53              		.cfi_def_cfa_offset 16
  54 0004 00AF     		add	r7, sp, #0
  55              		.cfi_def_cfa_register 7
  12:main.c        ****  CAN_1_Start();
  56              		.loc 1 12 0
  57 0006 FFF7FEFF 		bl	CAN_1_Start
  13:main.c        ****  //Timer_1_Start();
  14:main.c        ****  //isr_1_Start();
  15:main.c        **** 
  16:main.c        ****  CyGlobalIntEnable;
  58              		.loc 1 16 0
  59              	@ 16 "main.c" 1
  60 000a 62B6     		CPSIE   i
  61              	@ 0 "" 2
  17:main.c        **** uint8_t data[8] = {0x01,0x02,0x03,0x04,0x05,0x06,0x07,0x08};
  62              		.loc 1 17 0
  63              		.thumb
  64 000c 094A     		ldr	r2, .L3
  65 000e 3B46     		mov	r3, r7
  66 0010 1068     		ldr	r0, [r2]	@ unaligned
  67 0012 5168     		ldr	r1, [r2, #4]	@ unaligned
  68 0014 03C3     		stmia	r3!, {r0, r1}
  69              	.L2:
  18:main.c        ****  for(;;) /* do forever */
  19:main.c        ****  {    
  20:main.c        ****     can_send(data, 0x600);
  70              		.loc 1 20 0 discriminator 1
  71 0016 3B46     		mov	r3, r7
  72 0018 1846     		mov	r0, r3
  73 001a 4FF4C061 		mov	r1, #1536
  74 001e FFF7FEFF 		bl	can_send
  21:main.c        ****     CyDelay(1000);
  75              		.loc 1 21 0 discriminator 1
  76 0022 4FF47A70 		mov	r0, #1000
  77 0026 FFF7FEFF 		bl	CyDelay
  22:main.c        ****     data[0]++;
  78              		.loc 1 22 0 discriminator 1
  79 002a 3B78     		ldrb	r3, [r7]	@ zero_extendqisi2
  80 002c 0133     		adds	r3, r3, #1
  81 002e DBB2     		uxtb	r3, r3
  82 0030 3B70     		strb	r3, [r7]
  23:main.c        ****     
  24:main.c        ****     /*
  25:main.c        ****     CAN_1_SendMsg1(); // Sends message to mailboxes 0 and 1 respectively.
  26:main.c        ****     CAN_1_SendMsg0(); // Sends whatever data is held in Tx_Data
  27:main.c        ****     LED_1_Write(1);
  28:main.c        ****     CyDelay(200);
  29:main.c        ****     LED_1_Write(0);
  30:main.c        ****     CyDelay(500);
  31:main.c        ****     */   
  32:main.c        ****     
ARM GAS  C:\Users\Schuyler\AppData\Local\Temp\ccoErYOD.s 			page 3


  33:main.c        ****  }
  83              		.loc 1 33 0 discriminator 1
  84 0032 F0E7     		b	.L2
  85              	.L4:
  86              		.align	2
  87              	.L3:
  88 0034 00000000 		.word	.LC0
  89              		.cfi_endproc
  90              	.LFE63:
  91              		.size	main, .-main
  92              		.text
  93              	.Letext0:
  94              		.file 2 "c:\\program files (x86)\\cypress\\psoc creator\\4.0\\psoc creator\\import\\gnu\\arm\\4.9.
  95              		.file 3 "c:\\program files (x86)\\cypress\\psoc creator\\4.0\\psoc creator\\import\\gnu\\arm\\4.9.
  96              		.file 4 "Generated_Source\\PSoC5/cytypes.h"
  97              		.file 5 "Generated_Source\\PSoC5/core_cm3.h"
  98              		.section	.debug_info,"",%progbits
  99              	.Ldebug_info0:
 100 0000 16010000 		.4byte	0x116
 101 0004 0400     		.2byte	0x4
 102 0006 00000000 		.4byte	.Ldebug_abbrev0
 103 000a 04       		.byte	0x4
 104 000b 01       		.uleb128 0x1
 105 000c AB000000 		.4byte	.LASF20
 106 0010 01       		.byte	0x1
 107 0011 2E000000 		.4byte	.LASF21
 108 0015 56010000 		.4byte	.LASF22
 109 0019 00000000 		.4byte	.Ldebug_ranges0+0
 110 001d 00000000 		.4byte	0
 111 0021 00000000 		.4byte	.Ldebug_line0
 112 0025 02       		.uleb128 0x2
 113 0026 01       		.byte	0x1
 114 0027 06       		.byte	0x6
 115 0028 3A000000 		.4byte	.LASF0
 116 002c 03       		.uleb128 0x3
 117 002d 90000000 		.4byte	.LASF4
 118 0031 02       		.byte	0x2
 119 0032 1D       		.byte	0x1d
 120 0033 37000000 		.4byte	0x37
 121 0037 02       		.uleb128 0x2
 122 0038 01       		.byte	0x1
 123 0039 08       		.byte	0x8
 124 003a 82000000 		.4byte	.LASF1
 125 003e 02       		.uleb128 0x2
 126 003f 02       		.byte	0x2
 127 0040 05       		.byte	0x5
 128 0041 B5010000 		.4byte	.LASF2
 129 0045 02       		.uleb128 0x2
 130 0046 02       		.byte	0x2
 131 0047 07       		.byte	0x7
 132 0048 0E000000 		.4byte	.LASF3
 133 004c 03       		.uleb128 0x3
 134 004d A5010000 		.4byte	.LASF5
 135 0051 02       		.byte	0x2
 136 0052 3F       		.byte	0x3f
 137 0053 57000000 		.4byte	0x57
 138 0057 02       		.uleb128 0x2
ARM GAS  C:\Users\Schuyler\AppData\Local\Temp\ccoErYOD.s 			page 4


 139 0058 04       		.byte	0x4
 140 0059 05       		.byte	0x5
 141 005a A2000000 		.4byte	.LASF6
 142 005e 02       		.uleb128 0x2
 143 005f 04       		.byte	0x4
 144 0060 07       		.byte	0x7
 145 0061 4C000000 		.4byte	.LASF7
 146 0065 02       		.uleb128 0x2
 147 0066 08       		.byte	0x8
 148 0067 05       		.byte	0x5
 149 0068 00000000 		.4byte	.LASF8
 150 006c 02       		.uleb128 0x2
 151 006d 08       		.byte	0x8
 152 006e 07       		.byte	0x7
 153 006f 5E000000 		.4byte	.LASF9
 154 0073 04       		.uleb128 0x4
 155 0074 04       		.byte	0x4
 156 0075 05       		.byte	0x5
 157 0076 696E7400 		.ascii	"int\000"
 158 007a 02       		.uleb128 0x2
 159 007b 04       		.byte	0x4
 160 007c 07       		.byte	0x7
 161 007d 21000000 		.4byte	.LASF10
 162 0081 03       		.uleb128 0x3
 163 0082 7A000000 		.4byte	.LASF11
 164 0086 03       		.byte	0x3
 165 0087 15       		.byte	0x15
 166 0088 2C000000 		.4byte	0x2c
 167 008c 03       		.uleb128 0x3
 168 008d BF010000 		.4byte	.LASF12
 169 0091 03       		.byte	0x3
 170 0092 2C       		.byte	0x2c
 171 0093 4C000000 		.4byte	0x4c
 172 0097 05       		.uleb128 0x5
 173 0098 46000000 		.4byte	.LASF13
 174 009c 04       		.byte	0x4
 175 009d 9201     		.2byte	0x192
 176 009f 37000000 		.4byte	0x37
 177 00a3 02       		.uleb128 0x2
 178 00a4 04       		.byte	0x4
 179 00a5 04       		.byte	0x4
 180 00a6 AF010000 		.4byte	.LASF14
 181 00aa 02       		.uleb128 0x2
 182 00ab 08       		.byte	0x8
 183 00ac 04       		.byte	0x4
 184 00ad 39010000 		.4byte	.LASF15
 185 00b1 02       		.uleb128 0x2
 186 00b2 01       		.byte	0x1
 187 00b3 08       		.byte	0x8
 188 00b4 C7010000 		.4byte	.LASF16
 189 00b8 02       		.uleb128 0x2
 190 00b9 04       		.byte	0x4
 191 00ba 07       		.byte	0x7
 192 00bb 40010000 		.4byte	.LASF17
 193 00bf 06       		.uleb128 0x6
 194 00c0 35000000 		.4byte	.LASF23
 195 00c4 01       		.byte	0x1
ARM GAS  C:\Users\Schuyler\AppData\Local\Temp\ccoErYOD.s 			page 5


 196 00c5 0A       		.byte	0xa
 197 00c6 73000000 		.4byte	0x73
 198 00ca 00000000 		.4byte	.LFB63
 199 00ce 38000000 		.4byte	.LFE63-.LFB63
 200 00d2 01       		.uleb128 0x1
 201 00d3 9C       		.byte	0x9c
 202 00d4 E7000000 		.4byte	0xe7
 203 00d8 07       		.uleb128 0x7
 204 00d9 75000000 		.4byte	.LASF24
 205 00dd 01       		.byte	0x1
 206 00de 11       		.byte	0x11
 207 00df E7000000 		.4byte	0xe7
 208 00e3 02       		.uleb128 0x2
 209 00e4 91       		.byte	0x91
 210 00e5 70       		.sleb128 -16
 211 00e6 00       		.byte	0
 212 00e7 08       		.uleb128 0x8
 213 00e8 81000000 		.4byte	0x81
 214 00ec F7000000 		.4byte	0xf7
 215 00f0 09       		.uleb128 0x9
 216 00f1 B8000000 		.4byte	0xb8
 217 00f5 07       		.byte	0x7
 218 00f6 00       		.byte	0
 219 00f7 0A       		.uleb128 0xa
 220 00f8 49010000 		.4byte	.LASF18
 221 00fc 05       		.byte	0x5
 222 00fd 9606     		.2byte	0x696
 223 00ff 03010000 		.4byte	0x103
 224 0103 0B       		.uleb128 0xb
 225 0104 8C000000 		.4byte	0x8c
 226 0108 0C       		.uleb128 0xc
 227 0109 9A000000 		.4byte	.LASF19
 228 010d 01       		.byte	0x1
 229 010e 08       		.byte	0x8
 230 010f 97000000 		.4byte	0x97
 231 0113 05       		.uleb128 0x5
 232 0114 03       		.byte	0x3
 233 0115 00000000 		.4byte	Tx_Data
 234 0119 00       		.byte	0
 235              		.section	.debug_abbrev,"",%progbits
 236              	.Ldebug_abbrev0:
 237 0000 01       		.uleb128 0x1
 238 0001 11       		.uleb128 0x11
 239 0002 01       		.byte	0x1
 240 0003 25       		.uleb128 0x25
 241 0004 0E       		.uleb128 0xe
 242 0005 13       		.uleb128 0x13
 243 0006 0B       		.uleb128 0xb
 244 0007 03       		.uleb128 0x3
 245 0008 0E       		.uleb128 0xe
 246 0009 1B       		.uleb128 0x1b
 247 000a 0E       		.uleb128 0xe
 248 000b 55       		.uleb128 0x55
 249 000c 17       		.uleb128 0x17
 250 000d 11       		.uleb128 0x11
 251 000e 01       		.uleb128 0x1
 252 000f 10       		.uleb128 0x10
ARM GAS  C:\Users\Schuyler\AppData\Local\Temp\ccoErYOD.s 			page 6


 253 0010 17       		.uleb128 0x17
 254 0011 00       		.byte	0
 255 0012 00       		.byte	0
 256 0013 02       		.uleb128 0x2
 257 0014 24       		.uleb128 0x24
 258 0015 00       		.byte	0
 259 0016 0B       		.uleb128 0xb
 260 0017 0B       		.uleb128 0xb
 261 0018 3E       		.uleb128 0x3e
 262 0019 0B       		.uleb128 0xb
 263 001a 03       		.uleb128 0x3
 264 001b 0E       		.uleb128 0xe
 265 001c 00       		.byte	0
 266 001d 00       		.byte	0
 267 001e 03       		.uleb128 0x3
 268 001f 16       		.uleb128 0x16
 269 0020 00       		.byte	0
 270 0021 03       		.uleb128 0x3
 271 0022 0E       		.uleb128 0xe
 272 0023 3A       		.uleb128 0x3a
 273 0024 0B       		.uleb128 0xb
 274 0025 3B       		.uleb128 0x3b
 275 0026 0B       		.uleb128 0xb
 276 0027 49       		.uleb128 0x49
 277 0028 13       		.uleb128 0x13
 278 0029 00       		.byte	0
 279 002a 00       		.byte	0
 280 002b 04       		.uleb128 0x4
 281 002c 24       		.uleb128 0x24
 282 002d 00       		.byte	0
 283 002e 0B       		.uleb128 0xb
 284 002f 0B       		.uleb128 0xb
 285 0030 3E       		.uleb128 0x3e
 286 0031 0B       		.uleb128 0xb
 287 0032 03       		.uleb128 0x3
 288 0033 08       		.uleb128 0x8
 289 0034 00       		.byte	0
 290 0035 00       		.byte	0
 291 0036 05       		.uleb128 0x5
 292 0037 16       		.uleb128 0x16
 293 0038 00       		.byte	0
 294 0039 03       		.uleb128 0x3
 295 003a 0E       		.uleb128 0xe
 296 003b 3A       		.uleb128 0x3a
 297 003c 0B       		.uleb128 0xb
 298 003d 3B       		.uleb128 0x3b
 299 003e 05       		.uleb128 0x5
 300 003f 49       		.uleb128 0x49
 301 0040 13       		.uleb128 0x13
 302 0041 00       		.byte	0
 303 0042 00       		.byte	0
 304 0043 06       		.uleb128 0x6
 305 0044 2E       		.uleb128 0x2e
 306 0045 01       		.byte	0x1
 307 0046 3F       		.uleb128 0x3f
 308 0047 19       		.uleb128 0x19
 309 0048 03       		.uleb128 0x3
ARM GAS  C:\Users\Schuyler\AppData\Local\Temp\ccoErYOD.s 			page 7


 310 0049 0E       		.uleb128 0xe
 311 004a 3A       		.uleb128 0x3a
 312 004b 0B       		.uleb128 0xb
 313 004c 3B       		.uleb128 0x3b
 314 004d 0B       		.uleb128 0xb
 315 004e 49       		.uleb128 0x49
 316 004f 13       		.uleb128 0x13
 317 0050 11       		.uleb128 0x11
 318 0051 01       		.uleb128 0x1
 319 0052 12       		.uleb128 0x12
 320 0053 06       		.uleb128 0x6
 321 0054 40       		.uleb128 0x40
 322 0055 18       		.uleb128 0x18
 323 0056 9642     		.uleb128 0x2116
 324 0058 19       		.uleb128 0x19
 325 0059 01       		.uleb128 0x1
 326 005a 13       		.uleb128 0x13
 327 005b 00       		.byte	0
 328 005c 00       		.byte	0
 329 005d 07       		.uleb128 0x7
 330 005e 34       		.uleb128 0x34
 331 005f 00       		.byte	0
 332 0060 03       		.uleb128 0x3
 333 0061 0E       		.uleb128 0xe
 334 0062 3A       		.uleb128 0x3a
 335 0063 0B       		.uleb128 0xb
 336 0064 3B       		.uleb128 0x3b
 337 0065 0B       		.uleb128 0xb
 338 0066 49       		.uleb128 0x49
 339 0067 13       		.uleb128 0x13
 340 0068 02       		.uleb128 0x2
 341 0069 18       		.uleb128 0x18
 342 006a 00       		.byte	0
 343 006b 00       		.byte	0
 344 006c 08       		.uleb128 0x8
 345 006d 01       		.uleb128 0x1
 346 006e 01       		.byte	0x1
 347 006f 49       		.uleb128 0x49
 348 0070 13       		.uleb128 0x13
 349 0071 01       		.uleb128 0x1
 350 0072 13       		.uleb128 0x13
 351 0073 00       		.byte	0
 352 0074 00       		.byte	0
 353 0075 09       		.uleb128 0x9
 354 0076 21       		.uleb128 0x21
 355 0077 00       		.byte	0
 356 0078 49       		.uleb128 0x49
 357 0079 13       		.uleb128 0x13
 358 007a 2F       		.uleb128 0x2f
 359 007b 0B       		.uleb128 0xb
 360 007c 00       		.byte	0
 361 007d 00       		.byte	0
 362 007e 0A       		.uleb128 0xa
 363 007f 34       		.uleb128 0x34
 364 0080 00       		.byte	0
 365 0081 03       		.uleb128 0x3
 366 0082 0E       		.uleb128 0xe
ARM GAS  C:\Users\Schuyler\AppData\Local\Temp\ccoErYOD.s 			page 8


 367 0083 3A       		.uleb128 0x3a
 368 0084 0B       		.uleb128 0xb
 369 0085 3B       		.uleb128 0x3b
 370 0086 05       		.uleb128 0x5
 371 0087 49       		.uleb128 0x49
 372 0088 13       		.uleb128 0x13
 373 0089 3F       		.uleb128 0x3f
 374 008a 19       		.uleb128 0x19
 375 008b 3C       		.uleb128 0x3c
 376 008c 19       		.uleb128 0x19
 377 008d 00       		.byte	0
 378 008e 00       		.byte	0
 379 008f 0B       		.uleb128 0xb
 380 0090 35       		.uleb128 0x35
 381 0091 00       		.byte	0
 382 0092 49       		.uleb128 0x49
 383 0093 13       		.uleb128 0x13
 384 0094 00       		.byte	0
 385 0095 00       		.byte	0
 386 0096 0C       		.uleb128 0xc
 387 0097 34       		.uleb128 0x34
 388 0098 00       		.byte	0
 389 0099 03       		.uleb128 0x3
 390 009a 0E       		.uleb128 0xe
 391 009b 3A       		.uleb128 0x3a
 392 009c 0B       		.uleb128 0xb
 393 009d 3B       		.uleb128 0x3b
 394 009e 0B       		.uleb128 0xb
 395 009f 49       		.uleb128 0x49
 396 00a0 13       		.uleb128 0x13
 397 00a1 3F       		.uleb128 0x3f
 398 00a2 19       		.uleb128 0x19
 399 00a3 02       		.uleb128 0x2
 400 00a4 18       		.uleb128 0x18
 401 00a5 00       		.byte	0
 402 00a6 00       		.byte	0
 403 00a7 00       		.byte	0
 404              		.section	.debug_aranges,"",%progbits
 405 0000 1C000000 		.4byte	0x1c
 406 0004 0200     		.2byte	0x2
 407 0006 00000000 		.4byte	.Ldebug_info0
 408 000a 04       		.byte	0x4
 409 000b 00       		.byte	0
 410 000c 0000     		.2byte	0
 411 000e 0000     		.2byte	0
 412 0010 00000000 		.4byte	.LFB63
 413 0014 38000000 		.4byte	.LFE63-.LFB63
 414 0018 00000000 		.4byte	0
 415 001c 00000000 		.4byte	0
 416              		.section	.debug_ranges,"",%progbits
 417              	.Ldebug_ranges0:
 418 0000 00000000 		.4byte	.LFB63
 419 0004 38000000 		.4byte	.LFE63
 420 0008 00000000 		.4byte	0
 421 000c 00000000 		.4byte	0
 422              		.section	.debug_line,"",%progbits
 423              	.Ldebug_line0:
ARM GAS  C:\Users\Schuyler\AppData\Local\Temp\ccoErYOD.s 			page 9


 424 0000 75010000 		.section	.debug_str,"MS",%progbits,1
 424      02004701 
 424      00000201 
 424      FB0E0D00 
 424      01010101 
 425              	.LASF8:
 426 0000 6C6F6E67 		.ascii	"long long int\000"
 426      206C6F6E 
 426      6720696E 
 426      7400
 427              	.LASF3:
 428 000e 73686F72 		.ascii	"short unsigned int\000"
 428      7420756E 
 428      7369676E 
 428      65642069 
 428      6E7400
 429              	.LASF10:
 430 0021 756E7369 		.ascii	"unsigned int\000"
 430      676E6564 
 430      20696E74 
 430      00
 431              	.LASF21:
 432 002e 6D61696E 		.ascii	"main.c\000"
 432      2E6300
 433              	.LASF23:
 434 0035 6D61696E 		.ascii	"main\000"
 434      00
 435              	.LASF0:
 436 003a 7369676E 		.ascii	"signed char\000"
 436      65642063 
 436      68617200 
 437              	.LASF13:
 438 0046 75696E74 		.ascii	"uint8\000"
 438      3800
 439              	.LASF7:
 440 004c 6C6F6E67 		.ascii	"long unsigned int\000"
 440      20756E73 
 440      69676E65 
 440      6420696E 
 440      7400
 441              	.LASF9:
 442 005e 6C6F6E67 		.ascii	"long long unsigned int\000"
 442      206C6F6E 
 442      6720756E 
 442      7369676E 
 442      65642069 
 443              	.LASF24:
 444 0075 64617461 		.ascii	"data\000"
 444      00
 445              	.LASF11:
 446 007a 75696E74 		.ascii	"uint8_t\000"
 446      385F7400 
 447              	.LASF1:
 448 0082 756E7369 		.ascii	"unsigned char\000"
 448      676E6564 
 448      20636861 
 448      7200
ARM GAS  C:\Users\Schuyler\AppData\Local\Temp\ccoErYOD.s 			page 10


 449              	.LASF4:
 450 0090 5F5F7569 		.ascii	"__uint8_t\000"
 450      6E74385F 
 450      7400
 451              	.LASF19:
 452 009a 54785F44 		.ascii	"Tx_Data\000"
 452      61746100 
 453              	.LASF6:
 454 00a2 6C6F6E67 		.ascii	"long int\000"
 454      20696E74 
 454      00
 455              	.LASF20:
 456 00ab 474E5520 		.ascii	"GNU C 4.9.3 20150303 (release) [ARM/embedded-4_9-br"
 456      4320342E 
 456      392E3320 
 456      32303135 
 456      30333033 
 457 00de 616E6368 		.ascii	"anch revision 221220] -mcpu=cortex-m3 -mthumb -g -O"
 457      20726576 
 457      6973696F 
 457      6E203232 
 457      31323230 
 458 0111 30202D66 		.ascii	"0 -ffunction-sections -ffat-lto-objects\000"
 458      66756E63 
 458      74696F6E 
 458      2D736563 
 458      74696F6E 
 459              	.LASF15:
 460 0139 646F7562 		.ascii	"double\000"
 460      6C6500
 461              	.LASF17:
 462 0140 73697A65 		.ascii	"sizetype\000"
 462      74797065 
 462      00
 463              	.LASF18:
 464 0149 49544D5F 		.ascii	"ITM_RxBuffer\000"
 464      52784275 
 464      66666572 
 464      00
 465              	.LASF22:
 466 0156 433A5C55 		.ascii	"C:\\Users\\Schuyler\\Documents\\PSoC Creator\\CANBu"
 466      73657273 
 466      5C536368 
 466      75796C65 
 466      725C446F 
 467 0184 73546573 		.ascii	"sTest\\Transmitter\\Design02.cydsn\000"
 467      745C5472 
 467      616E736D 
 467      69747465 
 467      725C4465 
 468              	.LASF5:
 469 01a5 5F5F696E 		.ascii	"__int32_t\000"
 469      7433325F 
 469      7400
 470              	.LASF14:
 471 01af 666C6F61 		.ascii	"float\000"
 471      7400
ARM GAS  C:\Users\Schuyler\AppData\Local\Temp\ccoErYOD.s 			page 11


 472              	.LASF2:
 473 01b5 73686F72 		.ascii	"short int\000"
 473      7420696E 
 473      7400
 474              	.LASF12:
 475 01bf 696E7433 		.ascii	"int32_t\000"
 475      325F7400 
 476              	.LASF16:
 477 01c7 63686172 		.ascii	"char\000"
 477      00
 478              		.ident	"GCC: (GNU Tools for ARM Embedded Processors) 4.9.3 20150303 (release) [ARM/embedded-4_9-br
