--------------- Rebuild Started: 01/28/2017 11:42:55 Project: Design02, Configuration: ARM GCC 4.9-2015-q1-update Debug ---------------
Deleting file ".\CortexM3\ARM_GCC_493\Debug\main.o"
Deleting file ".\CortexM3\ARM_GCC_493\Debug\can_manga.o"
Deleting file ".\CortexM3\ARM_GCC_493\Debug\cyfitter_cfg.o"
Deleting file ".\CortexM3\ARM_GCC_493\Debug\cymetadata.o"
Deleting file ".\CortexM3\ARM_GCC_493\Debug\Cm3Start.o"
Deleting file ".\CortexM3\ARM_GCC_493\Debug\CyBootAsmGnu.o"
Deleting file ".\CortexM3\ARM_GCC_493\Debug\CyDmac.o"
Deleting file ".\CortexM3\ARM_GCC_493\Debug\CyFlash.o"
Deleting file ".\CortexM3\ARM_GCC_493\Debug\CyLib.o"
Deleting file ".\CortexM3\ARM_GCC_493\Debug\cyPm.o"
Deleting file ".\CortexM3\ARM_GCC_493\Debug\CySpc.o"
Deleting file ".\CortexM3\ARM_GCC_493\Debug\cyutils.o"
Deleting file ".\CortexM3\ARM_GCC_493\Debug\Rx_1.o"
Deleting file ".\CortexM3\ARM_GCC_493\Debug\Tx_1.o"
Deleting file ".\CortexM3\ARM_GCC_493\Debug\CAN_1.o"
Deleting file ".\CortexM3\ARM_GCC_493\Debug\CAN_1_INT.o"
Deleting file ".\CortexM3\ARM_GCC_493\Debug\CAN_1_PM.o"
Deleting file ".\CortexM3\ARM_GCC_493\Debug\CAN_1_TX_RX_func.o"
Deleting file ".\CortexM3\ARM_GCC_493\Debug\Timer_1.o"
Deleting file ".\CortexM3\ARM_GCC_493\Debug\Timer_1_PM.o"
Deleting file ".\CortexM3\ARM_GCC_493\Debug\isr_1.o"
Deleting file ".\CortexM3\ARM_GCC_493\Debug\LED_1.o"
Deleting file ".\CortexM3\ARM_GCC_493\Debug\Design02.hex"
Deleting file ".\CortexM3\ARM_GCC_493\Debug\Design02.elf"
Deleting file ".\CortexM3\ARM_GCC_493\Debug\Design02.map"
Deleting file ".\Design02.cycdx"
Deleting file ".\Design02.svd"
Deleting file ".\Design02.rpt"
Deleting file ".\Design02_timing.html"
Deleting file ".\CortexM3\ARM_GCC_493\Debug\.deps\SOURCE_C__ARM_GCC_GENERIC.P"
Deleting file ".\CortexM3\ARM_GCC_493\Debug\.deps\SOURCE_ASM__ARM_GCC_GENERIC.P"
cydsfit.exe -.appdatapath "C:\Users\Schuyler\AppData\Local\Cypress Semiconductor\PSoC Creator\4.0" -.fdsnotice -.fdswarpdepfile=warp_dependencies.txt -.fdselabdepfile=elab_dependencies.txt -.fdsbldfile=generated_files.txt -.fdsreffile=referenced_files.txt -p "C:\Users\Schuyler\Documents\PSoC Creator\CANBusTest\Transmitter\Design02.cydsn\Design02.cyprj" -d CY8C5888LTI-LP097 -s "C:\Users\Schuyler\Documents\PSoC Creator\CANBusTest\Transmitter\Design02.cydsn\Generated_Source\PSoC5" -- -yv2 -q10 -ygs -o2 -v3 -.fftcfgtype=LE
Elaborating Design...
ADD: sdb.M0060: warning: Warning in component: CAN_1. The BUS_CLK clock accuracy should be 0.5% or better. Please, use an external XTAL or external clock source to meet the CAN accurate clocking requirements.
 * C:\Users\Schuyler\Documents\PSoC Creator\CANBusTest\Transmitter\Design02.cydsn\TopDesign\TopDesign.cysch (Instance:CAN_1)
HDL Generation...
Synthesis...
Tech Mapping...
Analog Placement...
Analog Routing...
Analog Code Generation...
Digital Placement...
Digital Routing...
Bitstream Generation...
Bitstream Verification...
Static timing analysis...
API Generation...
Dependency Generation...
Cleanup...
arm-none-eabi-gcc.exe -mcpu=cortex-m3 -mthumb -I. -IGenerated_Source\PSoC5 -Wa,-alh=.\CortexM3\ARM_GCC_493\Debug/main.lst -g -D DEBUG -Wall -ffunction-sections -O0 -ffat-lto-objects -c main.c -o .\CortexM3\ARM_GCC_493\Debug\main.o
arm-none-eabi-gcc.exe -mcpu=cortex-m3 -mthumb -I. -IGenerated_Source\PSoC5 -Wa,-alh=.\CortexM3\ARM_GCC_493\Debug/can_manga.lst -g -D DEBUG -Wall -ffunction-sections -O0 -ffat-lto-objects -c can_manga.c -o .\CortexM3\ARM_GCC_493\Debug\can_manga.o
arm-none-eabi-gcc.exe -mcpu=cortex-m3 -mthumb -I. -IGenerated_Source\PSoC5 -Wa,-alh=.\CortexM3\ARM_GCC_493\Debug/cyfitter_cfg.lst -g -D DEBUG -Wall -ffunction-sections -O0 -ffat-lto-objects -c Generated_Source\PSoC5\cyfitter_cfg.c -o .\CortexM3\ARM_GCC_493\Debug\cyfitter_cfg.o
arm-none-eabi-gcc.exe -mcpu=cortex-m3 -mthumb -I. -IGenerated_Source\PSoC5 -Wa,-alh=.\CortexM3\ARM_GCC_493\Debug/cymetadata.lst -g -D DEBUG -Wall -ffunction-sections -O0 -ffat-lto-objects -c Generated_Source\PSoC5\cymetadata.c -o .\CortexM3\ARM_GCC_493\Debug\cymetadata.o
arm-none-eabi-gcc.exe -mcpu=cortex-m3 -mthumb -I. -IGenerated_Source\PSoC5 -Wa,-alh=.\CortexM3\ARM_GCC_493\Debug/Cm3Start.lst -g -D DEBUG -Wall -ffunction-sections -O0 -ffat-lto-objects -c Generated_Source\PSoC5\Cm3Start.c -o .\CortexM3\ARM_GCC_493\Debug\Cm3Start.o
arm-none-eabi-gcc.exe -mcpu=cortex-m3 -mthumb -I. -IGenerated_Source\PSoC5 -Wa,-alh=.\CortexM3\ARM_GCC_493\Debug/CyDmac.lst -g -D DEBUG -Wall -ffunction-sections -O0 -ffat-lto-objects -c Generated_Source\PSoC5\CyDmac.c -o .\CortexM3\ARM_GCC_493\Debug\CyDmac.o
arm-none-eabi-gcc.exe -mcpu=cortex-m3 -mthumb -I. -IGenerated_Source\PSoC5 -Wa,-alh=.\CortexM3\ARM_GCC_493\Debug/CyFlash.lst -g -D DEBUG -Wall -ffunction-sections -O0 -ffat-lto-objects -c Generated_Source\PSoC5\CyFlash.c -o .\CortexM3\ARM_GCC_493\Debug\CyFlash.o
arm-none-eabi-gcc.exe -mcpu=cortex-m3 -mthumb -I. -IGenerated_Source\PSoC5 -Wa,-alh=.\CortexM3\ARM_GCC_493\Debug/CyLib.lst -g -D DEBUG -Wall -ffunction-sections -O0 -ffat-lto-objects -c Generated_Source\PSoC5\CyLib.c -o .\CortexM3\ARM_GCC_493\Debug\CyLib.o
arm-none-eabi-gcc.exe -mcpu=cortex-m3 -mthumb -I. -IGenerated_Source\PSoC5 -Wa,-alh=.\CortexM3\ARM_GCC_493\Debug/cyPm.lst -g -D DEBUG -Wall -ffunction-sections -O0 -ffat-lto-objects -c Generated_Source\PSoC5\cyPm.c -o .\CortexM3\ARM_GCC_493\Debug\cyPm.o
arm-none-eabi-gcc.exe -mcpu=cortex-m3 -mthumb -I. -IGenerated_Source\PSoC5 -Wa,-alh=.\CortexM3\ARM_GCC_493\Debug/CySpc.lst -g -D DEBUG -Wall -ffunction-sections -O0 -ffat-lto-objects -c Generated_Source\PSoC5\CySpc.c -o .\CortexM3\ARM_GCC_493\Debug\CySpc.o
arm-none-eabi-gcc.exe -mcpu=cortex-m3 -mthumb -I. -IGenerated_Source\PSoC5 -Wa,-alh=.\CortexM3\ARM_GCC_493\Debug/cyutils.lst -g -D DEBUG -Wall -ffunction-sections -O0 -ffat-lto-objects -c Generated_Source\PSoC5\cyutils.c -o .\CortexM3\ARM_GCC_493\Debug\cyutils.o
arm-none-eabi-gcc.exe -mcpu=cortex-m3 -mthumb -I. -IGenerated_Source\PSoC5 -Wa,-alh=.\CortexM3\ARM_GCC_493\Debug/Rx_1.lst -g -D DEBUG -Wall -ffunction-sections -O0 -ffat-lto-objects -c Generated_Source\PSoC5\Rx_1.c -o .\CortexM3\ARM_GCC_493\Debug\Rx_1.o
arm-none-eabi-gcc.exe -mcpu=cortex-m3 -mthumb -I. -IGenerated_Source\PSoC5 -Wa,-alh=.\CortexM3\ARM_GCC_493\Debug/Tx_1.lst -g -D DEBUG -Wall -ffunction-sections -O0 -ffat-lto-objects -c Generated_Source\PSoC5\Tx_1.c -o .\CortexM3\ARM_GCC_493\Debug\Tx_1.o
arm-none-eabi-gcc.exe -mcpu=cortex-m3 -mthumb -I. -IGenerated_Source\PSoC5 -Wa,-alh=.\CortexM3\ARM_GCC_493\Debug/CAN_1.lst -g -D DEBUG -Wall -ffunction-sections -O0 -ffat-lto-objects -c Generated_Source\PSoC5\CAN_1.c -o .\CortexM3\ARM_GCC_493\Debug\CAN_1.o
arm-none-eabi-gcc.exe -mcpu=cortex-m3 -mthumb -I. -IGenerated_Source\PSoC5 -Wa,-alh=.\CortexM3\ARM_GCC_493\Debug/CAN_1_INT.lst -g -D DEBUG -Wall -ffunction-sections -O0 -ffat-lto-objects -c Generated_Source\PSoC5\CAN_1_INT.c -o .\CortexM3\ARM_GCC_493\Debug\CAN_1_INT.o
arm-none-eabi-gcc.exe -mcpu=cortex-m3 -mthumb -I. -IGenerated_Source\PSoC5 -Wa,-alh=.\CortexM3\ARM_GCC_493\Debug/CAN_1_PM.lst -g -D DEBUG -Wall -ffunction-sections -O0 -ffat-lto-objects -c Generated_Source\PSoC5\CAN_1_PM.c -o .\CortexM3\ARM_GCC_493\Debug\CAN_1_PM.o
arm-none-eabi-gcc.exe -mcpu=cortex-m3 -mthumb -I. -IGenerated_Source\PSoC5 -Wa,-alh=.\CortexM3\ARM_GCC_493\Debug/CAN_1_TX_RX_func.lst -g -D DEBUG -Wall -ffunction-sections -O0 -ffat-lto-objects -c Generated_Source\PSoC5\CAN_1_TX_RX_func.c -o .\CortexM3\ARM_GCC_493\Debug\CAN_1_TX_RX_func.o
arm-none-eabi-gcc.exe -mcpu=cortex-m3 -mthumb -I. -IGenerated_Source\PSoC5 -Wa,-alh=.\CortexM3\ARM_GCC_493\Debug/Timer_1.lst -g -D DEBUG -Wall -ffunction-sections -O0 -ffat-lto-objects -c Generated_Source\PSoC5\Timer_1.c -o .\CortexM3\ARM_GCC_493\Debug\Timer_1.o
arm-none-eabi-gcc.exe -mcpu=cortex-m3 -mthumb -I. -IGenerated_Source\PSoC5 -Wa,-alh=.\CortexM3\ARM_GCC_493\Debug/Timer_1_PM.lst -g -D DEBUG -Wall -ffunction-sections -O0 -ffat-lto-objects -c Generated_Source\PSoC5\Timer_1_PM.c -o .\CortexM3\ARM_GCC_493\Debug\Timer_1_PM.o
arm-none-eabi-gcc.exe -mcpu=cortex-m3 -mthumb -I. -IGenerated_Source\PSoC5 -Wa,-alh=.\CortexM3\ARM_GCC_493\Debug/isr_1.lst -g -D DEBUG -Wall -ffunction-sections -O0 -ffat-lto-objects -c Generated_Source\PSoC5\isr_1.c -o .\CortexM3\ARM_GCC_493\Debug\isr_1.o
arm-none-eabi-gcc.exe -mcpu=cortex-m3 -mthumb -I. -IGenerated_Source\PSoC5 -Wa,-alh=.\CortexM3\ARM_GCC_493\Debug/LED_1.lst -g -D DEBUG -Wall -ffunction-sections -O0 -ffat-lto-objects -c Generated_Source\PSoC5\LED_1.c -o .\CortexM3\ARM_GCC_493\Debug\LED_1.o
arm-none-eabi-as.exe -mcpu=cortex-m3 -mthumb -I. -IGenerated_Source\PSoC5 -alh=.\CortexM3\ARM_GCC_493\Debug/CyBootAsmGnu.lst -g -W -o .\CortexM3\ARM_GCC_493\Debug\CyBootAsmGnu.o Generated_Source\PSoC5\CyBootAsmGnu.s
arm-none-eabi-ar.exe -rs .\CortexM3\ARM_GCC_493\Debug\Design02.a .\CortexM3\ARM_GCC_493\Debug\cyfitter_cfg.o .\CortexM3\ARM_GCC_493\Debug\CyDmac.o .\CortexM3\ARM_GCC_493\Debug\CyFlash.o .\CortexM3\ARM_GCC_493\Debug\CyLib.o .\CortexM3\ARM_GCC_493\Debug\cyPm.o .\CortexM3\ARM_GCC_493\Debug\CySpc.o .\CortexM3\ARM_GCC_493\Debug\cyutils.o .\CortexM3\ARM_GCC_493\Debug\Rx_1.o .\CortexM3\ARM_GCC_493\Debug\Tx_1.o .\CortexM3\ARM_GCC_493\Debug\CAN_1.o .\CortexM3\ARM_GCC_493\Debug\CAN_1_INT.o .\CortexM3\ARM_GCC_493\Debug\CAN_1_PM.o .\CortexM3\ARM_GCC_493\Debug\CAN_1_TX_RX_func.o .\CortexM3\ARM_GCC_493\Debug\Timer_1.o .\CortexM3\ARM_GCC_493\Debug\Timer_1_PM.o .\CortexM3\ARM_GCC_493\Debug\isr_1.o .\CortexM3\ARM_GCC_493\Debug\LED_1.o .\CortexM3\ARM_GCC_493\Debug\CyBootAsmGnu.o
arm-none-eabi-ar.exe: creating .\CortexM3\ARM_GCC_493\Debug\Design02.a
arm-none-eabi-gcc.exe -Wl,--start-group -o .\CortexM3\ARM_GCC_493\Debug\Design02.elf .\CortexM3\ARM_GCC_493\Debug\main.o .\CortexM3\ARM_GCC_493\Debug\can_manga.o .\CortexM3\ARM_GCC_493\Debug\cymetadata.o .\CortexM3\ARM_GCC_493\Debug\Cm3Start.o .\CortexM3\ARM_GCC_493\Debug\Design02.a "C:\Program Files (x86)\Cypress\PSoC Creator\4.0\PSoC Creator\psoc\content\cycomponentlibrary\CyComponentLibrary.cylib\CortexM3\ARM_GCC_493\Debug\CyComponentLibrary.a" -mcpu=cortex-m3 -mthumb -g -ffunction-sections -O0 -ffat-lto-objects -L Generated_Source\PSoC5 -Wl,-Map,.\CortexM3\ARM_GCC_493\Debug/Design02.map -T "C:\Users\Schuyler\Documents\PSoC Creator\CANBusTest\Transmitter\Design02.cydsn\Generated_Source\PSoC5\cm3gcc.ld" -specs=nano.specs -Wl,--gc-sections -Wl,--end-group
cyelftool.exe -C "C:\Users\Schuyler\Documents\PSoC Creator\CANBusTest\Transmitter\Design02.cydsn\CortexM3\ARM_GCC_493\Debug\Design02.elf" --flash_row_size 256 --flash_size 262144
cyelftool.exe -S "C:\Users\Schuyler\Documents\PSoC Creator\CANBusTest\Transmitter\Design02.cydsn\CortexM3\ARM_GCC_493\Debug\Design02.elf"
Flash used: 4918 of 262144 bytes (1.9 %).
SRAM used: 2589 of 65536 bytes (4.0 %). Stack: 2048 bytes. Heap: 128 bytes.
--------------- Rebuild Succeeded: 01/28/2017 11:43:13 ---------------
