ARM GAS  C:\Users\Schuyler\AppData\Local\Temp\ccQZDTLb.s 			page 1


   1              		.syntax unified
   2              		.cpu cortex-m3
   3              		.fpu softvfp
   4              		.eabi_attribute 20, 1
   5              		.eabi_attribute 21, 1
   6              		.eabi_attribute 23, 3
   7              		.eabi_attribute 24, 1
   8              		.eabi_attribute 25, 1
   9              		.eabi_attribute 26, 1
  10              		.eabi_attribute 30, 6
  11              		.eabi_attribute 34, 1
  12              		.eabi_attribute 18, 4
  13              		.thumb
  14              		.file	"Timer_1_PM.c"
  15              		.text
  16              	.Ltext0:
  17              		.cfi_sections	.debug_frame
  18              		.bss
  19              		.align	2
  20              	Timer_1_backup:
  21 0000 00000000 		.space	12
  21      00000000 
  21      00000000 
  22              		.section	.text.Timer_1_SaveConfig,"ax",%progbits
  23              		.align	2
  24              		.global	Timer_1_SaveConfig
  25              		.thumb
  26              		.thumb_func
  27              		.type	Timer_1_SaveConfig, %function
  28              	Timer_1_SaveConfig:
  29              	.LFB0:
  30              		.file 1 "Generated_Source\\PSoC5\\Timer_1_PM.c"
   1:Generated_Source\PSoC5/Timer_1_PM.c **** /*******************************************************************************
   2:Generated_Source\PSoC5/Timer_1_PM.c **** * File Name: Timer_1_PM.c
   3:Generated_Source\PSoC5/Timer_1_PM.c **** * Version 2.70
   4:Generated_Source\PSoC5/Timer_1_PM.c **** *
   5:Generated_Source\PSoC5/Timer_1_PM.c **** *  Description:
   6:Generated_Source\PSoC5/Timer_1_PM.c **** *     This file provides the power management source code to API for the
   7:Generated_Source\PSoC5/Timer_1_PM.c **** *     Timer.
   8:Generated_Source\PSoC5/Timer_1_PM.c **** *
   9:Generated_Source\PSoC5/Timer_1_PM.c **** *   Note:
  10:Generated_Source\PSoC5/Timer_1_PM.c **** *     None
  11:Generated_Source\PSoC5/Timer_1_PM.c **** *
  12:Generated_Source\PSoC5/Timer_1_PM.c **** *******************************************************************************
  13:Generated_Source\PSoC5/Timer_1_PM.c **** * Copyright 2008-2014, Cypress Semiconductor Corporation.  All rights reserved.
  14:Generated_Source\PSoC5/Timer_1_PM.c **** * You may use this file only in accordance with the license, terms, conditions,
  15:Generated_Source\PSoC5/Timer_1_PM.c **** * disclaimers, and limitations in the end user license agreement accompanying
  16:Generated_Source\PSoC5/Timer_1_PM.c **** * the software package with which this file was provided.
  17:Generated_Source\PSoC5/Timer_1_PM.c **** ********************************************************************************/
  18:Generated_Source\PSoC5/Timer_1_PM.c **** 
  19:Generated_Source\PSoC5/Timer_1_PM.c **** #include "Timer_1.h"
  20:Generated_Source\PSoC5/Timer_1_PM.c **** 
  21:Generated_Source\PSoC5/Timer_1_PM.c **** static Timer_1_backupStruct Timer_1_backup;
  22:Generated_Source\PSoC5/Timer_1_PM.c **** 
  23:Generated_Source\PSoC5/Timer_1_PM.c **** 
  24:Generated_Source\PSoC5/Timer_1_PM.c **** /*******************************************************************************
  25:Generated_Source\PSoC5/Timer_1_PM.c **** * Function Name: Timer_1_SaveConfig
ARM GAS  C:\Users\Schuyler\AppData\Local\Temp\ccQZDTLb.s 			page 2


  26:Generated_Source\PSoC5/Timer_1_PM.c **** ********************************************************************************
  27:Generated_Source\PSoC5/Timer_1_PM.c **** *
  28:Generated_Source\PSoC5/Timer_1_PM.c **** * Summary:
  29:Generated_Source\PSoC5/Timer_1_PM.c **** *     Save the current user configuration
  30:Generated_Source\PSoC5/Timer_1_PM.c **** *
  31:Generated_Source\PSoC5/Timer_1_PM.c **** * Parameters:
  32:Generated_Source\PSoC5/Timer_1_PM.c **** *  void
  33:Generated_Source\PSoC5/Timer_1_PM.c **** *
  34:Generated_Source\PSoC5/Timer_1_PM.c **** * Return:
  35:Generated_Source\PSoC5/Timer_1_PM.c **** *  void
  36:Generated_Source\PSoC5/Timer_1_PM.c **** *
  37:Generated_Source\PSoC5/Timer_1_PM.c **** * Global variables:
  38:Generated_Source\PSoC5/Timer_1_PM.c **** *  Timer_1_backup:  Variables of this global structure are modified to
  39:Generated_Source\PSoC5/Timer_1_PM.c **** *  store the values of non retention configuration registers when Sleep() API is
  40:Generated_Source\PSoC5/Timer_1_PM.c **** *  called.
  41:Generated_Source\PSoC5/Timer_1_PM.c **** *
  42:Generated_Source\PSoC5/Timer_1_PM.c **** *******************************************************************************/
  43:Generated_Source\PSoC5/Timer_1_PM.c **** void Timer_1_SaveConfig(void) 
  44:Generated_Source\PSoC5/Timer_1_PM.c **** {
  31              		.loc 1 44 0
  32              		.cfi_startproc
  33              		@ args = 0, pretend = 0, frame = 0
  34              		@ frame_needed = 1, uses_anonymous_args = 0
  35 0000 80B5     		push	{r7, lr}
  36              		.cfi_def_cfa_offset 8
  37              		.cfi_offset 7, -8
  38              		.cfi_offset 14, -4
  39 0002 00AF     		add	r7, sp, #0
  40              		.cfi_def_cfa_register 7
  45:Generated_Source\PSoC5/Timer_1_PM.c ****     #if (!Timer_1_UsingFixedFunction)
  46:Generated_Source\PSoC5/Timer_1_PM.c ****         Timer_1_backup.TimerUdb = Timer_1_ReadCounter();
  41              		.loc 1 46 0
  42 0004 FFF7FEFF 		bl	Timer_1_ReadCounter
  43 0008 0246     		mov	r2, r0
  44 000a 074B     		ldr	r3, .L2
  45 000c 5A60     		str	r2, [r3, #4]
  47:Generated_Source\PSoC5/Timer_1_PM.c ****         Timer_1_backup.InterruptMaskValue = Timer_1_STATUS_MASK;
  46              		.loc 1 47 0
  47 000e 074B     		ldr	r3, .L2+4
  48 0010 1B78     		ldrb	r3, [r3]
  49 0012 DAB2     		uxtb	r2, r3
  50 0014 044B     		ldr	r3, .L2
  51 0016 1A72     		strb	r2, [r3, #8]
  48:Generated_Source\PSoC5/Timer_1_PM.c ****         #if (Timer_1_UsingHWCaptureCounter)
  49:Generated_Source\PSoC5/Timer_1_PM.c ****             Timer_1_backup.TimerCaptureCounter = Timer_1_ReadCaptureCount();
  50:Generated_Source\PSoC5/Timer_1_PM.c ****         #endif /* Back Up capture counter register  */
  51:Generated_Source\PSoC5/Timer_1_PM.c **** 
  52:Generated_Source\PSoC5/Timer_1_PM.c ****         #if(!Timer_1_UDB_CONTROL_REG_REMOVED)
  53:Generated_Source\PSoC5/Timer_1_PM.c ****             Timer_1_backup.TimerControlRegister = Timer_1_ReadControlRegister();
  52              		.loc 1 53 0
  53 0018 FFF7FEFF 		bl	Timer_1_ReadControlRegister
  54 001c 0346     		mov	r3, r0
  55 001e 1A46     		mov	r2, r3
  56 0020 014B     		ldr	r3, .L2
  57 0022 5A72     		strb	r2, [r3, #9]
  54:Generated_Source\PSoC5/Timer_1_PM.c ****         #endif /* Backup the enable state of the Timer component */
  55:Generated_Source\PSoC5/Timer_1_PM.c ****     #endif /* Backup non retention registers in UDB implementation. All fixed function registers ar
ARM GAS  C:\Users\Schuyler\AppData\Local\Temp\ccQZDTLb.s 			page 3


  56:Generated_Source\PSoC5/Timer_1_PM.c **** }
  58              		.loc 1 56 0
  59 0024 80BD     		pop	{r7, pc}
  60              	.L3:
  61 0026 00BF     		.align	2
  62              	.L2:
  63 0028 00000000 		.word	Timer_1_backup
  64 002c 8C640040 		.word	1073767564
  65              		.cfi_endproc
  66              	.LFE0:
  67              		.size	Timer_1_SaveConfig, .-Timer_1_SaveConfig
  68              		.section	.text.Timer_1_RestoreConfig,"ax",%progbits
  69              		.align	2
  70              		.global	Timer_1_RestoreConfig
  71              		.thumb
  72              		.thumb_func
  73              		.type	Timer_1_RestoreConfig, %function
  74              	Timer_1_RestoreConfig:
  75              	.LFB1:
  57:Generated_Source\PSoC5/Timer_1_PM.c **** 
  58:Generated_Source\PSoC5/Timer_1_PM.c **** 
  59:Generated_Source\PSoC5/Timer_1_PM.c **** /*******************************************************************************
  60:Generated_Source\PSoC5/Timer_1_PM.c **** * Function Name: Timer_1_RestoreConfig
  61:Generated_Source\PSoC5/Timer_1_PM.c **** ********************************************************************************
  62:Generated_Source\PSoC5/Timer_1_PM.c **** *
  63:Generated_Source\PSoC5/Timer_1_PM.c **** * Summary:
  64:Generated_Source\PSoC5/Timer_1_PM.c **** *  Restores the current user configuration.
  65:Generated_Source\PSoC5/Timer_1_PM.c **** *
  66:Generated_Source\PSoC5/Timer_1_PM.c **** * Parameters:
  67:Generated_Source\PSoC5/Timer_1_PM.c **** *  void
  68:Generated_Source\PSoC5/Timer_1_PM.c **** *
  69:Generated_Source\PSoC5/Timer_1_PM.c **** * Return:
  70:Generated_Source\PSoC5/Timer_1_PM.c **** *  void
  71:Generated_Source\PSoC5/Timer_1_PM.c **** *
  72:Generated_Source\PSoC5/Timer_1_PM.c **** * Global variables:
  73:Generated_Source\PSoC5/Timer_1_PM.c **** *  Timer_1_backup:  Variables of this global structure are used to
  74:Generated_Source\PSoC5/Timer_1_PM.c **** *  restore the values of non retention registers on wakeup from sleep mode.
  75:Generated_Source\PSoC5/Timer_1_PM.c **** *
  76:Generated_Source\PSoC5/Timer_1_PM.c **** *******************************************************************************/
  77:Generated_Source\PSoC5/Timer_1_PM.c **** void Timer_1_RestoreConfig(void) 
  78:Generated_Source\PSoC5/Timer_1_PM.c **** {   
  76              		.loc 1 78 0
  77              		.cfi_startproc
  78              		@ args = 0, pretend = 0, frame = 0
  79              		@ frame_needed = 1, uses_anonymous_args = 0
  80 0000 80B5     		push	{r7, lr}
  81              		.cfi_def_cfa_offset 8
  82              		.cfi_offset 7, -8
  83              		.cfi_offset 14, -4
  84 0002 00AF     		add	r7, sp, #0
  85              		.cfi_def_cfa_register 7
  79:Generated_Source\PSoC5/Timer_1_PM.c ****     #if (!Timer_1_UsingFixedFunction)
  80:Generated_Source\PSoC5/Timer_1_PM.c **** 
  81:Generated_Source\PSoC5/Timer_1_PM.c ****         Timer_1_WriteCounter(Timer_1_backup.TimerUdb);
  86              		.loc 1 81 0
  87 0004 074B     		ldr	r3, .L5
  88 0006 5B68     		ldr	r3, [r3, #4]
ARM GAS  C:\Users\Schuyler\AppData\Local\Temp\ccQZDTLb.s 			page 4


  89 0008 1846     		mov	r0, r3
  90 000a FFF7FEFF 		bl	Timer_1_WriteCounter
  82:Generated_Source\PSoC5/Timer_1_PM.c ****         Timer_1_STATUS_MASK =Timer_1_backup.InterruptMaskValue;
  91              		.loc 1 82 0
  92 000e 064B     		ldr	r3, .L5+4
  93 0010 044A     		ldr	r2, .L5
  94 0012 127A     		ldrb	r2, [r2, #8]	@ zero_extendqisi2
  95 0014 1A70     		strb	r2, [r3]
  83:Generated_Source\PSoC5/Timer_1_PM.c ****         #if (Timer_1_UsingHWCaptureCounter)
  84:Generated_Source\PSoC5/Timer_1_PM.c ****             Timer_1_SetCaptureCount(Timer_1_backup.TimerCaptureCounter);
  85:Generated_Source\PSoC5/Timer_1_PM.c ****         #endif /* Restore Capture counter register*/
  86:Generated_Source\PSoC5/Timer_1_PM.c **** 
  87:Generated_Source\PSoC5/Timer_1_PM.c ****         #if(!Timer_1_UDB_CONTROL_REG_REMOVED)
  88:Generated_Source\PSoC5/Timer_1_PM.c ****             Timer_1_WriteControlRegister(Timer_1_backup.TimerControlRegister);
  96              		.loc 1 88 0
  97 0016 034B     		ldr	r3, .L5
  98 0018 5B7A     		ldrb	r3, [r3, #9]	@ zero_extendqisi2
  99 001a 1846     		mov	r0, r3
 100 001c FFF7FEFF 		bl	Timer_1_WriteControlRegister
  89:Generated_Source\PSoC5/Timer_1_PM.c ****         #endif /* Restore the enable state of the Timer component */
  90:Generated_Source\PSoC5/Timer_1_PM.c ****     #endif /* Restore non retention registers in the UDB implementation only */
  91:Generated_Source\PSoC5/Timer_1_PM.c **** }
 101              		.loc 1 91 0
 102 0020 80BD     		pop	{r7, pc}
 103              	.L6:
 104 0022 00BF     		.align	2
 105              	.L5:
 106 0024 00000000 		.word	Timer_1_backup
 107 0028 8C640040 		.word	1073767564
 108              		.cfi_endproc
 109              	.LFE1:
 110              		.size	Timer_1_RestoreConfig, .-Timer_1_RestoreConfig
 111              		.section	.text.Timer_1_Sleep,"ax",%progbits
 112              		.align	2
 113              		.global	Timer_1_Sleep
 114              		.thumb
 115              		.thumb_func
 116              		.type	Timer_1_Sleep, %function
 117              	Timer_1_Sleep:
 118              	.LFB2:
  92:Generated_Source\PSoC5/Timer_1_PM.c **** 
  93:Generated_Source\PSoC5/Timer_1_PM.c **** 
  94:Generated_Source\PSoC5/Timer_1_PM.c **** /*******************************************************************************
  95:Generated_Source\PSoC5/Timer_1_PM.c **** * Function Name: Timer_1_Sleep
  96:Generated_Source\PSoC5/Timer_1_PM.c **** ********************************************************************************
  97:Generated_Source\PSoC5/Timer_1_PM.c **** *
  98:Generated_Source\PSoC5/Timer_1_PM.c **** * Summary:
  99:Generated_Source\PSoC5/Timer_1_PM.c **** *     Stop and Save the user configuration
 100:Generated_Source\PSoC5/Timer_1_PM.c **** *
 101:Generated_Source\PSoC5/Timer_1_PM.c **** * Parameters:
 102:Generated_Source\PSoC5/Timer_1_PM.c **** *  void
 103:Generated_Source\PSoC5/Timer_1_PM.c **** *
 104:Generated_Source\PSoC5/Timer_1_PM.c **** * Return:
 105:Generated_Source\PSoC5/Timer_1_PM.c **** *  void
 106:Generated_Source\PSoC5/Timer_1_PM.c **** *
 107:Generated_Source\PSoC5/Timer_1_PM.c **** * Global variables:
 108:Generated_Source\PSoC5/Timer_1_PM.c **** *  Timer_1_backup.TimerEnableState:  Is modified depending on the
ARM GAS  C:\Users\Schuyler\AppData\Local\Temp\ccQZDTLb.s 			page 5


 109:Generated_Source\PSoC5/Timer_1_PM.c **** *  enable state of the block before entering sleep mode.
 110:Generated_Source\PSoC5/Timer_1_PM.c **** *
 111:Generated_Source\PSoC5/Timer_1_PM.c **** *******************************************************************************/
 112:Generated_Source\PSoC5/Timer_1_PM.c **** void Timer_1_Sleep(void) 
 113:Generated_Source\PSoC5/Timer_1_PM.c **** {
 119              		.loc 1 113 0
 120              		.cfi_startproc
 121              		@ args = 0, pretend = 0, frame = 0
 122              		@ frame_needed = 1, uses_anonymous_args = 0
 123 0000 80B5     		push	{r7, lr}
 124              		.cfi_def_cfa_offset 8
 125              		.cfi_offset 7, -8
 126              		.cfi_offset 14, -4
 127 0002 00AF     		add	r7, sp, #0
 128              		.cfi_def_cfa_register 7
 114:Generated_Source\PSoC5/Timer_1_PM.c ****     #if(!Timer_1_UDB_CONTROL_REG_REMOVED)
 115:Generated_Source\PSoC5/Timer_1_PM.c ****         /* Save Counter's enable state */
 116:Generated_Source\PSoC5/Timer_1_PM.c ****         if(Timer_1_CTRL_ENABLE == (Timer_1_CONTROL & Timer_1_CTRL_ENABLE))
 129              		.loc 1 116 0
 130 0004 094B     		ldr	r3, .L10
 131 0006 1B78     		ldrb	r3, [r3]
 132 0008 DBB2     		uxtb	r3, r3
 133 000a DBB2     		uxtb	r3, r3
 134 000c 5BB2     		sxtb	r3, r3
 135 000e 002B     		cmp	r3, #0
 136 0010 03DA     		bge	.L8
 117:Generated_Source\PSoC5/Timer_1_PM.c ****         {
 118:Generated_Source\PSoC5/Timer_1_PM.c ****             /* Timer is enabled */
 119:Generated_Source\PSoC5/Timer_1_PM.c ****             Timer_1_backup.TimerEnableState = 1u;
 137              		.loc 1 119 0
 138 0012 074B     		ldr	r3, .L10+4
 139 0014 0122     		movs	r2, #1
 140 0016 1A70     		strb	r2, [r3]
 141 0018 02E0     		b	.L9
 142              	.L8:
 120:Generated_Source\PSoC5/Timer_1_PM.c ****         }
 121:Generated_Source\PSoC5/Timer_1_PM.c ****         else
 122:Generated_Source\PSoC5/Timer_1_PM.c ****         {
 123:Generated_Source\PSoC5/Timer_1_PM.c ****             /* Timer is disabled */
 124:Generated_Source\PSoC5/Timer_1_PM.c ****             Timer_1_backup.TimerEnableState = 0u;
 143              		.loc 1 124 0
 144 001a 054B     		ldr	r3, .L10+4
 145 001c 0022     		movs	r2, #0
 146 001e 1A70     		strb	r2, [r3]
 147              	.L9:
 125:Generated_Source\PSoC5/Timer_1_PM.c ****         }
 126:Generated_Source\PSoC5/Timer_1_PM.c ****     #endif /* Back up enable state from the Timer control register */
 127:Generated_Source\PSoC5/Timer_1_PM.c ****     Timer_1_Stop();
 148              		.loc 1 127 0
 149 0020 FFF7FEFF 		bl	Timer_1_Stop
 128:Generated_Source\PSoC5/Timer_1_PM.c ****     Timer_1_SaveConfig();
 150              		.loc 1 128 0
 151 0024 FFF7FEFF 		bl	Timer_1_SaveConfig
 129:Generated_Source\PSoC5/Timer_1_PM.c **** }
 152              		.loc 1 129 0
 153 0028 80BD     		pop	{r7, pc}
 154              	.L11:
ARM GAS  C:\Users\Schuyler\AppData\Local\Temp\ccQZDTLb.s 			page 6


 155 002a 00BF     		.align	2
 156              	.L10:
 157 002c 7A640040 		.word	1073767546
 158 0030 00000000 		.word	Timer_1_backup
 159              		.cfi_endproc
 160              	.LFE2:
 161              		.size	Timer_1_Sleep, .-Timer_1_Sleep
 162              		.section	.text.Timer_1_Wakeup,"ax",%progbits
 163              		.align	2
 164              		.global	Timer_1_Wakeup
 165              		.thumb
 166              		.thumb_func
 167              		.type	Timer_1_Wakeup, %function
 168              	Timer_1_Wakeup:
 169              	.LFB3:
 130:Generated_Source\PSoC5/Timer_1_PM.c **** 
 131:Generated_Source\PSoC5/Timer_1_PM.c **** 
 132:Generated_Source\PSoC5/Timer_1_PM.c **** /*******************************************************************************
 133:Generated_Source\PSoC5/Timer_1_PM.c **** * Function Name: Timer_1_Wakeup
 134:Generated_Source\PSoC5/Timer_1_PM.c **** ********************************************************************************
 135:Generated_Source\PSoC5/Timer_1_PM.c **** *
 136:Generated_Source\PSoC5/Timer_1_PM.c **** * Summary:
 137:Generated_Source\PSoC5/Timer_1_PM.c **** *  Restores and enables the user configuration
 138:Generated_Source\PSoC5/Timer_1_PM.c **** *
 139:Generated_Source\PSoC5/Timer_1_PM.c **** * Parameters:
 140:Generated_Source\PSoC5/Timer_1_PM.c **** *  void
 141:Generated_Source\PSoC5/Timer_1_PM.c **** *
 142:Generated_Source\PSoC5/Timer_1_PM.c **** * Return:
 143:Generated_Source\PSoC5/Timer_1_PM.c **** *  void
 144:Generated_Source\PSoC5/Timer_1_PM.c **** *
 145:Generated_Source\PSoC5/Timer_1_PM.c **** * Global variables:
 146:Generated_Source\PSoC5/Timer_1_PM.c **** *  Timer_1_backup.enableState:  Is used to restore the enable state of
 147:Generated_Source\PSoC5/Timer_1_PM.c **** *  block on wakeup from sleep mode.
 148:Generated_Source\PSoC5/Timer_1_PM.c **** *
 149:Generated_Source\PSoC5/Timer_1_PM.c **** *******************************************************************************/
 150:Generated_Source\PSoC5/Timer_1_PM.c **** void Timer_1_Wakeup(void) 
 151:Generated_Source\PSoC5/Timer_1_PM.c **** {
 170              		.loc 1 151 0
 171              		.cfi_startproc
 172              		@ args = 0, pretend = 0, frame = 0
 173              		@ frame_needed = 1, uses_anonymous_args = 0
 174 0000 80B5     		push	{r7, lr}
 175              		.cfi_def_cfa_offset 8
 176              		.cfi_offset 7, -8
 177              		.cfi_offset 14, -4
 178 0002 00AF     		add	r7, sp, #0
 179              		.cfi_def_cfa_register 7
 152:Generated_Source\PSoC5/Timer_1_PM.c ****     Timer_1_RestoreConfig();
 180              		.loc 1 152 0
 181 0004 FFF7FEFF 		bl	Timer_1_RestoreConfig
 153:Generated_Source\PSoC5/Timer_1_PM.c ****     #if(!Timer_1_UDB_CONTROL_REG_REMOVED)
 154:Generated_Source\PSoC5/Timer_1_PM.c ****         if(Timer_1_backup.TimerEnableState == 1u)
 182              		.loc 1 154 0
 183 0008 034B     		ldr	r3, .L14
 184 000a 1B78     		ldrb	r3, [r3]	@ zero_extendqisi2
 185 000c 012B     		cmp	r3, #1
 186 000e 01D1     		bne	.L12
ARM GAS  C:\Users\Schuyler\AppData\Local\Temp\ccQZDTLb.s 			page 7


 155:Generated_Source\PSoC5/Timer_1_PM.c ****         {     /* Enable Timer's operation */
 156:Generated_Source\PSoC5/Timer_1_PM.c ****                 Timer_1_Enable();
 187              		.loc 1 156 0
 188 0010 FFF7FEFF 		bl	Timer_1_Enable
 189              	.L12:
 157:Generated_Source\PSoC5/Timer_1_PM.c ****         } /* Do nothing if Timer was disabled before */
 158:Generated_Source\PSoC5/Timer_1_PM.c ****     #endif /* Remove this code section if Control register is removed */
 159:Generated_Source\PSoC5/Timer_1_PM.c **** }
 190              		.loc 1 159 0
 191 0014 80BD     		pop	{r7, pc}
 192              	.L15:
 193 0016 00BF     		.align	2
 194              	.L14:
 195 0018 00000000 		.word	Timer_1_backup
 196              		.cfi_endproc
 197              	.LFE3:
 198              		.size	Timer_1_Wakeup, .-Timer_1_Wakeup
 199              		.text
 200              	.Letext0:
 201              		.file 2 "Generated_Source\\PSoC5\\cytypes.h"
 202              		.file 3 "Generated_Source\\PSoC5\\Timer_1.h"
 203              		.section	.debug_info,"",%progbits
 204              	.Ldebug_info0:
 205 0000 46010000 		.4byte	0x146
 206 0004 0400     		.2byte	0x4
 207 0006 00000000 		.4byte	.Ldebug_abbrev0
 208 000a 04       		.byte	0x4
 209 000b 01       		.uleb128 0x1
 210 000c FD000000 		.4byte	.LASF25
 211 0010 01       		.byte	0x1
 212 0011 6C000000 		.4byte	.LASF26
 213 0015 C9010000 		.4byte	.LASF27
 214 0019 00000000 		.4byte	.Ldebug_ranges0+0
 215 001d 00000000 		.4byte	0
 216 0021 00000000 		.4byte	.Ldebug_line0
 217 0025 02       		.uleb128 0x2
 218 0026 01       		.byte	0x1
 219 0027 06       		.byte	0x6
 220 0028 AF010000 		.4byte	.LASF0
 221 002c 02       		.uleb128 0x2
 222 002d 01       		.byte	0x1
 223 002e 08       		.byte	0x8
 224 002f BB010000 		.4byte	.LASF1
 225 0033 02       		.uleb128 0x2
 226 0034 02       		.byte	0x2
 227 0035 05       		.byte	0x5
 228 0036 8B010000 		.4byte	.LASF2
 229 003a 02       		.uleb128 0x2
 230 003b 02       		.byte	0x2
 231 003c 07       		.byte	0x7
 232 003d 9C010000 		.4byte	.LASF3
 233 0041 02       		.uleb128 0x2
 234 0042 04       		.byte	0x4
 235 0043 05       		.byte	0x5
 236 0044 F4000000 		.4byte	.LASF4
 237 0048 02       		.uleb128 0x2
 238 0049 04       		.byte	0x4
ARM GAS  C:\Users\Schuyler\AppData\Local\Temp\ccQZDTLb.s 			page 8


 239 004a 07       		.byte	0x7
 240 004b 5A000000 		.4byte	.LASF5
 241 004f 02       		.uleb128 0x2
 242 0050 08       		.byte	0x8
 243 0051 05       		.byte	0x5
 244 0052 00000000 		.4byte	.LASF6
 245 0056 02       		.uleb128 0x2
 246 0057 08       		.byte	0x8
 247 0058 07       		.byte	0x7
 248 0059 90000000 		.4byte	.LASF7
 249 005d 03       		.uleb128 0x3
 250 005e 04       		.byte	0x4
 251 005f 05       		.byte	0x5
 252 0060 696E7400 		.ascii	"int\000"
 253 0064 02       		.uleb128 0x2
 254 0065 04       		.byte	0x4
 255 0066 07       		.byte	0x7
 256 0067 15000000 		.4byte	.LASF8
 257 006b 04       		.uleb128 0x4
 258 006c 54000000 		.4byte	.LASF9
 259 0070 02       		.byte	0x2
 260 0071 9201     		.2byte	0x192
 261 0073 2C000000 		.4byte	0x2c
 262 0077 04       		.uleb128 0x4
 263 0078 0E000000 		.4byte	.LASF10
 264 007c 02       		.byte	0x2
 265 007d 9401     		.2byte	0x194
 266 007f 48000000 		.4byte	0x48
 267 0083 02       		.uleb128 0x2
 268 0084 04       		.byte	0x4
 269 0085 04       		.byte	0x4
 270 0086 18020000 		.4byte	.LASF11
 271 008a 02       		.uleb128 0x2
 272 008b 08       		.byte	0x8
 273 008c 04       		.byte	0x4
 274 008d 95010000 		.4byte	.LASF12
 275 0091 02       		.uleb128 0x2
 276 0092 01       		.byte	0x1
 277 0093 08       		.byte	0x8
 278 0094 EF000000 		.4byte	.LASF13
 279 0098 04       		.uleb128 0x4
 280 0099 3D020000 		.4byte	.LASF14
 281 009d 02       		.byte	0x2
 282 009e 3C02     		.2byte	0x23c
 283 00a0 A4000000 		.4byte	0xa4
 284 00a4 05       		.uleb128 0x5
 285 00a5 6B000000 		.4byte	0x6b
 286 00a9 02       		.uleb128 0x2
 287 00aa 04       		.byte	0x4
 288 00ab 07       		.byte	0x7
 289 00ac 55020000 		.4byte	.LASF15
 290 00b0 06       		.uleb128 0x6
 291 00b1 0C       		.byte	0xc
 292 00b2 03       		.byte	0x3
 293 00b3 43       		.byte	0x43
 294 00b4 E9000000 		.4byte	0xe9
 295 00b8 07       		.uleb128 0x7
ARM GAS  C:\Users\Schuyler\AppData\Local\Temp\ccQZDTLb.s 			page 9


 296 00b9 BC000000 		.4byte	.LASF16
 297 00bd 03       		.byte	0x3
 298 00be 45       		.byte	0x45
 299 00bf 6B000000 		.4byte	0x6b
 300 00c3 00       		.byte	0
 301 00c4 07       		.uleb128 0x7
 302 00c5 34020000 		.4byte	.LASF17
 303 00c9 03       		.byte	0x3
 304 00ca 48       		.byte	0x48
 305 00cb 77000000 		.4byte	0x77
 306 00cf 04       		.byte	0x4
 307 00d0 07       		.uleb128 0x7
 308 00d1 42020000 		.4byte	.LASF18
 309 00d5 03       		.byte	0x3
 310 00d6 49       		.byte	0x49
 311 00d7 6B000000 		.4byte	0x6b
 312 00db 08       		.byte	0x8
 313 00dc 07       		.uleb128 0x7
 314 00dd A7000000 		.4byte	.LASF19
 315 00e1 03       		.byte	0x3
 316 00e2 4F       		.byte	0x4f
 317 00e3 6B000000 		.4byte	0x6b
 318 00e7 09       		.byte	0x9
 319 00e8 00       		.byte	0
 320 00e9 08       		.uleb128 0x8
 321 00ea 22000000 		.4byte	.LASF20
 322 00ee 03       		.byte	0x3
 323 00ef 53       		.byte	0x53
 324 00f0 B0000000 		.4byte	0xb0
 325 00f4 09       		.uleb128 0x9
 326 00f5 CD000000 		.4byte	.LASF21
 327 00f9 01       		.byte	0x1
 328 00fa 2B       		.byte	0x2b
 329 00fb 00000000 		.4byte	.LFB0
 330 00ff 30000000 		.4byte	.LFE0-.LFB0
 331 0103 01       		.uleb128 0x1
 332 0104 9C       		.byte	0x9c
 333 0105 09       		.uleb128 0x9
 334 0106 1E020000 		.4byte	.LASF22
 335 010a 01       		.byte	0x1
 336 010b 4D       		.byte	0x4d
 337 010c 00000000 		.4byte	.LFB1
 338 0110 2C000000 		.4byte	.LFE1-.LFB1
 339 0114 01       		.uleb128 0x1
 340 0115 9C       		.byte	0x9c
 341 0116 09       		.uleb128 0x9
 342 0117 37000000 		.4byte	.LASF23
 343 011b 01       		.byte	0x1
 344 011c 70       		.byte	0x70
 345 011d 00000000 		.4byte	.LFB2
 346 0121 34000000 		.4byte	.LFE2-.LFB2
 347 0125 01       		.uleb128 0x1
 348 0126 9C       		.byte	0x9c
 349 0127 09       		.uleb128 0x9
 350 0128 E0000000 		.4byte	.LASF24
 351 012c 01       		.byte	0x1
 352 012d 96       		.byte	0x96
ARM GAS  C:\Users\Schuyler\AppData\Local\Temp\ccQZDTLb.s 			page 10


 353 012e 00000000 		.4byte	.LFB3
 354 0132 1C000000 		.4byte	.LFE3-.LFB3
 355 0136 01       		.uleb128 0x1
 356 0137 9C       		.byte	0x9c
 357 0138 0A       		.uleb128 0xa
 358 0139 45000000 		.4byte	.LASF28
 359 013d 01       		.byte	0x1
 360 013e 15       		.byte	0x15
 361 013f E9000000 		.4byte	0xe9
 362 0143 05       		.uleb128 0x5
 363 0144 03       		.byte	0x3
 364 0145 00000000 		.4byte	Timer_1_backup
 365 0149 00       		.byte	0
 366              		.section	.debug_abbrev,"",%progbits
 367              	.Ldebug_abbrev0:
 368 0000 01       		.uleb128 0x1
 369 0001 11       		.uleb128 0x11
 370 0002 01       		.byte	0x1
 371 0003 25       		.uleb128 0x25
 372 0004 0E       		.uleb128 0xe
 373 0005 13       		.uleb128 0x13
 374 0006 0B       		.uleb128 0xb
 375 0007 03       		.uleb128 0x3
 376 0008 0E       		.uleb128 0xe
 377 0009 1B       		.uleb128 0x1b
 378 000a 0E       		.uleb128 0xe
 379 000b 55       		.uleb128 0x55
 380 000c 17       		.uleb128 0x17
 381 000d 11       		.uleb128 0x11
 382 000e 01       		.uleb128 0x1
 383 000f 10       		.uleb128 0x10
 384 0010 17       		.uleb128 0x17
 385 0011 00       		.byte	0
 386 0012 00       		.byte	0
 387 0013 02       		.uleb128 0x2
 388 0014 24       		.uleb128 0x24
 389 0015 00       		.byte	0
 390 0016 0B       		.uleb128 0xb
 391 0017 0B       		.uleb128 0xb
 392 0018 3E       		.uleb128 0x3e
 393 0019 0B       		.uleb128 0xb
 394 001a 03       		.uleb128 0x3
 395 001b 0E       		.uleb128 0xe
 396 001c 00       		.byte	0
 397 001d 00       		.byte	0
 398 001e 03       		.uleb128 0x3
 399 001f 24       		.uleb128 0x24
 400 0020 00       		.byte	0
 401 0021 0B       		.uleb128 0xb
 402 0022 0B       		.uleb128 0xb
 403 0023 3E       		.uleb128 0x3e
 404 0024 0B       		.uleb128 0xb
 405 0025 03       		.uleb128 0x3
 406 0026 08       		.uleb128 0x8
 407 0027 00       		.byte	0
 408 0028 00       		.byte	0
 409 0029 04       		.uleb128 0x4
ARM GAS  C:\Users\Schuyler\AppData\Local\Temp\ccQZDTLb.s 			page 11


 410 002a 16       		.uleb128 0x16
 411 002b 00       		.byte	0
 412 002c 03       		.uleb128 0x3
 413 002d 0E       		.uleb128 0xe
 414 002e 3A       		.uleb128 0x3a
 415 002f 0B       		.uleb128 0xb
 416 0030 3B       		.uleb128 0x3b
 417 0031 05       		.uleb128 0x5
 418 0032 49       		.uleb128 0x49
 419 0033 13       		.uleb128 0x13
 420 0034 00       		.byte	0
 421 0035 00       		.byte	0
 422 0036 05       		.uleb128 0x5
 423 0037 35       		.uleb128 0x35
 424 0038 00       		.byte	0
 425 0039 49       		.uleb128 0x49
 426 003a 13       		.uleb128 0x13
 427 003b 00       		.byte	0
 428 003c 00       		.byte	0
 429 003d 06       		.uleb128 0x6
 430 003e 13       		.uleb128 0x13
 431 003f 01       		.byte	0x1
 432 0040 0B       		.uleb128 0xb
 433 0041 0B       		.uleb128 0xb
 434 0042 3A       		.uleb128 0x3a
 435 0043 0B       		.uleb128 0xb
 436 0044 3B       		.uleb128 0x3b
 437 0045 0B       		.uleb128 0xb
 438 0046 01       		.uleb128 0x1
 439 0047 13       		.uleb128 0x13
 440 0048 00       		.byte	0
 441 0049 00       		.byte	0
 442 004a 07       		.uleb128 0x7
 443 004b 0D       		.uleb128 0xd
 444 004c 00       		.byte	0
 445 004d 03       		.uleb128 0x3
 446 004e 0E       		.uleb128 0xe
 447 004f 3A       		.uleb128 0x3a
 448 0050 0B       		.uleb128 0xb
 449 0051 3B       		.uleb128 0x3b
 450 0052 0B       		.uleb128 0xb
 451 0053 49       		.uleb128 0x49
 452 0054 13       		.uleb128 0x13
 453 0055 38       		.uleb128 0x38
 454 0056 0B       		.uleb128 0xb
 455 0057 00       		.byte	0
 456 0058 00       		.byte	0
 457 0059 08       		.uleb128 0x8
 458 005a 16       		.uleb128 0x16
 459 005b 00       		.byte	0
 460 005c 03       		.uleb128 0x3
 461 005d 0E       		.uleb128 0xe
 462 005e 3A       		.uleb128 0x3a
 463 005f 0B       		.uleb128 0xb
 464 0060 3B       		.uleb128 0x3b
 465 0061 0B       		.uleb128 0xb
 466 0062 49       		.uleb128 0x49
ARM GAS  C:\Users\Schuyler\AppData\Local\Temp\ccQZDTLb.s 			page 12


 467 0063 13       		.uleb128 0x13
 468 0064 00       		.byte	0
 469 0065 00       		.byte	0
 470 0066 09       		.uleb128 0x9
 471 0067 2E       		.uleb128 0x2e
 472 0068 00       		.byte	0
 473 0069 3F       		.uleb128 0x3f
 474 006a 19       		.uleb128 0x19
 475 006b 03       		.uleb128 0x3
 476 006c 0E       		.uleb128 0xe
 477 006d 3A       		.uleb128 0x3a
 478 006e 0B       		.uleb128 0xb
 479 006f 3B       		.uleb128 0x3b
 480 0070 0B       		.uleb128 0xb
 481 0071 27       		.uleb128 0x27
 482 0072 19       		.uleb128 0x19
 483 0073 11       		.uleb128 0x11
 484 0074 01       		.uleb128 0x1
 485 0075 12       		.uleb128 0x12
 486 0076 06       		.uleb128 0x6
 487 0077 40       		.uleb128 0x40
 488 0078 18       		.uleb128 0x18
 489 0079 9642     		.uleb128 0x2116
 490 007b 19       		.uleb128 0x19
 491 007c 00       		.byte	0
 492 007d 00       		.byte	0
 493 007e 0A       		.uleb128 0xa
 494 007f 34       		.uleb128 0x34
 495 0080 00       		.byte	0
 496 0081 03       		.uleb128 0x3
 497 0082 0E       		.uleb128 0xe
 498 0083 3A       		.uleb128 0x3a
 499 0084 0B       		.uleb128 0xb
 500 0085 3B       		.uleb128 0x3b
 501 0086 0B       		.uleb128 0xb
 502 0087 49       		.uleb128 0x49
 503 0088 13       		.uleb128 0x13
 504 0089 02       		.uleb128 0x2
 505 008a 18       		.uleb128 0x18
 506 008b 00       		.byte	0
 507 008c 00       		.byte	0
 508 008d 00       		.byte	0
 509              		.section	.debug_aranges,"",%progbits
 510 0000 34000000 		.4byte	0x34
 511 0004 0200     		.2byte	0x2
 512 0006 00000000 		.4byte	.Ldebug_info0
 513 000a 04       		.byte	0x4
 514 000b 00       		.byte	0
 515 000c 0000     		.2byte	0
 516 000e 0000     		.2byte	0
 517 0010 00000000 		.4byte	.LFB0
 518 0014 30000000 		.4byte	.LFE0-.LFB0
 519 0018 00000000 		.4byte	.LFB1
 520 001c 2C000000 		.4byte	.LFE1-.LFB1
 521 0020 00000000 		.4byte	.LFB2
 522 0024 34000000 		.4byte	.LFE2-.LFB2
 523 0028 00000000 		.4byte	.LFB3
ARM GAS  C:\Users\Schuyler\AppData\Local\Temp\ccQZDTLb.s 			page 13


 524 002c 1C000000 		.4byte	.LFE3-.LFB3
 525 0030 00000000 		.4byte	0
 526 0034 00000000 		.4byte	0
 527              		.section	.debug_ranges,"",%progbits
 528              	.Ldebug_ranges0:
 529 0000 00000000 		.4byte	.LFB0
 530 0004 30000000 		.4byte	.LFE0
 531 0008 00000000 		.4byte	.LFB1
 532 000c 2C000000 		.4byte	.LFE1
 533 0010 00000000 		.4byte	.LFB2
 534 0014 34000000 		.4byte	.LFE2
 535 0018 00000000 		.4byte	.LFB3
 536 001c 1C000000 		.4byte	.LFE3
 537 0020 00000000 		.4byte	0
 538 0024 00000000 		.4byte	0
 539              		.section	.debug_line,"",%progbits
 540              	.Ldebug_line0:
 541 0000 AB000000 		.section	.debug_str,"MS",%progbits,1
 541      02005400 
 541      00000201 
 541      FB0E0D00 
 541      01010101 
 542              	.LASF6:
 543 0000 6C6F6E67 		.ascii	"long long int\000"
 543      206C6F6E 
 543      6720696E 
 543      7400
 544              	.LASF10:
 545 000e 75696E74 		.ascii	"uint32\000"
 545      333200
 546              	.LASF8:
 547 0015 756E7369 		.ascii	"unsigned int\000"
 547      676E6564 
 547      20696E74 
 547      00
 548              	.LASF20:
 549 0022 54696D65 		.ascii	"Timer_1_backupStruct\000"
 549      725F315F 
 549      6261636B 
 549      75705374 
 549      72756374 
 550              	.LASF23:
 551 0037 54696D65 		.ascii	"Timer_1_Sleep\000"
 551      725F315F 
 551      536C6565 
 551      7000
 552              	.LASF28:
 553 0045 54696D65 		.ascii	"Timer_1_backup\000"
 553      725F315F 
 553      6261636B 
 553      757000
 554              	.LASF9:
 555 0054 75696E74 		.ascii	"uint8\000"
 555      3800
 556              	.LASF5:
 557 005a 6C6F6E67 		.ascii	"long unsigned int\000"
 557      20756E73 
ARM GAS  C:\Users\Schuyler\AppData\Local\Temp\ccQZDTLb.s 			page 14


 557      69676E65 
 557      6420696E 
 557      7400
 558              	.LASF26:
 559 006c 47656E65 		.ascii	"Generated_Source\\PSoC5\\Timer_1_PM.c\000"
 559      72617465 
 559      645F536F 
 559      75726365 
 559      5C50536F 
 560              	.LASF7:
 561 0090 6C6F6E67 		.ascii	"long long unsigned int\000"
 561      206C6F6E 
 561      6720756E 
 561      7369676E 
 561      65642069 
 562              	.LASF19:
 563 00a7 54696D65 		.ascii	"TimerControlRegister\000"
 563      72436F6E 
 563      74726F6C 
 563      52656769 
 563      73746572 
 564              	.LASF16:
 565 00bc 54696D65 		.ascii	"TimerEnableState\000"
 565      72456E61 
 565      626C6553 
 565      74617465 
 565      00
 566              	.LASF21:
 567 00cd 54696D65 		.ascii	"Timer_1_SaveConfig\000"
 567      725F315F 
 567      53617665 
 567      436F6E66 
 567      696700
 568              	.LASF24:
 569 00e0 54696D65 		.ascii	"Timer_1_Wakeup\000"
 569      725F315F 
 569      57616B65 
 569      757000
 570              	.LASF13:
 571 00ef 63686172 		.ascii	"char\000"
 571      00
 572              	.LASF4:
 573 00f4 6C6F6E67 		.ascii	"long int\000"
 573      20696E74 
 573      00
 574              	.LASF25:
 575 00fd 474E5520 		.ascii	"GNU C 4.9.3 20150303 (release) [ARM/embedded-4_9-br"
 575      4320342E 
 575      392E3320 
 575      32303135 
 575      30333033 
 576 0130 616E6368 		.ascii	"anch revision 221220] -mcpu=cortex-m3 -mthumb -g -O"
 576      20726576 
 576      6973696F 
 576      6E203232 
 576      31323230 
 577 0163 30202D66 		.ascii	"0 -ffunction-sections -ffat-lto-objects\000"
ARM GAS  C:\Users\Schuyler\AppData\Local\Temp\ccQZDTLb.s 			page 15


 577      66756E63 
 577      74696F6E 
 577      2D736563 
 577      74696F6E 
 578              	.LASF2:
 579 018b 73686F72 		.ascii	"short int\000"
 579      7420696E 
 579      7400
 580              	.LASF12:
 581 0195 646F7562 		.ascii	"double\000"
 581      6C6500
 582              	.LASF3:
 583 019c 73686F72 		.ascii	"short unsigned int\000"
 583      7420756E 
 583      7369676E 
 583      65642069 
 583      6E7400
 584              	.LASF0:
 585 01af 7369676E 		.ascii	"signed char\000"
 585      65642063 
 585      68617200 
 586              	.LASF1:
 587 01bb 756E7369 		.ascii	"unsigned char\000"
 587      676E6564 
 587      20636861 
 587      7200
 588              	.LASF27:
 589 01c9 433A5C55 		.ascii	"C:\\Users\\Schuyler\\Documents\\PSoC Creator\\CANBu"
 589      73657273 
 589      5C536368 
 589      75796C65 
 589      725C446F 
 590 01f7 73546573 		.ascii	"sTest\\Transmitter\\Design02.cydsn\000"
 590      745C5472 
 590      616E736D 
 590      69747465 
 590      725C4465 
 591              	.LASF11:
 592 0218 666C6F61 		.ascii	"float\000"
 592      7400
 593              	.LASF22:
 594 021e 54696D65 		.ascii	"Timer_1_RestoreConfig\000"
 594      725F315F 
 594      52657374 
 594      6F726543 
 594      6F6E6669 
 595              	.LASF17:
 596 0234 54696D65 		.ascii	"TimerUdb\000"
 596      72556462 
 596      00
 597              	.LASF14:
 598 023d 72656738 		.ascii	"reg8\000"
 598      00
 599              	.LASF18:
 600 0242 496E7465 		.ascii	"InterruptMaskValue\000"
 600      72727570 
 600      744D6173 
ARM GAS  C:\Users\Schuyler\AppData\Local\Temp\ccQZDTLb.s 			page 16


 600      6B56616C 
 600      756500
 601              	.LASF15:
 602 0255 73697A65 		.ascii	"sizetype\000"
 602      74797065 
 602      00
 603              		.ident	"GCC: (GNU Tools for ARM Embedded Processors) 4.9.3 20150303 (release) [ARM/embedded-4_9-br
