ARM GAS  C:\Users\Schuyler\AppData\Local\Temp\ccSlcJuO.s 			page 1


   1              		.syntax unified
   2              		.cpu cortex-m3
   3              		.fpu softvfp
   4              		.eabi_attribute 20, 1
   5              		.eabi_attribute 21, 1
   6              		.eabi_attribute 23, 3
   7              		.eabi_attribute 24, 1
   8              		.eabi_attribute 25, 1
   9              		.eabi_attribute 26, 1
  10              		.eabi_attribute 30, 6
  11              		.eabi_attribute 34, 1
  12              		.eabi_attribute 18, 4
  13              		.thumb
  14              		.file	"cymetadata.c"
  15              		.text
  16              	.Ltext0:
  17              		.cfi_sections	.debug_frame
  18              		.global	cy_meta_configecc
  19              		.section	.cyconfigecc,"a",%progbits
  20              		.align	2
  21              		.type	cy_meta_configecc, %object
  22              		.size	cy_meta_configecc, 60
  23              	cy_meta_configecc:
  24 0000 01       		.byte	1
  25 0001 52       		.byte	82
  26 0002 00       		.byte	0
  27 0003 40       		.byte	64
  28 0004 04       		.byte	4
  29 0005 4C       		.byte	76
  30 0006 01       		.byte	1
  31 0007 40       		.byte	64
  32 0008 06       		.byte	6
  33 0009 4D       		.byte	77
  34 000a 01       		.byte	1
  35 000b 40       		.byte	64
  36 000c 08       		.byte	8
  37 000d 40       		.byte	64
  38 000e 0C       		.byte	12
  39 000f 10       		.byte	16
  40 0010 5D       		.byte	93
  41 0011 02       		.byte	2
  42 0012 C2       		.byte	-62
  43 0013 01       		.byte	1
  44 0014 D6       		.byte	-42
  45 0015 01       		.byte	1
  46 0016 19       		.byte	25
  47 0017 02       		.byte	2
  48 0018 78       		.byte	120
  49 0019 10       		.byte	16
  50 001a 98       		.byte	-104
  51 001b 10       		.byte	16
  52 001c 9D       		.byte	-99
  53 001d 02       		.byte	2
  54 001e C6       		.byte	-58
  55 001f 08       		.byte	8
  56 0020 DE       		.byte	-34
  57 0021 02       		.byte	2
ARM GAS  C:\Users\Schuyler\AppData\Local\Temp\ccSlcJuO.s 			page 2


  58 0022 00       		.byte	0
  59 0023 00       		.byte	0
  60 0024 00       		.byte	0
  61 0025 0C       		.byte	12
  62 0026 0C       		.byte	12
  63 0027 00       		.byte	0
  64 0028 00       		.byte	0
  65 0029 00       		.byte	0
  66 002a 00       		.byte	0
  67 002b 00       		.byte	0
  68 002c 80       		.byte	-128
  69 002d 40       		.byte	64
  70 002e 40       		.byte	64
  71 002f 00       		.byte	0
  72 0030 40       		.byte	64
  73 0031 00       		.byte	0
  74 0032 00       		.byte	0
  75 0033 00       		.byte	0
  76 0034 00       		.byte	0
  77 0035 02       		.byte	2
  78 0036 02       		.byte	2
  79 0037 00       		.byte	0
  80 0038 00       		.byte	0
  81 0039 00       		.byte	0
  82 003a 00       		.byte	0
  83 003b 00       		.byte	0
  84              		.global	cy_meta_custnvl
  85              		.section	.cycustnvl,"a",%progbits
  86              		.align	2
  87              		.type	cy_meta_custnvl, %object
  88              		.size	cy_meta_custnvl, 4
  89              	cy_meta_custnvl:
  90 0000 00       		.byte	0
  91 0001 00       		.byte	0
  92 0002 40       		.byte	64
  93 0003 05       		.byte	5
  94              		.global	cy_meta_wonvl
  95              		.section	.cywolatch,"a",%progbits
  96              		.align	2
  97              		.type	cy_meta_wonvl, %object
  98              		.size	cy_meta_wonvl, 4
  99              	cy_meta_wonvl:
 100 0000 BC       		.byte	-68
 101 0001 90       		.byte	-112
 102 0002 AC       		.byte	-84
 103 0003 AF       		.byte	-81
 104              		.global	cy_meta_flashprotect
 105              		.section	.cyflashprotect,"a",%progbits
 106              		.align	2
 107              		.type	cy_meta_flashprotect, %object
 108              		.size	cy_meta_flashprotect, 256
 109              	cy_meta_flashprotect:
 110 0000 00000000 		.space	256
 110      00000000 
 110      00000000 
 110      00000000 
 110      00000000 
ARM GAS  C:\Users\Schuyler\AppData\Local\Temp\ccSlcJuO.s 			page 3


 111              		.global	cy_metadata
 112              		.section	.cymeta,"a",%progbits
 113              		.align	2
 114              		.type	cy_metadata, %object
 115              		.size	cy_metadata, 12
 116              	cy_metadata:
 117 0000 00       		.byte	0
 118 0001 01       		.byte	1
 119 0002 2E       		.byte	46
 120 0003 16       		.byte	22
 121 0004 10       		.byte	16
 122 0005 69       		.byte	105
 123 0006 00       		.byte	0
 124 0007 01       		.byte	1
 125 0008 00       		.byte	0
 126 0009 00       		.byte	0
 127 000a 00       		.byte	0
 128 000b 00       		.byte	0
 129              		.text
 130              	.Letext0:
 131              		.file 1 ".\\Generated_Source\\PSoC5\\cymetadata.c"
 132              		.file 2 ".\\Generated_Source\\PSoC5\\cytypes.h"
 133              		.section	.debug_info,"",%progbits
 134              	.Ldebug_info0:
 135 0000 35010000 		.4byte	0x135
 136 0004 0400     		.2byte	0x4
 137 0006 00000000 		.4byte	.Ldebug_abbrev0
 138 000a 04       		.byte	0x4
 139 000b 01       		.uleb128 0x1
 140 000c B8000000 		.4byte	.LASF18
 141 0010 01       		.byte	0x1
 142 0011 00000000 		.4byte	.LASF19
 143 0015 73010000 		.4byte	.LASF20
 144 0019 00000000 		.4byte	.Ldebug_line0
 145 001d 02       		.uleb128 0x2
 146 001e 01       		.byte	0x1
 147 001f 06       		.byte	0x6
 148 0020 CD010000 		.4byte	.LASF0
 149 0024 02       		.uleb128 0x2
 150 0025 01       		.byte	0x1
 151 0026 08       		.byte	0x8
 152 0027 38000000 		.4byte	.LASF1
 153 002b 02       		.uleb128 0x2
 154 002c 02       		.byte	0x2
 155 002d 05       		.byte	0x5
 156 002e B4010000 		.4byte	.LASF2
 157 0032 02       		.uleb128 0x2
 158 0033 02       		.byte	0x2
 159 0034 07       		.byte	0x7
 160 0035 58000000 		.4byte	.LASF3
 161 0039 02       		.uleb128 0x2
 162 003a 04       		.byte	0x4
 163 003b 05       		.byte	0x5
 164 003c C4010000 		.4byte	.LASF4
 165 0040 02       		.uleb128 0x2
 166 0041 04       		.byte	0x4
 167 0042 07       		.byte	0x7
ARM GAS  C:\Users\Schuyler\AppData\Local\Temp\ccSlcJuO.s 			page 4


 168 0043 46000000 		.4byte	.LASF5
 169 0047 02       		.uleb128 0x2
 170 0048 08       		.byte	0x8
 171 0049 05       		.byte	0x5
 172 004a 60010000 		.4byte	.LASF6
 173 004e 02       		.uleb128 0x2
 174 004f 08       		.byte	0x8
 175 0050 07       		.byte	0x7
 176 0051 A1000000 		.4byte	.LASF7
 177 0055 03       		.uleb128 0x3
 178 0056 04       		.byte	0x4
 179 0057 05       		.byte	0x5
 180 0058 696E7400 		.ascii	"int\000"
 181 005c 02       		.uleb128 0x2
 182 005d 04       		.byte	0x4
 183 005e 07       		.byte	0x7
 184 005f 94000000 		.4byte	.LASF8
 185 0063 04       		.uleb128 0x4
 186 0064 BE010000 		.4byte	.LASF21
 187 0068 02       		.byte	0x2
 188 0069 A1       		.byte	0xa1
 189 006a 24000000 		.4byte	0x24
 190 006e 02       		.uleb128 0x2
 191 006f 04       		.byte	0x4
 192 0070 04       		.byte	0x4
 193 0071 32000000 		.4byte	.LASF9
 194 0075 02       		.uleb128 0x2
 195 0076 08       		.byte	0x8
 196 0077 04       		.byte	0x4
 197 0078 6B000000 		.4byte	.LASF10
 198 007c 02       		.uleb128 0x2
 199 007d 01       		.byte	0x1
 200 007e 08       		.byte	0x8
 201 007f 6E010000 		.4byte	.LASF11
 202 0083 05       		.uleb128 0x5
 203 0084 63000000 		.4byte	0x63
 204 0088 93000000 		.4byte	0x93
 205 008c 06       		.uleb128 0x6
 206 008d 93000000 		.4byte	0x93
 207 0091 3B       		.byte	0x3b
 208 0092 00       		.byte	0
 209 0093 02       		.uleb128 0x2
 210 0094 04       		.byte	0x4
 211 0095 07       		.byte	0x7
 212 0096 57010000 		.4byte	.LASF12
 213 009a 07       		.uleb128 0x7
 214 009b 82000000 		.4byte	.LASF13
 215 009f 01       		.byte	0x1
 216 00a0 1C       		.byte	0x1c
 217 00a1 AB000000 		.4byte	0xab
 218 00a5 05       		.uleb128 0x5
 219 00a6 03       		.byte	0x3
 220 00a7 00000000 		.4byte	cy_meta_configecc
 221 00ab 08       		.uleb128 0x8
 222 00ac 83000000 		.4byte	0x83
 223 00b0 05       		.uleb128 0x5
 224 00b1 63000000 		.4byte	0x63
ARM GAS  C:\Users\Schuyler\AppData\Local\Temp\ccSlcJuO.s 			page 5


 225 00b5 C0000000 		.4byte	0xc0
 226 00b9 06       		.uleb128 0x6
 227 00ba 93000000 		.4byte	0x93
 228 00be 03       		.byte	0x3
 229 00bf 00       		.byte	0
 230 00c0 07       		.uleb128 0x7
 231 00c1 72000000 		.4byte	.LASF14
 232 00c5 01       		.byte	0x1
 233 00c6 2E       		.byte	0x2e
 234 00c7 D1000000 		.4byte	0xd1
 235 00cb 05       		.uleb128 0x5
 236 00cc 03       		.byte	0x3
 237 00cd 00000000 		.4byte	cy_meta_custnvl
 238 00d1 08       		.uleb128 0x8
 239 00d2 B0000000 		.4byte	0xb0
 240 00d6 07       		.uleb128 0x7
 241 00d7 49010000 		.4byte	.LASF15
 242 00db 01       		.byte	0x1
 243 00dc 39       		.byte	0x39
 244 00dd E7000000 		.4byte	0xe7
 245 00e1 05       		.uleb128 0x5
 246 00e2 03       		.byte	0x3
 247 00e3 00000000 		.4byte	cy_meta_wonvl
 248 00e7 08       		.uleb128 0x8
 249 00e8 B0000000 		.4byte	0xb0
 250 00ec 05       		.uleb128 0x5
 251 00ed 63000000 		.4byte	0x63
 252 00f1 FC000000 		.4byte	0xfc
 253 00f5 06       		.uleb128 0x6
 254 00f6 93000000 		.4byte	0x93
 255 00fa FF       		.byte	0xff
 256 00fb 00       		.byte	0
 257 00fc 07       		.uleb128 0x7
 258 00fd 34010000 		.4byte	.LASF16
 259 0101 01       		.byte	0x1
 260 0102 44       		.byte	0x44
 261 0103 0D010000 		.4byte	0x10d
 262 0107 05       		.uleb128 0x5
 263 0108 03       		.byte	0x3
 264 0109 00000000 		.4byte	cy_meta_flashprotect
 265 010d 08       		.uleb128 0x8
 266 010e EC000000 		.4byte	0xec
 267 0112 05       		.uleb128 0x5
 268 0113 63000000 		.4byte	0x63
 269 0117 22010000 		.4byte	0x122
 270 011b 06       		.uleb128 0x6
 271 011c 93000000 		.4byte	0x93
 272 0120 0B       		.byte	0xb
 273 0121 00       		.byte	0
 274 0122 07       		.uleb128 0x7
 275 0123 26000000 		.4byte	.LASF17
 276 0127 01       		.byte	0x1
 277 0128 6E       		.byte	0x6e
 278 0129 33010000 		.4byte	0x133
 279 012d 05       		.uleb128 0x5
 280 012e 03       		.byte	0x3
 281 012f 00000000 		.4byte	cy_metadata
ARM GAS  C:\Users\Schuyler\AppData\Local\Temp\ccSlcJuO.s 			page 6


 282 0133 08       		.uleb128 0x8
 283 0134 12010000 		.4byte	0x112
 284 0138 00       		.byte	0
 285              		.section	.debug_abbrev,"",%progbits
 286              	.Ldebug_abbrev0:
 287 0000 01       		.uleb128 0x1
 288 0001 11       		.uleb128 0x11
 289 0002 01       		.byte	0x1
 290 0003 25       		.uleb128 0x25
 291 0004 0E       		.uleb128 0xe
 292 0005 13       		.uleb128 0x13
 293 0006 0B       		.uleb128 0xb
 294 0007 03       		.uleb128 0x3
 295 0008 0E       		.uleb128 0xe
 296 0009 1B       		.uleb128 0x1b
 297 000a 0E       		.uleb128 0xe
 298 000b 10       		.uleb128 0x10
 299 000c 17       		.uleb128 0x17
 300 000d 00       		.byte	0
 301 000e 00       		.byte	0
 302 000f 02       		.uleb128 0x2
 303 0010 24       		.uleb128 0x24
 304 0011 00       		.byte	0
 305 0012 0B       		.uleb128 0xb
 306 0013 0B       		.uleb128 0xb
 307 0014 3E       		.uleb128 0x3e
 308 0015 0B       		.uleb128 0xb
 309 0016 03       		.uleb128 0x3
 310 0017 0E       		.uleb128 0xe
 311 0018 00       		.byte	0
 312 0019 00       		.byte	0
 313 001a 03       		.uleb128 0x3
 314 001b 24       		.uleb128 0x24
 315 001c 00       		.byte	0
 316 001d 0B       		.uleb128 0xb
 317 001e 0B       		.uleb128 0xb
 318 001f 3E       		.uleb128 0x3e
 319 0020 0B       		.uleb128 0xb
 320 0021 03       		.uleb128 0x3
 321 0022 08       		.uleb128 0x8
 322 0023 00       		.byte	0
 323 0024 00       		.byte	0
 324 0025 04       		.uleb128 0x4
 325 0026 16       		.uleb128 0x16
 326 0027 00       		.byte	0
 327 0028 03       		.uleb128 0x3
 328 0029 0E       		.uleb128 0xe
 329 002a 3A       		.uleb128 0x3a
 330 002b 0B       		.uleb128 0xb
 331 002c 3B       		.uleb128 0x3b
 332 002d 0B       		.uleb128 0xb
 333 002e 49       		.uleb128 0x49
 334 002f 13       		.uleb128 0x13
 335 0030 00       		.byte	0
 336 0031 00       		.byte	0
 337 0032 05       		.uleb128 0x5
 338 0033 01       		.uleb128 0x1
ARM GAS  C:\Users\Schuyler\AppData\Local\Temp\ccSlcJuO.s 			page 7


 339 0034 01       		.byte	0x1
 340 0035 49       		.uleb128 0x49
 341 0036 13       		.uleb128 0x13
 342 0037 01       		.uleb128 0x1
 343 0038 13       		.uleb128 0x13
 344 0039 00       		.byte	0
 345 003a 00       		.byte	0
 346 003b 06       		.uleb128 0x6
 347 003c 21       		.uleb128 0x21
 348 003d 00       		.byte	0
 349 003e 49       		.uleb128 0x49
 350 003f 13       		.uleb128 0x13
 351 0040 2F       		.uleb128 0x2f
 352 0041 0B       		.uleb128 0xb
 353 0042 00       		.byte	0
 354 0043 00       		.byte	0
 355 0044 07       		.uleb128 0x7
 356 0045 34       		.uleb128 0x34
 357 0046 00       		.byte	0
 358 0047 03       		.uleb128 0x3
 359 0048 0E       		.uleb128 0xe
 360 0049 3A       		.uleb128 0x3a
 361 004a 0B       		.uleb128 0xb
 362 004b 3B       		.uleb128 0x3b
 363 004c 0B       		.uleb128 0xb
 364 004d 49       		.uleb128 0x49
 365 004e 13       		.uleb128 0x13
 366 004f 3F       		.uleb128 0x3f
 367 0050 19       		.uleb128 0x19
 368 0051 02       		.uleb128 0x2
 369 0052 18       		.uleb128 0x18
 370 0053 00       		.byte	0
 371 0054 00       		.byte	0
 372 0055 08       		.uleb128 0x8
 373 0056 26       		.uleb128 0x26
 374 0057 00       		.byte	0
 375 0058 49       		.uleb128 0x49
 376 0059 13       		.uleb128 0x13
 377 005a 00       		.byte	0
 378 005b 00       		.byte	0
 379 005c 00       		.byte	0
 380              		.section	.debug_aranges,"",%progbits
 381 0000 14000000 		.4byte	0x14
 382 0004 0200     		.2byte	0x2
 383 0006 00000000 		.4byte	.Ldebug_info0
 384 000a 04       		.byte	0x4
 385 000b 00       		.byte	0
 386 000c 0000     		.2byte	0
 387 000e 0000     		.2byte	0
 388 0010 00000000 		.4byte	0
 389 0014 00000000 		.4byte	0
 390              		.section	.debug_line,"",%progbits
 391              	.Ldebug_line0:
 392 0000 4F000000 		.section	.debug_str,"MS",%progbits,1
 392      02004900 
 392      00000201 
 392      FB0E0D00 
ARM GAS  C:\Users\Schuyler\AppData\Local\Temp\ccSlcJuO.s 			page 8


 392      01010101 
 393              	.LASF19:
 394 0000 2E5C4765 		.ascii	".\\Generated_Source\\PSoC5\\cymetadata.c\000"
 394      6E657261 
 394      7465645F 
 394      536F7572 
 394      63655C50 
 395              	.LASF17:
 396 0026 63795F6D 		.ascii	"cy_metadata\000"
 396      65746164 
 396      61746100 
 397              	.LASF9:
 398 0032 666C6F61 		.ascii	"float\000"
 398      7400
 399              	.LASF1:
 400 0038 756E7369 		.ascii	"unsigned char\000"
 400      676E6564 
 400      20636861 
 400      7200
 401              	.LASF5:
 402 0046 6C6F6E67 		.ascii	"long unsigned int\000"
 402      20756E73 
 402      69676E65 
 402      6420696E 
 402      7400
 403              	.LASF3:
 404 0058 73686F72 		.ascii	"short unsigned int\000"
 404      7420756E 
 404      7369676E 
 404      65642069 
 404      6E7400
 405              	.LASF10:
 406 006b 646F7562 		.ascii	"double\000"
 406      6C6500
 407              	.LASF14:
 408 0072 63795F6D 		.ascii	"cy_meta_custnvl\000"
 408      6574615F 
 408      63757374 
 408      6E766C00 
 409              	.LASF13:
 410 0082 63795F6D 		.ascii	"cy_meta_configecc\000"
 410      6574615F 
 410      636F6E66 
 410      69676563 
 410      6300
 411              	.LASF8:
 412 0094 756E7369 		.ascii	"unsigned int\000"
 412      676E6564 
 412      20696E74 
 412      00
 413              	.LASF7:
 414 00a1 6C6F6E67 		.ascii	"long long unsigned int\000"
 414      206C6F6E 
 414      6720756E 
 414      7369676E 
 414      65642069 
 415              	.LASF18:
ARM GAS  C:\Users\Schuyler\AppData\Local\Temp\ccSlcJuO.s 			page 9


 416 00b8 474E5520 		.ascii	"GNU C 4.8.4 20140526 (release) [ARM/embedded-4_8-br"
 416      4320342E 
 416      382E3420 
 416      32303134 
 416      30353236 
 417 00eb 616E6368 		.ascii	"anch revision 211358] -mcpu=cortex-m3 -mthumb -g -O"
 417      20726576 
 417      6973696F 
 417      6E203231 
 417      31333538 
 418 011e 30202D66 		.ascii	"0 -ffunction-sections\000"
 418      66756E63 
 418      74696F6E 
 418      2D736563 
 418      74696F6E 
 419              	.LASF16:
 420 0134 63795F6D 		.ascii	"cy_meta_flashprotect\000"
 420      6574615F 
 420      666C6173 
 420      6870726F 
 420      74656374 
 421              	.LASF15:
 422 0149 63795F6D 		.ascii	"cy_meta_wonvl\000"
 422      6574615F 
 422      776F6E76 
 422      6C00
 423              	.LASF12:
 424 0157 73697A65 		.ascii	"sizetype\000"
 424      74797065 
 424      00
 425              	.LASF6:
 426 0160 6C6F6E67 		.ascii	"long long int\000"
 426      206C6F6E 
 426      6720696E 
 426      7400
 427              	.LASF11:
 428 016e 63686172 		.ascii	"char\000"
 428      00
 429              	.LASF20:
 430 0173 433A5C55 		.ascii	"C:\\Users\\Schuyler\\Documents\\PSoC Creator\\Desig"
 430      73657273 
 430      5C536368 
 430      75796C65 
 430      725C446F 
 431 01a1 6E30335C 		.ascii	"n03\\Design03.cydsn\000"
 431      44657369 
 431      676E3033 
 431      2E637964 
 431      736E00
 432              	.LASF2:
 433 01b4 73686F72 		.ascii	"short int\000"
 433      7420696E 
 433      7400
 434              	.LASF21:
 435 01be 75696E74 		.ascii	"uint8\000"
 435      3800
 436              	.LASF4:
ARM GAS  C:\Users\Schuyler\AppData\Local\Temp\ccSlcJuO.s 			page 10


 437 01c4 6C6F6E67 		.ascii	"long int\000"
 437      20696E74 
 437      00
 438              	.LASF0:
 439 01cd 7369676E 		.ascii	"signed char\000"
 439      65642063 
 439      68617200 
 440              		.ident	"GCC: (GNU Tools for ARM Embedded Processors) 4.8.4 20140526 (release) [ARM/embedded-4_8-br
