--------------- Build Started: 01/17/2017 20:18:26 Project: Design03, Configuration: ARM GCC 4.8.4 Debug ---------------
cydsfit.exe -.appdatapath "C:\Users\Schuyler\AppData\Local\Cypress Semiconductor\PSoC Creator\3.1" -.fdsnotice -.fdswarpdepfile=warp_dependencies.txt -.fdselabdepfile=elab_dependencies.txt -.fdsbldfile=generated_files.txt -p "C:\Users\Schuyler\Documents\PSoC Creator\CANBusTest\Receiver\Design03.cydsn\Design03.cyprj" -d CY8C5888LTI-LP097 -s "C:\Users\Schuyler\Documents\PSoC Creator\CANBusTest\Receiver\Design03.cydsn\Generated_Source\PSoC5" -- -yv2 -q10 -ygs -o2 -v3 -.fftcfgtype=LE
Elaborating Design...
HDL Generation ...
Synthesis ...
Place and Route ...
Tech mapping ...
Analog Placement ...
Analog Routing ...
Analog Code Generation ...
Digital Placement ...
Digital Routing ...
Bitstream Generation ...
Static timing analysis ...
API Generation ...
Dependency Generation ...
Clean Temporary Files ...
arm-none-eabi-gcc.exe -mcpu=cortex-m3 -mthumb -Wno-main -I. -I.\Generated_Source\PSoC5 -Wa,-alh=.\CortexM3\ARM_GCC_484\Debug/main.lst -g -D DEBUG -Wall -ffunction-sections -O0 -c .\main.c -o .\CortexM3\ARM_GCC_484\Debug\main.o
arm-none-eabi-ar.exe -rs .\CortexM3\ARM_GCC_484\Debug\Design03.a .\CortexM3\ARM_GCC_484\Debug\cyfitter_cfg.o .\CortexM3\ARM_GCC_484\Debug\Rx_1.o .\CortexM3\ARM_GCC_484\Debug\Tx_1.o .\CortexM3\ARM_GCC_484\Debug\CAN_1.o .\CortexM3\ARM_GCC_484\Debug\CAN_1_INT.o .\CortexM3\ARM_GCC_484\Debug\CAN_1_PM.o .\CortexM3\ARM_GCC_484\Debug\CAN_1_TX_RX_func.o .\CortexM3\ARM_GCC_484\Debug\CyBootAsmGnu.o .\CortexM3\ARM_GCC_484\Debug\CyDmac.o .\CortexM3\ARM_GCC_484\Debug\CyFlash.o .\CortexM3\ARM_GCC_484\Debug\CyLib.o .\CortexM3\ARM_GCC_484\Debug\cyPm.o .\CortexM3\ARM_GCC_484\Debug\CySpc.o .\CortexM3\ARM_GCC_484\Debug\cyutils.o .\CortexM3\ARM_GCC_484\Debug\LED.o .\CortexM3\ARM_GCC_484\Debug\GREEN.o .\CortexM3\ARM_GCC_484\Debug\RED.o
arm-none-eabi-ar.exe: creating .\CortexM3\ARM_GCC_484\Debug\Design03.a
arm-none-eabi-gcc.exe -Wl,--start-group -o .\CortexM3\ARM_GCC_484\Debug\Design03.elf .\CortexM3\ARM_GCC_484\Debug\main.o .\CortexM3\ARM_GCC_484\Debug\cymetadata.o .\CortexM3\ARM_GCC_484\Debug\Cm3Start.o .\CortexM3\ARM_GCC_484\Debug\Design03.a "C:\Program Files (x86)\Cypress\PSoC Creator\3.1\PSoC Creator\psoc\content\cycomponentlibrary\CyComponentLibrary.cylib\CortexM3\ARM_GCC_484\Debug\CyComponentLibrary.a" -mthumb -march=armv7-m -mfix-cortex-m3-ldrd -Wl,-Map,.\CortexM3\ARM_GCC_484\Debug/Design03.map -T .\Generated_Source\PSoC5\cm3gcc.ld -g -specs=nano.specs "-u _printf_float" "" -Wl,--gc-sections -Wl,--end-group
cyelftool.exe -C "C:\Users\Schuyler\Documents\PSoC Creator\CANBusTest\Receiver\Design03.cydsn\CortexM3\ARM_GCC_484\Debug\Design03.elf" --flash_size 262144 --flash_row_size 256
cyelftool.exe -S "C:\Users\Schuyler\Documents\PSoC Creator\CANBusTest\Receiver\Design03.cydsn\CortexM3\ARM_GCC_484\Debug\Design03.elf"
Flash used: 4518 of 262144 bytes (1.7 %).
SRAM used: 2493 of 65536 bytes (3.8 %). Stack: 2048 bytes. Heap: 128 bytes.
--------------- Build Succeeded: 01/17/2017 20:18:44 ---------------
