ARM GAS  C:\Users\Schuyler\AppData\Local\Temp\ccdVOr6f.s 			page 1


   1              		.syntax unified
   2              		.cpu cortex-m3
   3              		.fpu softvfp
   4              		.eabi_attribute 20, 1
   5              		.eabi_attribute 21, 1
   6              		.eabi_attribute 23, 3
   7              		.eabi_attribute 24, 1
   8              		.eabi_attribute 25, 1
   9              		.eabi_attribute 26, 1
  10              		.eabi_attribute 30, 6
  11              		.eabi_attribute 34, 1
  12              		.eabi_attribute 18, 4
  13              		.thumb
  14              		.file	"main.c"
  15              		.text
  16              	.Ltext0:
  17              		.cfi_sections	.debug_frame
  18              		.global	Rx_Data
  19              		.data
  20              		.type	Rx_Data, %object
  21              		.size	Rx_Data, 1
  22              	Rx_Data:
  23 0000 0A       		.byte	10
  24              		.section	.text.main,"ax",%progbits
  25              		.align	2
  26              		.global	main
  27              		.thumb
  28              		.thumb_func
  29              		.type	main, %function
  30              	main:
  31              	.LFB56:
  32              		.file 1 ".\\main.c"
   1:.\main.c      **** /* ========================================
   2:.\main.c      ****  * CAN BUS Transmission Firmware
   3:.\main.c      ****  * Schuyler Alschuler (FRUCD)
   4:.\main.c      ****  * ========================================
   5:.\main.c      **** */
   6:.\main.c      **** #include <project.h>
   7:.\main.c      **** uint8 Rx_Data = 10;
   8:.\main.c      **** 
   9:.\main.c      **** int main()
  10:.\main.c      **** {
  33              		.loc 1 10 0
  34              		.cfi_startproc
  35              		@ args = 0, pretend = 0, frame = 0
  36              		@ frame_needed = 1, uses_anonymous_args = 0
  37 0000 80B5     		push	{r7, lr}
  38              		.cfi_def_cfa_offset 8
  39              		.cfi_offset 7, -8
  40              		.cfi_offset 14, -4
  41 0002 00AF     		add	r7, sp, #0
  42              		.cfi_def_cfa_register 7
  11:.\main.c      ****  CAN_1_Start();
  43              		.loc 1 11 0
  44 0004 FFF7FEFF 		bl	CAN_1_Start
  12:.\main.c      ****  CyGlobalIntEnable;
  45              		.loc 1 12 0
ARM GAS  C:\Users\Schuyler\AppData\Local\Temp\ccdVOr6f.s 			page 2


  46              	@ 12 ".\main.c" 1
  47 0008 62B6     		CPSIE   i
  48              	@ 0 "" 2
  49              		.thumb
  50              	.L3:
  13:.\main.c      **** 
  14:.\main.c      ****  for(;;) /* do forever */
  15:.\main.c      ****  {
  16:.\main.c      ****     GREEN_Write(0);
  51              		.loc 1 16 0
  52 000a 0020     		movs	r0, #0
  53 000c FFF7FEFF 		bl	GREEN_Write
  17:.\main.c      ****     RED_Write(0);
  54              		.loc 1 17 0
  55 0010 0020     		movs	r0, #0
  56 0012 FFF7FEFF 		bl	RED_Write
  18:.\main.c      ****     
  19:.\main.c      ****     if (Rx_Data == 0x0)
  57              		.loc 1 19 0
  58 0016 074B     		ldr	r3, .L4
  59 0018 1B78     		ldrb	r3, [r3]	@ zero_extendqisi2
  60 001a 002B     		cmp	r3, #0
  61 001c 09D1     		bne	.L2
  20:.\main.c      ****     {
  21:.\main.c      ****         LED_Write(1);
  62              		.loc 1 21 0
  63 001e 0120     		movs	r0, #1
  64 0020 FFF7FEFF 		bl	LED_Write
  22:.\main.c      ****         CyDelay(200);
  65              		.loc 1 22 0
  66 0024 C820     		movs	r0, #200
  67 0026 FFF7FEFF 		bl	CyDelay
  23:.\main.c      ****         LED_Write(0);
  68              		.loc 1 23 0
  69 002a 0020     		movs	r0, #0
  70 002c FFF7FEFF 		bl	LED_Write
  24:.\main.c      ****     }
  25:.\main.c      ****  }
  71              		.loc 1 25 0
  72 0030 EBE7     		b	.L3
  73              	.L2:
  74 0032 EAE7     		b	.L3
  75              	.L5:
  76              		.align	2
  77              	.L4:
  78 0034 00000000 		.word	Rx_Data
  79              		.cfi_endproc
  80              	.LFE56:
  81              		.size	main, .-main
  82              		.text
  83              	.Letext0:
  84              		.file 2 "c:\\program files (x86)\\cypress\\psoc creator\\3.1\\psoc creator\\import\\gnu_cs\\arm\\4
  85              		.file 3 "c:\\program files (x86)\\cypress\\psoc creator\\3.1\\psoc creator\\import\\gnu_cs\\arm\\4
  86              		.file 4 ".\\Generated_Source\\PSoC5/cytypes.h"
  87              		.file 5 ".\\Generated_Source\\PSoC5/core_cm3.h"
  88              		.section	.debug_info,"",%progbits
  89              	.Ldebug_info0:
ARM GAS  C:\Users\Schuyler\AppData\Local\Temp\ccdVOr6f.s 			page 3


  90 0000 DC000000 		.4byte	0xdc
  91 0004 0400     		.2byte	0x4
  92 0006 00000000 		.4byte	.Ldebug_abbrev0
  93 000a 04       		.byte	0x4
  94 000b 01       		.uleb128 0x1
  95 000c D1000000 		.4byte	.LASF18
  96 0010 01       		.byte	0x1
  97 0011 8E000000 		.4byte	.LASF19
  98 0015 4D010000 		.4byte	.LASF20
  99 0019 00000000 		.4byte	.Ldebug_ranges0+0
 100 001d 00000000 		.4byte	0
 101 0021 00000000 		.4byte	.Ldebug_line0
 102 0025 02       		.uleb128 0x2
 103 0026 01       		.byte	0x1
 104 0027 06       		.byte	0x6
 105 0028 AB000000 		.4byte	.LASF0
 106 002c 02       		.uleb128 0x2
 107 002d 01       		.byte	0x1
 108 002e 08       		.byte	0x8
 109 002f 72000000 		.4byte	.LASF1
 110 0033 02       		.uleb128 0x2
 111 0034 02       		.byte	0x2
 112 0035 05       		.byte	0x5
 113 0036 C7000000 		.4byte	.LASF2
 114 003a 02       		.uleb128 0x2
 115 003b 02       		.byte	0x2
 116 003c 07       		.byte	0x7
 117 003d 0E000000 		.4byte	.LASF3
 118 0041 03       		.uleb128 0x3
 119 0042 B7000000 		.4byte	.LASF9
 120 0046 02       		.byte	0x2
 121 0047 37       		.byte	0x37
 122 0048 4C000000 		.4byte	0x4c
 123 004c 02       		.uleb128 0x2
 124 004d 04       		.byte	0x4
 125 004e 05       		.byte	0x5
 126 004f 85000000 		.4byte	.LASF4
 127 0053 02       		.uleb128 0x2
 128 0054 04       		.byte	0x4
 129 0055 07       		.byte	0x7
 130 0056 49000000 		.4byte	.LASF5
 131 005a 02       		.uleb128 0x2
 132 005b 08       		.byte	0x8
 133 005c 05       		.byte	0x5
 134 005d 00000000 		.4byte	.LASF6
 135 0061 02       		.uleb128 0x2
 136 0062 08       		.byte	0x8
 137 0063 07       		.byte	0x7
 138 0064 5B000000 		.4byte	.LASF7
 139 0068 04       		.uleb128 0x4
 140 0069 04       		.byte	0x4
 141 006a 05       		.byte	0x5
 142 006b 696E7400 		.ascii	"int\000"
 143 006f 02       		.uleb128 0x2
 144 0070 04       		.byte	0x4
 145 0071 07       		.byte	0x7
 146 0072 29000000 		.4byte	.LASF8
ARM GAS  C:\Users\Schuyler\AppData\Local\Temp\ccdVOr6f.s 			page 4


 147 0076 03       		.uleb128 0x3
 148 0077 41000000 		.4byte	.LASF10
 149 007b 03       		.byte	0x3
 150 007c 41       		.byte	0x41
 151 007d 41000000 		.4byte	0x41
 152 0081 03       		.uleb128 0x3
 153 0082 3B000000 		.4byte	.LASF11
 154 0086 04       		.byte	0x4
 155 0087 A1       		.byte	0xa1
 156 0088 2C000000 		.4byte	0x2c
 157 008c 02       		.uleb128 0x2
 158 008d 04       		.byte	0x4
 159 008e 04       		.byte	0x4
 160 008f C1000000 		.4byte	.LASF12
 161 0093 02       		.uleb128 0x2
 162 0094 08       		.byte	0x8
 163 0095 04       		.byte	0x4
 164 0096 97000000 		.4byte	.LASF13
 165 009a 02       		.uleb128 0x2
 166 009b 01       		.byte	0x1
 167 009c 08       		.byte	0x8
 168 009d 80000000 		.4byte	.LASF14
 169 00a1 02       		.uleb128 0x2
 170 00a2 04       		.byte	0x4
 171 00a3 07       		.byte	0x7
 172 00a4 99010000 		.4byte	.LASF15
 173 00a8 05       		.uleb128 0x5
 174 00a9 36000000 		.4byte	.LASF21
 175 00ad 01       		.byte	0x1
 176 00ae 09       		.byte	0x9
 177 00af 68000000 		.4byte	0x68
 178 00b3 00000000 		.4byte	.LFB56
 179 00b7 38000000 		.4byte	.LFE56-.LFB56
 180 00bb 01       		.uleb128 0x1
 181 00bc 9C       		.byte	0x9c
 182 00bd 06       		.uleb128 0x6
 183 00be 9E000000 		.4byte	.LASF16
 184 00c2 05       		.byte	0x5
 185 00c3 1606     		.2byte	0x616
 186 00c5 C9000000 		.4byte	0xc9
 187 00c9 07       		.uleb128 0x7
 188 00ca 76000000 		.4byte	0x76
 189 00ce 08       		.uleb128 0x8
 190 00cf 21000000 		.4byte	.LASF17
 191 00d3 01       		.byte	0x1
 192 00d4 07       		.byte	0x7
 193 00d5 81000000 		.4byte	0x81
 194 00d9 05       		.uleb128 0x5
 195 00da 03       		.byte	0x3
 196 00db 00000000 		.4byte	Rx_Data
 197 00df 00       		.byte	0
 198              		.section	.debug_abbrev,"",%progbits
 199              	.Ldebug_abbrev0:
 200 0000 01       		.uleb128 0x1
 201 0001 11       		.uleb128 0x11
 202 0002 01       		.byte	0x1
 203 0003 25       		.uleb128 0x25
ARM GAS  C:\Users\Schuyler\AppData\Local\Temp\ccdVOr6f.s 			page 5


 204 0004 0E       		.uleb128 0xe
 205 0005 13       		.uleb128 0x13
 206 0006 0B       		.uleb128 0xb
 207 0007 03       		.uleb128 0x3
 208 0008 0E       		.uleb128 0xe
 209 0009 1B       		.uleb128 0x1b
 210 000a 0E       		.uleb128 0xe
 211 000b 55       		.uleb128 0x55
 212 000c 17       		.uleb128 0x17
 213 000d 11       		.uleb128 0x11
 214 000e 01       		.uleb128 0x1
 215 000f 10       		.uleb128 0x10
 216 0010 17       		.uleb128 0x17
 217 0011 00       		.byte	0
 218 0012 00       		.byte	0
 219 0013 02       		.uleb128 0x2
 220 0014 24       		.uleb128 0x24
 221 0015 00       		.byte	0
 222 0016 0B       		.uleb128 0xb
 223 0017 0B       		.uleb128 0xb
 224 0018 3E       		.uleb128 0x3e
 225 0019 0B       		.uleb128 0xb
 226 001a 03       		.uleb128 0x3
 227 001b 0E       		.uleb128 0xe
 228 001c 00       		.byte	0
 229 001d 00       		.byte	0
 230 001e 03       		.uleb128 0x3
 231 001f 16       		.uleb128 0x16
 232 0020 00       		.byte	0
 233 0021 03       		.uleb128 0x3
 234 0022 0E       		.uleb128 0xe
 235 0023 3A       		.uleb128 0x3a
 236 0024 0B       		.uleb128 0xb
 237 0025 3B       		.uleb128 0x3b
 238 0026 0B       		.uleb128 0xb
 239 0027 49       		.uleb128 0x49
 240 0028 13       		.uleb128 0x13
 241 0029 00       		.byte	0
 242 002a 00       		.byte	0
 243 002b 04       		.uleb128 0x4
 244 002c 24       		.uleb128 0x24
 245 002d 00       		.byte	0
 246 002e 0B       		.uleb128 0xb
 247 002f 0B       		.uleb128 0xb
 248 0030 3E       		.uleb128 0x3e
 249 0031 0B       		.uleb128 0xb
 250 0032 03       		.uleb128 0x3
 251 0033 08       		.uleb128 0x8
 252 0034 00       		.byte	0
 253 0035 00       		.byte	0
 254 0036 05       		.uleb128 0x5
 255 0037 2E       		.uleb128 0x2e
 256 0038 00       		.byte	0
 257 0039 3F       		.uleb128 0x3f
 258 003a 19       		.uleb128 0x19
 259 003b 03       		.uleb128 0x3
 260 003c 0E       		.uleb128 0xe
ARM GAS  C:\Users\Schuyler\AppData\Local\Temp\ccdVOr6f.s 			page 6


 261 003d 3A       		.uleb128 0x3a
 262 003e 0B       		.uleb128 0xb
 263 003f 3B       		.uleb128 0x3b
 264 0040 0B       		.uleb128 0xb
 265 0041 49       		.uleb128 0x49
 266 0042 13       		.uleb128 0x13
 267 0043 11       		.uleb128 0x11
 268 0044 01       		.uleb128 0x1
 269 0045 12       		.uleb128 0x12
 270 0046 06       		.uleb128 0x6
 271 0047 40       		.uleb128 0x40
 272 0048 18       		.uleb128 0x18
 273 0049 9642     		.uleb128 0x2116
 274 004b 19       		.uleb128 0x19
 275 004c 00       		.byte	0
 276 004d 00       		.byte	0
 277 004e 06       		.uleb128 0x6
 278 004f 34       		.uleb128 0x34
 279 0050 00       		.byte	0
 280 0051 03       		.uleb128 0x3
 281 0052 0E       		.uleb128 0xe
 282 0053 3A       		.uleb128 0x3a
 283 0054 0B       		.uleb128 0xb
 284 0055 3B       		.uleb128 0x3b
 285 0056 05       		.uleb128 0x5
 286 0057 49       		.uleb128 0x49
 287 0058 13       		.uleb128 0x13
 288 0059 3F       		.uleb128 0x3f
 289 005a 19       		.uleb128 0x19
 290 005b 3C       		.uleb128 0x3c
 291 005c 19       		.uleb128 0x19
 292 005d 00       		.byte	0
 293 005e 00       		.byte	0
 294 005f 07       		.uleb128 0x7
 295 0060 35       		.uleb128 0x35
 296 0061 00       		.byte	0
 297 0062 49       		.uleb128 0x49
 298 0063 13       		.uleb128 0x13
 299 0064 00       		.byte	0
 300 0065 00       		.byte	0
 301 0066 08       		.uleb128 0x8
 302 0067 34       		.uleb128 0x34
 303 0068 00       		.byte	0
 304 0069 03       		.uleb128 0x3
 305 006a 0E       		.uleb128 0xe
 306 006b 3A       		.uleb128 0x3a
 307 006c 0B       		.uleb128 0xb
 308 006d 3B       		.uleb128 0x3b
 309 006e 0B       		.uleb128 0xb
 310 006f 49       		.uleb128 0x49
 311 0070 13       		.uleb128 0x13
 312 0071 3F       		.uleb128 0x3f
 313 0072 19       		.uleb128 0x19
 314 0073 02       		.uleb128 0x2
 315 0074 18       		.uleb128 0x18
 316 0075 00       		.byte	0
 317 0076 00       		.byte	0
ARM GAS  C:\Users\Schuyler\AppData\Local\Temp\ccdVOr6f.s 			page 7


 318 0077 00       		.byte	0
 319              		.section	.debug_aranges,"",%progbits
 320 0000 1C000000 		.4byte	0x1c
 321 0004 0200     		.2byte	0x2
 322 0006 00000000 		.4byte	.Ldebug_info0
 323 000a 04       		.byte	0x4
 324 000b 00       		.byte	0
 325 000c 0000     		.2byte	0
 326 000e 0000     		.2byte	0
 327 0010 00000000 		.4byte	.LFB56
 328 0014 38000000 		.4byte	.LFE56-.LFB56
 329 0018 00000000 		.4byte	0
 330 001c 00000000 		.4byte	0
 331              		.section	.debug_ranges,"",%progbits
 332              	.Ldebug_ranges0:
 333 0000 00000000 		.4byte	.LFB56
 334 0004 38000000 		.4byte	.LFE56
 335 0008 00000000 		.4byte	0
 336 000c 00000000 		.4byte	0
 337              		.section	.debug_line,"",%progbits
 338              	.Ldebug_line0:
 339 0000 6F010000 		.section	.debug_str,"MS",%progbits,1
 339      02005101 
 339      00000201 
 339      FB0E0D00 
 339      01010101 
 340              	.LASF6:
 341 0000 6C6F6E67 		.ascii	"long long int\000"
 341      206C6F6E 
 341      6720696E 
 341      7400
 342              	.LASF3:
 343 000e 73686F72 		.ascii	"short unsigned int\000"
 343      7420756E 
 343      7369676E 
 343      65642069 
 343      6E7400
 344              	.LASF17:
 345 0021 52785F44 		.ascii	"Rx_Data\000"
 345      61746100 
 346              	.LASF8:
 347 0029 756E7369 		.ascii	"unsigned int\000"
 347      676E6564 
 347      20696E74 
 347      00
 348              	.LASF21:
 349 0036 6D61696E 		.ascii	"main\000"
 349      00
 350              	.LASF11:
 351 003b 75696E74 		.ascii	"uint8\000"
 351      3800
 352              	.LASF10:
 353 0041 696E7433 		.ascii	"int32_t\000"
 353      325F7400 
 354              	.LASF5:
 355 0049 6C6F6E67 		.ascii	"long unsigned int\000"
 355      20756E73 
ARM GAS  C:\Users\Schuyler\AppData\Local\Temp\ccdVOr6f.s 			page 8


 355      69676E65 
 355      6420696E 
 355      7400
 356              	.LASF7:
 357 005b 6C6F6E67 		.ascii	"long long unsigned int\000"
 357      206C6F6E 
 357      6720756E 
 357      7369676E 
 357      65642069 
 358              	.LASF1:
 359 0072 756E7369 		.ascii	"unsigned char\000"
 359      676E6564 
 359      20636861 
 359      7200
 360              	.LASF14:
 361 0080 63686172 		.ascii	"char\000"
 361      00
 362              	.LASF4:
 363 0085 6C6F6E67 		.ascii	"long int\000"
 363      20696E74 
 363      00
 364              	.LASF19:
 365 008e 2E5C6D61 		.ascii	".\\main.c\000"
 365      696E2E63 
 365      00
 366              	.LASF13:
 367 0097 646F7562 		.ascii	"double\000"
 367      6C6500
 368              	.LASF16:
 369 009e 49544D5F 		.ascii	"ITM_RxBuffer\000"
 369      52784275 
 369      66666572 
 369      00
 370              	.LASF0:
 371 00ab 7369676E 		.ascii	"signed char\000"
 371      65642063 
 371      68617200 
 372              	.LASF9:
 373 00b7 5F5F696E 		.ascii	"__int32_t\000"
 373      7433325F 
 373      7400
 374              	.LASF12:
 375 00c1 666C6F61 		.ascii	"float\000"
 375      7400
 376              	.LASF2:
 377 00c7 73686F72 		.ascii	"short int\000"
 377      7420696E 
 377      7400
 378              	.LASF18:
 379 00d1 474E5520 		.ascii	"GNU C 4.8.4 20140526 (release) [ARM/embedded-4_8-br"
 379      4320342E 
 379      382E3420 
 379      32303134 
 379      30353236 
 380 0104 616E6368 		.ascii	"anch revision 211358] -mcpu=cortex-m3 -mthumb -g -O"
 380      20726576 
 380      6973696F 
ARM GAS  C:\Users\Schuyler\AppData\Local\Temp\ccdVOr6f.s 			page 9


 380      6E203231 
 380      31333538 
 381 0137 30202D66 		.ascii	"0 -ffunction-sections\000"
 381      66756E63 
 381      74696F6E 
 381      2D736563 
 381      74696F6E 
 382              	.LASF20:
 383 014d 433A5C55 		.ascii	"C:\\Users\\Schuyler\\Documents\\PSoC Creator\\CANBu"
 383      73657273 
 383      5C536368 
 383      75796C65 
 383      725C446F 
 384 017b 73546573 		.ascii	"sTest\\Receiver\\Design03.cydsn\000"
 384      745C5265 
 384      63656976 
 384      65725C44 
 384      65736967 
 385              	.LASF15:
 386 0199 73697A65 		.ascii	"sizetype\000"
 386      74797065 
 386      00
 387              		.ident	"GCC: (GNU Tools for ARM Embedded Processors) 4.8.4 20140526 (release) [ARM/embedded-4_8-br
