ARM GAS  C:\Users\Schuyler\AppData\Local\Temp\ccpY61cW.s 			page 1


   1              		.syntax unified
   2              		.cpu cortex-m3
   3              		.fpu softvfp
   4              		.eabi_attribute 20, 1
   5              		.eabi_attribute 21, 1
   6              		.eabi_attribute 23, 3
   7              		.eabi_attribute 24, 1
   8              		.eabi_attribute 25, 1
   9              		.eabi_attribute 26, 1
  10              		.eabi_attribute 30, 6
  11              		.eabi_attribute 34, 1
  12              		.eabi_attribute 18, 4
  13              		.thumb
  14              		.file	"CAN_1_INT.c"
  15              		.text
  16              	.Ltext0:
  17              		.cfi_sections	.debug_frame
  18              		.section	.text.CAN_1_BusOffIsr,"ax",%progbits
  19              		.align	2
  20              		.global	CAN_1_BusOffIsr
  21              		.thumb
  22              		.thumb_func
  23              		.type	CAN_1_BusOffIsr, %function
  24              	CAN_1_BusOffIsr:
  25              	.LFB0:
  26              		.file 1 ".\\Generated_Source\\PSoC5\\CAN_1_INT.c"
   1:.\Generated_Source\PSoC5/CAN_1_INT.c **** /*******************************************************************************
   2:.\Generated_Source\PSoC5/CAN_1_INT.c **** * File Name: CAN_1_INT.c
   3:.\Generated_Source\PSoC5/CAN_1_INT.c **** * Version 2.30
   4:.\Generated_Source\PSoC5/CAN_1_INT.c **** *
   5:.\Generated_Source\PSoC5/CAN_1_INT.c **** * Description:
   6:.\Generated_Source\PSoC5/CAN_1_INT.c **** *  This file contains the Interrupt Service Routine (ISR) for the CAN
   7:.\Generated_Source\PSoC5/CAN_1_INT.c **** *  Component. Interrupt handlers functions generate accordingly to PSoC Creator 
   8:.\Generated_Source\PSoC5/CAN_1_INT.c **** *  Customizer inputs.
   9:.\Generated_Source\PSoC5/CAN_1_INT.c **** *
  10:.\Generated_Source\PSoC5/CAN_1_INT.c **** * Note:
  11:.\Generated_Source\PSoC5/CAN_1_INT.c **** *  None
  12:.\Generated_Source\PSoC5/CAN_1_INT.c **** *
  13:.\Generated_Source\PSoC5/CAN_1_INT.c **** ********************************************************************************
  14:.\Generated_Source\PSoC5/CAN_1_INT.c **** * Copyright 2008-2012, Cypress Semiconductor Corporation.  All rights reserved.
  15:.\Generated_Source\PSoC5/CAN_1_INT.c **** * You may use this file only in accordance with the license, terms, conditions,
  16:.\Generated_Source\PSoC5/CAN_1_INT.c **** * disclaimers, and limitations in the end user license agreement accompanying
  17:.\Generated_Source\PSoC5/CAN_1_INT.c **** * the software package with which this file was provided.
  18:.\Generated_Source\PSoC5/CAN_1_INT.c **** *******************************************************************************/
  19:.\Generated_Source\PSoC5/CAN_1_INT.c **** 
  20:.\Generated_Source\PSoC5/CAN_1_INT.c **** #include "CAN_1.h"
  21:.\Generated_Source\PSoC5/CAN_1_INT.c **** 
  22:.\Generated_Source\PSoC5/CAN_1_INT.c **** /* `#START CAN_INT_C_CODE_DEFINITION` */
  23:.\Generated_Source\PSoC5/CAN_1_INT.c **** 
  24:.\Generated_Source\PSoC5/CAN_1_INT.c **** /* `#END` */
  25:.\Generated_Source\PSoC5/CAN_1_INT.c **** 
  26:.\Generated_Source\PSoC5/CAN_1_INT.c **** #if (CAN_1_ARB_LOST)
  27:.\Generated_Source\PSoC5/CAN_1_INT.c **** 
  28:.\Generated_Source\PSoC5/CAN_1_INT.c ****     /*******************************************************************************
  29:.\Generated_Source\PSoC5/CAN_1_INT.c ****     * FUNCTION NAME:   CAN_1_ArbLost
  30:.\Generated_Source\PSoC5/CAN_1_INT.c ****     ********************************************************************************
  31:.\Generated_Source\PSoC5/CAN_1_INT.c ****     *
ARM GAS  C:\Users\Schuyler\AppData\Local\Temp\ccpY61cW.s 			page 2


  32:.\Generated_Source\PSoC5/CAN_1_INT.c ****     * Summary:
  33:.\Generated_Source\PSoC5/CAN_1_INT.c ****     *  This function is entry point to Arbitration Lost Interrupt. Clears
  34:.\Generated_Source\PSoC5/CAN_1_INT.c ****     *  Arbitration Lost interrupt flag. Only generated if Arbitration Lost
  35:.\Generated_Source\PSoC5/CAN_1_INT.c ****     *  Interrupt enable in Customizer.
  36:.\Generated_Source\PSoC5/CAN_1_INT.c ****     *
  37:.\Generated_Source\PSoC5/CAN_1_INT.c ****     * Parameters:
  38:.\Generated_Source\PSoC5/CAN_1_INT.c ****     *  None.
  39:.\Generated_Source\PSoC5/CAN_1_INT.c ****     *
  40:.\Generated_Source\PSoC5/CAN_1_INT.c ****     * Return:
  41:.\Generated_Source\PSoC5/CAN_1_INT.c ****     *  None.
  42:.\Generated_Source\PSoC5/CAN_1_INT.c ****     * 
  43:.\Generated_Source\PSoC5/CAN_1_INT.c ****     * Reentrant:
  44:.\Generated_Source\PSoC5/CAN_1_INT.c ****     *  Depends on Customer code.
  45:.\Generated_Source\PSoC5/CAN_1_INT.c ****     *
  46:.\Generated_Source\PSoC5/CAN_1_INT.c ****     *******************************************************************************/
  47:.\Generated_Source\PSoC5/CAN_1_INT.c ****     void CAN_1_ArbLostIsr(void) 
  48:.\Generated_Source\PSoC5/CAN_1_INT.c ****     {
  49:.\Generated_Source\PSoC5/CAN_1_INT.c ****         /* Clear Arbitration Lost flag */
  50:.\Generated_Source\PSoC5/CAN_1_INT.c ****         CAN_1_INT_SR_REG.byte[0u] = CAN_1_ARBITRATION_LOST_MASK;
  51:.\Generated_Source\PSoC5/CAN_1_INT.c ****     
  52:.\Generated_Source\PSoC5/CAN_1_INT.c ****         /* `#START ARBITRATION_LOST_ISR` */
  53:.\Generated_Source\PSoC5/CAN_1_INT.c **** 
  54:.\Generated_Source\PSoC5/CAN_1_INT.c ****         /* `#END` */
  55:.\Generated_Source\PSoC5/CAN_1_INT.c ****     }
  56:.\Generated_Source\PSoC5/CAN_1_INT.c ****     
  57:.\Generated_Source\PSoC5/CAN_1_INT.c **** #endif /* CAN_1_ARB_LOST */
  58:.\Generated_Source\PSoC5/CAN_1_INT.c **** 
  59:.\Generated_Source\PSoC5/CAN_1_INT.c **** #if (CAN_1_OVERLOAD)
  60:.\Generated_Source\PSoC5/CAN_1_INT.c **** 
  61:.\Generated_Source\PSoC5/CAN_1_INT.c ****     /*******************************************************************************
  62:.\Generated_Source\PSoC5/CAN_1_INT.c ****     * FUNCTION NAME:   CAN_1_OvrLdErrror
  63:.\Generated_Source\PSoC5/CAN_1_INT.c ****     ********************************************************************************
  64:.\Generated_Source\PSoC5/CAN_1_INT.c ****     *
  65:.\Generated_Source\PSoC5/CAN_1_INT.c ****     * Summary:
  66:.\Generated_Source\PSoC5/CAN_1_INT.c ****     *  This function is entry point to Overload Error Interrupt. Clears Overload
  67:.\Generated_Source\PSoC5/CAN_1_INT.c ****     *  Error interrupt flag. Only generated if Overload Error Interrupt enable
  68:.\Generated_Source\PSoC5/CAN_1_INT.c ****     *  in Customizer.
  69:.\Generated_Source\PSoC5/CAN_1_INT.c ****     *
  70:.\Generated_Source\PSoC5/CAN_1_INT.c ****     * Parameters:
  71:.\Generated_Source\PSoC5/CAN_1_INT.c ****     *  None.
  72:.\Generated_Source\PSoC5/CAN_1_INT.c ****     *
  73:.\Generated_Source\PSoC5/CAN_1_INT.c ****     * Return:
  74:.\Generated_Source\PSoC5/CAN_1_INT.c ****     *  None.        
  75:.\Generated_Source\PSoC5/CAN_1_INT.c ****     *
  76:.\Generated_Source\PSoC5/CAN_1_INT.c ****     * Reentrant:
  77:.\Generated_Source\PSoC5/CAN_1_INT.c ****     *  Depends on Customer code.
  78:.\Generated_Source\PSoC5/CAN_1_INT.c ****     *
  79:.\Generated_Source\PSoC5/CAN_1_INT.c ****     *******************************************************************************/
  80:.\Generated_Source\PSoC5/CAN_1_INT.c ****     void CAN_1_OvrLdErrorIsr(void) 
  81:.\Generated_Source\PSoC5/CAN_1_INT.c ****     {
  82:.\Generated_Source\PSoC5/CAN_1_INT.c ****         /* Clear Overload Error flag */
  83:.\Generated_Source\PSoC5/CAN_1_INT.c ****         CAN_1_INT_SR_REG.byte[0u] = CAN_1_OVERLOAD_ERROR_MASK;
  84:.\Generated_Source\PSoC5/CAN_1_INT.c ****     
  85:.\Generated_Source\PSoC5/CAN_1_INT.c ****         /* `#START OVER_LOAD_ERROR_ISR` */
  86:.\Generated_Source\PSoC5/CAN_1_INT.c **** 
  87:.\Generated_Source\PSoC5/CAN_1_INT.c ****         /* `#END` */
  88:.\Generated_Source\PSoC5/CAN_1_INT.c ****     }
ARM GAS  C:\Users\Schuyler\AppData\Local\Temp\ccpY61cW.s 			page 3


  89:.\Generated_Source\PSoC5/CAN_1_INT.c ****     
  90:.\Generated_Source\PSoC5/CAN_1_INT.c **** #endif /* CAN_1_OVERLOAD */
  91:.\Generated_Source\PSoC5/CAN_1_INT.c **** 
  92:.\Generated_Source\PSoC5/CAN_1_INT.c **** #if (CAN_1_BIT_ERR)
  93:.\Generated_Source\PSoC5/CAN_1_INT.c **** 
  94:.\Generated_Source\PSoC5/CAN_1_INT.c ****     /*******************************************************************************
  95:.\Generated_Source\PSoC5/CAN_1_INT.c ****     * FUNCTION NAME:   CAN_1_BitError
  96:.\Generated_Source\PSoC5/CAN_1_INT.c ****     ********************************************************************************
  97:.\Generated_Source\PSoC5/CAN_1_INT.c ****     *
  98:.\Generated_Source\PSoC5/CAN_1_INT.c ****     * Summary:
  99:.\Generated_Source\PSoC5/CAN_1_INT.c ****     *  This function is entry point to Bit Error Interrupt. Clears Bit Error
 100:.\Generated_Source\PSoC5/CAN_1_INT.c ****     *  interrupt flag. Only generated if Bit Error Interrupt enable in Customizer.
 101:.\Generated_Source\PSoC5/CAN_1_INT.c ****     *
 102:.\Generated_Source\PSoC5/CAN_1_INT.c ****     * Parameters:
 103:.\Generated_Source\PSoC5/CAN_1_INT.c ****     *  None.
 104:.\Generated_Source\PSoC5/CAN_1_INT.c ****     *
 105:.\Generated_Source\PSoC5/CAN_1_INT.c ****     * Return:
 106:.\Generated_Source\PSoC5/CAN_1_INT.c ****     *  None.
 107:.\Generated_Source\PSoC5/CAN_1_INT.c ****     *
 108:.\Generated_Source\PSoC5/CAN_1_INT.c ****     * Reentrant:
 109:.\Generated_Source\PSoC5/CAN_1_INT.c ****     *  Depends on Customer code.
 110:.\Generated_Source\PSoC5/CAN_1_INT.c ****     *
 111:.\Generated_Source\PSoC5/CAN_1_INT.c ****     *******************************************************************************/
 112:.\Generated_Source\PSoC5/CAN_1_INT.c ****     void CAN_1_BitErrorIsr(void) 
 113:.\Generated_Source\PSoC5/CAN_1_INT.c ****     {
 114:.\Generated_Source\PSoC5/CAN_1_INT.c ****         /* Clear Bit Error flag */
 115:.\Generated_Source\PSoC5/CAN_1_INT.c ****         CAN_1_INT_SR_REG.byte[0u] = CAN_1_BIT_ERROR_MASK;
 116:.\Generated_Source\PSoC5/CAN_1_INT.c ****     
 117:.\Generated_Source\PSoC5/CAN_1_INT.c ****         /* `#START BIT_ERROR_ISR` */
 118:.\Generated_Source\PSoC5/CAN_1_INT.c **** 
 119:.\Generated_Source\PSoC5/CAN_1_INT.c ****         /* `#END` */
 120:.\Generated_Source\PSoC5/CAN_1_INT.c ****     }
 121:.\Generated_Source\PSoC5/CAN_1_INT.c ****     
 122:.\Generated_Source\PSoC5/CAN_1_INT.c **** #endif /* CAN_1_BIT_ERR */
 123:.\Generated_Source\PSoC5/CAN_1_INT.c **** 
 124:.\Generated_Source\PSoC5/CAN_1_INT.c **** #if (CAN_1_STUFF_ERR)
 125:.\Generated_Source\PSoC5/CAN_1_INT.c **** 
 126:.\Generated_Source\PSoC5/CAN_1_INT.c ****     /*******************************************************************************
 127:.\Generated_Source\PSoC5/CAN_1_INT.c ****     * FUNCTION NAME:   CAN_1_BitStuffError
 128:.\Generated_Source\PSoC5/CAN_1_INT.c ****     ********************************************************************************
 129:.\Generated_Source\PSoC5/CAN_1_INT.c ****     *
 130:.\Generated_Source\PSoC5/CAN_1_INT.c ****     * Summary:
 131:.\Generated_Source\PSoC5/CAN_1_INT.c ****     *  This function is entry point to Bit Stuff Error Interrupt. Clears Bit Stuff
 132:.\Generated_Source\PSoC5/CAN_1_INT.c ****     *  Error interrupt flag. Only generated if Bit Stuff Error Interrupt enable
 133:.\Generated_Source\PSoC5/CAN_1_INT.c ****     *  in Customizer.
 134:.\Generated_Source\PSoC5/CAN_1_INT.c ****     *
 135:.\Generated_Source\PSoC5/CAN_1_INT.c ****     * Parameters:
 136:.\Generated_Source\PSoC5/CAN_1_INT.c ****     *  None.
 137:.\Generated_Source\PSoC5/CAN_1_INT.c ****     *
 138:.\Generated_Source\PSoC5/CAN_1_INT.c ****     * Return:
 139:.\Generated_Source\PSoC5/CAN_1_INT.c ****     *  None.
 140:.\Generated_Source\PSoC5/CAN_1_INT.c ****     *
 141:.\Generated_Source\PSoC5/CAN_1_INT.c ****     * Reentrant:
 142:.\Generated_Source\PSoC5/CAN_1_INT.c ****     *  Depends on Customer code.
 143:.\Generated_Source\PSoC5/CAN_1_INT.c ****     *
 144:.\Generated_Source\PSoC5/CAN_1_INT.c ****     *******************************************************************************/
 145:.\Generated_Source\PSoC5/CAN_1_INT.c ****     void CAN_1_BitStuffErrorIsr(void) 
ARM GAS  C:\Users\Schuyler\AppData\Local\Temp\ccpY61cW.s 			page 4


 146:.\Generated_Source\PSoC5/CAN_1_INT.c ****     {
 147:.\Generated_Source\PSoC5/CAN_1_INT.c ****         /* Clear Stuff Error flag */
 148:.\Generated_Source\PSoC5/CAN_1_INT.c ****         CAN_1_INT_SR_REG.byte[0u] = CAN_1_STUFF_ERROR_MASK;
 149:.\Generated_Source\PSoC5/CAN_1_INT.c ****     
 150:.\Generated_Source\PSoC5/CAN_1_INT.c ****         /* `#START BIT_STUFF_ERROR_ISR` */
 151:.\Generated_Source\PSoC5/CAN_1_INT.c **** 
 152:.\Generated_Source\PSoC5/CAN_1_INT.c ****         /* `#END` */
 153:.\Generated_Source\PSoC5/CAN_1_INT.c ****     }
 154:.\Generated_Source\PSoC5/CAN_1_INT.c ****     
 155:.\Generated_Source\PSoC5/CAN_1_INT.c **** #endif /* CAN_1_STUFF_ERR */
 156:.\Generated_Source\PSoC5/CAN_1_INT.c **** 
 157:.\Generated_Source\PSoC5/CAN_1_INT.c **** #if (CAN_1_ACK_ERR)
 158:.\Generated_Source\PSoC5/CAN_1_INT.c **** 
 159:.\Generated_Source\PSoC5/CAN_1_INT.c ****     /*******************************************************************************
 160:.\Generated_Source\PSoC5/CAN_1_INT.c ****     * FUNCTION NAME:   CAN_1_AckErrorIsr
 161:.\Generated_Source\PSoC5/CAN_1_INT.c ****     ********************************************************************************
 162:.\Generated_Source\PSoC5/CAN_1_INT.c ****     *
 163:.\Generated_Source\PSoC5/CAN_1_INT.c ****     * Summary:
 164:.\Generated_Source\PSoC5/CAN_1_INT.c ****     *  This function is entry point to Acknowledge Error Interrupt. Clears
 165:.\Generated_Source\PSoC5/CAN_1_INT.c ****     *  Acknowledge Error interrupt flag. Only generated if Acknowledge Error
 166:.\Generated_Source\PSoC5/CAN_1_INT.c ****     *  Interrupt enable in Customizer.
 167:.\Generated_Source\PSoC5/CAN_1_INT.c ****     *
 168:.\Generated_Source\PSoC5/CAN_1_INT.c ****     * Parameters:
 169:.\Generated_Source\PSoC5/CAN_1_INT.c ****     *  None.
 170:.\Generated_Source\PSoC5/CAN_1_INT.c ****     *
 171:.\Generated_Source\PSoC5/CAN_1_INT.c ****     * Return:
 172:.\Generated_Source\PSoC5/CAN_1_INT.c ****     *  None.
 173:.\Generated_Source\PSoC5/CAN_1_INT.c ****     *
 174:.\Generated_Source\PSoC5/CAN_1_INT.c ****     * Reentrant:
 175:.\Generated_Source\PSoC5/CAN_1_INT.c ****     *  Depends on Customer code.
 176:.\Generated_Source\PSoC5/CAN_1_INT.c ****     *
 177:.\Generated_Source\PSoC5/CAN_1_INT.c ****     *******************************************************************************/
 178:.\Generated_Source\PSoC5/CAN_1_INT.c ****     void CAN_1_AckErrorIsr(void) 
 179:.\Generated_Source\PSoC5/CAN_1_INT.c ****     {
 180:.\Generated_Source\PSoC5/CAN_1_INT.c ****         /* Clear Acknoledge Error flag */
 181:.\Generated_Source\PSoC5/CAN_1_INT.c ****         CAN_1_INT_SR_REG.byte[0u] = CAN_1_ACK_ERROR_MASK;
 182:.\Generated_Source\PSoC5/CAN_1_INT.c ****     
 183:.\Generated_Source\PSoC5/CAN_1_INT.c ****         /* `#START ACKNOWLEDGE_ERROR_ISR` */
 184:.\Generated_Source\PSoC5/CAN_1_INT.c **** 
 185:.\Generated_Source\PSoC5/CAN_1_INT.c ****         /* `#END` */
 186:.\Generated_Source\PSoC5/CAN_1_INT.c ****     }
 187:.\Generated_Source\PSoC5/CAN_1_INT.c ****     
 188:.\Generated_Source\PSoC5/CAN_1_INT.c **** #endif /* CAN_1_ACK_ERR */
 189:.\Generated_Source\PSoC5/CAN_1_INT.c **** 
 190:.\Generated_Source\PSoC5/CAN_1_INT.c **** #if (CAN_1_FORM_ERR)
 191:.\Generated_Source\PSoC5/CAN_1_INT.c **** 
 192:.\Generated_Source\PSoC5/CAN_1_INT.c ****     /*******************************************************************************
 193:.\Generated_Source\PSoC5/CAN_1_INT.c ****     * FUNCTION NAME:   CAN_1_MsgError
 194:.\Generated_Source\PSoC5/CAN_1_INT.c ****     ********************************************************************************
 195:.\Generated_Source\PSoC5/CAN_1_INT.c ****     *
 196:.\Generated_Source\PSoC5/CAN_1_INT.c ****     * Summary:
 197:.\Generated_Source\PSoC5/CAN_1_INT.c ****     *  This function is entry point to Form Error Interrupt. Clears Form Error
 198:.\Generated_Source\PSoC5/CAN_1_INT.c ****     *  interrupt flag. Only generated if Form Error Interrupt enable in Customizer.
 199:.\Generated_Source\PSoC5/CAN_1_INT.c ****     *
 200:.\Generated_Source\PSoC5/CAN_1_INT.c ****     * Parameters:
 201:.\Generated_Source\PSoC5/CAN_1_INT.c ****     *  None.
 202:.\Generated_Source\PSoC5/CAN_1_INT.c ****     *
ARM GAS  C:\Users\Schuyler\AppData\Local\Temp\ccpY61cW.s 			page 5


 203:.\Generated_Source\PSoC5/CAN_1_INT.c ****     * Return:
 204:.\Generated_Source\PSoC5/CAN_1_INT.c ****     *  None.
 205:.\Generated_Source\PSoC5/CAN_1_INT.c ****     *
 206:.\Generated_Source\PSoC5/CAN_1_INT.c ****     * Reentrant:
 207:.\Generated_Source\PSoC5/CAN_1_INT.c ****     *  Depends on Customer code.
 208:.\Generated_Source\PSoC5/CAN_1_INT.c ****     *
 209:.\Generated_Source\PSoC5/CAN_1_INT.c ****     *******************************************************************************/
 210:.\Generated_Source\PSoC5/CAN_1_INT.c ****     void CAN_1_MsgErrorIsr(void) 
 211:.\Generated_Source\PSoC5/CAN_1_INT.c ****     {
 212:.\Generated_Source\PSoC5/CAN_1_INT.c ****         /* Clear Form Error flag */
 213:.\Generated_Source\PSoC5/CAN_1_INT.c ****         CAN_1_INT_SR_REG.byte[0u] = CAN_1_FORM_ERROR_MASK;
 214:.\Generated_Source\PSoC5/CAN_1_INT.c ****     
 215:.\Generated_Source\PSoC5/CAN_1_INT.c ****         /* `#START MESSAGE_ERROR_ISR` */
 216:.\Generated_Source\PSoC5/CAN_1_INT.c **** 
 217:.\Generated_Source\PSoC5/CAN_1_INT.c ****         /* `#END` */
 218:.\Generated_Source\PSoC5/CAN_1_INT.c ****     }
 219:.\Generated_Source\PSoC5/CAN_1_INT.c ****     
 220:.\Generated_Source\PSoC5/CAN_1_INT.c **** #endif /* CAN_1_FORM_ERR */
 221:.\Generated_Source\PSoC5/CAN_1_INT.c **** 
 222:.\Generated_Source\PSoC5/CAN_1_INT.c **** #if (CAN_1_CRC_ERR)
 223:.\Generated_Source\PSoC5/CAN_1_INT.c **** 
 224:.\Generated_Source\PSoC5/CAN_1_INT.c ****     /*******************************************************************************
 225:.\Generated_Source\PSoC5/CAN_1_INT.c ****     * FUNCTION NAME:   CAN_1_CrcError
 226:.\Generated_Source\PSoC5/CAN_1_INT.c ****     ********************************************************************************
 227:.\Generated_Source\PSoC5/CAN_1_INT.c ****     *
 228:.\Generated_Source\PSoC5/CAN_1_INT.c ****     * Summary:
 229:.\Generated_Source\PSoC5/CAN_1_INT.c ****     *  This function is entry point to CRC Error Interrupt. Clears CRC Error
 230:.\Generated_Source\PSoC5/CAN_1_INT.c ****     *  interrupt flag. Only generated if CRC Error Interrupt enable in Customizer.
 231:.\Generated_Source\PSoC5/CAN_1_INT.c ****     *
 232:.\Generated_Source\PSoC5/CAN_1_INT.c ****     * Parameters:
 233:.\Generated_Source\PSoC5/CAN_1_INT.c ****     *  None.
 234:.\Generated_Source\PSoC5/CAN_1_INT.c ****     *
 235:.\Generated_Source\PSoC5/CAN_1_INT.c ****     * Return:
 236:.\Generated_Source\PSoC5/CAN_1_INT.c ****     *  None.
 237:.\Generated_Source\PSoC5/CAN_1_INT.c ****     *
 238:.\Generated_Source\PSoC5/CAN_1_INT.c ****     * Reentrant:
 239:.\Generated_Source\PSoC5/CAN_1_INT.c ****     *  Depends on Customer code.
 240:.\Generated_Source\PSoC5/CAN_1_INT.c ****     *
 241:.\Generated_Source\PSoC5/CAN_1_INT.c ****     *******************************************************************************/
 242:.\Generated_Source\PSoC5/CAN_1_INT.c ****     void CAN_1_CrcErrorIsr(void) 
 243:.\Generated_Source\PSoC5/CAN_1_INT.c ****     {
 244:.\Generated_Source\PSoC5/CAN_1_INT.c ****         /* Clear CRC Error flag */
 245:.\Generated_Source\PSoC5/CAN_1_INT.c ****         CAN_1_INT_SR_REG.byte[1u] = CAN_1_CRC_ERROR_MASK;
 246:.\Generated_Source\PSoC5/CAN_1_INT.c ****     
 247:.\Generated_Source\PSoC5/CAN_1_INT.c ****         /* `#START CRC_ERROR_ISR` */
 248:.\Generated_Source\PSoC5/CAN_1_INT.c **** 
 249:.\Generated_Source\PSoC5/CAN_1_INT.c ****         /* `#END` */
 250:.\Generated_Source\PSoC5/CAN_1_INT.c ****     }
 251:.\Generated_Source\PSoC5/CAN_1_INT.c ****     
 252:.\Generated_Source\PSoC5/CAN_1_INT.c **** #endif /* CAN_1_CRC_ERR */
 253:.\Generated_Source\PSoC5/CAN_1_INT.c **** 
 254:.\Generated_Source\PSoC5/CAN_1_INT.c **** #if (CAN_1_BUS_OFF)
 255:.\Generated_Source\PSoC5/CAN_1_INT.c **** 
 256:.\Generated_Source\PSoC5/CAN_1_INT.c ****     /*******************************************************************************
 257:.\Generated_Source\PSoC5/CAN_1_INT.c ****     * FUNCTION NAME:   CAN_1_BusOff
 258:.\Generated_Source\PSoC5/CAN_1_INT.c ****     ********************************************************************************
 259:.\Generated_Source\PSoC5/CAN_1_INT.c ****     *
ARM GAS  C:\Users\Schuyler\AppData\Local\Temp\ccpY61cW.s 			page 6


 260:.\Generated_Source\PSoC5/CAN_1_INT.c ****     * Summary:
 261:.\Generated_Source\PSoC5/CAN_1_INT.c ****     *  This function is entry point to Bus Off Interrupt. Places CAN Component
 262:.\Generated_Source\PSoC5/CAN_1_INT.c ****     *  to Stop mode. Only generated if Bus Off Interrupt enable in Customizer.
 263:.\Generated_Source\PSoC5/CAN_1_INT.c ****     *  Recommended setting to enable this interrupt.
 264:.\Generated_Source\PSoC5/CAN_1_INT.c ****     *
 265:.\Generated_Source\PSoC5/CAN_1_INT.c ****     * Parameters:
 266:.\Generated_Source\PSoC5/CAN_1_INT.c ****     *  None.
 267:.\Generated_Source\PSoC5/CAN_1_INT.c ****     *
 268:.\Generated_Source\PSoC5/CAN_1_INT.c ****     * Return:
 269:.\Generated_Source\PSoC5/CAN_1_INT.c ****     *  None.
 270:.\Generated_Source\PSoC5/CAN_1_INT.c ****     *
 271:.\Generated_Source\PSoC5/CAN_1_INT.c ****     * Side Effects:
 272:.\Generated_Source\PSoC5/CAN_1_INT.c ****     *  Disable power to the CAN Core.
 273:.\Generated_Source\PSoC5/CAN_1_INT.c ****     *
 274:.\Generated_Source\PSoC5/CAN_1_INT.c ****     *******************************************************************************/
 275:.\Generated_Source\PSoC5/CAN_1_INT.c ****     void CAN_1_BusOffIsr(void) 
 276:.\Generated_Source\PSoC5/CAN_1_INT.c ****     {        
  27              		.loc 1 276 0
  28              		.cfi_startproc
  29              		@ args = 0, pretend = 0, frame = 0
  30              		@ frame_needed = 1, uses_anonymous_args = 0
  31 0000 80B5     		push	{r7, lr}
  32              		.cfi_def_cfa_offset 8
  33              		.cfi_offset 7, -8
  34              		.cfi_offset 14, -4
  35 0002 00AF     		add	r7, sp, #0
  36              		.cfi_def_cfa_register 7
 277:.\Generated_Source\PSoC5/CAN_1_INT.c ****         /* Clear Bus Off flag */
 278:.\Generated_Source\PSoC5/CAN_1_INT.c ****         CAN_1_INT_SR_REG.byte[1u] = CAN_1_BUS_OFF_MASK;
  37              		.loc 1 278 0
  38 0004 024B     		ldr	r3, .L2
  39 0006 0222     		movs	r2, #2
  40 0008 5A70     		strb	r2, [r3, #1]
 279:.\Generated_Source\PSoC5/CAN_1_INT.c ****     
 280:.\Generated_Source\PSoC5/CAN_1_INT.c ****         /* `#START BUS_OFF_ISR` */
 281:.\Generated_Source\PSoC5/CAN_1_INT.c **** 
 282:.\Generated_Source\PSoC5/CAN_1_INT.c ****         /* `#END` */
 283:.\Generated_Source\PSoC5/CAN_1_INT.c ****         (void) CAN_1_Stop();
  41              		.loc 1 283 0
  42 000a FFF7FEFF 		bl	CAN_1_Stop
 284:.\Generated_Source\PSoC5/CAN_1_INT.c ****     }
  43              		.loc 1 284 0
  44 000e 80BD     		pop	{r7, pc}
  45              	.L3:
  46              		.align	2
  47              	.L2:
  48 0010 00A00040 		.word	1073782784
  49              		.cfi_endproc
  50              	.LFE0:
  51              		.size	CAN_1_BusOffIsr, .-CAN_1_BusOffIsr
  52              		.section	.text.CAN_1_MsgRXIsr,"ax",%progbits
  53              		.align	2
  54              		.global	CAN_1_MsgRXIsr
  55              		.thumb
  56              		.thumb_func
  57              		.type	CAN_1_MsgRXIsr, %function
  58              	CAN_1_MsgRXIsr:
ARM GAS  C:\Users\Schuyler\AppData\Local\Temp\ccpY61cW.s 			page 7


  59              	.LFB1:
 285:.\Generated_Source\PSoC5/CAN_1_INT.c ****     
 286:.\Generated_Source\PSoC5/CAN_1_INT.c **** #endif /* CAN_1_BUS_OFF */
 287:.\Generated_Source\PSoC5/CAN_1_INT.c **** 
 288:.\Generated_Source\PSoC5/CAN_1_INT.c **** #if (CAN_1_RX_MSG_LOST)
 289:.\Generated_Source\PSoC5/CAN_1_INT.c **** 
 290:.\Generated_Source\PSoC5/CAN_1_INT.c ****     /*******************************************************************************
 291:.\Generated_Source\PSoC5/CAN_1_INT.c ****     * FUNCTION NAME:   CAN_1_MsgLost
 292:.\Generated_Source\PSoC5/CAN_1_INT.c ****     ********************************************************************************
 293:.\Generated_Source\PSoC5/CAN_1_INT.c ****     *
 294:.\Generated_Source\PSoC5/CAN_1_INT.c ****     * Summary:
 295:.\Generated_Source\PSoC5/CAN_1_INT.c ****     *  This function is entry point to Message Lost Interrupt. Clears Message Lost
 296:.\Generated_Source\PSoC5/CAN_1_INT.c ****     *  interrupt flag. Only generated if Message Lost Interrupt enable in Customizer
 297:.\Generated_Source\PSoC5/CAN_1_INT.c ****     *
 298:.\Generated_Source\PSoC5/CAN_1_INT.c ****     * Parameters:
 299:.\Generated_Source\PSoC5/CAN_1_INT.c ****     *  None.
 300:.\Generated_Source\PSoC5/CAN_1_INT.c ****     *
 301:.\Generated_Source\PSoC5/CAN_1_INT.c ****     * Return:
 302:.\Generated_Source\PSoC5/CAN_1_INT.c ****     *  None.
 303:.\Generated_Source\PSoC5/CAN_1_INT.c ****     *
 304:.\Generated_Source\PSoC5/CAN_1_INT.c ****     * Reentrant:
 305:.\Generated_Source\PSoC5/CAN_1_INT.c ****     *  Depends on Customer code.
 306:.\Generated_Source\PSoC5/CAN_1_INT.c ****     *
 307:.\Generated_Source\PSoC5/CAN_1_INT.c ****     *******************************************************************************/
 308:.\Generated_Source\PSoC5/CAN_1_INT.c ****     void CAN_1_MsgLostIsr(void) 
 309:.\Generated_Source\PSoC5/CAN_1_INT.c ****     {
 310:.\Generated_Source\PSoC5/CAN_1_INT.c ****         /* Clear Receive Message Lost flag */
 311:.\Generated_Source\PSoC5/CAN_1_INT.c ****         CAN_1_INT_SR_REG.byte[1u] = CAN_1_RX_MSG_LOST_MASK;
 312:.\Generated_Source\PSoC5/CAN_1_INT.c ****     
 313:.\Generated_Source\PSoC5/CAN_1_INT.c ****         /* `#START MESSAGE_LOST_ISR` */
 314:.\Generated_Source\PSoC5/CAN_1_INT.c **** 
 315:.\Generated_Source\PSoC5/CAN_1_INT.c ****         /* `#END` */
 316:.\Generated_Source\PSoC5/CAN_1_INT.c ****     }
 317:.\Generated_Source\PSoC5/CAN_1_INT.c ****     
 318:.\Generated_Source\PSoC5/CAN_1_INT.c **** #endif /* CAN_1_RX_MSG_LOST */
 319:.\Generated_Source\PSoC5/CAN_1_INT.c **** 
 320:.\Generated_Source\PSoC5/CAN_1_INT.c **** #if (CAN_1_TX_MESSAGE)
 321:.\Generated_Source\PSoC5/CAN_1_INT.c **** 
 322:.\Generated_Source\PSoC5/CAN_1_INT.c ****     /*******************************************************************************
 323:.\Generated_Source\PSoC5/CAN_1_INT.c ****     * FUNCTION NAME:   CAN_1_MsgTXIsr
 324:.\Generated_Source\PSoC5/CAN_1_INT.c ****     ********************************************************************************
 325:.\Generated_Source\PSoC5/CAN_1_INT.c ****     *
 326:.\Generated_Source\PSoC5/CAN_1_INT.c ****     * Summary:
 327:.\Generated_Source\PSoC5/CAN_1_INT.c ****     *  This function is entry point to Transmit Message Interrupt. Clears Transmit
 328:.\Generated_Source\PSoC5/CAN_1_INT.c ****     *  Message interrupt flag. Only generated if Transmit Message Interrupt enable
 329:.\Generated_Source\PSoC5/CAN_1_INT.c ****     *  in Customizer.
 330:.\Generated_Source\PSoC5/CAN_1_INT.c ****     *
 331:.\Generated_Source\PSoC5/CAN_1_INT.c ****     * Parameters:
 332:.\Generated_Source\PSoC5/CAN_1_INT.c ****     *  None.
 333:.\Generated_Source\PSoC5/CAN_1_INT.c ****     *
 334:.\Generated_Source\PSoC5/CAN_1_INT.c ****     * Return:
 335:.\Generated_Source\PSoC5/CAN_1_INT.c ****     *  None.    
 336:.\Generated_Source\PSoC5/CAN_1_INT.c ****     *
 337:.\Generated_Source\PSoC5/CAN_1_INT.c ****     * Reentrant:
 338:.\Generated_Source\PSoC5/CAN_1_INT.c ****     *  Depends on Customer code.
 339:.\Generated_Source\PSoC5/CAN_1_INT.c ****     *
 340:.\Generated_Source\PSoC5/CAN_1_INT.c ****     *******************************************************************************/
ARM GAS  C:\Users\Schuyler\AppData\Local\Temp\ccpY61cW.s 			page 8


 341:.\Generated_Source\PSoC5/CAN_1_INT.c ****     void CAN_1_MsgTXIsr(void) 
 342:.\Generated_Source\PSoC5/CAN_1_INT.c ****     {
 343:.\Generated_Source\PSoC5/CAN_1_INT.c ****         /* Clear Transmit Message flag */
 344:.\Generated_Source\PSoC5/CAN_1_INT.c ****         CAN_1_INT_SR_REG.byte[1u] = CAN_1_TX_MESSAGE_MASK;
 345:.\Generated_Source\PSoC5/CAN_1_INT.c ****         
 346:.\Generated_Source\PSoC5/CAN_1_INT.c ****         /* `#START MESSAGE_TRANSMITTED_ISR` */
 347:.\Generated_Source\PSoC5/CAN_1_INT.c **** 
 348:.\Generated_Source\PSoC5/CAN_1_INT.c ****         /* `#END` */
 349:.\Generated_Source\PSoC5/CAN_1_INT.c ****     }
 350:.\Generated_Source\PSoC5/CAN_1_INT.c ****     
 351:.\Generated_Source\PSoC5/CAN_1_INT.c **** #endif /* CAN_1_TX_MESSAGE */
 352:.\Generated_Source\PSoC5/CAN_1_INT.c **** 
 353:.\Generated_Source\PSoC5/CAN_1_INT.c **** #if (CAN_1_RX_MESSAGE)
 354:.\Generated_Source\PSoC5/CAN_1_INT.c **** 
 355:.\Generated_Source\PSoC5/CAN_1_INT.c ****     /*******************************************************************************
 356:.\Generated_Source\PSoC5/CAN_1_INT.c ****     * FUNCTION NAME:   CAN_1_MsgRXIsr
 357:.\Generated_Source\PSoC5/CAN_1_INT.c ****     ********************************************************************************
 358:.\Generated_Source\PSoC5/CAN_1_INT.c ****     *
 359:.\Generated_Source\PSoC5/CAN_1_INT.c ****     * Summary:
 360:.\Generated_Source\PSoC5/CAN_1_INT.c ****     *  This function is entry point to Receive Message Interrupt. Clears Receive
 361:.\Generated_Source\PSoC5/CAN_1_INT.c ****     *  Message interrupt flag and call appropriate handlers for Basic and Full
 362:.\Generated_Source\PSoC5/CAN_1_INT.c ****     *  interrupt based mailboxes. Only generated if Receive Message Interrupt
 363:.\Generated_Source\PSoC5/CAN_1_INT.c ****     *  enable in Customizer. Recommended setting to enable this interrupt.
 364:.\Generated_Source\PSoC5/CAN_1_INT.c ****     *
 365:.\Generated_Source\PSoC5/CAN_1_INT.c ****     * Parameters:
 366:.\Generated_Source\PSoC5/CAN_1_INT.c ****     *  None.
 367:.\Generated_Source\PSoC5/CAN_1_INT.c ****     *
 368:.\Generated_Source\PSoC5/CAN_1_INT.c ****     * Return:
 369:.\Generated_Source\PSoC5/CAN_1_INT.c ****     *  None.
 370:.\Generated_Source\PSoC5/CAN_1_INT.c ****     *
 371:.\Generated_Source\PSoC5/CAN_1_INT.c ****     *******************************************************************************/
 372:.\Generated_Source\PSoC5/CAN_1_INT.c ****     void CAN_1_MsgRXIsr(void) 
 373:.\Generated_Source\PSoC5/CAN_1_INT.c ****     {
  60              		.loc 1 373 0
  61              		.cfi_startproc
  62              		@ args = 0, pretend = 0, frame = 8
  63              		@ frame_needed = 1, uses_anonymous_args = 0
  64 0000 80B5     		push	{r7, lr}
  65              		.cfi_def_cfa_offset 8
  66              		.cfi_offset 7, -8
  67              		.cfi_offset 14, -4
  68 0002 82B0     		sub	sp, sp, #8
  69              		.cfi_def_cfa_offset 16
  70 0004 00AF     		add	r7, sp, #0
  71              		.cfi_def_cfa_register 7
 374:.\Generated_Source\PSoC5/CAN_1_INT.c ****         uint8 i;
 375:.\Generated_Source\PSoC5/CAN_1_INT.c ****         uint16 shift = 0x01u;
  72              		.loc 1 375 0
  73 0006 0123     		movs	r3, #1
  74 0008 BB80     		strh	r3, [r7, #4]	@ movhi
 376:.\Generated_Source\PSoC5/CAN_1_INT.c ****     
 377:.\Generated_Source\PSoC5/CAN_1_INT.c ****         /* Clear Receive Message flag */
 378:.\Generated_Source\PSoC5/CAN_1_INT.c ****         CAN_1_INT_SR_REG.byte[1u] = CAN_1_RX_MESSAGE_MASK;
  75              		.loc 1 378 0
  76 000a 174B     		ldr	r3, .L9
  77 000c 1022     		movs	r2, #16
  78 000e 5A70     		strb	r2, [r3, #1]
ARM GAS  C:\Users\Schuyler\AppData\Local\Temp\ccpY61cW.s 			page 9


 379:.\Generated_Source\PSoC5/CAN_1_INT.c ****         
 380:.\Generated_Source\PSoC5/CAN_1_INT.c ****         /* `#START MESSAGE_RECEIVE_ISR` */
 381:.\Generated_Source\PSoC5/CAN_1_INT.c **** 
 382:.\Generated_Source\PSoC5/CAN_1_INT.c ****         /* `#END` */
 383:.\Generated_Source\PSoC5/CAN_1_INT.c ****     
 384:.\Generated_Source\PSoC5/CAN_1_INT.c ****         for (i = 0u; i < CAN_1_NUMBER_OF_RX_MAILBOXES; i++)
  79              		.loc 1 384 0
  80 0010 0023     		movs	r3, #0
  81 0012 FB71     		strb	r3, [r7, #7]
  82 0014 21E0     		b	.L5
  83              	.L8:
 385:.\Generated_Source\PSoC5/CAN_1_INT.c ****         {
 386:.\Generated_Source\PSoC5/CAN_1_INT.c ****             if ((CY_GET_REG16((reg16 *) &CAN_1_BUF_SR_REG.byte[0u]) & shift) == shift)
  84              		.loc 1 386 0
  85 0016 154B     		ldr	r3, .L9+4
  86 0018 1B88     		ldrh	r3, [r3]	@ movhi
  87 001a 9AB2     		uxth	r2, r3
  88 001c BB88     		ldrh	r3, [r7, #4]	@ movhi
  89 001e 1340     		ands	r3, r3, r2
  90 0020 9BB2     		uxth	r3, r3
  91 0022 BA88     		ldrh	r2, [r7, #4]
  92 0024 9A42     		cmp	r2, r3
  93 0026 12D1     		bne	.L6
 387:.\Generated_Source\PSoC5/CAN_1_INT.c ****             {
 388:.\Generated_Source\PSoC5/CAN_1_INT.c ****                 if ((CAN_1_RX[i].rxcmd.byte[0u] & CAN_1_RX_INT_ENABLE_MASK) ==
  94              		.loc 1 388 0
  95 0028 FB79     		ldrb	r3, [r7, #7]	@ zero_extendqisi2
  96 002a 5A01     		lsls	r2, r3, #5
  97 002c 104B     		ldr	r3, .L9+8
  98 002e 1344     		add	r3, r3, r2
  99 0030 1B78     		ldrb	r3, [r3]
 100 0032 DBB2     		uxtb	r3, r3
 101 0034 03F02003 		and	r3, r3, #32
 102 0038 002B     		cmp	r3, #0
 103 003a 08D0     		beq	.L6
 389:.\Generated_Source\PSoC5/CAN_1_INT.c ****                     CAN_1_RX_INT_ENABLE_MASK)
 390:.\Generated_Source\PSoC5/CAN_1_INT.c ****                 {
 391:.\Generated_Source\PSoC5/CAN_1_INT.c ****                     if ((CAN_1_RX_MAILBOX_TYPE & shift) == shift)
 104              		.loc 1 391 0
 105 003c BB88     		ldrh	r3, [r7, #4]
 106 003e 002B     		cmp	r3, #0
 107 0040 01D1     		bne	.L7
 392:.\Generated_Source\PSoC5/CAN_1_INT.c ****                     {
 393:.\Generated_Source\PSoC5/CAN_1_INT.c ****                         /* RX Full mailboxes handler */
 394:.\Generated_Source\PSoC5/CAN_1_INT.c ****                         switch(i)
 395:.\Generated_Source\PSoC5/CAN_1_INT.c ****                         {
 396:.\Generated_Source\PSoC5/CAN_1_INT.c ****                             default:
 397:.\Generated_Source\PSoC5/CAN_1_INT.c ****                             break;
 108              		.loc 1 397 0
 109 0042 00BF     		nop
 110 0044 03E0     		b	.L6
 111              	.L7:
 398:.\Generated_Source\PSoC5/CAN_1_INT.c ****                         }
 399:.\Generated_Source\PSoC5/CAN_1_INT.c ****                     }
 400:.\Generated_Source\PSoC5/CAN_1_INT.c ****                     else
 401:.\Generated_Source\PSoC5/CAN_1_INT.c ****                     {
 402:.\Generated_Source\PSoC5/CAN_1_INT.c ****                         /* RX Basic mailbox handler */
ARM GAS  C:\Users\Schuyler\AppData\Local\Temp\ccpY61cW.s 			page 10


 403:.\Generated_Source\PSoC5/CAN_1_INT.c ****                         CAN_1_ReceiveMsg(i);
 112              		.loc 1 403 0
 113 0046 FB79     		ldrb	r3, [r7, #7]	@ zero_extendqisi2
 114 0048 1846     		mov	r0, r3
 115 004a FFF7FEFF 		bl	CAN_1_ReceiveMsg
 116              	.L6:
 404:.\Generated_Source\PSoC5/CAN_1_INT.c ****                     }
 405:.\Generated_Source\PSoC5/CAN_1_INT.c ****                 }
 406:.\Generated_Source\PSoC5/CAN_1_INT.c ****             }
 407:.\Generated_Source\PSoC5/CAN_1_INT.c ****             shift <<= 1u;
 117              		.loc 1 407 0
 118 004e BB88     		ldrh	r3, [r7, #4]	@ movhi
 119 0050 5B00     		lsls	r3, r3, #1
 120 0052 BB80     		strh	r3, [r7, #4]	@ movhi
 384:.\Generated_Source\PSoC5/CAN_1_INT.c ****         for (i = 0u; i < CAN_1_NUMBER_OF_RX_MAILBOXES; i++)
 121              		.loc 1 384 0
 122 0054 FB79     		ldrb	r3, [r7, #7]	@ zero_extendqisi2
 123 0056 0133     		adds	r3, r3, #1
 124 0058 FB71     		strb	r3, [r7, #7]
 125              	.L5:
 384:.\Generated_Source\PSoC5/CAN_1_INT.c ****         for (i = 0u; i < CAN_1_NUMBER_OF_RX_MAILBOXES; i++)
 126              		.loc 1 384 0 is_stmt 0 discriminator 1
 127 005a FB79     		ldrb	r3, [r7, #7]	@ zero_extendqisi2
 128 005c 0F2B     		cmp	r3, #15
 129 005e DAD9     		bls	.L8
 408:.\Generated_Source\PSoC5/CAN_1_INT.c ****         }            
 409:.\Generated_Source\PSoC5/CAN_1_INT.c ****     }
 130              		.loc 1 409 0 is_stmt 1
 131 0060 0837     		adds	r7, r7, #8
 132 0062 BD46     		mov	sp, r7
 133              		@ sp needed
 134 0064 80BD     		pop	{r7, pc}
 135              	.L10:
 136 0066 00BF     		.align	2
 137              	.L9:
 138 0068 00A00040 		.word	1073782784
 139 006c 08A00040 		.word	1073782792
 140 0070 A0A00040 		.word	1073782944
 141              		.cfi_endproc
 142              	.LFE1:
 143              		.size	CAN_1_MsgRXIsr, .-CAN_1_MsgRXIsr
 144              		.section	.text.CAN_1_ISR,"ax",%progbits
 145              		.align	2
 146              		.global	CAN_1_ISR
 147              		.thumb
 148              		.thumb_func
 149              		.type	CAN_1_ISR, %function
 150              	CAN_1_ISR:
 151              	.LFB2:
 410:.\Generated_Source\PSoC5/CAN_1_INT.c ****     
 411:.\Generated_Source\PSoC5/CAN_1_INT.c **** #endif /* CAN_1_RX_MESSAGE */
 412:.\Generated_Source\PSoC5/CAN_1_INT.c **** 
 413:.\Generated_Source\PSoC5/CAN_1_INT.c **** 
 414:.\Generated_Source\PSoC5/CAN_1_INT.c **** /*******************************************************************************
 415:.\Generated_Source\PSoC5/CAN_1_INT.c **** * Function Name: CAN_1_ISR
 416:.\Generated_Source\PSoC5/CAN_1_INT.c **** ********************************************************************************
 417:.\Generated_Source\PSoC5/CAN_1_INT.c **** *
ARM GAS  C:\Users\Schuyler\AppData\Local\Temp\ccpY61cW.s 			page 11


 418:.\Generated_Source\PSoC5/CAN_1_INT.c **** * Summary:
 419:.\Generated_Source\PSoC5/CAN_1_INT.c **** *  This ISR is executed when CAN core generate interrupt on one of events:
 420:.\Generated_Source\PSoC5/CAN_1_INT.c **** *  Arb_lost, Overload, Bit_err, Stuff_err, Ack_err, Form_err, Crc_err,
 421:.\Generated_Source\PSoC5/CAN_1_INT.c **** *  Buss_off, Rx_msg_lost, Tx_msg or Rx_msg. The interrupt sources depends
 422:.\Generated_Source\PSoC5/CAN_1_INT.c **** *  on Customizer inputs.
 423:.\Generated_Source\PSoC5/CAN_1_INT.c **** *
 424:.\Generated_Source\PSoC5/CAN_1_INT.c **** * Parameters:
 425:.\Generated_Source\PSoC5/CAN_1_INT.c **** *  None.
 426:.\Generated_Source\PSoC5/CAN_1_INT.c **** *
 427:.\Generated_Source\PSoC5/CAN_1_INT.c **** * Return:
 428:.\Generated_Source\PSoC5/CAN_1_INT.c **** *  None.
 429:.\Generated_Source\PSoC5/CAN_1_INT.c **** *
 430:.\Generated_Source\PSoC5/CAN_1_INT.c **** *******************************************************************************/
 431:.\Generated_Source\PSoC5/CAN_1_INT.c **** CY_ISR(CAN_1_ISR)
 432:.\Generated_Source\PSoC5/CAN_1_INT.c **** {
 152              		.loc 1 432 0
 153              		.cfi_startproc
 154              		@ args = 0, pretend = 0, frame = 0
 155              		@ frame_needed = 1, uses_anonymous_args = 0
 156 0000 80B5     		push	{r7, lr}
 157              		.cfi_def_cfa_offset 8
 158              		.cfi_offset 7, -8
 159              		.cfi_offset 14, -4
 160 0002 00AF     		add	r7, sp, #0
 161              		.cfi_def_cfa_register 7
 433:.\Generated_Source\PSoC5/CAN_1_INT.c ****     /* Place your Interrupt code here. */
 434:.\Generated_Source\PSoC5/CAN_1_INT.c ****     /* `#START CAN_ISR` */
 435:.\Generated_Source\PSoC5/CAN_1_INT.c **** 
 436:.\Generated_Source\PSoC5/CAN_1_INT.c ****     /* `#END` */    
 437:.\Generated_Source\PSoC5/CAN_1_INT.c ****     
 438:.\Generated_Source\PSoC5/CAN_1_INT.c ****     /* Arbitration */
 439:.\Generated_Source\PSoC5/CAN_1_INT.c ****     #if (CAN_1_ARB_LOST && (CAN_1_ARB_LOST_USE_HELPER || \
 440:.\Generated_Source\PSoC5/CAN_1_INT.c ****         (!CAN_1_ADVANCED_INTERRUPT_CFG)))
 441:.\Generated_Source\PSoC5/CAN_1_INT.c ****         if ((CAN_1_INT_SR_REG.byte[0u] & CAN_1_ARBITRATION_LOST_MASK) ==
 442:.\Generated_Source\PSoC5/CAN_1_INT.c ****              CAN_1_ARBITRATION_LOST_MASK)
 443:.\Generated_Source\PSoC5/CAN_1_INT.c ****         {
 444:.\Generated_Source\PSoC5/CAN_1_INT.c ****             CAN_1_ArbLostIsr();
 445:.\Generated_Source\PSoC5/CAN_1_INT.c ****         } 
 446:.\Generated_Source\PSoC5/CAN_1_INT.c ****     #endif /* CAN_1_ARB_LOST && CAN_1_ARB_LOST_USE_HELPER */
 447:.\Generated_Source\PSoC5/CAN_1_INT.c ****     
 448:.\Generated_Source\PSoC5/CAN_1_INT.c ****     /* Overload Error */
 449:.\Generated_Source\PSoC5/CAN_1_INT.c ****     #if (CAN_1_OVERLOAD && (CAN_1_OVERLOAD_USE_HELPER || \
 450:.\Generated_Source\PSoC5/CAN_1_INT.c ****         (!CAN_1_ADVANCED_INTERRUPT_CFG)))
 451:.\Generated_Source\PSoC5/CAN_1_INT.c ****         if ((CAN_1_INT_SR_REG.byte[0u] & CAN_1_OVERLOAD_ERROR_MASK) ==
 452:.\Generated_Source\PSoC5/CAN_1_INT.c ****              CAN_1_OVERLOAD_ERROR_MASK)
 453:.\Generated_Source\PSoC5/CAN_1_INT.c ****         {
 454:.\Generated_Source\PSoC5/CAN_1_INT.c ****             CAN_1_OvrLdErrorIsr();
 455:.\Generated_Source\PSoC5/CAN_1_INT.c ****         }
 456:.\Generated_Source\PSoC5/CAN_1_INT.c ****     #endif /* CAN_1_OVERLOAD && CAN_1_OVERLOAD_USE_HELPER */
 457:.\Generated_Source\PSoC5/CAN_1_INT.c ****     
 458:.\Generated_Source\PSoC5/CAN_1_INT.c ****     /* Bit Error */
 459:.\Generated_Source\PSoC5/CAN_1_INT.c ****     #if (CAN_1_BIT_ERR && (CAN_1_BIT_ERR_USE_HELPER || \
 460:.\Generated_Source\PSoC5/CAN_1_INT.c ****         (!CAN_1_ADVANCED_INTERRUPT_CFG)))
 461:.\Generated_Source\PSoC5/CAN_1_INT.c ****         if ((CAN_1_INT_SR_REG.byte[0u] & CAN_1_BIT_ERROR_MASK) == CAN_1_BIT_ERROR_MASK)
 462:.\Generated_Source\PSoC5/CAN_1_INT.c ****         {
 463:.\Generated_Source\PSoC5/CAN_1_INT.c ****             CAN_1_BitErrorIsr();
 464:.\Generated_Source\PSoC5/CAN_1_INT.c ****         }
ARM GAS  C:\Users\Schuyler\AppData\Local\Temp\ccpY61cW.s 			page 12


 465:.\Generated_Source\PSoC5/CAN_1_INT.c ****     #endif /* CAN_1_BIT_ERR && CAN_1_BIT_ERR_USE_HELPER */
 466:.\Generated_Source\PSoC5/CAN_1_INT.c ****     
 467:.\Generated_Source\PSoC5/CAN_1_INT.c ****     /* Bit Staff Error */
 468:.\Generated_Source\PSoC5/CAN_1_INT.c ****     #if (CAN_1_STUFF_ERR && (CAN_1_STUFF_ERR_USE_HELPER || \
 469:.\Generated_Source\PSoC5/CAN_1_INT.c ****         (!CAN_1_ADVANCED_INTERRUPT_CFG)))
 470:.\Generated_Source\PSoC5/CAN_1_INT.c ****         if ((CAN_1_INT_SR_REG.byte[0u] & CAN_1_STUFF_ERROR_MASK) ==
 471:.\Generated_Source\PSoC5/CAN_1_INT.c ****              CAN_1_STUFF_ERROR_MASK)
 472:.\Generated_Source\PSoC5/CAN_1_INT.c ****         {
 473:.\Generated_Source\PSoC5/CAN_1_INT.c ****             CAN_1_BitStuffErrorIsr();
 474:.\Generated_Source\PSoC5/CAN_1_INT.c ****         }
 475:.\Generated_Source\PSoC5/CAN_1_INT.c ****     #endif /* CAN_1_STUFF_ERR && CAN_1_STUFF_ERR_USE_HELPER */
 476:.\Generated_Source\PSoC5/CAN_1_INT.c ****     
 477:.\Generated_Source\PSoC5/CAN_1_INT.c ****     /* ACK Error */
 478:.\Generated_Source\PSoC5/CAN_1_INT.c ****     #if (CAN_1_ACK_ERR && (CAN_1_ACK_ERR_USE_HELPER || \
 479:.\Generated_Source\PSoC5/CAN_1_INT.c ****         (!CAN_1_ADVANCED_INTERRUPT_CFG)))
 480:.\Generated_Source\PSoC5/CAN_1_INT.c ****         if ((CAN_1_INT_SR_REG.byte[0u] & CAN_1_ACK_ERROR_MASK) ==
 481:.\Generated_Source\PSoC5/CAN_1_INT.c ****              CAN_1_ACK_ERROR_MASK)
 482:.\Generated_Source\PSoC5/CAN_1_INT.c ****         {
 483:.\Generated_Source\PSoC5/CAN_1_INT.c ****             CAN_1_AckErrorIsr();
 484:.\Generated_Source\PSoC5/CAN_1_INT.c ****         }
 485:.\Generated_Source\PSoC5/CAN_1_INT.c ****     #endif /* CAN_1_ACK_ERR && CAN_1_ACK_ERR_USE_HELPER */
 486:.\Generated_Source\PSoC5/CAN_1_INT.c ****     
 487:.\Generated_Source\PSoC5/CAN_1_INT.c ****     /* Form(msg) Error */
 488:.\Generated_Source\PSoC5/CAN_1_INT.c ****     #if (CAN_1_FORM_ERR && (CAN_1_FORM_ERR_USE_HELPER || \
 489:.\Generated_Source\PSoC5/CAN_1_INT.c ****         (!CAN_1_ADVANCED_INTERRUPT_CFG)))
 490:.\Generated_Source\PSoC5/CAN_1_INT.c ****         if ((CAN_1_INT_SR_REG.byte[0u] & CAN_1_FORM_ERROR_MASK) ==
 491:.\Generated_Source\PSoC5/CAN_1_INT.c ****              CAN_1_FORM_ERROR_MASK)
 492:.\Generated_Source\PSoC5/CAN_1_INT.c ****         {
 493:.\Generated_Source\PSoC5/CAN_1_INT.c ****             CAN_1_MsgErrorIsr();
 494:.\Generated_Source\PSoC5/CAN_1_INT.c ****         }
 495:.\Generated_Source\PSoC5/CAN_1_INT.c ****     #endif /* CAN_1_FORM_ERR && CAN_1_FORM_ERR_USE_HELPER */
 496:.\Generated_Source\PSoC5/CAN_1_INT.c ****     
 497:.\Generated_Source\PSoC5/CAN_1_INT.c ****     /* CRC Error */
 498:.\Generated_Source\PSoC5/CAN_1_INT.c ****     #if (CAN_1_CRC_ERR && (CAN_1_CRC_ERR_USE_HELPER || \
 499:.\Generated_Source\PSoC5/CAN_1_INT.c ****         (!CAN_1_ADVANCED_INTERRUPT_CFG)))
 500:.\Generated_Source\PSoC5/CAN_1_INT.c ****         if ((CAN_1_INT_SR_REG.byte[1u] & CAN_1_CRC_ERROR_MASK) == CAN_1_CRC_ERROR_MASK)
 501:.\Generated_Source\PSoC5/CAN_1_INT.c ****         {
 502:.\Generated_Source\PSoC5/CAN_1_INT.c ****             CAN_1_CrcErrorIsr();
 503:.\Generated_Source\PSoC5/CAN_1_INT.c ****         }
 504:.\Generated_Source\PSoC5/CAN_1_INT.c ****     #endif /* CAN_1_CRC_ERR && CAN_1_CRC_ERR_USE_HELPER */
 505:.\Generated_Source\PSoC5/CAN_1_INT.c ****     
 506:.\Generated_Source\PSoC5/CAN_1_INT.c ****     /* Bus Off state */
 507:.\Generated_Source\PSoC5/CAN_1_INT.c ****     #if (CAN_1_BUS_OFF && (CAN_1_BUS_OFF_USE_HELPER || \
 508:.\Generated_Source\PSoC5/CAN_1_INT.c ****         (!CAN_1_ADVANCED_INTERRUPT_CFG)))
 509:.\Generated_Source\PSoC5/CAN_1_INT.c ****         if ((CAN_1_INT_SR_REG.byte[1u] & CAN_1_BUS_OFF_MASK) == CAN_1_BUS_OFF_MASK)
 162              		.loc 1 509 0
 163 0004 094B     		ldr	r3, .L14
 164 0006 5B78     		ldrb	r3, [r3, #1]
 165 0008 DBB2     		uxtb	r3, r3
 166 000a 03F00203 		and	r3, r3, #2
 167 000e 002B     		cmp	r3, #0
 168 0010 01D0     		beq	.L12
 510:.\Generated_Source\PSoC5/CAN_1_INT.c ****         {
 511:.\Generated_Source\PSoC5/CAN_1_INT.c ****             CAN_1_BusOffIsr();
 169              		.loc 1 511 0
 170 0012 FFF7FEFF 		bl	CAN_1_BusOffIsr
 171              	.L12:
ARM GAS  C:\Users\Schuyler\AppData\Local\Temp\ccpY61cW.s 			page 13


 512:.\Generated_Source\PSoC5/CAN_1_INT.c ****         }
 513:.\Generated_Source\PSoC5/CAN_1_INT.c ****     #endif /* CAN_1_BUS_OFF && CAN_1_BUS_OFF_USE_HELPER */
 514:.\Generated_Source\PSoC5/CAN_1_INT.c ****     
 515:.\Generated_Source\PSoC5/CAN_1_INT.c ****     /* Message Lost */
 516:.\Generated_Source\PSoC5/CAN_1_INT.c ****     #if (CAN_1_RX_MSG_LOST && (CAN_1_RX_MSG_LOST_USE_HELPER || \
 517:.\Generated_Source\PSoC5/CAN_1_INT.c ****         (!CAN_1_ADVANCED_INTERRUPT_CFG)))
 518:.\Generated_Source\PSoC5/CAN_1_INT.c ****         if ((CAN_1_INT_SR_REG.byte[1u] & CAN_1_RX_MSG_LOST_MASK) ==
 519:.\Generated_Source\PSoC5/CAN_1_INT.c ****              CAN_1_RX_MSG_LOST_MASK)
 520:.\Generated_Source\PSoC5/CAN_1_INT.c ****         {
 521:.\Generated_Source\PSoC5/CAN_1_INT.c ****             CAN_1_MsgLostIsr();
 522:.\Generated_Source\PSoC5/CAN_1_INT.c ****         }
 523:.\Generated_Source\PSoC5/CAN_1_INT.c ****     #endif /* CAN_1_RX_MSG_LOST && CAN_1_RX_MSG_LOST_USE_HELPER */
 524:.\Generated_Source\PSoC5/CAN_1_INT.c ****     
 525:.\Generated_Source\PSoC5/CAN_1_INT.c ****     /* TX Message Send */
 526:.\Generated_Source\PSoC5/CAN_1_INT.c ****     #if (CAN_1_TX_MESSAGE && (CAN_1_TX_MESSAGE_USE_HELPER || \
 527:.\Generated_Source\PSoC5/CAN_1_INT.c ****         (!CAN_1_ADVANCED_INTERRUPT_CFG)))
 528:.\Generated_Source\PSoC5/CAN_1_INT.c ****         if ((CAN_1_INT_SR_REG.byte[1u] & CAN_1_TX_MESSAGE_MASK) ==
 529:.\Generated_Source\PSoC5/CAN_1_INT.c ****              CAN_1_TX_MESSAGE_MASK)
 530:.\Generated_Source\PSoC5/CAN_1_INT.c ****         {
 531:.\Generated_Source\PSoC5/CAN_1_INT.c ****             CAN_1_MsgTXIsr();
 532:.\Generated_Source\PSoC5/CAN_1_INT.c ****         }
 533:.\Generated_Source\PSoC5/CAN_1_INT.c ****     #endif /* CAN_1_TX_MESSAGE && CAN_1_TX_MESSAGE_USE_HELPER */
 534:.\Generated_Source\PSoC5/CAN_1_INT.c ****     
 535:.\Generated_Source\PSoC5/CAN_1_INT.c ****     /* RX Message Available */
 536:.\Generated_Source\PSoC5/CAN_1_INT.c ****     #if (CAN_1_RX_MESSAGE && (CAN_1_RX_MESSAGE_USE_HELPER || \
 537:.\Generated_Source\PSoC5/CAN_1_INT.c ****         (!CAN_1_ADVANCED_INTERRUPT_CFG)))
 538:.\Generated_Source\PSoC5/CAN_1_INT.c ****         if ((CAN_1_INT_SR_REG.byte[1u] & CAN_1_RX_MESSAGE_MASK) ==
 172              		.loc 1 538 0
 173 0016 054B     		ldr	r3, .L14
 174 0018 5B78     		ldrb	r3, [r3, #1]
 175 001a DBB2     		uxtb	r3, r3
 176 001c 03F01003 		and	r3, r3, #16
 177 0020 002B     		cmp	r3, #0
 178 0022 01D0     		beq	.L11
 539:.\Generated_Source\PSoC5/CAN_1_INT.c ****              CAN_1_RX_MESSAGE_MASK)
 540:.\Generated_Source\PSoC5/CAN_1_INT.c ****         {
 541:.\Generated_Source\PSoC5/CAN_1_INT.c ****             CAN_1_MsgRXIsr();
 179              		.loc 1 541 0
 180 0024 FFF7FEFF 		bl	CAN_1_MsgRXIsr
 181              	.L11:
 542:.\Generated_Source\PSoC5/CAN_1_INT.c ****         }
 543:.\Generated_Source\PSoC5/CAN_1_INT.c ****     #endif /* CAN_1_RX_MESSAGE && CAN_1_RX_MESSAGE_USE_HELPER */
 544:.\Generated_Source\PSoC5/CAN_1_INT.c **** 
 545:.\Generated_Source\PSoC5/CAN_1_INT.c **** 
 546:.\Generated_Source\PSoC5/CAN_1_INT.c **** }
 182              		.loc 1 546 0
 183 0028 80BD     		pop	{r7, pc}
 184              	.L15:
 185 002a 00BF     		.align	2
 186              	.L14:
 187 002c 00A00040 		.word	1073782784
 188              		.cfi_endproc
 189              	.LFE2:
 190              		.size	CAN_1_ISR, .-CAN_1_ISR
 191              		.text
 192              	.Letext0:
 193              		.file 2 ".\\Generated_Source\\PSoC5\\cytypes.h"
ARM GAS  C:\Users\Schuyler\AppData\Local\Temp\ccpY61cW.s 			page 14


 194              		.file 3 ".\\Generated_Source\\PSoC5\\CAN_1.h"
 195              		.section	.debug_info,"",%progbits
 196              	.Ldebug_info0:
 197 0000 E5010000 		.4byte	0x1e5
 198 0004 0400     		.2byte	0x4
 199 0006 00000000 		.4byte	.Ldebug_abbrev0
 200 000a 04       		.byte	0x4
 201 000b 01       		.uleb128 0x1
 202 000c 02010000 		.4byte	.LASF31
 203 0010 01       		.byte	0x1
 204 0011 A1000000 		.4byte	.LASF32
 205 0015 E6010000 		.4byte	.LASF33
 206 0019 00000000 		.4byte	.Ldebug_ranges0+0
 207 001d 00000000 		.4byte	0
 208 0021 00000000 		.4byte	.Ldebug_line0
 209 0025 02       		.uleb128 0x2
 210 0026 01       		.byte	0x1
 211 0027 06       		.byte	0x6
 212 0028 DA010000 		.4byte	.LASF0
 213 002c 02       		.uleb128 0x2
 214 002d 01       		.byte	0x1
 215 002e 08       		.byte	0x8
 216 002f 5F000000 		.4byte	.LASF1
 217 0033 02       		.uleb128 0x2
 218 0034 02       		.byte	0x2
 219 0035 05       		.byte	0x5
 220 0036 AC010000 		.4byte	.LASF2
 221 003a 02       		.uleb128 0x2
 222 003b 02       		.byte	0x2
 223 003c 07       		.byte	0x7
 224 003d 1F000000 		.4byte	.LASF3
 225 0041 02       		.uleb128 0x2
 226 0042 04       		.byte	0x4
 227 0043 05       		.byte	0x5
 228 0044 CB010000 		.4byte	.LASF4
 229 0048 02       		.uleb128 0x2
 230 0049 04       		.byte	0x4
 231 004a 07       		.byte	0x7
 232 004b 82000000 		.4byte	.LASF5
 233 004f 02       		.uleb128 0x2
 234 0050 08       		.byte	0x8
 235 0051 05       		.byte	0x5
 236 0052 99010000 		.4byte	.LASF6
 237 0056 02       		.uleb128 0x2
 238 0057 08       		.byte	0x8
 239 0058 07       		.byte	0x7
 240 0059 EB000000 		.4byte	.LASF7
 241 005d 03       		.uleb128 0x3
 242 005e 04       		.byte	0x4
 243 005f 05       		.byte	0x5
 244 0060 696E7400 		.ascii	"int\000"
 245 0064 02       		.uleb128 0x2
 246 0065 04       		.byte	0x4
 247 0066 07       		.byte	0x7
 248 0067 DE000000 		.4byte	.LASF8
 249 006b 04       		.uleb128 0x4
 250 006c 94000000 		.4byte	.LASF9
ARM GAS  C:\Users\Schuyler\AppData\Local\Temp\ccpY61cW.s 			page 15


 251 0070 02       		.byte	0x2
 252 0071 A1       		.byte	0xa1
 253 0072 2C000000 		.4byte	0x2c
 254 0076 04       		.uleb128 0x4
 255 0077 C6000000 		.4byte	.LASF10
 256 007b 02       		.byte	0x2
 257 007c A2       		.byte	0xa2
 258 007d 3A000000 		.4byte	0x3a
 259 0081 02       		.uleb128 0x2
 260 0082 04       		.byte	0x4
 261 0083 04       		.byte	0x4
 262 0084 D4010000 		.4byte	.LASF11
 263 0088 02       		.uleb128 0x2
 264 0089 08       		.byte	0x8
 265 008a 04       		.byte	0x4
 266 008b 9A000000 		.4byte	.LASF12
 267 008f 02       		.uleb128 0x2
 268 0090 01       		.byte	0x1
 269 0091 08       		.byte	0x8
 270 0092 A7010000 		.4byte	.LASF13
 271 0096 05       		.uleb128 0x5
 272 0097 84010000 		.4byte	.LASF14
 273 009b 02       		.byte	0x2
 274 009c 4B01     		.2byte	0x14b
 275 009e A2000000 		.4byte	0xa2
 276 00a2 06       		.uleb128 0x6
 277 00a3 6B000000 		.4byte	0x6b
 278 00a7 05       		.uleb128 0x5
 279 00a8 00000000 		.4byte	.LASF15
 280 00ac 02       		.byte	0x2
 281 00ad 4C01     		.2byte	0x14c
 282 00af B3000000 		.4byte	0xb3
 283 00b3 06       		.uleb128 0x6
 284 00b4 76000000 		.4byte	0x76
 285 00b8 02       		.uleb128 0x2
 286 00b9 04       		.byte	0x4
 287 00ba 07       		.byte	0x7
 288 00bb 89010000 		.4byte	.LASF16
 289 00bf 07       		.uleb128 0x7
 290 00c0 08       		.byte	0x8
 291 00c1 03       		.byte	0x3
 292 00c2 69       		.byte	0x69
 293 00c3 D4000000 		.4byte	0xd4
 294 00c7 08       		.uleb128 0x8
 295 00c8 32000000 		.4byte	.LASF18
 296 00cc 03       		.byte	0x3
 297 00cd 6B       		.byte	0x6b
 298 00ce E4000000 		.4byte	0xe4
 299 00d2 00       		.byte	0
 300 00d3 00       		.byte	0
 301 00d4 09       		.uleb128 0x9
 302 00d5 96000000 		.4byte	0x96
 303 00d9 E4000000 		.4byte	0xe4
 304 00dd 0A       		.uleb128 0xa
 305 00de B8000000 		.4byte	0xb8
 306 00e2 07       		.byte	0x7
 307 00e3 00       		.byte	0
ARM GAS  C:\Users\Schuyler\AppData\Local\Temp\ccpY61cW.s 			page 16


 308 00e4 06       		.uleb128 0x6
 309 00e5 D4000000 		.4byte	0xd4
 310 00e9 04       		.uleb128 0x4
 311 00ea CD000000 		.4byte	.LASF17
 312 00ee 03       		.byte	0x3
 313 00ef 6C       		.byte	0x6c
 314 00f0 BF000000 		.4byte	0xbf
 315 00f4 07       		.uleb128 0x7
 316 00f5 04       		.byte	0x4
 317 00f6 03       		.byte	0x3
 318 00f7 6F       		.byte	0x6f
 319 00f8 09010000 		.4byte	0x109
 320 00fc 08       		.uleb128 0x8
 321 00fd 32000000 		.4byte	.LASF18
 322 0101 03       		.byte	0x3
 323 0102 71       		.byte	0x71
 324 0103 19010000 		.4byte	0x119
 325 0107 00       		.byte	0
 326 0108 00       		.byte	0
 327 0109 09       		.uleb128 0x9
 328 010a 96000000 		.4byte	0x96
 329 010e 19010000 		.4byte	0x119
 330 0112 0A       		.uleb128 0xa
 331 0113 B8000000 		.4byte	0xb8
 332 0117 03       		.byte	0x3
 333 0118 00       		.byte	0
 334 0119 06       		.uleb128 0x6
 335 011a 09010000 		.4byte	0x109
 336 011e 04       		.uleb128 0x4
 337 011f 06000000 		.4byte	.LASF19
 338 0123 03       		.byte	0x3
 339 0124 72       		.byte	0x72
 340 0125 F4000000 		.4byte	0xf4
 341 0129 07       		.uleb128 0x7
 342 012a 20       		.byte	0x20
 343 012b 03       		.byte	0x3
 344 012c 91       		.byte	0x91
 345 012d 86010000 		.4byte	0x186
 346 0131 08       		.uleb128 0x8
 347 0132 7E010000 		.4byte	.LASF20
 348 0136 03       		.byte	0x3
 349 0137 93       		.byte	0x93
 350 0138 1E010000 		.4byte	0x11e
 351 013c 00       		.byte	0
 352 013d 08       		.uleb128 0x8
 353 013e 6D000000 		.4byte	.LASF21
 354 0142 03       		.byte	0x3
 355 0143 94       		.byte	0x94
 356 0144 1E010000 		.4byte	0x11e
 357 0148 04       		.byte	0x4
 358 0149 08       		.uleb128 0x8
 359 014a 37000000 		.4byte	.LASF22
 360 014e 03       		.byte	0x3
 361 014f 95       		.byte	0x95
 362 0150 E9000000 		.4byte	0xe9
 363 0154 08       		.byte	0x8
 364 0155 08       		.uleb128 0x8
ARM GAS  C:\Users\Schuyler\AppData\Local\Temp\ccpY61cW.s 			page 17


 365 0156 19000000 		.4byte	.LASF23
 366 015a 03       		.byte	0x3
 367 015b 96       		.byte	0x96
 368 015c 1E010000 		.4byte	0x11e
 369 0160 10       		.byte	0x10
 370 0161 08       		.uleb128 0x8
 371 0162 B6010000 		.4byte	.LASF24
 372 0166 03       		.byte	0x3
 373 0167 97       		.byte	0x97
 374 0168 1E010000 		.4byte	0x11e
 375 016c 14       		.byte	0x14
 376 016d 08       		.uleb128 0x8
 377 016e 92010000 		.4byte	.LASF25
 378 0172 03       		.byte	0x3
 379 0173 98       		.byte	0x98
 380 0174 1E010000 		.4byte	0x11e
 381 0178 18       		.byte	0x18
 382 0179 08       		.uleb128 0x8
 383 017a 3E000000 		.4byte	.LASF26
 384 017e 03       		.byte	0x3
 385 017f 99       		.byte	0x99
 386 0180 1E010000 		.4byte	0x11e
 387 0184 1C       		.byte	0x1c
 388 0185 00       		.byte	0
 389 0186 04       		.uleb128 0x4
 390 0187 72000000 		.4byte	.LASF27
 391 018b 03       		.byte	0x3
 392 018c 9A       		.byte	0x9a
 393 018d 29010000 		.4byte	0x129
 394 0191 0B       		.uleb128 0xb
 395 0192 4F000000 		.4byte	.LASF29
 396 0196 01       		.byte	0x1
 397 0197 1301     		.2byte	0x113
 398 0199 00000000 		.4byte	.LFB0
 399 019d 14000000 		.4byte	.LFE0-.LFB0
 400 01a1 01       		.uleb128 0x1
 401 01a2 9C       		.byte	0x9c
 402 01a3 0C       		.uleb128 0xc
 403 01a4 BC010000 		.4byte	.LASF34
 404 01a8 01       		.byte	0x1
 405 01a9 7401     		.2byte	0x174
 406 01ab 00000000 		.4byte	.LFB1
 407 01af 74000000 		.4byte	.LFE1-.LFB1
 408 01b3 01       		.uleb128 0x1
 409 01b4 9C       		.byte	0x9c
 410 01b5 D6010000 		.4byte	0x1d6
 411 01b9 0D       		.uleb128 0xd
 412 01ba 6900     		.ascii	"i\000"
 413 01bc 01       		.byte	0x1
 414 01bd 7601     		.2byte	0x176
 415 01bf 6B000000 		.4byte	0x6b
 416 01c3 02       		.uleb128 0x2
 417 01c4 91       		.byte	0x91
 418 01c5 77       		.sleb128 -9
 419 01c6 0E       		.uleb128 0xe
 420 01c7 13000000 		.4byte	.LASF28
 421 01cb 01       		.byte	0x1
ARM GAS  C:\Users\Schuyler\AppData\Local\Temp\ccpY61cW.s 			page 18


 422 01cc 7701     		.2byte	0x177
 423 01ce 76000000 		.4byte	0x76
 424 01d2 02       		.uleb128 0x2
 425 01d3 91       		.byte	0x91
 426 01d4 74       		.sleb128 -12
 427 01d5 00       		.byte	0
 428 01d6 0B       		.uleb128 0xb
 429 01d7 45000000 		.4byte	.LASF30
 430 01db 01       		.byte	0x1
 431 01dc AF01     		.2byte	0x1af
 432 01de 00000000 		.4byte	.LFB2
 433 01e2 30000000 		.4byte	.LFE2-.LFB2
 434 01e6 01       		.uleb128 0x1
 435 01e7 9C       		.byte	0x9c
 436 01e8 00       		.byte	0
 437              		.section	.debug_abbrev,"",%progbits
 438              	.Ldebug_abbrev0:
 439 0000 01       		.uleb128 0x1
 440 0001 11       		.uleb128 0x11
 441 0002 01       		.byte	0x1
 442 0003 25       		.uleb128 0x25
 443 0004 0E       		.uleb128 0xe
 444 0005 13       		.uleb128 0x13
 445 0006 0B       		.uleb128 0xb
 446 0007 03       		.uleb128 0x3
 447 0008 0E       		.uleb128 0xe
 448 0009 1B       		.uleb128 0x1b
 449 000a 0E       		.uleb128 0xe
 450 000b 55       		.uleb128 0x55
 451 000c 17       		.uleb128 0x17
 452 000d 11       		.uleb128 0x11
 453 000e 01       		.uleb128 0x1
 454 000f 10       		.uleb128 0x10
 455 0010 17       		.uleb128 0x17
 456 0011 00       		.byte	0
 457 0012 00       		.byte	0
 458 0013 02       		.uleb128 0x2
 459 0014 24       		.uleb128 0x24
 460 0015 00       		.byte	0
 461 0016 0B       		.uleb128 0xb
 462 0017 0B       		.uleb128 0xb
 463 0018 3E       		.uleb128 0x3e
 464 0019 0B       		.uleb128 0xb
 465 001a 03       		.uleb128 0x3
 466 001b 0E       		.uleb128 0xe
 467 001c 00       		.byte	0
 468 001d 00       		.byte	0
 469 001e 03       		.uleb128 0x3
 470 001f 24       		.uleb128 0x24
 471 0020 00       		.byte	0
 472 0021 0B       		.uleb128 0xb
 473 0022 0B       		.uleb128 0xb
 474 0023 3E       		.uleb128 0x3e
 475 0024 0B       		.uleb128 0xb
 476 0025 03       		.uleb128 0x3
 477 0026 08       		.uleb128 0x8
 478 0027 00       		.byte	0
ARM GAS  C:\Users\Schuyler\AppData\Local\Temp\ccpY61cW.s 			page 19


 479 0028 00       		.byte	0
 480 0029 04       		.uleb128 0x4
 481 002a 16       		.uleb128 0x16
 482 002b 00       		.byte	0
 483 002c 03       		.uleb128 0x3
 484 002d 0E       		.uleb128 0xe
 485 002e 3A       		.uleb128 0x3a
 486 002f 0B       		.uleb128 0xb
 487 0030 3B       		.uleb128 0x3b
 488 0031 0B       		.uleb128 0xb
 489 0032 49       		.uleb128 0x49
 490 0033 13       		.uleb128 0x13
 491 0034 00       		.byte	0
 492 0035 00       		.byte	0
 493 0036 05       		.uleb128 0x5
 494 0037 16       		.uleb128 0x16
 495 0038 00       		.byte	0
 496 0039 03       		.uleb128 0x3
 497 003a 0E       		.uleb128 0xe
 498 003b 3A       		.uleb128 0x3a
 499 003c 0B       		.uleb128 0xb
 500 003d 3B       		.uleb128 0x3b
 501 003e 05       		.uleb128 0x5
 502 003f 49       		.uleb128 0x49
 503 0040 13       		.uleb128 0x13
 504 0041 00       		.byte	0
 505 0042 00       		.byte	0
 506 0043 06       		.uleb128 0x6
 507 0044 35       		.uleb128 0x35
 508 0045 00       		.byte	0
 509 0046 49       		.uleb128 0x49
 510 0047 13       		.uleb128 0x13
 511 0048 00       		.byte	0
 512 0049 00       		.byte	0
 513 004a 07       		.uleb128 0x7
 514 004b 13       		.uleb128 0x13
 515 004c 01       		.byte	0x1
 516 004d 0B       		.uleb128 0xb
 517 004e 0B       		.uleb128 0xb
 518 004f 3A       		.uleb128 0x3a
 519 0050 0B       		.uleb128 0xb
 520 0051 3B       		.uleb128 0x3b
 521 0052 0B       		.uleb128 0xb
 522 0053 01       		.uleb128 0x1
 523 0054 13       		.uleb128 0x13
 524 0055 00       		.byte	0
 525 0056 00       		.byte	0
 526 0057 08       		.uleb128 0x8
 527 0058 0D       		.uleb128 0xd
 528 0059 00       		.byte	0
 529 005a 03       		.uleb128 0x3
 530 005b 0E       		.uleb128 0xe
 531 005c 3A       		.uleb128 0x3a
 532 005d 0B       		.uleb128 0xb
 533 005e 3B       		.uleb128 0x3b
 534 005f 0B       		.uleb128 0xb
 535 0060 49       		.uleb128 0x49
ARM GAS  C:\Users\Schuyler\AppData\Local\Temp\ccpY61cW.s 			page 20


 536 0061 13       		.uleb128 0x13
 537 0062 38       		.uleb128 0x38
 538 0063 0B       		.uleb128 0xb
 539 0064 00       		.byte	0
 540 0065 00       		.byte	0
 541 0066 09       		.uleb128 0x9
 542 0067 01       		.uleb128 0x1
 543 0068 01       		.byte	0x1
 544 0069 49       		.uleb128 0x49
 545 006a 13       		.uleb128 0x13
 546 006b 01       		.uleb128 0x1
 547 006c 13       		.uleb128 0x13
 548 006d 00       		.byte	0
 549 006e 00       		.byte	0
 550 006f 0A       		.uleb128 0xa
 551 0070 21       		.uleb128 0x21
 552 0071 00       		.byte	0
 553 0072 49       		.uleb128 0x49
 554 0073 13       		.uleb128 0x13
 555 0074 2F       		.uleb128 0x2f
 556 0075 0B       		.uleb128 0xb
 557 0076 00       		.byte	0
 558 0077 00       		.byte	0
 559 0078 0B       		.uleb128 0xb
 560 0079 2E       		.uleb128 0x2e
 561 007a 00       		.byte	0
 562 007b 3F       		.uleb128 0x3f
 563 007c 19       		.uleb128 0x19
 564 007d 03       		.uleb128 0x3
 565 007e 0E       		.uleb128 0xe
 566 007f 3A       		.uleb128 0x3a
 567 0080 0B       		.uleb128 0xb
 568 0081 3B       		.uleb128 0x3b
 569 0082 05       		.uleb128 0x5
 570 0083 27       		.uleb128 0x27
 571 0084 19       		.uleb128 0x19
 572 0085 11       		.uleb128 0x11
 573 0086 01       		.uleb128 0x1
 574 0087 12       		.uleb128 0x12
 575 0088 06       		.uleb128 0x6
 576 0089 40       		.uleb128 0x40
 577 008a 18       		.uleb128 0x18
 578 008b 9642     		.uleb128 0x2116
 579 008d 19       		.uleb128 0x19
 580 008e 00       		.byte	0
 581 008f 00       		.byte	0
 582 0090 0C       		.uleb128 0xc
 583 0091 2E       		.uleb128 0x2e
 584 0092 01       		.byte	0x1
 585 0093 3F       		.uleb128 0x3f
 586 0094 19       		.uleb128 0x19
 587 0095 03       		.uleb128 0x3
 588 0096 0E       		.uleb128 0xe
 589 0097 3A       		.uleb128 0x3a
 590 0098 0B       		.uleb128 0xb
 591 0099 3B       		.uleb128 0x3b
 592 009a 05       		.uleb128 0x5
ARM GAS  C:\Users\Schuyler\AppData\Local\Temp\ccpY61cW.s 			page 21


 593 009b 27       		.uleb128 0x27
 594 009c 19       		.uleb128 0x19
 595 009d 11       		.uleb128 0x11
 596 009e 01       		.uleb128 0x1
 597 009f 12       		.uleb128 0x12
 598 00a0 06       		.uleb128 0x6
 599 00a1 40       		.uleb128 0x40
 600 00a2 18       		.uleb128 0x18
 601 00a3 9642     		.uleb128 0x2116
 602 00a5 19       		.uleb128 0x19
 603 00a6 01       		.uleb128 0x1
 604 00a7 13       		.uleb128 0x13
 605 00a8 00       		.byte	0
 606 00a9 00       		.byte	0
 607 00aa 0D       		.uleb128 0xd
 608 00ab 34       		.uleb128 0x34
 609 00ac 00       		.byte	0
 610 00ad 03       		.uleb128 0x3
 611 00ae 08       		.uleb128 0x8
 612 00af 3A       		.uleb128 0x3a
 613 00b0 0B       		.uleb128 0xb
 614 00b1 3B       		.uleb128 0x3b
 615 00b2 05       		.uleb128 0x5
 616 00b3 49       		.uleb128 0x49
 617 00b4 13       		.uleb128 0x13
 618 00b5 02       		.uleb128 0x2
 619 00b6 18       		.uleb128 0x18
 620 00b7 00       		.byte	0
 621 00b8 00       		.byte	0
 622 00b9 0E       		.uleb128 0xe
 623 00ba 34       		.uleb128 0x34
 624 00bb 00       		.byte	0
 625 00bc 03       		.uleb128 0x3
 626 00bd 0E       		.uleb128 0xe
 627 00be 3A       		.uleb128 0x3a
 628 00bf 0B       		.uleb128 0xb
 629 00c0 3B       		.uleb128 0x3b
 630 00c1 05       		.uleb128 0x5
 631 00c2 49       		.uleb128 0x49
 632 00c3 13       		.uleb128 0x13
 633 00c4 02       		.uleb128 0x2
 634 00c5 18       		.uleb128 0x18
 635 00c6 00       		.byte	0
 636 00c7 00       		.byte	0
 637 00c8 00       		.byte	0
 638              		.section	.debug_aranges,"",%progbits
 639 0000 2C000000 		.4byte	0x2c
 640 0004 0200     		.2byte	0x2
 641 0006 00000000 		.4byte	.Ldebug_info0
 642 000a 04       		.byte	0x4
 643 000b 00       		.byte	0
 644 000c 0000     		.2byte	0
 645 000e 0000     		.2byte	0
 646 0010 00000000 		.4byte	.LFB0
 647 0014 14000000 		.4byte	.LFE0-.LFB0
 648 0018 00000000 		.4byte	.LFB1
 649 001c 74000000 		.4byte	.LFE1-.LFB1
ARM GAS  C:\Users\Schuyler\AppData\Local\Temp\ccpY61cW.s 			page 22


 650 0020 00000000 		.4byte	.LFB2
 651 0024 30000000 		.4byte	.LFE2-.LFB2
 652 0028 00000000 		.4byte	0
 653 002c 00000000 		.4byte	0
 654              		.section	.debug_ranges,"",%progbits
 655              	.Ldebug_ranges0:
 656 0000 00000000 		.4byte	.LFB0
 657 0004 14000000 		.4byte	.LFE0
 658 0008 00000000 		.4byte	.LFB1
 659 000c 74000000 		.4byte	.LFE1
 660 0010 00000000 		.4byte	.LFB2
 661 0014 30000000 		.4byte	.LFE2
 662 0018 00000000 		.4byte	0
 663 001c 00000000 		.4byte	0
 664              		.section	.debug_line,"",%progbits
 665              	.Ldebug_line0:
 666 0000 AC000000 		.section	.debug_str,"MS",%progbits,1
 666      02005300 
 666      00000201 
 666      FB0E0D00 
 666      01010101 
 667              	.LASF15:
 668 0000 72656731 		.ascii	"reg16\000"
 668      3600
 669              	.LASF19:
 670 0006 43414E5F 		.ascii	"CAN_1_REG_32\000"
 670      315F5245 
 670      475F3332 
 670      00
 671              	.LASF28:
 672 0013 73686966 		.ascii	"shift\000"
 672      7400
 673              	.LASF23:
 674 0019 7278616D 		.ascii	"rxamr\000"
 674      7200
 675              	.LASF3:
 676 001f 73686F72 		.ascii	"short unsigned int\000"
 676      7420756E 
 676      7369676E 
 676      65642069 
 676      6E7400
 677              	.LASF18:
 678 0032 62797465 		.ascii	"byte\000"
 678      00
 679              	.LASF22:
 680 0037 72786461 		.ascii	"rxdata\000"
 680      746100
 681              	.LASF26:
 682 003e 72786163 		.ascii	"rxacrd\000"
 682      726400
 683              	.LASF30:
 684 0045 43414E5F 		.ascii	"CAN_1_ISR\000"
 684      315F4953 
 684      5200
 685              	.LASF29:
 686 004f 43414E5F 		.ascii	"CAN_1_BusOffIsr\000"
 686      315F4275 
ARM GAS  C:\Users\Schuyler\AppData\Local\Temp\ccpY61cW.s 			page 23


 686      734F6666 
 686      49737200 
 687              	.LASF1:
 688 005f 756E7369 		.ascii	"unsigned char\000"
 688      676E6564 
 688      20636861 
 688      7200
 689              	.LASF21:
 690 006d 72786964 		.ascii	"rxid\000"
 690      00
 691              	.LASF27:
 692 0072 43414E5F 		.ascii	"CAN_1_RX_STRUCT\000"
 692      315F5258 
 692      5F535452 
 692      55435400 
 693              	.LASF5:
 694 0082 6C6F6E67 		.ascii	"long unsigned int\000"
 694      20756E73 
 694      69676E65 
 694      6420696E 
 694      7400
 695              	.LASF9:
 696 0094 75696E74 		.ascii	"uint8\000"
 696      3800
 697              	.LASF12:
 698 009a 646F7562 		.ascii	"double\000"
 698      6C6500
 699              	.LASF32:
 700 00a1 2E5C4765 		.ascii	".\\Generated_Source\\PSoC5\\CAN_1_INT.c\000"
 700      6E657261 
 700      7465645F 
 700      536F7572 
 700      63655C50 
 701              	.LASF10:
 702 00c6 75696E74 		.ascii	"uint16\000"
 702      313600
 703              	.LASF17:
 704 00cd 43414E5F 		.ascii	"CAN_1_DATA_BYTES\000"
 704      315F4441 
 704      54415F42 
 704      59544553 
 704      00
 705              	.LASF8:
 706 00de 756E7369 		.ascii	"unsigned int\000"
 706      676E6564 
 706      20696E74 
 706      00
 707              	.LASF7:
 708 00eb 6C6F6E67 		.ascii	"long long unsigned int\000"
 708      206C6F6E 
 708      6720756E 
 708      7369676E 
 708      65642069 
 709              	.LASF31:
 710 0102 474E5520 		.ascii	"GNU C 4.8.4 20140526 (release) [ARM/embedded-4_8-br"
 710      4320342E 
 710      382E3420 
ARM GAS  C:\Users\Schuyler\AppData\Local\Temp\ccpY61cW.s 			page 24


 710      32303134 
 710      30353236 
 711 0135 616E6368 		.ascii	"anch revision 211358] -mcpu=cortex-m3 -mthumb -g -O"
 711      20726576 
 711      6973696F 
 711      6E203231 
 711      31333538 
 712 0168 30202D66 		.ascii	"0 -ffunction-sections\000"
 712      66756E63 
 712      74696F6E 
 712      2D736563 
 712      74696F6E 
 713              	.LASF20:
 714 017e 7278636D 		.ascii	"rxcmd\000"
 714      6400
 715              	.LASF14:
 716 0184 72656738 		.ascii	"reg8\000"
 716      00
 717              	.LASF16:
 718 0189 73697A65 		.ascii	"sizetype\000"
 718      74797065 
 718      00
 719              	.LASF25:
 720 0192 7278616D 		.ascii	"rxamrd\000"
 720      726400
 721              	.LASF6:
 722 0199 6C6F6E67 		.ascii	"long long int\000"
 722      206C6F6E 
 722      6720696E 
 722      7400
 723              	.LASF13:
 724 01a7 63686172 		.ascii	"char\000"
 724      00
 725              	.LASF2:
 726 01ac 73686F72 		.ascii	"short int\000"
 726      7420696E 
 726      7400
 727              	.LASF24:
 728 01b6 72786163 		.ascii	"rxacr\000"
 728      7200
 729              	.LASF34:
 730 01bc 43414E5F 		.ascii	"CAN_1_MsgRXIsr\000"
 730      315F4D73 
 730      67525849 
 730      737200
 731              	.LASF4:
 732 01cb 6C6F6E67 		.ascii	"long int\000"
 732      20696E74 
 732      00
 733              	.LASF11:
 734 01d4 666C6F61 		.ascii	"float\000"
 734      7400
 735              	.LASF0:
 736 01da 7369676E 		.ascii	"signed char\000"
 736      65642063 
 736      68617200 
 737              	.LASF33:
ARM GAS  C:\Users\Schuyler\AppData\Local\Temp\ccpY61cW.s 			page 25


 738 01e6 433A5C55 		.ascii	"C:\\Users\\Schuyler\\Documents\\PSoC Creator\\CANBu"
 738      73657273 
 738      5C536368 
 738      75796C65 
 738      725C446F 
 739 0214 73546573 		.ascii	"sTest\\Transmitter\\Design02.cydsn\000"
 739      745C5472 
 739      616E736D 
 739      69747465 
 739      725C4465 
 740              		.ident	"GCC: (GNU Tools for ARM Embedded Processors) 4.8.4 20140526 (release) [ARM/embedded-4_8-br
