ARM GAS  C:\Users\Schuyler\AppData\Local\Temp\cc8gcDBh.s 			page 1


   1              		.syntax unified
   2              		.cpu cortex-m3
   3              		.fpu softvfp
   4              		.eabi_attribute 20, 1
   5              		.eabi_attribute 21, 1
   6              		.eabi_attribute 23, 3
   7              		.eabi_attribute 24, 1
   8              		.eabi_attribute 25, 1
   9              		.eabi_attribute 26, 1
  10              		.eabi_attribute 30, 6
  11              		.eabi_attribute 34, 1
  12              		.eabi_attribute 18, 4
  13              		.thumb
  14              		.file	"cymetadata.c"
  15              		.text
  16              	.Ltext0:
  17              		.cfi_sections	.debug_frame
  18              		.global	cy_meta_configecc
  19              		.section	.cyconfigecc,"a",%progbits
  20              		.align	2
  21              		.type	cy_meta_configecc, %object
  22              		.size	cy_meta_configecc, 44
  23              	cy_meta_configecc:
  24 0000 01       		.byte	1
  25 0001 52       		.byte	82
  26 0002 00       		.byte	0
  27 0003 40       		.byte	64
  28 0004 04       		.byte	4
  29 0005 4C       		.byte	76
  30 0006 01       		.byte	1
  31 0007 40       		.byte	64
  32 0008 06       		.byte	6
  33 0009 4D       		.byte	77
  34 000a 01       		.byte	1
  35 000b 40       		.byte	64
  36 000c 08       		.byte	8
  37 000d 40       		.byte	64
  38 000e 0C       		.byte	12
  39 000f 10       		.byte	16
  40 0010 5D       		.byte	93
  41 0011 02       		.byte	2
  42 0012 C2       		.byte	-62
  43 0013 01       		.byte	1
  44 0014 D6       		.byte	-42
  45 0015 01       		.byte	1
  46 0016 19       		.byte	25
  47 0017 02       		.byte	2
  48 0018 78       		.byte	120
  49 0019 10       		.byte	16
  50 001a 98       		.byte	-104
  51 001b 10       		.byte	16
  52 001c 9D       		.byte	-99
  53 001d 02       		.byte	2
  54 001e C6       		.byte	-58
  55 001f 08       		.byte	8
  56 0020 DE       		.byte	-34
  57 0021 02       		.byte	2
ARM GAS  C:\Users\Schuyler\AppData\Local\Temp\cc8gcDBh.s 			page 2


  58 0022 00       		.byte	0
  59 0023 00       		.byte	0
  60 0024 80       		.byte	-128
  61 0025 40       		.byte	64
  62 0026 40       		.byte	64
  63 0027 00       		.byte	0
  64 0028 40       		.byte	64
  65 0029 00       		.byte	0
  66 002a 00       		.byte	0
  67 002b 00       		.byte	0
  68              		.global	cy_meta_custnvl
  69              		.section	.cycustnvl,"a",%progbits
  70              		.align	2
  71              		.type	cy_meta_custnvl, %object
  72              		.size	cy_meta_custnvl, 4
  73              	cy_meta_custnvl:
  74 0000 00       		.byte	0
  75 0001 00       		.byte	0
  76 0002 40       		.byte	64
  77 0003 05       		.byte	5
  78              		.global	cy_meta_wonvl
  79              		.section	.cywolatch,"a",%progbits
  80              		.align	2
  81              		.type	cy_meta_wonvl, %object
  82              		.size	cy_meta_wonvl, 4
  83              	cy_meta_wonvl:
  84 0000 BC       		.byte	-68
  85 0001 90       		.byte	-112
  86 0002 AC       		.byte	-84
  87 0003 AF       		.byte	-81
  88              		.global	cy_meta_flashprotect
  89              		.section	.cyflashprotect,"a",%progbits
  90              		.align	2
  91              		.type	cy_meta_flashprotect, %object
  92              		.size	cy_meta_flashprotect, 256
  93              	cy_meta_flashprotect:
  94 0000 00000000 		.space	256
  94      00000000 
  94      00000000 
  94      00000000 
  94      00000000 
  95              		.global	cy_metadata
  96              		.section	.cymeta,"a",%progbits
  97              		.align	2
  98              		.type	cy_metadata, %object
  99              		.size	cy_metadata, 12
 100              	cy_metadata:
 101 0000 00       		.byte	0
 102 0001 01       		.byte	1
 103 0002 2E       		.byte	46
 104 0003 16       		.byte	22
 105 0004 10       		.byte	16
 106 0005 69       		.byte	105
 107 0006 00       		.byte	0
 108 0007 01       		.byte	1
 109 0008 00       		.byte	0
 110 0009 00       		.byte	0
ARM GAS  C:\Users\Schuyler\AppData\Local\Temp\cc8gcDBh.s 			page 3


 111 000a 00       		.byte	0
 112 000b 00       		.byte	0
 113              		.text
 114              	.Letext0:
 115              		.file 1 ".\\Generated_Source\\PSoC5\\cymetadata.c"
 116              		.file 2 ".\\Generated_Source\\PSoC5\\cytypes.h"
 117              		.section	.debug_info,"",%progbits
 118              	.Ldebug_info0:
 119 0000 35010000 		.4byte	0x135
 120 0004 0400     		.2byte	0x4
 121 0006 00000000 		.4byte	.Ldebug_abbrev0
 122 000a 04       		.byte	0x4
 123 000b 01       		.uleb128 0x1
 124 000c F9000000 		.4byte	.LASF18
 125 0010 01       		.byte	0x1
 126 0011 00000000 		.4byte	.LASF19
 127 0015 94000000 		.4byte	.LASF20
 128 0019 00000000 		.4byte	.Ldebug_line0
 129 001d 02       		.uleb128 0x2
 130 001e 01       		.byte	0x1
 131 001f 06       		.byte	0x6
 132 0020 CD010000 		.4byte	.LASF0
 133 0024 02       		.uleb128 0x2
 134 0025 01       		.byte	0x1
 135 0026 08       		.byte	0x8
 136 0027 38000000 		.4byte	.LASF1
 137 002b 02       		.uleb128 0x2
 138 002c 02       		.byte	0x2
 139 002d 05       		.byte	0x5
 140 002e B4010000 		.4byte	.LASF2
 141 0032 02       		.uleb128 0x2
 142 0033 02       		.byte	0x2
 143 0034 07       		.byte	0x7
 144 0035 58000000 		.4byte	.LASF3
 145 0039 02       		.uleb128 0x2
 146 003a 04       		.byte	0x4
 147 003b 05       		.byte	0x5
 148 003c C4010000 		.4byte	.LASF4
 149 0040 02       		.uleb128 0x2
 150 0041 04       		.byte	0x4
 151 0042 07       		.byte	0x7
 152 0043 46000000 		.4byte	.LASF5
 153 0047 02       		.uleb128 0x2
 154 0048 08       		.byte	0x8
 155 0049 05       		.byte	0x5
 156 004a A1010000 		.4byte	.LASF6
 157 004e 02       		.uleb128 0x2
 158 004f 08       		.byte	0x8
 159 0050 07       		.byte	0x7
 160 0051 E2000000 		.4byte	.LASF7
 161 0055 03       		.uleb128 0x3
 162 0056 04       		.byte	0x4
 163 0057 05       		.byte	0x5
 164 0058 696E7400 		.ascii	"int\000"
 165 005c 02       		.uleb128 0x2
 166 005d 04       		.byte	0x4
 167 005e 07       		.byte	0x7
ARM GAS  C:\Users\Schuyler\AppData\Local\Temp\cc8gcDBh.s 			page 4


 168 005f D5000000 		.4byte	.LASF8
 169 0063 04       		.uleb128 0x4
 170 0064 BE010000 		.4byte	.LASF21
 171 0068 02       		.byte	0x2
 172 0069 A1       		.byte	0xa1
 173 006a 24000000 		.4byte	0x24
 174 006e 02       		.uleb128 0x2
 175 006f 04       		.byte	0x4
 176 0070 04       		.byte	0x4
 177 0071 32000000 		.4byte	.LASF9
 178 0075 02       		.uleb128 0x2
 179 0076 08       		.byte	0x8
 180 0077 04       		.byte	0x4
 181 0078 6B000000 		.4byte	.LASF10
 182 007c 02       		.uleb128 0x2
 183 007d 01       		.byte	0x1
 184 007e 08       		.byte	0x8
 185 007f AF010000 		.4byte	.LASF11
 186 0083 05       		.uleb128 0x5
 187 0084 63000000 		.4byte	0x63
 188 0088 93000000 		.4byte	0x93
 189 008c 06       		.uleb128 0x6
 190 008d 93000000 		.4byte	0x93
 191 0091 2B       		.byte	0x2b
 192 0092 00       		.byte	0
 193 0093 02       		.uleb128 0x2
 194 0094 04       		.byte	0x4
 195 0095 07       		.byte	0x7
 196 0096 98010000 		.4byte	.LASF12
 197 009a 07       		.uleb128 0x7
 198 009b 82000000 		.4byte	.LASF13
 199 009f 01       		.byte	0x1
 200 00a0 1C       		.byte	0x1c
 201 00a1 AB000000 		.4byte	0xab
 202 00a5 05       		.uleb128 0x5
 203 00a6 03       		.byte	0x3
 204 00a7 00000000 		.4byte	cy_meta_configecc
 205 00ab 08       		.uleb128 0x8
 206 00ac 83000000 		.4byte	0x83
 207 00b0 05       		.uleb128 0x5
 208 00b1 63000000 		.4byte	0x63
 209 00b5 C0000000 		.4byte	0xc0
 210 00b9 06       		.uleb128 0x6
 211 00ba 93000000 		.4byte	0x93
 212 00be 03       		.byte	0x3
 213 00bf 00       		.byte	0
 214 00c0 07       		.uleb128 0x7
 215 00c1 72000000 		.4byte	.LASF14
 216 00c5 01       		.byte	0x1
 217 00c6 2C       		.byte	0x2c
 218 00c7 D1000000 		.4byte	0xd1
 219 00cb 05       		.uleb128 0x5
 220 00cc 03       		.byte	0x3
 221 00cd 00000000 		.4byte	cy_meta_custnvl
 222 00d1 08       		.uleb128 0x8
 223 00d2 B0000000 		.4byte	0xb0
 224 00d6 07       		.uleb128 0x7
ARM GAS  C:\Users\Schuyler\AppData\Local\Temp\cc8gcDBh.s 			page 5


 225 00d7 8A010000 		.4byte	.LASF15
 226 00db 01       		.byte	0x1
 227 00dc 37       		.byte	0x37
 228 00dd E7000000 		.4byte	0xe7
 229 00e1 05       		.uleb128 0x5
 230 00e2 03       		.byte	0x3
 231 00e3 00000000 		.4byte	cy_meta_wonvl
 232 00e7 08       		.uleb128 0x8
 233 00e8 B0000000 		.4byte	0xb0
 234 00ec 05       		.uleb128 0x5
 235 00ed 63000000 		.4byte	0x63
 236 00f1 FC000000 		.4byte	0xfc
 237 00f5 06       		.uleb128 0x6
 238 00f6 93000000 		.4byte	0x93
 239 00fa FF       		.byte	0xff
 240 00fb 00       		.byte	0
 241 00fc 07       		.uleb128 0x7
 242 00fd 75010000 		.4byte	.LASF16
 243 0101 01       		.byte	0x1
 244 0102 42       		.byte	0x42
 245 0103 0D010000 		.4byte	0x10d
 246 0107 05       		.uleb128 0x5
 247 0108 03       		.byte	0x3
 248 0109 00000000 		.4byte	cy_meta_flashprotect
 249 010d 08       		.uleb128 0x8
 250 010e EC000000 		.4byte	0xec
 251 0112 05       		.uleb128 0x5
 252 0113 63000000 		.4byte	0x63
 253 0117 22010000 		.4byte	0x122
 254 011b 06       		.uleb128 0x6
 255 011c 93000000 		.4byte	0x93
 256 0120 0B       		.byte	0xb
 257 0121 00       		.byte	0
 258 0122 07       		.uleb128 0x7
 259 0123 26000000 		.4byte	.LASF17
 260 0127 01       		.byte	0x1
 261 0128 6C       		.byte	0x6c
 262 0129 33010000 		.4byte	0x133
 263 012d 05       		.uleb128 0x5
 264 012e 03       		.byte	0x3
 265 012f 00000000 		.4byte	cy_metadata
 266 0133 08       		.uleb128 0x8
 267 0134 12010000 		.4byte	0x112
 268 0138 00       		.byte	0
 269              		.section	.debug_abbrev,"",%progbits
 270              	.Ldebug_abbrev0:
 271 0000 01       		.uleb128 0x1
 272 0001 11       		.uleb128 0x11
 273 0002 01       		.byte	0x1
 274 0003 25       		.uleb128 0x25
 275 0004 0E       		.uleb128 0xe
 276 0005 13       		.uleb128 0x13
 277 0006 0B       		.uleb128 0xb
 278 0007 03       		.uleb128 0x3
 279 0008 0E       		.uleb128 0xe
 280 0009 1B       		.uleb128 0x1b
 281 000a 0E       		.uleb128 0xe
ARM GAS  C:\Users\Schuyler\AppData\Local\Temp\cc8gcDBh.s 			page 6


 282 000b 10       		.uleb128 0x10
 283 000c 17       		.uleb128 0x17
 284 000d 00       		.byte	0
 285 000e 00       		.byte	0
 286 000f 02       		.uleb128 0x2
 287 0010 24       		.uleb128 0x24
 288 0011 00       		.byte	0
 289 0012 0B       		.uleb128 0xb
 290 0013 0B       		.uleb128 0xb
 291 0014 3E       		.uleb128 0x3e
 292 0015 0B       		.uleb128 0xb
 293 0016 03       		.uleb128 0x3
 294 0017 0E       		.uleb128 0xe
 295 0018 00       		.byte	0
 296 0019 00       		.byte	0
 297 001a 03       		.uleb128 0x3
 298 001b 24       		.uleb128 0x24
 299 001c 00       		.byte	0
 300 001d 0B       		.uleb128 0xb
 301 001e 0B       		.uleb128 0xb
 302 001f 3E       		.uleb128 0x3e
 303 0020 0B       		.uleb128 0xb
 304 0021 03       		.uleb128 0x3
 305 0022 08       		.uleb128 0x8
 306 0023 00       		.byte	0
 307 0024 00       		.byte	0
 308 0025 04       		.uleb128 0x4
 309 0026 16       		.uleb128 0x16
 310 0027 00       		.byte	0
 311 0028 03       		.uleb128 0x3
 312 0029 0E       		.uleb128 0xe
 313 002a 3A       		.uleb128 0x3a
 314 002b 0B       		.uleb128 0xb
 315 002c 3B       		.uleb128 0x3b
 316 002d 0B       		.uleb128 0xb
 317 002e 49       		.uleb128 0x49
 318 002f 13       		.uleb128 0x13
 319 0030 00       		.byte	0
 320 0031 00       		.byte	0
 321 0032 05       		.uleb128 0x5
 322 0033 01       		.uleb128 0x1
 323 0034 01       		.byte	0x1
 324 0035 49       		.uleb128 0x49
 325 0036 13       		.uleb128 0x13
 326 0037 01       		.uleb128 0x1
 327 0038 13       		.uleb128 0x13
 328 0039 00       		.byte	0
 329 003a 00       		.byte	0
 330 003b 06       		.uleb128 0x6
 331 003c 21       		.uleb128 0x21
 332 003d 00       		.byte	0
 333 003e 49       		.uleb128 0x49
 334 003f 13       		.uleb128 0x13
 335 0040 2F       		.uleb128 0x2f
 336 0041 0B       		.uleb128 0xb
 337 0042 00       		.byte	0
 338 0043 00       		.byte	0
ARM GAS  C:\Users\Schuyler\AppData\Local\Temp\cc8gcDBh.s 			page 7


 339 0044 07       		.uleb128 0x7
 340 0045 34       		.uleb128 0x34
 341 0046 00       		.byte	0
 342 0047 03       		.uleb128 0x3
 343 0048 0E       		.uleb128 0xe
 344 0049 3A       		.uleb128 0x3a
 345 004a 0B       		.uleb128 0xb
 346 004b 3B       		.uleb128 0x3b
 347 004c 0B       		.uleb128 0xb
 348 004d 49       		.uleb128 0x49
 349 004e 13       		.uleb128 0x13
 350 004f 3F       		.uleb128 0x3f
 351 0050 19       		.uleb128 0x19
 352 0051 02       		.uleb128 0x2
 353 0052 18       		.uleb128 0x18
 354 0053 00       		.byte	0
 355 0054 00       		.byte	0
 356 0055 08       		.uleb128 0x8
 357 0056 26       		.uleb128 0x26
 358 0057 00       		.byte	0
 359 0058 49       		.uleb128 0x49
 360 0059 13       		.uleb128 0x13
 361 005a 00       		.byte	0
 362 005b 00       		.byte	0
 363 005c 00       		.byte	0
 364              		.section	.debug_aranges,"",%progbits
 365 0000 14000000 		.4byte	0x14
 366 0004 0200     		.2byte	0x2
 367 0006 00000000 		.4byte	.Ldebug_info0
 368 000a 04       		.byte	0x4
 369 000b 00       		.byte	0
 370 000c 0000     		.2byte	0
 371 000e 0000     		.2byte	0
 372 0010 00000000 		.4byte	0
 373 0014 00000000 		.4byte	0
 374              		.section	.debug_line,"",%progbits
 375              	.Ldebug_line0:
 376 0000 4F000000 		.section	.debug_str,"MS",%progbits,1
 376      02004900 
 376      00000201 
 376      FB0E0D00 
 376      01010101 
 377              	.LASF19:
 378 0000 2E5C4765 		.ascii	".\\Generated_Source\\PSoC5\\cymetadata.c\000"
 378      6E657261 
 378      7465645F 
 378      536F7572 
 378      63655C50 
 379              	.LASF17:
 380 0026 63795F6D 		.ascii	"cy_metadata\000"
 380      65746164 
 380      61746100 
 381              	.LASF9:
 382 0032 666C6F61 		.ascii	"float\000"
 382      7400
 383              	.LASF1:
 384 0038 756E7369 		.ascii	"unsigned char\000"
ARM GAS  C:\Users\Schuyler\AppData\Local\Temp\cc8gcDBh.s 			page 8


 384      676E6564 
 384      20636861 
 384      7200
 385              	.LASF5:
 386 0046 6C6F6E67 		.ascii	"long unsigned int\000"
 386      20756E73 
 386      69676E65 
 386      6420696E 
 386      7400
 387              	.LASF3:
 388 0058 73686F72 		.ascii	"short unsigned int\000"
 388      7420756E 
 388      7369676E 
 388      65642069 
 388      6E7400
 389              	.LASF10:
 390 006b 646F7562 		.ascii	"double\000"
 390      6C6500
 391              	.LASF14:
 392 0072 63795F6D 		.ascii	"cy_meta_custnvl\000"
 392      6574615F 
 392      63757374 
 392      6E766C00 
 393              	.LASF13:
 394 0082 63795F6D 		.ascii	"cy_meta_configecc\000"
 394      6574615F 
 394      636F6E66 
 394      69676563 
 394      6300
 395              	.LASF20:
 396 0094 433A5C55 		.ascii	"C:\\Users\\Schuyler\\Documents\\PSoC Creator\\Desig"
 396      73657273 
 396      5C536368 
 396      75796C65 
 396      725C446F 
 397 00c2 6E30325C 		.ascii	"n02\\Design02.cydsn\000"
 397      44657369 
 397      676E3032 
 397      2E637964 
 397      736E00
 398              	.LASF8:
 399 00d5 756E7369 		.ascii	"unsigned int\000"
 399      676E6564 
 399      20696E74 
 399      00
 400              	.LASF7:
 401 00e2 6C6F6E67 		.ascii	"long long unsigned int\000"
 401      206C6F6E 
 401      6720756E 
 401      7369676E 
 401      65642069 
 402              	.LASF18:
 403 00f9 474E5520 		.ascii	"GNU C 4.8.4 20140526 (release) [ARM/embedded-4_8-br"
 403      4320342E 
 403      382E3420 
 403      32303134 
 403      30353236 
ARM GAS  C:\Users\Schuyler\AppData\Local\Temp\cc8gcDBh.s 			page 9


 404 012c 616E6368 		.ascii	"anch revision 211358] -mcpu=cortex-m3 -mthumb -g -O"
 404      20726576 
 404      6973696F 
 404      6E203231 
 404      31333538 
 405 015f 30202D66 		.ascii	"0 -ffunction-sections\000"
 405      66756E63 
 405      74696F6E 
 405      2D736563 
 405      74696F6E 
 406              	.LASF16:
 407 0175 63795F6D 		.ascii	"cy_meta_flashprotect\000"
 407      6574615F 
 407      666C6173 
 407      6870726F 
 407      74656374 
 408              	.LASF15:
 409 018a 63795F6D 		.ascii	"cy_meta_wonvl\000"
 409      6574615F 
 409      776F6E76 
 409      6C00
 410              	.LASF12:
 411 0198 73697A65 		.ascii	"sizetype\000"
 411      74797065 
 411      00
 412              	.LASF6:
 413 01a1 6C6F6E67 		.ascii	"long long int\000"
 413      206C6F6E 
 413      6720696E 
 413      7400
 414              	.LASF11:
 415 01af 63686172 		.ascii	"char\000"
 415      00
 416              	.LASF2:
 417 01b4 73686F72 		.ascii	"short int\000"
 417      7420696E 
 417      7400
 418              	.LASF21:
 419 01be 75696E74 		.ascii	"uint8\000"
 419      3800
 420              	.LASF4:
 421 01c4 6C6F6E67 		.ascii	"long int\000"
 421      20696E74 
 421      00
 422              	.LASF0:
 423 01cd 7369676E 		.ascii	"signed char\000"
 423      65642063 
 423      68617200 
 424              		.ident	"GCC: (GNU Tools for ARM Embedded Processors) 4.8.4 20140526 (release) [ARM/embedded-4_8-br
