ARM GAS  C:\Users\Schuyler\AppData\Local\Temp\ccqUQlh0.s 			page 1


   1              		.syntax unified
   2              		.cpu cortex-m3
   3              		.fpu softvfp
   4              		.eabi_attribute 20, 1
   5              		.eabi_attribute 21, 1
   6              		.eabi_attribute 23, 3
   7              		.eabi_attribute 24, 1
   8              		.eabi_attribute 25, 1
   9              		.eabi_attribute 26, 1
  10              		.eabi_attribute 30, 6
  11              		.eabi_attribute 34, 1
  12              		.eabi_attribute 18, 4
  13              		.thumb
  14              		.file	"isr_1.c"
  15              		.text
  16              	.Ltext0:
  17              		.cfi_sections	.debug_frame
  18              		.section	.text.isr_1_Start,"ax",%progbits
  19              		.align	2
  20              		.global	isr_1_Start
  21              		.thumb
  22              		.thumb_func
  23              		.type	isr_1_Start, %function
  24              	isr_1_Start:
  25              	.LFB0:
  26              		.file 1 ".\\Generated_Source\\PSoC5\\isr_1.c"
   1:.\Generated_Source\PSoC5/isr_1.c **** /*******************************************************************************
   2:.\Generated_Source\PSoC5/isr_1.c **** * File Name: isr_1.c  
   3:.\Generated_Source\PSoC5/isr_1.c **** * Version 1.70
   4:.\Generated_Source\PSoC5/isr_1.c **** *
   5:.\Generated_Source\PSoC5/isr_1.c **** *  Description:
   6:.\Generated_Source\PSoC5/isr_1.c **** *   API for controlling the state of an interrupt.
   7:.\Generated_Source\PSoC5/isr_1.c **** *
   8:.\Generated_Source\PSoC5/isr_1.c **** *
   9:.\Generated_Source\PSoC5/isr_1.c **** *  Note:
  10:.\Generated_Source\PSoC5/isr_1.c **** *
  11:.\Generated_Source\PSoC5/isr_1.c **** ********************************************************************************
  12:.\Generated_Source\PSoC5/isr_1.c **** * Copyright 2008-2015, Cypress Semiconductor Corporation.  All rights reserved.
  13:.\Generated_Source\PSoC5/isr_1.c **** * You may use this file only in accordance with the license, terms, conditions, 
  14:.\Generated_Source\PSoC5/isr_1.c **** * disclaimers, and limitations in the end user license agreement accompanying 
  15:.\Generated_Source\PSoC5/isr_1.c **** * the software package with which this file was provided.
  16:.\Generated_Source\PSoC5/isr_1.c **** *******************************************************************************/
  17:.\Generated_Source\PSoC5/isr_1.c **** 
  18:.\Generated_Source\PSoC5/isr_1.c **** 
  19:.\Generated_Source\PSoC5/isr_1.c **** #include <cydevice_trm.h>
  20:.\Generated_Source\PSoC5/isr_1.c **** #include <CyLib.h>
  21:.\Generated_Source\PSoC5/isr_1.c **** #include <isr_1.h>
  22:.\Generated_Source\PSoC5/isr_1.c **** 
  23:.\Generated_Source\PSoC5/isr_1.c **** #if !defined(isr_1__REMOVED) /* Check for removal by optimization */
  24:.\Generated_Source\PSoC5/isr_1.c **** 
  25:.\Generated_Source\PSoC5/isr_1.c **** /*******************************************************************************
  26:.\Generated_Source\PSoC5/isr_1.c **** *  Place your includes, defines and code here 
  27:.\Generated_Source\PSoC5/isr_1.c **** ********************************************************************************/
  28:.\Generated_Source\PSoC5/isr_1.c **** /* `#START isr_1_intc` */
  29:.\Generated_Source\PSoC5/isr_1.c **** #include "CAN_1.h"
  30:.\Generated_Source\PSoC5/isr_1.c **** #include "LED_1.h"
  31:.\Generated_Source\PSoC5/isr_1.c **** #include "Timer_1.h"
ARM GAS  C:\Users\Schuyler\AppData\Local\Temp\ccqUQlh0.s 			page 2


  32:.\Generated_Source\PSoC5/isr_1.c **** /* `#END` */
  33:.\Generated_Source\PSoC5/isr_1.c **** 
  34:.\Generated_Source\PSoC5/isr_1.c **** #ifndef CYINT_IRQ_BASE
  35:.\Generated_Source\PSoC5/isr_1.c **** #define CYINT_IRQ_BASE      16
  36:.\Generated_Source\PSoC5/isr_1.c **** #endif /* CYINT_IRQ_BASE */
  37:.\Generated_Source\PSoC5/isr_1.c **** #ifndef CYINT_VECT_TABLE
  38:.\Generated_Source\PSoC5/isr_1.c **** #define CYINT_VECT_TABLE    ((cyisraddress **) CYREG_NVIC_VECT_OFFSET)
  39:.\Generated_Source\PSoC5/isr_1.c **** #endif /* CYINT_VECT_TABLE */
  40:.\Generated_Source\PSoC5/isr_1.c **** 
  41:.\Generated_Source\PSoC5/isr_1.c **** /* Declared in startup, used to set unused interrupts to. */
  42:.\Generated_Source\PSoC5/isr_1.c **** CY_ISR_PROTO(IntDefaultHandler);
  43:.\Generated_Source\PSoC5/isr_1.c **** 
  44:.\Generated_Source\PSoC5/isr_1.c **** 
  45:.\Generated_Source\PSoC5/isr_1.c **** /*******************************************************************************
  46:.\Generated_Source\PSoC5/isr_1.c **** * Function Name: isr_1_Start
  47:.\Generated_Source\PSoC5/isr_1.c **** ********************************************************************************
  48:.\Generated_Source\PSoC5/isr_1.c **** *
  49:.\Generated_Source\PSoC5/isr_1.c **** * Summary:
  50:.\Generated_Source\PSoC5/isr_1.c **** *  Set up the interrupt and enable it. This function disables the interrupt, 
  51:.\Generated_Source\PSoC5/isr_1.c **** *  sets the default interrupt vector, sets the priority from the value in the
  52:.\Generated_Source\PSoC5/isr_1.c **** *  Design Wide Resources Interrupt Editor, then enables the interrupt to the 
  53:.\Generated_Source\PSoC5/isr_1.c **** *  interrupt controller.
  54:.\Generated_Source\PSoC5/isr_1.c **** *
  55:.\Generated_Source\PSoC5/isr_1.c **** * Parameters:  
  56:.\Generated_Source\PSoC5/isr_1.c **** *   None
  57:.\Generated_Source\PSoC5/isr_1.c **** *
  58:.\Generated_Source\PSoC5/isr_1.c **** * Return:
  59:.\Generated_Source\PSoC5/isr_1.c **** *   None
  60:.\Generated_Source\PSoC5/isr_1.c **** *
  61:.\Generated_Source\PSoC5/isr_1.c **** *******************************************************************************/
  62:.\Generated_Source\PSoC5/isr_1.c **** void isr_1_Start(void)
  63:.\Generated_Source\PSoC5/isr_1.c **** {
  27              		.loc 1 63 0
  28              		.cfi_startproc
  29              		@ args = 0, pretend = 0, frame = 0
  30              		@ frame_needed = 1, uses_anonymous_args = 0
  31 0000 80B5     		push	{r7, lr}
  32              		.cfi_def_cfa_offset 8
  33              		.cfi_offset 7, -8
  34              		.cfi_offset 14, -4
  35 0002 00AF     		add	r7, sp, #0
  36              		.cfi_def_cfa_register 7
  64:.\Generated_Source\PSoC5/isr_1.c ****     /* For all we know the interrupt is active. */
  65:.\Generated_Source\PSoC5/isr_1.c ****     isr_1_Disable();
  37              		.loc 1 65 0
  38 0004 FFF7FEFF 		bl	isr_1_Disable
  66:.\Generated_Source\PSoC5/isr_1.c **** 
  67:.\Generated_Source\PSoC5/isr_1.c ****     /* Set the ISR to point to the isr_1 Interrupt. */
  68:.\Generated_Source\PSoC5/isr_1.c ****     isr_1_SetVector(&isr_1_Interrupt);
  39              		.loc 1 68 0
  40 0008 0448     		ldr	r0, .L2
  41 000a FFF7FEFF 		bl	isr_1_SetVector
  69:.\Generated_Source\PSoC5/isr_1.c **** 
  70:.\Generated_Source\PSoC5/isr_1.c ****     /* Set the priority. */
  71:.\Generated_Source\PSoC5/isr_1.c ****     isr_1_SetPriority((uint8)isr_1_INTC_PRIOR_NUMBER);
  42              		.loc 1 71 0
  43 000e 0720     		movs	r0, #7
ARM GAS  C:\Users\Schuyler\AppData\Local\Temp\ccqUQlh0.s 			page 3


  44 0010 FFF7FEFF 		bl	isr_1_SetPriority
  72:.\Generated_Source\PSoC5/isr_1.c **** 
  73:.\Generated_Source\PSoC5/isr_1.c ****     /* Enable it. */
  74:.\Generated_Source\PSoC5/isr_1.c ****     isr_1_Enable();
  45              		.loc 1 74 0
  46 0014 FFF7FEFF 		bl	isr_1_Enable
  75:.\Generated_Source\PSoC5/isr_1.c **** }
  47              		.loc 1 75 0
  48 0018 80BD     		pop	{r7, pc}
  49              	.L3:
  50 001a 00BF     		.align	2
  51              	.L2:
  52 001c 00000000 		.word	isr_1_Interrupt
  53              		.cfi_endproc
  54              	.LFE0:
  55              		.size	isr_1_Start, .-isr_1_Start
  56              		.section	.text.isr_1_StartEx,"ax",%progbits
  57              		.align	2
  58              		.global	isr_1_StartEx
  59              		.thumb
  60              		.thumb_func
  61              		.type	isr_1_StartEx, %function
  62              	isr_1_StartEx:
  63              	.LFB1:
  76:.\Generated_Source\PSoC5/isr_1.c **** 
  77:.\Generated_Source\PSoC5/isr_1.c **** 
  78:.\Generated_Source\PSoC5/isr_1.c **** /*******************************************************************************
  79:.\Generated_Source\PSoC5/isr_1.c **** * Function Name: isr_1_StartEx
  80:.\Generated_Source\PSoC5/isr_1.c **** ********************************************************************************
  81:.\Generated_Source\PSoC5/isr_1.c **** *
  82:.\Generated_Source\PSoC5/isr_1.c **** * Summary:
  83:.\Generated_Source\PSoC5/isr_1.c **** *  Sets up the interrupt and enables it. This function disables the interrupt,
  84:.\Generated_Source\PSoC5/isr_1.c **** *  sets the interrupt vector based on the address passed in, sets the priority 
  85:.\Generated_Source\PSoC5/isr_1.c **** *  from the value in the Design Wide Resources Interrupt Editor, then enables 
  86:.\Generated_Source\PSoC5/isr_1.c **** *  the interrupt to the interrupt controller.
  87:.\Generated_Source\PSoC5/isr_1.c **** *  
  88:.\Generated_Source\PSoC5/isr_1.c **** *  When defining ISR functions, the CY_ISR and CY_ISR_PROTO macros should be 
  89:.\Generated_Source\PSoC5/isr_1.c **** *  used to provide consistent definition across compilers:
  90:.\Generated_Source\PSoC5/isr_1.c **** *  
  91:.\Generated_Source\PSoC5/isr_1.c **** *  Function definition example:
  92:.\Generated_Source\PSoC5/isr_1.c **** *   CY_ISR(MyISR)
  93:.\Generated_Source\PSoC5/isr_1.c **** *   {
  94:.\Generated_Source\PSoC5/isr_1.c **** *   }
  95:.\Generated_Source\PSoC5/isr_1.c **** *   Function prototype example:
  96:.\Generated_Source\PSoC5/isr_1.c **** *   CY_ISR_PROTO(MyISR);
  97:.\Generated_Source\PSoC5/isr_1.c **** *
  98:.\Generated_Source\PSoC5/isr_1.c **** * Parameters:  
  99:.\Generated_Source\PSoC5/isr_1.c **** *   address: Address of the ISR to set in the interrupt vector table.
 100:.\Generated_Source\PSoC5/isr_1.c **** *
 101:.\Generated_Source\PSoC5/isr_1.c **** * Return:
 102:.\Generated_Source\PSoC5/isr_1.c **** *   None
 103:.\Generated_Source\PSoC5/isr_1.c **** *
 104:.\Generated_Source\PSoC5/isr_1.c **** *******************************************************************************/
 105:.\Generated_Source\PSoC5/isr_1.c **** void isr_1_StartEx(cyisraddress address)
 106:.\Generated_Source\PSoC5/isr_1.c **** {
  64              		.loc 1 106 0
  65              		.cfi_startproc
ARM GAS  C:\Users\Schuyler\AppData\Local\Temp\ccqUQlh0.s 			page 4


  66              		@ args = 0, pretend = 0, frame = 8
  67              		@ frame_needed = 1, uses_anonymous_args = 0
  68 0000 80B5     		push	{r7, lr}
  69              		.cfi_def_cfa_offset 8
  70              		.cfi_offset 7, -8
  71              		.cfi_offset 14, -4
  72 0002 82B0     		sub	sp, sp, #8
  73              		.cfi_def_cfa_offset 16
  74 0004 00AF     		add	r7, sp, #0
  75              		.cfi_def_cfa_register 7
  76 0006 7860     		str	r0, [r7, #4]
 107:.\Generated_Source\PSoC5/isr_1.c ****     /* For all we know the interrupt is active. */
 108:.\Generated_Source\PSoC5/isr_1.c ****     isr_1_Disable();
  77              		.loc 1 108 0
  78 0008 FFF7FEFF 		bl	isr_1_Disable
 109:.\Generated_Source\PSoC5/isr_1.c **** 
 110:.\Generated_Source\PSoC5/isr_1.c ****     /* Set the ISR to point to the isr_1 Interrupt. */
 111:.\Generated_Source\PSoC5/isr_1.c ****     isr_1_SetVector(address);
  79              		.loc 1 111 0
  80 000c 7868     		ldr	r0, [r7, #4]
  81 000e FFF7FEFF 		bl	isr_1_SetVector
 112:.\Generated_Source\PSoC5/isr_1.c **** 
 113:.\Generated_Source\PSoC5/isr_1.c ****     /* Set the priority. */
 114:.\Generated_Source\PSoC5/isr_1.c ****     isr_1_SetPriority((uint8)isr_1_INTC_PRIOR_NUMBER);
  82              		.loc 1 114 0
  83 0012 0720     		movs	r0, #7
  84 0014 FFF7FEFF 		bl	isr_1_SetPriority
 115:.\Generated_Source\PSoC5/isr_1.c **** 
 116:.\Generated_Source\PSoC5/isr_1.c ****     /* Enable it. */
 117:.\Generated_Source\PSoC5/isr_1.c ****     isr_1_Enable();
  85              		.loc 1 117 0
  86 0018 FFF7FEFF 		bl	isr_1_Enable
 118:.\Generated_Source\PSoC5/isr_1.c **** }
  87              		.loc 1 118 0
  88 001c 0837     		adds	r7, r7, #8
  89 001e BD46     		mov	sp, r7
  90              		@ sp needed
  91 0020 80BD     		pop	{r7, pc}
  92              		.cfi_endproc
  93              	.LFE1:
  94              		.size	isr_1_StartEx, .-isr_1_StartEx
  95 0022 00BF     		.section	.text.isr_1_Stop,"ax",%progbits
  96              		.align	2
  97              		.global	isr_1_Stop
  98              		.thumb
  99              		.thumb_func
 100              		.type	isr_1_Stop, %function
 101              	isr_1_Stop:
 102              	.LFB2:
 119:.\Generated_Source\PSoC5/isr_1.c **** 
 120:.\Generated_Source\PSoC5/isr_1.c **** 
 121:.\Generated_Source\PSoC5/isr_1.c **** /*******************************************************************************
 122:.\Generated_Source\PSoC5/isr_1.c **** * Function Name: isr_1_Stop
 123:.\Generated_Source\PSoC5/isr_1.c **** ********************************************************************************
 124:.\Generated_Source\PSoC5/isr_1.c **** *
 125:.\Generated_Source\PSoC5/isr_1.c **** * Summary:
 126:.\Generated_Source\PSoC5/isr_1.c **** *   Disables and removes the interrupt.
ARM GAS  C:\Users\Schuyler\AppData\Local\Temp\ccqUQlh0.s 			page 5


 127:.\Generated_Source\PSoC5/isr_1.c **** *
 128:.\Generated_Source\PSoC5/isr_1.c **** * Parameters:  
 129:.\Generated_Source\PSoC5/isr_1.c **** *   None
 130:.\Generated_Source\PSoC5/isr_1.c **** *
 131:.\Generated_Source\PSoC5/isr_1.c **** * Return:
 132:.\Generated_Source\PSoC5/isr_1.c **** *   None
 133:.\Generated_Source\PSoC5/isr_1.c **** *
 134:.\Generated_Source\PSoC5/isr_1.c **** *******************************************************************************/
 135:.\Generated_Source\PSoC5/isr_1.c **** void isr_1_Stop(void)
 136:.\Generated_Source\PSoC5/isr_1.c **** {
 103              		.loc 1 136 0
 104              		.cfi_startproc
 105              		@ args = 0, pretend = 0, frame = 0
 106              		@ frame_needed = 1, uses_anonymous_args = 0
 107 0000 80B5     		push	{r7, lr}
 108              		.cfi_def_cfa_offset 8
 109              		.cfi_offset 7, -8
 110              		.cfi_offset 14, -4
 111 0002 00AF     		add	r7, sp, #0
 112              		.cfi_def_cfa_register 7
 137:.\Generated_Source\PSoC5/isr_1.c ****     /* Disable this interrupt. */
 138:.\Generated_Source\PSoC5/isr_1.c ****     isr_1_Disable();
 113              		.loc 1 138 0
 114 0004 FFF7FEFF 		bl	isr_1_Disable
 139:.\Generated_Source\PSoC5/isr_1.c **** 
 140:.\Generated_Source\PSoC5/isr_1.c ****     /* Set the ISR to point to the passive one. */
 141:.\Generated_Source\PSoC5/isr_1.c ****     isr_1_SetVector(&IntDefaultHandler);
 115              		.loc 1 141 0
 116 0008 0148     		ldr	r0, .L6
 117 000a FFF7FEFF 		bl	isr_1_SetVector
 142:.\Generated_Source\PSoC5/isr_1.c **** }
 118              		.loc 1 142 0
 119 000e 80BD     		pop	{r7, pc}
 120              	.L7:
 121              		.align	2
 122              	.L6:
 123 0010 00000000 		.word	IntDefaultHandler
 124              		.cfi_endproc
 125              	.LFE2:
 126              		.size	isr_1_Stop, .-isr_1_Stop
 127              		.section	.text.isr_1_Interrupt,"ax",%progbits
 128              		.align	2
 129              		.global	isr_1_Interrupt
 130              		.thumb
 131              		.thumb_func
 132              		.type	isr_1_Interrupt, %function
 133              	isr_1_Interrupt:
 134              	.LFB3:
 143:.\Generated_Source\PSoC5/isr_1.c **** 
 144:.\Generated_Source\PSoC5/isr_1.c **** 
 145:.\Generated_Source\PSoC5/isr_1.c **** /*******************************************************************************
 146:.\Generated_Source\PSoC5/isr_1.c **** * Function Name: isr_1_Interrupt
 147:.\Generated_Source\PSoC5/isr_1.c **** ********************************************************************************
 148:.\Generated_Source\PSoC5/isr_1.c **** *
 149:.\Generated_Source\PSoC5/isr_1.c **** * Summary:
 150:.\Generated_Source\PSoC5/isr_1.c **** *   The default Interrupt Service Routine for isr_1.
 151:.\Generated_Source\PSoC5/isr_1.c **** *
ARM GAS  C:\Users\Schuyler\AppData\Local\Temp\ccqUQlh0.s 			page 6


 152:.\Generated_Source\PSoC5/isr_1.c **** *   Add custom code between the coments to keep the next version of this file
 153:.\Generated_Source\PSoC5/isr_1.c **** *   from over writting your code.
 154:.\Generated_Source\PSoC5/isr_1.c **** *
 155:.\Generated_Source\PSoC5/isr_1.c **** * Parameters:  
 156:.\Generated_Source\PSoC5/isr_1.c **** *
 157:.\Generated_Source\PSoC5/isr_1.c **** * Return:
 158:.\Generated_Source\PSoC5/isr_1.c **** *   None
 159:.\Generated_Source\PSoC5/isr_1.c **** *
 160:.\Generated_Source\PSoC5/isr_1.c **** *******************************************************************************/
 161:.\Generated_Source\PSoC5/isr_1.c **** CY_ISR(isr_1_Interrupt)
 162:.\Generated_Source\PSoC5/isr_1.c **** {
 135              		.loc 1 162 0
 136              		.cfi_startproc
 137              		@ args = 0, pretend = 0, frame = 0
 138              		@ frame_needed = 1, uses_anonymous_args = 0
 139 0000 80B5     		push	{r7, lr}
 140              		.cfi_def_cfa_offset 8
 141              		.cfi_offset 7, -8
 142              		.cfi_offset 14, -4
 143 0002 00AF     		add	r7, sp, #0
 144              		.cfi_def_cfa_register 7
 163:.\Generated_Source\PSoC5/isr_1.c ****     /*  Place your Interrupt code here. */
 164:.\Generated_Source\PSoC5/isr_1.c ****     /* `#START isr_1_Interrupt` */
 165:.\Generated_Source\PSoC5/isr_1.c ****     
 166:.\Generated_Source\PSoC5/isr_1.c ****     CAN_1_SendMsg1(); // Sends message to mailboxes 0 and 1 respectively.
 145              		.loc 1 166 0
 146 0004 FFF7FEFF 		bl	CAN_1_SendMsg1
 167:.\Generated_Source\PSoC5/isr_1.c ****     CAN_1_SendMsg0(); // Sends whatever data is held in Tx_Data
 147              		.loc 1 167 0
 148 0008 FFF7FEFF 		bl	CAN_1_SendMsg0
 168:.\Generated_Source\PSoC5/isr_1.c ****     CAN_1_SendMsg1(); // Sends message to mailboxes 0 and 1 respectively.
 149              		.loc 1 168 0
 150 000c FFF7FEFF 		bl	CAN_1_SendMsg1
 169:.\Generated_Source\PSoC5/isr_1.c ****     CAN_1_SendMsg0(); // Sends whatever data is held in Tx_Data
 151              		.loc 1 169 0
 152 0010 FFF7FEFF 		bl	CAN_1_SendMsg0
 170:.\Generated_Source\PSoC5/isr_1.c ****     CAN_1_SendMsg1(); // Sends message to mailboxes 0 and 1 respectively.
 153              		.loc 1 170 0
 154 0014 FFF7FEFF 		bl	CAN_1_SendMsg1
 171:.\Generated_Source\PSoC5/isr_1.c ****     CAN_1_SendMsg0(); // Sends whatever data is held in Tx_Data
 155              		.loc 1 171 0
 156 0018 FFF7FEFF 		bl	CAN_1_SendMsg0
 172:.\Generated_Source\PSoC5/isr_1.c ****     CAN_1_SendMsg1(); // Sends message to mailboxes 0 and 1 respectively.
 157              		.loc 1 172 0
 158 001c FFF7FEFF 		bl	CAN_1_SendMsg1
 173:.\Generated_Source\PSoC5/isr_1.c ****     CAN_1_SendMsg1(); // Sends message to mailboxes 0 and 1 respectively.
 159              		.loc 1 173 0
 160 0020 FFF7FEFF 		bl	CAN_1_SendMsg1
 174:.\Generated_Source\PSoC5/isr_1.c ****     CAN_1_SendMsg0(); // Sends whatever data is held in Tx_Data
 161              		.loc 1 174 0
 162 0024 FFF7FEFF 		bl	CAN_1_SendMsg0
 175:.\Generated_Source\PSoC5/isr_1.c ****     
 176:.\Generated_Source\PSoC5/isr_1.c ****     Timer_1_ReadStatusRegister();
 163              		.loc 1 176 0
 164 0028 FFF7FEFF 		bl	Timer_1_ReadStatusRegister
 177:.\Generated_Source\PSoC5/isr_1.c ****     
 178:.\Generated_Source\PSoC5/isr_1.c ****     /* `#END` */
ARM GAS  C:\Users\Schuyler\AppData\Local\Temp\ccqUQlh0.s 			page 7


 179:.\Generated_Source\PSoC5/isr_1.c **** }
 165              		.loc 1 179 0
 166 002c 80BD     		pop	{r7, pc}
 167              		.cfi_endproc
 168              	.LFE3:
 169              		.size	isr_1_Interrupt, .-isr_1_Interrupt
 170 002e 00BF     		.section	.text.isr_1_SetVector,"ax",%progbits
 171              		.align	2
 172              		.global	isr_1_SetVector
 173              		.thumb
 174              		.thumb_func
 175              		.type	isr_1_SetVector, %function
 176              	isr_1_SetVector:
 177              	.LFB4:
 180:.\Generated_Source\PSoC5/isr_1.c **** 
 181:.\Generated_Source\PSoC5/isr_1.c **** 
 182:.\Generated_Source\PSoC5/isr_1.c **** /*******************************************************************************
 183:.\Generated_Source\PSoC5/isr_1.c **** * Function Name: isr_1_SetVector
 184:.\Generated_Source\PSoC5/isr_1.c **** ********************************************************************************
 185:.\Generated_Source\PSoC5/isr_1.c **** *
 186:.\Generated_Source\PSoC5/isr_1.c **** * Summary:
 187:.\Generated_Source\PSoC5/isr_1.c **** *   Change the ISR vector for the Interrupt. Note calling isr_1_Start
 188:.\Generated_Source\PSoC5/isr_1.c **** *   will override any effect this method would have had. To set the vector 
 189:.\Generated_Source\PSoC5/isr_1.c **** *   before the component has been started use isr_1_StartEx instead.
 190:.\Generated_Source\PSoC5/isr_1.c **** * 
 191:.\Generated_Source\PSoC5/isr_1.c **** *   When defining ISR functions, the CY_ISR and CY_ISR_PROTO macros should be 
 192:.\Generated_Source\PSoC5/isr_1.c **** *   used to provide consistent definition across compilers:
 193:.\Generated_Source\PSoC5/isr_1.c **** *
 194:.\Generated_Source\PSoC5/isr_1.c **** *   Function definition example:
 195:.\Generated_Source\PSoC5/isr_1.c **** *   CY_ISR(MyISR)
 196:.\Generated_Source\PSoC5/isr_1.c **** *   {
 197:.\Generated_Source\PSoC5/isr_1.c **** *   }
 198:.\Generated_Source\PSoC5/isr_1.c **** *
 199:.\Generated_Source\PSoC5/isr_1.c **** *   Function prototype example:
 200:.\Generated_Source\PSoC5/isr_1.c **** *     CY_ISR_PROTO(MyISR);
 201:.\Generated_Source\PSoC5/isr_1.c **** *
 202:.\Generated_Source\PSoC5/isr_1.c **** * Parameters:
 203:.\Generated_Source\PSoC5/isr_1.c **** *   address: Address of the ISR to set in the interrupt vector table.
 204:.\Generated_Source\PSoC5/isr_1.c **** *
 205:.\Generated_Source\PSoC5/isr_1.c **** * Return:
 206:.\Generated_Source\PSoC5/isr_1.c **** *   None
 207:.\Generated_Source\PSoC5/isr_1.c **** *
 208:.\Generated_Source\PSoC5/isr_1.c **** *******************************************************************************/
 209:.\Generated_Source\PSoC5/isr_1.c **** void isr_1_SetVector(cyisraddress address)
 210:.\Generated_Source\PSoC5/isr_1.c **** {
 178              		.loc 1 210 0
 179              		.cfi_startproc
 180              		@ args = 0, pretend = 0, frame = 16
 181              		@ frame_needed = 1, uses_anonymous_args = 0
 182              		@ link register save eliminated.
 183 0000 80B4     		push	{r7}
 184              		.cfi_def_cfa_offset 4
 185              		.cfi_offset 7, -4
 186 0002 85B0     		sub	sp, sp, #20
 187              		.cfi_def_cfa_offset 24
 188 0004 00AF     		add	r7, sp, #0
 189              		.cfi_def_cfa_register 7
ARM GAS  C:\Users\Schuyler\AppData\Local\Temp\ccqUQlh0.s 			page 8


 190 0006 7860     		str	r0, [r7, #4]
 211:.\Generated_Source\PSoC5/isr_1.c ****     cyisraddress * ramVectorTable;
 212:.\Generated_Source\PSoC5/isr_1.c **** 
 213:.\Generated_Source\PSoC5/isr_1.c ****     ramVectorTable = (cyisraddress *) *CYINT_VECT_TABLE;
 191              		.loc 1 213 0
 192 0008 054B     		ldr	r3, .L10
 193 000a 1B68     		ldr	r3, [r3]
 194 000c FB60     		str	r3, [r7, #12]
 214:.\Generated_Source\PSoC5/isr_1.c **** 
 215:.\Generated_Source\PSoC5/isr_1.c ****     ramVectorTable[CYINT_IRQ_BASE + (uint32)isr_1__INTC_NUMBER] = address;
 195              		.loc 1 215 0
 196 000e FB68     		ldr	r3, [r7, #12]
 197 0010 4033     		adds	r3, r3, #64
 198 0012 7A68     		ldr	r2, [r7, #4]
 199 0014 1A60     		str	r2, [r3]
 216:.\Generated_Source\PSoC5/isr_1.c **** }
 200              		.loc 1 216 0
 201 0016 1437     		adds	r7, r7, #20
 202 0018 BD46     		mov	sp, r7
 203              		@ sp needed
 204 001a 5DF8047B 		ldr	r7, [sp], #4
 205 001e 7047     		bx	lr
 206              	.L11:
 207              		.align	2
 208              	.L10:
 209 0020 08ED00E0 		.word	-536810232
 210              		.cfi_endproc
 211              	.LFE4:
 212              		.size	isr_1_SetVector, .-isr_1_SetVector
 213              		.section	.text.isr_1_GetVector,"ax",%progbits
 214              		.align	2
 215              		.global	isr_1_GetVector
 216              		.thumb
 217              		.thumb_func
 218              		.type	isr_1_GetVector, %function
 219              	isr_1_GetVector:
 220              	.LFB5:
 217:.\Generated_Source\PSoC5/isr_1.c **** 
 218:.\Generated_Source\PSoC5/isr_1.c **** 
 219:.\Generated_Source\PSoC5/isr_1.c **** /*******************************************************************************
 220:.\Generated_Source\PSoC5/isr_1.c **** * Function Name: isr_1_GetVector
 221:.\Generated_Source\PSoC5/isr_1.c **** ********************************************************************************
 222:.\Generated_Source\PSoC5/isr_1.c **** *
 223:.\Generated_Source\PSoC5/isr_1.c **** * Summary:
 224:.\Generated_Source\PSoC5/isr_1.c **** *   Gets the "address" of the current ISR vector for the Interrupt.
 225:.\Generated_Source\PSoC5/isr_1.c **** *
 226:.\Generated_Source\PSoC5/isr_1.c **** * Parameters:
 227:.\Generated_Source\PSoC5/isr_1.c **** *   None
 228:.\Generated_Source\PSoC5/isr_1.c **** *
 229:.\Generated_Source\PSoC5/isr_1.c **** * Return:
 230:.\Generated_Source\PSoC5/isr_1.c **** *   Address of the ISR in the interrupt vector table.
 231:.\Generated_Source\PSoC5/isr_1.c **** *
 232:.\Generated_Source\PSoC5/isr_1.c **** *******************************************************************************/
 233:.\Generated_Source\PSoC5/isr_1.c **** cyisraddress isr_1_GetVector(void)
 234:.\Generated_Source\PSoC5/isr_1.c **** {
 221              		.loc 1 234 0
 222              		.cfi_startproc
ARM GAS  C:\Users\Schuyler\AppData\Local\Temp\ccqUQlh0.s 			page 9


 223              		@ args = 0, pretend = 0, frame = 8
 224              		@ frame_needed = 1, uses_anonymous_args = 0
 225              		@ link register save eliminated.
 226 0000 80B4     		push	{r7}
 227              		.cfi_def_cfa_offset 4
 228              		.cfi_offset 7, -4
 229 0002 83B0     		sub	sp, sp, #12
 230              		.cfi_def_cfa_offset 16
 231 0004 00AF     		add	r7, sp, #0
 232              		.cfi_def_cfa_register 7
 235:.\Generated_Source\PSoC5/isr_1.c ****     cyisraddress * ramVectorTable;
 236:.\Generated_Source\PSoC5/isr_1.c **** 
 237:.\Generated_Source\PSoC5/isr_1.c ****     ramVectorTable = (cyisraddress *) *CYINT_VECT_TABLE;
 233              		.loc 1 237 0
 234 0006 054B     		ldr	r3, .L14
 235 0008 1B68     		ldr	r3, [r3]
 236 000a 7B60     		str	r3, [r7, #4]
 238:.\Generated_Source\PSoC5/isr_1.c **** 
 239:.\Generated_Source\PSoC5/isr_1.c ****     return ramVectorTable[CYINT_IRQ_BASE + (uint32)isr_1__INTC_NUMBER];
 237              		.loc 1 239 0
 238 000c 7B68     		ldr	r3, [r7, #4]
 239 000e 1B6C     		ldr	r3, [r3, #64]
 240:.\Generated_Source\PSoC5/isr_1.c **** }
 240              		.loc 1 240 0
 241 0010 1846     		mov	r0, r3
 242 0012 0C37     		adds	r7, r7, #12
 243 0014 BD46     		mov	sp, r7
 244              		@ sp needed
 245 0016 5DF8047B 		ldr	r7, [sp], #4
 246 001a 7047     		bx	lr
 247              	.L15:
 248              		.align	2
 249              	.L14:
 250 001c 08ED00E0 		.word	-536810232
 251              		.cfi_endproc
 252              	.LFE5:
 253              		.size	isr_1_GetVector, .-isr_1_GetVector
 254              		.section	.text.isr_1_SetPriority,"ax",%progbits
 255              		.align	2
 256              		.global	isr_1_SetPriority
 257              		.thumb
 258              		.thumb_func
 259              		.type	isr_1_SetPriority, %function
 260              	isr_1_SetPriority:
 261              	.LFB6:
 241:.\Generated_Source\PSoC5/isr_1.c **** 
 242:.\Generated_Source\PSoC5/isr_1.c **** 
 243:.\Generated_Source\PSoC5/isr_1.c **** /*******************************************************************************
 244:.\Generated_Source\PSoC5/isr_1.c **** * Function Name: isr_1_SetPriority
 245:.\Generated_Source\PSoC5/isr_1.c **** ********************************************************************************
 246:.\Generated_Source\PSoC5/isr_1.c **** *
 247:.\Generated_Source\PSoC5/isr_1.c **** * Summary:
 248:.\Generated_Source\PSoC5/isr_1.c **** *   Sets the Priority of the Interrupt. 
 249:.\Generated_Source\PSoC5/isr_1.c **** *
 250:.\Generated_Source\PSoC5/isr_1.c **** *   Note calling isr_1_Start or isr_1_StartEx will 
 251:.\Generated_Source\PSoC5/isr_1.c **** *   override any effect this API would have had. This API should only be called
 252:.\Generated_Source\PSoC5/isr_1.c **** *   after isr_1_Start or isr_1_StartEx has been called. 
ARM GAS  C:\Users\Schuyler\AppData\Local\Temp\ccqUQlh0.s 			page 10


 253:.\Generated_Source\PSoC5/isr_1.c **** *   To set the initial priority for the component, use the Design-Wide Resources
 254:.\Generated_Source\PSoC5/isr_1.c **** *   Interrupt Editor.
 255:.\Generated_Source\PSoC5/isr_1.c **** *
 256:.\Generated_Source\PSoC5/isr_1.c **** *   Note This API has no effect on Non-maskable interrupt NMI).
 257:.\Generated_Source\PSoC5/isr_1.c **** *
 258:.\Generated_Source\PSoC5/isr_1.c **** * Parameters:
 259:.\Generated_Source\PSoC5/isr_1.c **** *   priority: Priority of the interrupt, 0 being the highest priority
 260:.\Generated_Source\PSoC5/isr_1.c **** *             PSoC 3 and PSoC 5LP: Priority is from 0 to 7.
 261:.\Generated_Source\PSoC5/isr_1.c **** *             PSoC 4: Priority is from 0 to 3.
 262:.\Generated_Source\PSoC5/isr_1.c **** *
 263:.\Generated_Source\PSoC5/isr_1.c **** * Return:
 264:.\Generated_Source\PSoC5/isr_1.c **** *   None
 265:.\Generated_Source\PSoC5/isr_1.c **** *
 266:.\Generated_Source\PSoC5/isr_1.c **** *******************************************************************************/
 267:.\Generated_Source\PSoC5/isr_1.c **** void isr_1_SetPriority(uint8 priority)
 268:.\Generated_Source\PSoC5/isr_1.c **** {
 262              		.loc 1 268 0
 263              		.cfi_startproc
 264              		@ args = 0, pretend = 0, frame = 8
 265              		@ frame_needed = 1, uses_anonymous_args = 0
 266              		@ link register save eliminated.
 267 0000 80B4     		push	{r7}
 268              		.cfi_def_cfa_offset 4
 269              		.cfi_offset 7, -4
 270 0002 83B0     		sub	sp, sp, #12
 271              		.cfi_def_cfa_offset 16
 272 0004 00AF     		add	r7, sp, #0
 273              		.cfi_def_cfa_register 7
 274 0006 0346     		mov	r3, r0
 275 0008 FB71     		strb	r3, [r7, #7]
 269:.\Generated_Source\PSoC5/isr_1.c ****     *isr_1_INTC_PRIOR = priority << 5;
 276              		.loc 1 269 0
 277 000a 054B     		ldr	r3, .L17
 278 000c FA79     		ldrb	r2, [r7, #7]
 279 000e 5201     		lsls	r2, r2, #5
 280 0010 D2B2     		uxtb	r2, r2
 281 0012 1A70     		strb	r2, [r3]
 270:.\Generated_Source\PSoC5/isr_1.c **** }
 282              		.loc 1 270 0
 283 0014 0C37     		adds	r7, r7, #12
 284 0016 BD46     		mov	sp, r7
 285              		@ sp needed
 286 0018 5DF8047B 		ldr	r7, [sp], #4
 287 001c 7047     		bx	lr
 288              	.L18:
 289 001e 00BF     		.align	2
 290              	.L17:
 291 0020 00E400E0 		.word	-536812544
 292              		.cfi_endproc
 293              	.LFE6:
 294              		.size	isr_1_SetPriority, .-isr_1_SetPriority
 295              		.section	.text.isr_1_GetPriority,"ax",%progbits
 296              		.align	2
 297              		.global	isr_1_GetPriority
 298              		.thumb
 299              		.thumb_func
 300              		.type	isr_1_GetPriority, %function
ARM GAS  C:\Users\Schuyler\AppData\Local\Temp\ccqUQlh0.s 			page 11


 301              	isr_1_GetPriority:
 302              	.LFB7:
 271:.\Generated_Source\PSoC5/isr_1.c **** 
 272:.\Generated_Source\PSoC5/isr_1.c **** 
 273:.\Generated_Source\PSoC5/isr_1.c **** /*******************************************************************************
 274:.\Generated_Source\PSoC5/isr_1.c **** * Function Name: isr_1_GetPriority
 275:.\Generated_Source\PSoC5/isr_1.c **** ********************************************************************************
 276:.\Generated_Source\PSoC5/isr_1.c **** *
 277:.\Generated_Source\PSoC5/isr_1.c **** * Summary:
 278:.\Generated_Source\PSoC5/isr_1.c **** *   Gets the Priority of the Interrupt.
 279:.\Generated_Source\PSoC5/isr_1.c **** *
 280:.\Generated_Source\PSoC5/isr_1.c **** * Parameters:
 281:.\Generated_Source\PSoC5/isr_1.c **** *   None
 282:.\Generated_Source\PSoC5/isr_1.c **** *
 283:.\Generated_Source\PSoC5/isr_1.c **** * Return:
 284:.\Generated_Source\PSoC5/isr_1.c **** *   Priority of the interrupt, 0 being the highest priority
 285:.\Generated_Source\PSoC5/isr_1.c **** *    PSoC 3 and PSoC 5LP: Priority is from 0 to 7.
 286:.\Generated_Source\PSoC5/isr_1.c **** *    PSoC 4: Priority is from 0 to 3.
 287:.\Generated_Source\PSoC5/isr_1.c **** *
 288:.\Generated_Source\PSoC5/isr_1.c **** *******************************************************************************/
 289:.\Generated_Source\PSoC5/isr_1.c **** uint8 isr_1_GetPriority(void)
 290:.\Generated_Source\PSoC5/isr_1.c **** {
 303              		.loc 1 290 0
 304              		.cfi_startproc
 305              		@ args = 0, pretend = 0, frame = 8
 306              		@ frame_needed = 1, uses_anonymous_args = 0
 307              		@ link register save eliminated.
 308 0000 80B4     		push	{r7}
 309              		.cfi_def_cfa_offset 4
 310              		.cfi_offset 7, -4
 311 0002 83B0     		sub	sp, sp, #12
 312              		.cfi_def_cfa_offset 16
 313 0004 00AF     		add	r7, sp, #0
 314              		.cfi_def_cfa_register 7
 291:.\Generated_Source\PSoC5/isr_1.c ****     uint8 priority;
 292:.\Generated_Source\PSoC5/isr_1.c **** 
 293:.\Generated_Source\PSoC5/isr_1.c **** 
 294:.\Generated_Source\PSoC5/isr_1.c ****     priority = *isr_1_INTC_PRIOR >> 5;
 315              		.loc 1 294 0
 316 0006 064B     		ldr	r3, .L21
 317 0008 1B78     		ldrb	r3, [r3]
 318 000a DBB2     		uxtb	r3, r3
 319 000c 5B09     		lsrs	r3, r3, #5
 320 000e FB71     		strb	r3, [r7, #7]
 295:.\Generated_Source\PSoC5/isr_1.c **** 
 296:.\Generated_Source\PSoC5/isr_1.c ****     return priority;
 321              		.loc 1 296 0
 322 0010 FB79     		ldrb	r3, [r7, #7]	@ zero_extendqisi2
 297:.\Generated_Source\PSoC5/isr_1.c **** }
 323              		.loc 1 297 0
 324 0012 1846     		mov	r0, r3
 325 0014 0C37     		adds	r7, r7, #12
 326 0016 BD46     		mov	sp, r7
 327              		@ sp needed
 328 0018 5DF8047B 		ldr	r7, [sp], #4
 329 001c 7047     		bx	lr
 330              	.L22:
ARM GAS  C:\Users\Schuyler\AppData\Local\Temp\ccqUQlh0.s 			page 12


 331 001e 00BF     		.align	2
 332              	.L21:
 333 0020 00E400E0 		.word	-536812544
 334              		.cfi_endproc
 335              	.LFE7:
 336              		.size	isr_1_GetPriority, .-isr_1_GetPriority
 337              		.section	.text.isr_1_Enable,"ax",%progbits
 338              		.align	2
 339              		.global	isr_1_Enable
 340              		.thumb
 341              		.thumb_func
 342              		.type	isr_1_Enable, %function
 343              	isr_1_Enable:
 344              	.LFB8:
 298:.\Generated_Source\PSoC5/isr_1.c **** 
 299:.\Generated_Source\PSoC5/isr_1.c **** 
 300:.\Generated_Source\PSoC5/isr_1.c **** /*******************************************************************************
 301:.\Generated_Source\PSoC5/isr_1.c **** * Function Name: isr_1_Enable
 302:.\Generated_Source\PSoC5/isr_1.c **** ********************************************************************************
 303:.\Generated_Source\PSoC5/isr_1.c **** *
 304:.\Generated_Source\PSoC5/isr_1.c **** * Summary:
 305:.\Generated_Source\PSoC5/isr_1.c **** *   Enables the interrupt to the interrupt controller. Do not call this function
 306:.\Generated_Source\PSoC5/isr_1.c **** *   unless ISR_Start() has been called or the functionality of the ISR_Start() 
 307:.\Generated_Source\PSoC5/isr_1.c **** *   function, which sets the vector and the priority, has been called.
 308:.\Generated_Source\PSoC5/isr_1.c **** *
 309:.\Generated_Source\PSoC5/isr_1.c **** * Parameters:
 310:.\Generated_Source\PSoC5/isr_1.c **** *   None
 311:.\Generated_Source\PSoC5/isr_1.c **** *
 312:.\Generated_Source\PSoC5/isr_1.c **** * Return:
 313:.\Generated_Source\PSoC5/isr_1.c **** *   None
 314:.\Generated_Source\PSoC5/isr_1.c **** *
 315:.\Generated_Source\PSoC5/isr_1.c **** *******************************************************************************/
 316:.\Generated_Source\PSoC5/isr_1.c **** void isr_1_Enable(void)
 317:.\Generated_Source\PSoC5/isr_1.c **** {
 345              		.loc 1 317 0
 346              		.cfi_startproc
 347              		@ args = 0, pretend = 0, frame = 0
 348              		@ frame_needed = 1, uses_anonymous_args = 0
 349              		@ link register save eliminated.
 350 0000 80B4     		push	{r7}
 351              		.cfi_def_cfa_offset 4
 352              		.cfi_offset 7, -4
 353 0002 00AF     		add	r7, sp, #0
 354              		.cfi_def_cfa_register 7
 318:.\Generated_Source\PSoC5/isr_1.c ****     /* Enable the general interrupt. */
 319:.\Generated_Source\PSoC5/isr_1.c ****     *isr_1_INTC_SET_EN = isr_1__INTC_MASK;
 355              		.loc 1 319 0
 356 0004 034B     		ldr	r3, .L24
 357 0006 0122     		movs	r2, #1
 358 0008 1A60     		str	r2, [r3]
 320:.\Generated_Source\PSoC5/isr_1.c **** }
 359              		.loc 1 320 0
 360 000a BD46     		mov	sp, r7
 361              		@ sp needed
 362 000c 5DF8047B 		ldr	r7, [sp], #4
 363 0010 7047     		bx	lr
 364              	.L25:
ARM GAS  C:\Users\Schuyler\AppData\Local\Temp\ccqUQlh0.s 			page 13


 365 0012 00BF     		.align	2
 366              	.L24:
 367 0014 00E100E0 		.word	-536813312
 368              		.cfi_endproc
 369              	.LFE8:
 370              		.size	isr_1_Enable, .-isr_1_Enable
 371              		.section	.text.isr_1_GetState,"ax",%progbits
 372              		.align	2
 373              		.global	isr_1_GetState
 374              		.thumb
 375              		.thumb_func
 376              		.type	isr_1_GetState, %function
 377              	isr_1_GetState:
 378              	.LFB9:
 321:.\Generated_Source\PSoC5/isr_1.c **** 
 322:.\Generated_Source\PSoC5/isr_1.c **** 
 323:.\Generated_Source\PSoC5/isr_1.c **** /*******************************************************************************
 324:.\Generated_Source\PSoC5/isr_1.c **** * Function Name: isr_1_GetState
 325:.\Generated_Source\PSoC5/isr_1.c **** ********************************************************************************
 326:.\Generated_Source\PSoC5/isr_1.c **** *
 327:.\Generated_Source\PSoC5/isr_1.c **** * Summary:
 328:.\Generated_Source\PSoC5/isr_1.c **** *   Gets the state (enabled, disabled) of the Interrupt.
 329:.\Generated_Source\PSoC5/isr_1.c **** *
 330:.\Generated_Source\PSoC5/isr_1.c **** * Parameters:
 331:.\Generated_Source\PSoC5/isr_1.c **** *   None
 332:.\Generated_Source\PSoC5/isr_1.c **** *
 333:.\Generated_Source\PSoC5/isr_1.c **** * Return:
 334:.\Generated_Source\PSoC5/isr_1.c **** *   1 if enabled, 0 if disabled.
 335:.\Generated_Source\PSoC5/isr_1.c **** *
 336:.\Generated_Source\PSoC5/isr_1.c **** *******************************************************************************/
 337:.\Generated_Source\PSoC5/isr_1.c **** uint8 isr_1_GetState(void)
 338:.\Generated_Source\PSoC5/isr_1.c **** {
 379              		.loc 1 338 0
 380              		.cfi_startproc
 381              		@ args = 0, pretend = 0, frame = 0
 382              		@ frame_needed = 1, uses_anonymous_args = 0
 383              		@ link register save eliminated.
 384 0000 80B4     		push	{r7}
 385              		.cfi_def_cfa_offset 4
 386              		.cfi_offset 7, -4
 387 0002 00AF     		add	r7, sp, #0
 388              		.cfi_def_cfa_register 7
 339:.\Generated_Source\PSoC5/isr_1.c ****     /* Get the state of the general interrupt. */
 340:.\Generated_Source\PSoC5/isr_1.c ****     return ((*isr_1_INTC_SET_EN & (uint32)isr_1__INTC_MASK) != 0u) ? 1u:0u;
 389              		.loc 1 340 0
 390 0004 054B     		ldr	r3, .L28
 391 0006 1B68     		ldr	r3, [r3]
 392 0008 DBB2     		uxtb	r3, r3
 393 000a 03F00103 		and	r3, r3, #1
 394 000e DBB2     		uxtb	r3, r3
 341:.\Generated_Source\PSoC5/isr_1.c **** }
 395              		.loc 1 341 0
 396 0010 1846     		mov	r0, r3
 397 0012 BD46     		mov	sp, r7
 398              		@ sp needed
 399 0014 5DF8047B 		ldr	r7, [sp], #4
 400 0018 7047     		bx	lr
ARM GAS  C:\Users\Schuyler\AppData\Local\Temp\ccqUQlh0.s 			page 14


 401              	.L29:
 402 001a 00BF     		.align	2
 403              	.L28:
 404 001c 00E100E0 		.word	-536813312
 405              		.cfi_endproc
 406              	.LFE9:
 407              		.size	isr_1_GetState, .-isr_1_GetState
 408              		.section	.text.isr_1_Disable,"ax",%progbits
 409              		.align	2
 410              		.global	isr_1_Disable
 411              		.thumb
 412              		.thumb_func
 413              		.type	isr_1_Disable, %function
 414              	isr_1_Disable:
 415              	.LFB10:
 342:.\Generated_Source\PSoC5/isr_1.c **** 
 343:.\Generated_Source\PSoC5/isr_1.c **** 
 344:.\Generated_Source\PSoC5/isr_1.c **** /*******************************************************************************
 345:.\Generated_Source\PSoC5/isr_1.c **** * Function Name: isr_1_Disable
 346:.\Generated_Source\PSoC5/isr_1.c **** ********************************************************************************
 347:.\Generated_Source\PSoC5/isr_1.c **** *
 348:.\Generated_Source\PSoC5/isr_1.c **** * Summary:
 349:.\Generated_Source\PSoC5/isr_1.c **** *   Disables the Interrupt in the interrupt controller.
 350:.\Generated_Source\PSoC5/isr_1.c **** *
 351:.\Generated_Source\PSoC5/isr_1.c **** * Parameters:
 352:.\Generated_Source\PSoC5/isr_1.c **** *   None
 353:.\Generated_Source\PSoC5/isr_1.c **** *
 354:.\Generated_Source\PSoC5/isr_1.c **** * Return:
 355:.\Generated_Source\PSoC5/isr_1.c **** *   None
 356:.\Generated_Source\PSoC5/isr_1.c **** *
 357:.\Generated_Source\PSoC5/isr_1.c **** *******************************************************************************/
 358:.\Generated_Source\PSoC5/isr_1.c **** void isr_1_Disable(void)
 359:.\Generated_Source\PSoC5/isr_1.c **** {
 416              		.loc 1 359 0
 417              		.cfi_startproc
 418              		@ args = 0, pretend = 0, frame = 0
 419              		@ frame_needed = 1, uses_anonymous_args = 0
 420              		@ link register save eliminated.
 421 0000 80B4     		push	{r7}
 422              		.cfi_def_cfa_offset 4
 423              		.cfi_offset 7, -4
 424 0002 00AF     		add	r7, sp, #0
 425              		.cfi_def_cfa_register 7
 360:.\Generated_Source\PSoC5/isr_1.c ****     /* Disable the general interrupt. */
 361:.\Generated_Source\PSoC5/isr_1.c ****     *isr_1_INTC_CLR_EN = isr_1__INTC_MASK;
 426              		.loc 1 361 0
 427 0004 034B     		ldr	r3, .L31
 428 0006 0122     		movs	r2, #1
 429 0008 1A60     		str	r2, [r3]
 362:.\Generated_Source\PSoC5/isr_1.c **** }
 430              		.loc 1 362 0
 431 000a BD46     		mov	sp, r7
 432              		@ sp needed
 433 000c 5DF8047B 		ldr	r7, [sp], #4
 434 0010 7047     		bx	lr
 435              	.L32:
 436 0012 00BF     		.align	2
ARM GAS  C:\Users\Schuyler\AppData\Local\Temp\ccqUQlh0.s 			page 15


 437              	.L31:
 438 0014 80E100E0 		.word	-536813184
 439              		.cfi_endproc
 440              	.LFE10:
 441              		.size	isr_1_Disable, .-isr_1_Disable
 442              		.section	.text.isr_1_SetPending,"ax",%progbits
 443              		.align	2
 444              		.global	isr_1_SetPending
 445              		.thumb
 446              		.thumb_func
 447              		.type	isr_1_SetPending, %function
 448              	isr_1_SetPending:
 449              	.LFB11:
 363:.\Generated_Source\PSoC5/isr_1.c **** 
 364:.\Generated_Source\PSoC5/isr_1.c **** 
 365:.\Generated_Source\PSoC5/isr_1.c **** /*******************************************************************************
 366:.\Generated_Source\PSoC5/isr_1.c **** * Function Name: isr_1_SetPending
 367:.\Generated_Source\PSoC5/isr_1.c **** ********************************************************************************
 368:.\Generated_Source\PSoC5/isr_1.c **** *
 369:.\Generated_Source\PSoC5/isr_1.c **** * Summary:
 370:.\Generated_Source\PSoC5/isr_1.c **** *   Causes the Interrupt to enter the pending state, a software method of
 371:.\Generated_Source\PSoC5/isr_1.c **** *   generating the interrupt.
 372:.\Generated_Source\PSoC5/isr_1.c **** *
 373:.\Generated_Source\PSoC5/isr_1.c **** * Parameters:
 374:.\Generated_Source\PSoC5/isr_1.c **** *   None
 375:.\Generated_Source\PSoC5/isr_1.c **** *
 376:.\Generated_Source\PSoC5/isr_1.c **** * Return:
 377:.\Generated_Source\PSoC5/isr_1.c **** *   None
 378:.\Generated_Source\PSoC5/isr_1.c **** *
 379:.\Generated_Source\PSoC5/isr_1.c **** * Side Effects:
 380:.\Generated_Source\PSoC5/isr_1.c **** *   If interrupts are enabled and the interrupt is set up properly, the ISR is
 381:.\Generated_Source\PSoC5/isr_1.c **** *   entered (depending on the priority of this interrupt and other pending 
 382:.\Generated_Source\PSoC5/isr_1.c **** *   interrupts).
 383:.\Generated_Source\PSoC5/isr_1.c **** *
 384:.\Generated_Source\PSoC5/isr_1.c **** *******************************************************************************/
 385:.\Generated_Source\PSoC5/isr_1.c **** void isr_1_SetPending(void)
 386:.\Generated_Source\PSoC5/isr_1.c **** {
 450              		.loc 1 386 0
 451              		.cfi_startproc
 452              		@ args = 0, pretend = 0, frame = 0
 453              		@ frame_needed = 1, uses_anonymous_args = 0
 454              		@ link register save eliminated.
 455 0000 80B4     		push	{r7}
 456              		.cfi_def_cfa_offset 4
 457              		.cfi_offset 7, -4
 458 0002 00AF     		add	r7, sp, #0
 459              		.cfi_def_cfa_register 7
 387:.\Generated_Source\PSoC5/isr_1.c ****     *isr_1_INTC_SET_PD = isr_1__INTC_MASK;
 460              		.loc 1 387 0
 461 0004 034B     		ldr	r3, .L34
 462 0006 0122     		movs	r2, #1
 463 0008 1A60     		str	r2, [r3]
 388:.\Generated_Source\PSoC5/isr_1.c **** }
 464              		.loc 1 388 0
 465 000a BD46     		mov	sp, r7
 466              		@ sp needed
 467 000c 5DF8047B 		ldr	r7, [sp], #4
ARM GAS  C:\Users\Schuyler\AppData\Local\Temp\ccqUQlh0.s 			page 16


 468 0010 7047     		bx	lr
 469              	.L35:
 470 0012 00BF     		.align	2
 471              	.L34:
 472 0014 00E200E0 		.word	-536813056
 473              		.cfi_endproc
 474              	.LFE11:
 475              		.size	isr_1_SetPending, .-isr_1_SetPending
 476              		.section	.text.isr_1_ClearPending,"ax",%progbits
 477              		.align	2
 478              		.global	isr_1_ClearPending
 479              		.thumb
 480              		.thumb_func
 481              		.type	isr_1_ClearPending, %function
 482              	isr_1_ClearPending:
 483              	.LFB12:
 389:.\Generated_Source\PSoC5/isr_1.c **** 
 390:.\Generated_Source\PSoC5/isr_1.c **** 
 391:.\Generated_Source\PSoC5/isr_1.c **** /*******************************************************************************
 392:.\Generated_Source\PSoC5/isr_1.c **** * Function Name: isr_1_ClearPending
 393:.\Generated_Source\PSoC5/isr_1.c **** ********************************************************************************
 394:.\Generated_Source\PSoC5/isr_1.c **** *
 395:.\Generated_Source\PSoC5/isr_1.c **** * Summary:
 396:.\Generated_Source\PSoC5/isr_1.c **** *   Clears a pending interrupt in the interrupt controller.
 397:.\Generated_Source\PSoC5/isr_1.c **** *
 398:.\Generated_Source\PSoC5/isr_1.c **** *   Note Some interrupt sources are clear-on-read and require the block 
 399:.\Generated_Source\PSoC5/isr_1.c **** *   interrupt/status register to be read/cleared with the appropriate block API 
 400:.\Generated_Source\PSoC5/isr_1.c **** *   (GPIO, UART, and so on). Otherwise the ISR will continue to remain in 
 401:.\Generated_Source\PSoC5/isr_1.c **** *   pending state even though the interrupt itself is cleared using this API.
 402:.\Generated_Source\PSoC5/isr_1.c **** *
 403:.\Generated_Source\PSoC5/isr_1.c **** * Parameters:
 404:.\Generated_Source\PSoC5/isr_1.c **** *   None
 405:.\Generated_Source\PSoC5/isr_1.c **** *
 406:.\Generated_Source\PSoC5/isr_1.c **** * Return:
 407:.\Generated_Source\PSoC5/isr_1.c **** *   None
 408:.\Generated_Source\PSoC5/isr_1.c **** *
 409:.\Generated_Source\PSoC5/isr_1.c **** *******************************************************************************/
 410:.\Generated_Source\PSoC5/isr_1.c **** void isr_1_ClearPending(void)
 411:.\Generated_Source\PSoC5/isr_1.c **** {
 484              		.loc 1 411 0
 485              		.cfi_startproc
 486              		@ args = 0, pretend = 0, frame = 0
 487              		@ frame_needed = 1, uses_anonymous_args = 0
 488              		@ link register save eliminated.
 489 0000 80B4     		push	{r7}
 490              		.cfi_def_cfa_offset 4
 491              		.cfi_offset 7, -4
 492 0002 00AF     		add	r7, sp, #0
 493              		.cfi_def_cfa_register 7
 412:.\Generated_Source\PSoC5/isr_1.c ****     *isr_1_INTC_CLR_PD = isr_1__INTC_MASK;
 494              		.loc 1 412 0
 495 0004 034B     		ldr	r3, .L37
 496 0006 0122     		movs	r2, #1
 497 0008 1A60     		str	r2, [r3]
 413:.\Generated_Source\PSoC5/isr_1.c **** }
 498              		.loc 1 413 0
 499 000a BD46     		mov	sp, r7
ARM GAS  C:\Users\Schuyler\AppData\Local\Temp\ccqUQlh0.s 			page 17


 500              		@ sp needed
 501 000c 5DF8047B 		ldr	r7, [sp], #4
 502 0010 7047     		bx	lr
 503              	.L38:
 504 0012 00BF     		.align	2
 505              	.L37:
 506 0014 80E200E0 		.word	-536812928
 507              		.cfi_endproc
 508              	.LFE12:
 509              		.size	isr_1_ClearPending, .-isr_1_ClearPending
 510              		.text
 511              	.Letext0:
 512              		.file 2 ".\\Generated_Source\\PSoC5/cytypes.h"
 513              		.section	.debug_info,"",%progbits
 514              	.Ldebug_info0:
 515 0000 34020000 		.4byte	0x234
 516 0004 0400     		.2byte	0x4
 517 0006 00000000 		.4byte	.Ldebug_abbrev0
 518 000a 04       		.byte	0x4
 519 000b 01       		.uleb128 0x1
 520 000c 37010000 		.4byte	.LASF33
 521 0010 01       		.byte	0x1
 522 0011 39000000 		.4byte	.LASF34
 523 0015 38020000 		.4byte	.LASF35
 524 0019 00000000 		.4byte	.Ldebug_ranges0+0
 525 001d 00000000 		.4byte	0
 526 0021 00000000 		.4byte	.Ldebug_line0
 527 0025 02       		.uleb128 0x2
 528 0026 04       		.byte	0x4
 529 0027 05       		.byte	0x5
 530 0028 696E7400 		.ascii	"int\000"
 531 002c 03       		.uleb128 0x3
 532 002d 04       		.byte	0x4
 533 002e 07       		.byte	0x7
 534 002f FE000000 		.4byte	.LASF0
 535 0033 03       		.uleb128 0x3
 536 0034 01       		.byte	0x1
 537 0035 06       		.byte	0x6
 538 0036 1E020000 		.4byte	.LASF1
 539 003a 03       		.uleb128 0x3
 540 003b 01       		.byte	0x1
 541 003c 08       		.byte	0x8
 542 003d AA000000 		.4byte	.LASF2
 543 0041 03       		.uleb128 0x3
 544 0042 02       		.byte	0x2
 545 0043 05       		.byte	0x5
 546 0044 EB010000 		.4byte	.LASF3
 547 0048 03       		.uleb128 0x3
 548 0049 02       		.byte	0x2
 549 004a 07       		.byte	0x7
 550 004b 7F000000 		.4byte	.LASF4
 551 004f 03       		.uleb128 0x3
 552 0050 04       		.byte	0x4
 553 0051 05       		.byte	0x5
 554 0052 15020000 		.4byte	.LASF5
 555 0056 03       		.uleb128 0x3
 556 0057 04       		.byte	0x4
ARM GAS  C:\Users\Schuyler\AppData\Local\Temp\ccqUQlh0.s 			page 18


 557 0058 07       		.byte	0x7
 558 0059 BD000000 		.4byte	.LASF6
 559 005d 03       		.uleb128 0x3
 560 005e 08       		.byte	0x8
 561 005f 05       		.byte	0x5
 562 0060 BC010000 		.4byte	.LASF7
 563 0064 03       		.uleb128 0x3
 564 0065 08       		.byte	0x8
 565 0066 07       		.byte	0x7
 566 0067 13010000 		.4byte	.LASF8
 567 006b 03       		.uleb128 0x3
 568 006c 04       		.byte	0x4
 569 006d 07       		.byte	0x7
 570 006e B3010000 		.4byte	.LASF9
 571 0072 04       		.uleb128 0x4
 572 0073 04       		.byte	0x4
 573 0074 78000000 		.4byte	0x78
 574 0078 05       		.uleb128 0x5
 575 0079 03       		.uleb128 0x3
 576 007a 01       		.byte	0x1
 577 007b 08       		.byte	0x8
 578 007c D7010000 		.4byte	.LASF10
 579 0080 06       		.uleb128 0x6
 580 0081 CF000000 		.4byte	.LASF11
 581 0085 02       		.byte	0x2
 582 0086 A1       		.byte	0xa1
 583 0087 3A000000 		.4byte	0x3a
 584 008b 06       		.uleb128 0x6
 585 008c F7000000 		.4byte	.LASF12
 586 0090 02       		.byte	0x2
 587 0091 A3       		.byte	0xa3
 588 0092 56000000 		.4byte	0x56
 589 0096 03       		.uleb128 0x3
 590 0097 04       		.byte	0x4
 591 0098 04       		.byte	0x4
 592 0099 A4000000 		.4byte	.LASF13
 593 009d 03       		.uleb128 0x3
 594 009e 08       		.byte	0x8
 595 009f 04       		.byte	0x4
 596 00a0 DE000000 		.4byte	.LASF14
 597 00a4 07       		.uleb128 0x7
 598 00a5 B8000000 		.4byte	.LASF15
 599 00a9 02       		.byte	0x2
 600 00aa 4B01     		.2byte	0x14b
 601 00ac B0000000 		.4byte	0xb0
 602 00b0 08       		.uleb128 0x8
 603 00b1 80000000 		.4byte	0x80
 604 00b5 07       		.uleb128 0x7
 605 00b6 13000000 		.4byte	.LASF16
 606 00ba 02       		.byte	0x2
 607 00bb 4D01     		.2byte	0x14d
 608 00bd C1000000 		.4byte	0xc1
 609 00c1 08       		.uleb128 0x8
 610 00c2 8B000000 		.4byte	0x8b
 611 00c6 07       		.uleb128 0x7
 612 00c7 2A010000 		.4byte	.LASF17
 613 00cb 02       		.byte	0x2
ARM GAS  C:\Users\Schuyler\AppData\Local\Temp\ccqUQlh0.s 			page 19


 614 00cc 5D01     		.2byte	0x15d
 615 00ce 72000000 		.4byte	0x72
 616 00d2 09       		.uleb128 0x9
 617 00d3 73000000 		.4byte	.LASF18
 618 00d7 01       		.byte	0x1
 619 00d8 3E       		.byte	0x3e
 620 00d9 00000000 		.4byte	.LFB0
 621 00dd 20000000 		.4byte	.LFE0-.LFB0
 622 00e1 01       		.uleb128 0x1
 623 00e2 9C       		.byte	0x9c
 624 00e3 0A       		.uleb128 0xa
 625 00e4 2A020000 		.4byte	.LASF21
 626 00e8 01       		.byte	0x1
 627 00e9 69       		.byte	0x69
 628 00ea 00000000 		.4byte	.LFB1
 629 00ee 22000000 		.4byte	.LFE1-.LFB1
 630 00f2 01       		.uleb128 0x1
 631 00f3 9C       		.byte	0x9c
 632 00f4 07010000 		.4byte	0x107
 633 00f8 0B       		.uleb128 0xb
 634 00f9 0B010000 		.4byte	.LASF23
 635 00fd 01       		.byte	0x1
 636 00fe 69       		.byte	0x69
 637 00ff C6000000 		.4byte	0xc6
 638 0103 02       		.uleb128 0x2
 639 0104 91       		.byte	0x91
 640 0105 74       		.sleb128 -12
 641 0106 00       		.byte	0
 642 0107 09       		.uleb128 0x9
 643 0108 68000000 		.4byte	.LASF19
 644 010c 01       		.byte	0x1
 645 010d 87       		.byte	0x87
 646 010e 00000000 		.4byte	.LFB2
 647 0112 14000000 		.4byte	.LFE2-.LFB2
 648 0116 01       		.uleb128 0x1
 649 0117 9C       		.byte	0x9c
 650 0118 09       		.uleb128 0x9
 651 0119 05020000 		.4byte	.LASF20
 652 011d 01       		.byte	0x1
 653 011e A1       		.byte	0xa1
 654 011f 00000000 		.4byte	.LFB3
 655 0123 2E000000 		.4byte	.LFE3-.LFB3
 656 0127 01       		.uleb128 0x1
 657 0128 9C       		.byte	0x9c
 658 0129 0C       		.uleb128 0xc
 659 012a 87020000 		.4byte	.LASF22
 660 012e 01       		.byte	0x1
 661 012f D1       		.byte	0xd1
 662 0130 00000000 		.4byte	.LFB4
 663 0134 24000000 		.4byte	.LFE4-.LFB4
 664 0138 01       		.uleb128 0x1
 665 0139 9C       		.byte	0x9c
 666 013a 5B010000 		.4byte	0x15b
 667 013e 0B       		.uleb128 0xb
 668 013f 0B010000 		.4byte	.LASF23
 669 0143 01       		.byte	0x1
 670 0144 D1       		.byte	0xd1
ARM GAS  C:\Users\Schuyler\AppData\Local\Temp\ccqUQlh0.s 			page 20


 671 0145 C6000000 		.4byte	0xc6
 672 0149 02       		.uleb128 0x2
 673 014a 91       		.byte	0x91
 674 014b 6C       		.sleb128 -20
 675 014c 0D       		.uleb128 0xd
 676 014d DC010000 		.4byte	.LASF24
 677 0151 01       		.byte	0x1
 678 0152 D3       		.byte	0xd3
 679 0153 5B010000 		.4byte	0x15b
 680 0157 02       		.uleb128 0x2
 681 0158 91       		.byte	0x91
 682 0159 74       		.sleb128 -12
 683 015a 00       		.byte	0
 684 015b 04       		.uleb128 0x4
 685 015c 04       		.byte	0x4
 686 015d C6000000 		.4byte	0xc6
 687 0161 0E       		.uleb128 0xe
 688 0162 F5010000 		.4byte	.LASF27
 689 0166 01       		.byte	0x1
 690 0167 E9       		.byte	0xe9
 691 0168 C6000000 		.4byte	0xc6
 692 016c 00000000 		.4byte	.LFB5
 693 0170 20000000 		.4byte	.LFE5-.LFB5
 694 0174 01       		.uleb128 0x1
 695 0175 9C       		.byte	0x9c
 696 0176 89010000 		.4byte	0x189
 697 017a 0D       		.uleb128 0xd
 698 017b DC010000 		.4byte	.LASF24
 699 017f 01       		.byte	0x1
 700 0180 EB       		.byte	0xeb
 701 0181 5B010000 		.4byte	0x15b
 702 0185 02       		.uleb128 0x2
 703 0186 91       		.byte	0x91
 704 0187 74       		.sleb128 -12
 705 0188 00       		.byte	0
 706 0189 0F       		.uleb128 0xf
 707 018a E5000000 		.4byte	.LASF25
 708 018e 01       		.byte	0x1
 709 018f 0B01     		.2byte	0x10b
 710 0191 00000000 		.4byte	.LFB6
 711 0195 24000000 		.4byte	.LFE6-.LFB6
 712 0199 01       		.uleb128 0x1
 713 019a 9C       		.byte	0x9c
 714 019b AF010000 		.4byte	0x1af
 715 019f 10       		.uleb128 0x10
 716 01a0 D5000000 		.4byte	.LASF26
 717 01a4 01       		.byte	0x1
 718 01a5 0B01     		.2byte	0x10b
 719 01a7 80000000 		.4byte	0x80
 720 01ab 02       		.uleb128 0x2
 721 01ac 91       		.byte	0x91
 722 01ad 77       		.sleb128 -9
 723 01ae 00       		.byte	0
 724 01af 11       		.uleb128 0x11
 725 01b0 92000000 		.4byte	.LASF28
 726 01b4 01       		.byte	0x1
 727 01b5 2101     		.2byte	0x121
ARM GAS  C:\Users\Schuyler\AppData\Local\Temp\ccqUQlh0.s 			page 21


 728 01b7 80000000 		.4byte	0x80
 729 01bb 00000000 		.4byte	.LFB7
 730 01bf 24000000 		.4byte	.LFE7-.LFB7
 731 01c3 01       		.uleb128 0x1
 732 01c4 9C       		.byte	0x9c
 733 01c5 D9010000 		.4byte	0x1d9
 734 01c9 12       		.uleb128 0x12
 735 01ca D5000000 		.4byte	.LASF26
 736 01ce 01       		.byte	0x1
 737 01cf 2301     		.2byte	0x123
 738 01d1 80000000 		.4byte	0x80
 739 01d5 02       		.uleb128 0x2
 740 01d6 91       		.byte	0x91
 741 01d7 77       		.sleb128 -9
 742 01d8 00       		.byte	0
 743 01d9 13       		.uleb128 0x13
 744 01da CA010000 		.4byte	.LASF29
 745 01de 01       		.byte	0x1
 746 01df 3C01     		.2byte	0x13c
 747 01e1 00000000 		.4byte	.LFB8
 748 01e5 18000000 		.4byte	.LFE8-.LFB8
 749 01e9 01       		.uleb128 0x1
 750 01ea 9C       		.byte	0x9c
 751 01eb 14       		.uleb128 0x14
 752 01ec 2A000000 		.4byte	.LASF36
 753 01f0 01       		.byte	0x1
 754 01f1 5101     		.2byte	0x151
 755 01f3 80000000 		.4byte	0x80
 756 01f7 00000000 		.4byte	.LFB9
 757 01fb 20000000 		.4byte	.LFE9-.LFB9
 758 01ff 01       		.uleb128 0x1
 759 0200 9C       		.byte	0x9c
 760 0201 13       		.uleb128 0x13
 761 0202 5A000000 		.4byte	.LASF30
 762 0206 01       		.byte	0x1
 763 0207 6601     		.2byte	0x166
 764 0209 00000000 		.4byte	.LFB10
 765 020d 18000000 		.4byte	.LFE10-.LFB10
 766 0211 01       		.uleb128 0x1
 767 0212 9C       		.byte	0x9c
 768 0213 13       		.uleb128 0x13
 769 0214 19000000 		.4byte	.LASF31
 770 0218 01       		.byte	0x1
 771 0219 8101     		.2byte	0x181
 772 021b 00000000 		.4byte	.LFB11
 773 021f 18000000 		.4byte	.LFE11-.LFB11
 774 0223 01       		.uleb128 0x1
 775 0224 9C       		.byte	0x9c
 776 0225 13       		.uleb128 0x13
 777 0226 00000000 		.4byte	.LASF32
 778 022a 01       		.byte	0x1
 779 022b 9A01     		.2byte	0x19a
 780 022d 00000000 		.4byte	.LFB12
 781 0231 18000000 		.4byte	.LFE12-.LFB12
 782 0235 01       		.uleb128 0x1
 783 0236 9C       		.byte	0x9c
 784 0237 00       		.byte	0
ARM GAS  C:\Users\Schuyler\AppData\Local\Temp\ccqUQlh0.s 			page 22


 785              		.section	.debug_abbrev,"",%progbits
 786              	.Ldebug_abbrev0:
 787 0000 01       		.uleb128 0x1
 788 0001 11       		.uleb128 0x11
 789 0002 01       		.byte	0x1
 790 0003 25       		.uleb128 0x25
 791 0004 0E       		.uleb128 0xe
 792 0005 13       		.uleb128 0x13
 793 0006 0B       		.uleb128 0xb
 794 0007 03       		.uleb128 0x3
 795 0008 0E       		.uleb128 0xe
 796 0009 1B       		.uleb128 0x1b
 797 000a 0E       		.uleb128 0xe
 798 000b 55       		.uleb128 0x55
 799 000c 17       		.uleb128 0x17
 800 000d 11       		.uleb128 0x11
 801 000e 01       		.uleb128 0x1
 802 000f 10       		.uleb128 0x10
 803 0010 17       		.uleb128 0x17
 804 0011 00       		.byte	0
 805 0012 00       		.byte	0
 806 0013 02       		.uleb128 0x2
 807 0014 24       		.uleb128 0x24
 808 0015 00       		.byte	0
 809 0016 0B       		.uleb128 0xb
 810 0017 0B       		.uleb128 0xb
 811 0018 3E       		.uleb128 0x3e
 812 0019 0B       		.uleb128 0xb
 813 001a 03       		.uleb128 0x3
 814 001b 08       		.uleb128 0x8
 815 001c 00       		.byte	0
 816 001d 00       		.byte	0
 817 001e 03       		.uleb128 0x3
 818 001f 24       		.uleb128 0x24
 819 0020 00       		.byte	0
 820 0021 0B       		.uleb128 0xb
 821 0022 0B       		.uleb128 0xb
 822 0023 3E       		.uleb128 0x3e
 823 0024 0B       		.uleb128 0xb
 824 0025 03       		.uleb128 0x3
 825 0026 0E       		.uleb128 0xe
 826 0027 00       		.byte	0
 827 0028 00       		.byte	0
 828 0029 04       		.uleb128 0x4
 829 002a 0F       		.uleb128 0xf
 830 002b 00       		.byte	0
 831 002c 0B       		.uleb128 0xb
 832 002d 0B       		.uleb128 0xb
 833 002e 49       		.uleb128 0x49
 834 002f 13       		.uleb128 0x13
 835 0030 00       		.byte	0
 836 0031 00       		.byte	0
 837 0032 05       		.uleb128 0x5
 838 0033 15       		.uleb128 0x15
 839 0034 00       		.byte	0
 840 0035 27       		.uleb128 0x27
 841 0036 19       		.uleb128 0x19
ARM GAS  C:\Users\Schuyler\AppData\Local\Temp\ccqUQlh0.s 			page 23


 842 0037 00       		.byte	0
 843 0038 00       		.byte	0
 844 0039 06       		.uleb128 0x6
 845 003a 16       		.uleb128 0x16
 846 003b 00       		.byte	0
 847 003c 03       		.uleb128 0x3
 848 003d 0E       		.uleb128 0xe
 849 003e 3A       		.uleb128 0x3a
 850 003f 0B       		.uleb128 0xb
 851 0040 3B       		.uleb128 0x3b
 852 0041 0B       		.uleb128 0xb
 853 0042 49       		.uleb128 0x49
 854 0043 13       		.uleb128 0x13
 855 0044 00       		.byte	0
 856 0045 00       		.byte	0
 857 0046 07       		.uleb128 0x7
 858 0047 16       		.uleb128 0x16
 859 0048 00       		.byte	0
 860 0049 03       		.uleb128 0x3
 861 004a 0E       		.uleb128 0xe
 862 004b 3A       		.uleb128 0x3a
 863 004c 0B       		.uleb128 0xb
 864 004d 3B       		.uleb128 0x3b
 865 004e 05       		.uleb128 0x5
 866 004f 49       		.uleb128 0x49
 867 0050 13       		.uleb128 0x13
 868 0051 00       		.byte	0
 869 0052 00       		.byte	0
 870 0053 08       		.uleb128 0x8
 871 0054 35       		.uleb128 0x35
 872 0055 00       		.byte	0
 873 0056 49       		.uleb128 0x49
 874 0057 13       		.uleb128 0x13
 875 0058 00       		.byte	0
 876 0059 00       		.byte	0
 877 005a 09       		.uleb128 0x9
 878 005b 2E       		.uleb128 0x2e
 879 005c 00       		.byte	0
 880 005d 3F       		.uleb128 0x3f
 881 005e 19       		.uleb128 0x19
 882 005f 03       		.uleb128 0x3
 883 0060 0E       		.uleb128 0xe
 884 0061 3A       		.uleb128 0x3a
 885 0062 0B       		.uleb128 0xb
 886 0063 3B       		.uleb128 0x3b
 887 0064 0B       		.uleb128 0xb
 888 0065 27       		.uleb128 0x27
 889 0066 19       		.uleb128 0x19
 890 0067 11       		.uleb128 0x11
 891 0068 01       		.uleb128 0x1
 892 0069 12       		.uleb128 0x12
 893 006a 06       		.uleb128 0x6
 894 006b 40       		.uleb128 0x40
 895 006c 18       		.uleb128 0x18
 896 006d 9642     		.uleb128 0x2116
 897 006f 19       		.uleb128 0x19
 898 0070 00       		.byte	0
ARM GAS  C:\Users\Schuyler\AppData\Local\Temp\ccqUQlh0.s 			page 24


 899 0071 00       		.byte	0
 900 0072 0A       		.uleb128 0xa
 901 0073 2E       		.uleb128 0x2e
 902 0074 01       		.byte	0x1
 903 0075 3F       		.uleb128 0x3f
 904 0076 19       		.uleb128 0x19
 905 0077 03       		.uleb128 0x3
 906 0078 0E       		.uleb128 0xe
 907 0079 3A       		.uleb128 0x3a
 908 007a 0B       		.uleb128 0xb
 909 007b 3B       		.uleb128 0x3b
 910 007c 0B       		.uleb128 0xb
 911 007d 27       		.uleb128 0x27
 912 007e 19       		.uleb128 0x19
 913 007f 11       		.uleb128 0x11
 914 0080 01       		.uleb128 0x1
 915 0081 12       		.uleb128 0x12
 916 0082 06       		.uleb128 0x6
 917 0083 40       		.uleb128 0x40
 918 0084 18       		.uleb128 0x18
 919 0085 9642     		.uleb128 0x2116
 920 0087 19       		.uleb128 0x19
 921 0088 01       		.uleb128 0x1
 922 0089 13       		.uleb128 0x13
 923 008a 00       		.byte	0
 924 008b 00       		.byte	0
 925 008c 0B       		.uleb128 0xb
 926 008d 05       		.uleb128 0x5
 927 008e 00       		.byte	0
 928 008f 03       		.uleb128 0x3
 929 0090 0E       		.uleb128 0xe
 930 0091 3A       		.uleb128 0x3a
 931 0092 0B       		.uleb128 0xb
 932 0093 3B       		.uleb128 0x3b
 933 0094 0B       		.uleb128 0xb
 934 0095 49       		.uleb128 0x49
 935 0096 13       		.uleb128 0x13
 936 0097 02       		.uleb128 0x2
 937 0098 18       		.uleb128 0x18
 938 0099 00       		.byte	0
 939 009a 00       		.byte	0
 940 009b 0C       		.uleb128 0xc
 941 009c 2E       		.uleb128 0x2e
 942 009d 01       		.byte	0x1
 943 009e 3F       		.uleb128 0x3f
 944 009f 19       		.uleb128 0x19
 945 00a0 03       		.uleb128 0x3
 946 00a1 0E       		.uleb128 0xe
 947 00a2 3A       		.uleb128 0x3a
 948 00a3 0B       		.uleb128 0xb
 949 00a4 3B       		.uleb128 0x3b
 950 00a5 0B       		.uleb128 0xb
 951 00a6 27       		.uleb128 0x27
 952 00a7 19       		.uleb128 0x19
 953 00a8 11       		.uleb128 0x11
 954 00a9 01       		.uleb128 0x1
 955 00aa 12       		.uleb128 0x12
ARM GAS  C:\Users\Schuyler\AppData\Local\Temp\ccqUQlh0.s 			page 25


 956 00ab 06       		.uleb128 0x6
 957 00ac 40       		.uleb128 0x40
 958 00ad 18       		.uleb128 0x18
 959 00ae 9742     		.uleb128 0x2117
 960 00b0 19       		.uleb128 0x19
 961 00b1 01       		.uleb128 0x1
 962 00b2 13       		.uleb128 0x13
 963 00b3 00       		.byte	0
 964 00b4 00       		.byte	0
 965 00b5 0D       		.uleb128 0xd
 966 00b6 34       		.uleb128 0x34
 967 00b7 00       		.byte	0
 968 00b8 03       		.uleb128 0x3
 969 00b9 0E       		.uleb128 0xe
 970 00ba 3A       		.uleb128 0x3a
 971 00bb 0B       		.uleb128 0xb
 972 00bc 3B       		.uleb128 0x3b
 973 00bd 0B       		.uleb128 0xb
 974 00be 49       		.uleb128 0x49
 975 00bf 13       		.uleb128 0x13
 976 00c0 02       		.uleb128 0x2
 977 00c1 18       		.uleb128 0x18
 978 00c2 00       		.byte	0
 979 00c3 00       		.byte	0
 980 00c4 0E       		.uleb128 0xe
 981 00c5 2E       		.uleb128 0x2e
 982 00c6 01       		.byte	0x1
 983 00c7 3F       		.uleb128 0x3f
 984 00c8 19       		.uleb128 0x19
 985 00c9 03       		.uleb128 0x3
 986 00ca 0E       		.uleb128 0xe
 987 00cb 3A       		.uleb128 0x3a
 988 00cc 0B       		.uleb128 0xb
 989 00cd 3B       		.uleb128 0x3b
 990 00ce 0B       		.uleb128 0xb
 991 00cf 27       		.uleb128 0x27
 992 00d0 19       		.uleb128 0x19
 993 00d1 49       		.uleb128 0x49
 994 00d2 13       		.uleb128 0x13
 995 00d3 11       		.uleb128 0x11
 996 00d4 01       		.uleb128 0x1
 997 00d5 12       		.uleb128 0x12
 998 00d6 06       		.uleb128 0x6
 999 00d7 40       		.uleb128 0x40
 1000 00d8 18       		.uleb128 0x18
 1001 00d9 9742     		.uleb128 0x2117
 1002 00db 19       		.uleb128 0x19
 1003 00dc 01       		.uleb128 0x1
 1004 00dd 13       		.uleb128 0x13
 1005 00de 00       		.byte	0
 1006 00df 00       		.byte	0
 1007 00e0 0F       		.uleb128 0xf
 1008 00e1 2E       		.uleb128 0x2e
 1009 00e2 01       		.byte	0x1
 1010 00e3 3F       		.uleb128 0x3f
 1011 00e4 19       		.uleb128 0x19
 1012 00e5 03       		.uleb128 0x3
ARM GAS  C:\Users\Schuyler\AppData\Local\Temp\ccqUQlh0.s 			page 26


 1013 00e6 0E       		.uleb128 0xe
 1014 00e7 3A       		.uleb128 0x3a
 1015 00e8 0B       		.uleb128 0xb
 1016 00e9 3B       		.uleb128 0x3b
 1017 00ea 05       		.uleb128 0x5
 1018 00eb 27       		.uleb128 0x27
 1019 00ec 19       		.uleb128 0x19
 1020 00ed 11       		.uleb128 0x11
 1021 00ee 01       		.uleb128 0x1
 1022 00ef 12       		.uleb128 0x12
 1023 00f0 06       		.uleb128 0x6
 1024 00f1 40       		.uleb128 0x40
 1025 00f2 18       		.uleb128 0x18
 1026 00f3 9742     		.uleb128 0x2117
 1027 00f5 19       		.uleb128 0x19
 1028 00f6 01       		.uleb128 0x1
 1029 00f7 13       		.uleb128 0x13
 1030 00f8 00       		.byte	0
 1031 00f9 00       		.byte	0
 1032 00fa 10       		.uleb128 0x10
 1033 00fb 05       		.uleb128 0x5
 1034 00fc 00       		.byte	0
 1035 00fd 03       		.uleb128 0x3
 1036 00fe 0E       		.uleb128 0xe
 1037 00ff 3A       		.uleb128 0x3a
 1038 0100 0B       		.uleb128 0xb
 1039 0101 3B       		.uleb128 0x3b
 1040 0102 05       		.uleb128 0x5
 1041 0103 49       		.uleb128 0x49
 1042 0104 13       		.uleb128 0x13
 1043 0105 02       		.uleb128 0x2
 1044 0106 18       		.uleb128 0x18
 1045 0107 00       		.byte	0
 1046 0108 00       		.byte	0
 1047 0109 11       		.uleb128 0x11
 1048 010a 2E       		.uleb128 0x2e
 1049 010b 01       		.byte	0x1
 1050 010c 3F       		.uleb128 0x3f
 1051 010d 19       		.uleb128 0x19
 1052 010e 03       		.uleb128 0x3
 1053 010f 0E       		.uleb128 0xe
 1054 0110 3A       		.uleb128 0x3a
 1055 0111 0B       		.uleb128 0xb
 1056 0112 3B       		.uleb128 0x3b
 1057 0113 05       		.uleb128 0x5
 1058 0114 27       		.uleb128 0x27
 1059 0115 19       		.uleb128 0x19
 1060 0116 49       		.uleb128 0x49
 1061 0117 13       		.uleb128 0x13
 1062 0118 11       		.uleb128 0x11
 1063 0119 01       		.uleb128 0x1
 1064 011a 12       		.uleb128 0x12
 1065 011b 06       		.uleb128 0x6
 1066 011c 40       		.uleb128 0x40
 1067 011d 18       		.uleb128 0x18
 1068 011e 9742     		.uleb128 0x2117
 1069 0120 19       		.uleb128 0x19
ARM GAS  C:\Users\Schuyler\AppData\Local\Temp\ccqUQlh0.s 			page 27


 1070 0121 01       		.uleb128 0x1
 1071 0122 13       		.uleb128 0x13
 1072 0123 00       		.byte	0
 1073 0124 00       		.byte	0
 1074 0125 12       		.uleb128 0x12
 1075 0126 34       		.uleb128 0x34
 1076 0127 00       		.byte	0
 1077 0128 03       		.uleb128 0x3
 1078 0129 0E       		.uleb128 0xe
 1079 012a 3A       		.uleb128 0x3a
 1080 012b 0B       		.uleb128 0xb
 1081 012c 3B       		.uleb128 0x3b
 1082 012d 05       		.uleb128 0x5
 1083 012e 49       		.uleb128 0x49
 1084 012f 13       		.uleb128 0x13
 1085 0130 02       		.uleb128 0x2
 1086 0131 18       		.uleb128 0x18
 1087 0132 00       		.byte	0
 1088 0133 00       		.byte	0
 1089 0134 13       		.uleb128 0x13
 1090 0135 2E       		.uleb128 0x2e
 1091 0136 00       		.byte	0
 1092 0137 3F       		.uleb128 0x3f
 1093 0138 19       		.uleb128 0x19
 1094 0139 03       		.uleb128 0x3
 1095 013a 0E       		.uleb128 0xe
 1096 013b 3A       		.uleb128 0x3a
 1097 013c 0B       		.uleb128 0xb
 1098 013d 3B       		.uleb128 0x3b
 1099 013e 05       		.uleb128 0x5
 1100 013f 27       		.uleb128 0x27
 1101 0140 19       		.uleb128 0x19
 1102 0141 11       		.uleb128 0x11
 1103 0142 01       		.uleb128 0x1
 1104 0143 12       		.uleb128 0x12
 1105 0144 06       		.uleb128 0x6
 1106 0145 40       		.uleb128 0x40
 1107 0146 18       		.uleb128 0x18
 1108 0147 9742     		.uleb128 0x2117
 1109 0149 19       		.uleb128 0x19
 1110 014a 00       		.byte	0
 1111 014b 00       		.byte	0
 1112 014c 14       		.uleb128 0x14
 1113 014d 2E       		.uleb128 0x2e
 1114 014e 00       		.byte	0
 1115 014f 3F       		.uleb128 0x3f
 1116 0150 19       		.uleb128 0x19
 1117 0151 03       		.uleb128 0x3
 1118 0152 0E       		.uleb128 0xe
 1119 0153 3A       		.uleb128 0x3a
 1120 0154 0B       		.uleb128 0xb
 1121 0155 3B       		.uleb128 0x3b
 1122 0156 05       		.uleb128 0x5
 1123 0157 27       		.uleb128 0x27
 1124 0158 19       		.uleb128 0x19
 1125 0159 49       		.uleb128 0x49
 1126 015a 13       		.uleb128 0x13
ARM GAS  C:\Users\Schuyler\AppData\Local\Temp\ccqUQlh0.s 			page 28


 1127 015b 11       		.uleb128 0x11
 1128 015c 01       		.uleb128 0x1
 1129 015d 12       		.uleb128 0x12
 1130 015e 06       		.uleb128 0x6
 1131 015f 40       		.uleb128 0x40
 1132 0160 18       		.uleb128 0x18
 1133 0161 9742     		.uleb128 0x2117
 1134 0163 19       		.uleb128 0x19
 1135 0164 00       		.byte	0
 1136 0165 00       		.byte	0
 1137 0166 00       		.byte	0
 1138              		.section	.debug_aranges,"",%progbits
 1139 0000 7C000000 		.4byte	0x7c
 1140 0004 0200     		.2byte	0x2
 1141 0006 00000000 		.4byte	.Ldebug_info0
 1142 000a 04       		.byte	0x4
 1143 000b 00       		.byte	0
 1144 000c 0000     		.2byte	0
 1145 000e 0000     		.2byte	0
 1146 0010 00000000 		.4byte	.LFB0
 1147 0014 20000000 		.4byte	.LFE0-.LFB0
 1148 0018 00000000 		.4byte	.LFB1
 1149 001c 22000000 		.4byte	.LFE1-.LFB1
 1150 0020 00000000 		.4byte	.LFB2
 1151 0024 14000000 		.4byte	.LFE2-.LFB2
 1152 0028 00000000 		.4byte	.LFB3
 1153 002c 2E000000 		.4byte	.LFE3-.LFB3
 1154 0030 00000000 		.4byte	.LFB4
 1155 0034 24000000 		.4byte	.LFE4-.LFB4
 1156 0038 00000000 		.4byte	.LFB5
 1157 003c 20000000 		.4byte	.LFE5-.LFB5
 1158 0040 00000000 		.4byte	.LFB6
 1159 0044 24000000 		.4byte	.LFE6-.LFB6
 1160 0048 00000000 		.4byte	.LFB7
 1161 004c 24000000 		.4byte	.LFE7-.LFB7
 1162 0050 00000000 		.4byte	.LFB8
 1163 0054 18000000 		.4byte	.LFE8-.LFB8
 1164 0058 00000000 		.4byte	.LFB9
 1165 005c 20000000 		.4byte	.LFE9-.LFB9
 1166 0060 00000000 		.4byte	.LFB10
 1167 0064 18000000 		.4byte	.LFE10-.LFB10
 1168 0068 00000000 		.4byte	.LFB11
 1169 006c 18000000 		.4byte	.LFE11-.LFB11
 1170 0070 00000000 		.4byte	.LFB12
 1171 0074 18000000 		.4byte	.LFE12-.LFB12
 1172 0078 00000000 		.4byte	0
 1173 007c 00000000 		.4byte	0
 1174              		.section	.debug_ranges,"",%progbits
 1175              	.Ldebug_ranges0:
 1176 0000 00000000 		.4byte	.LFB0
 1177 0004 20000000 		.4byte	.LFE0
 1178 0008 00000000 		.4byte	.LFB1
 1179 000c 22000000 		.4byte	.LFE1
 1180 0010 00000000 		.4byte	.LFB2
 1181 0014 14000000 		.4byte	.LFE2
 1182 0018 00000000 		.4byte	.LFB3
 1183 001c 2E000000 		.4byte	.LFE3
ARM GAS  C:\Users\Schuyler\AppData\Local\Temp\ccqUQlh0.s 			page 29


 1184 0020 00000000 		.4byte	.LFB4
 1185 0024 24000000 		.4byte	.LFE4
 1186 0028 00000000 		.4byte	.LFB5
 1187 002c 20000000 		.4byte	.LFE5
 1188 0030 00000000 		.4byte	.LFB6
 1189 0034 24000000 		.4byte	.LFE6
 1190 0038 00000000 		.4byte	.LFB7
 1191 003c 24000000 		.4byte	.LFE7
 1192 0040 00000000 		.4byte	.LFB8
 1193 0044 18000000 		.4byte	.LFE8
 1194 0048 00000000 		.4byte	.LFB9
 1195 004c 20000000 		.4byte	.LFE9
 1196 0050 00000000 		.4byte	.LFB10
 1197 0054 18000000 		.4byte	.LFE10
 1198 0058 00000000 		.4byte	.LFB11
 1199 005c 18000000 		.4byte	.LFE11
 1200 0060 00000000 		.4byte	.LFB12
 1201 0064 18000000 		.4byte	.LFE12
 1202 0068 00000000 		.4byte	0
 1203 006c 00000000 		.4byte	0
 1204              		.section	.debug_line,"",%progbits
 1205              	.Ldebug_line0:
 1206 0000 46010000 		.section	.debug_str,"MS",%progbits,1
 1206      02004400 
 1206      00000201 
 1206      FB0E0D00 
 1206      01010101 
 1207              	.LASF32:
 1208 0000 6973725F 		.ascii	"isr_1_ClearPending\000"
 1208      315F436C 
 1208      65617250 
 1208      656E6469 
 1208      6E6700
 1209              	.LASF16:
 1210 0013 72656733 		.ascii	"reg32\000"
 1210      3200
 1211              	.LASF31:
 1212 0019 6973725F 		.ascii	"isr_1_SetPending\000"
 1212      315F5365 
 1212      7450656E 
 1212      64696E67 
 1212      00
 1213              	.LASF36:
 1214 002a 6973725F 		.ascii	"isr_1_GetState\000"
 1214      315F4765 
 1214      74537461 
 1214      746500
 1215              	.LASF34:
 1216 0039 2E5C4765 		.ascii	".\\Generated_Source\\PSoC5\\isr_1.c\000"
 1216      6E657261 
 1216      7465645F 
 1216      536F7572 
 1216      63655C50 
 1217              	.LASF30:
 1218 005a 6973725F 		.ascii	"isr_1_Disable\000"
 1218      315F4469 
 1218      7361626C 
ARM GAS  C:\Users\Schuyler\AppData\Local\Temp\ccqUQlh0.s 			page 30


 1218      6500
 1219              	.LASF19:
 1220 0068 6973725F 		.ascii	"isr_1_Stop\000"
 1220      315F5374 
 1220      6F7000
 1221              	.LASF18:
 1222 0073 6973725F 		.ascii	"isr_1_Start\000"
 1222      315F5374 
 1222      61727400 
 1223              	.LASF4:
 1224 007f 73686F72 		.ascii	"short unsigned int\000"
 1224      7420756E 
 1224      7369676E 
 1224      65642069 
 1224      6E7400
 1225              	.LASF28:
 1226 0092 6973725F 		.ascii	"isr_1_GetPriority\000"
 1226      315F4765 
 1226      74507269 
 1226      6F726974 
 1226      7900
 1227              	.LASF13:
 1228 00a4 666C6F61 		.ascii	"float\000"
 1228      7400
 1229              	.LASF2:
 1230 00aa 756E7369 		.ascii	"unsigned char\000"
 1230      676E6564 
 1230      20636861 
 1230      7200
 1231              	.LASF15:
 1232 00b8 72656738 		.ascii	"reg8\000"
 1232      00
 1233              	.LASF6:
 1234 00bd 6C6F6E67 		.ascii	"long unsigned int\000"
 1234      20756E73 
 1234      69676E65 
 1234      6420696E 
 1234      7400
 1235              	.LASF11:
 1236 00cf 75696E74 		.ascii	"uint8\000"
 1236      3800
 1237              	.LASF26:
 1238 00d5 7072696F 		.ascii	"priority\000"
 1238      72697479 
 1238      00
 1239              	.LASF14:
 1240 00de 646F7562 		.ascii	"double\000"
 1240      6C6500
 1241              	.LASF25:
 1242 00e5 6973725F 		.ascii	"isr_1_SetPriority\000"
 1242      315F5365 
 1242      74507269 
 1242      6F726974 
 1242      7900
 1243              	.LASF12:
 1244 00f7 75696E74 		.ascii	"uint32\000"
 1244      333200
ARM GAS  C:\Users\Schuyler\AppData\Local\Temp\ccqUQlh0.s 			page 31


 1245              	.LASF0:
 1246 00fe 756E7369 		.ascii	"unsigned int\000"
 1246      676E6564 
 1246      20696E74 
 1246      00
 1247              	.LASF23:
 1248 010b 61646472 		.ascii	"address\000"
 1248      65737300 
 1249              	.LASF8:
 1250 0113 6C6F6E67 		.ascii	"long long unsigned int\000"
 1250      206C6F6E 
 1250      6720756E 
 1250      7369676E 
 1250      65642069 
 1251              	.LASF17:
 1252 012a 63796973 		.ascii	"cyisraddress\000"
 1252      72616464 
 1252      72657373 
 1252      00
 1253              	.LASF33:
 1254 0137 474E5520 		.ascii	"GNU C 4.8.4 20140526 (release) [ARM/embedded-4_8-br"
 1254      4320342E 
 1254      382E3420 
 1254      32303134 
 1254      30353236 
 1255 016a 616E6368 		.ascii	"anch revision 211358] -mcpu=cortex-m3 -mthumb -g -O"
 1255      20726576 
 1255      6973696F 
 1255      6E203231 
 1255      31333538 
 1256 019d 30202D66 		.ascii	"0 -ffunction-sections\000"
 1256      66756E63 
 1256      74696F6E 
 1256      2D736563 
 1256      74696F6E 
 1257              	.LASF9:
 1258 01b3 73697A65 		.ascii	"sizetype\000"
 1258      74797065 
 1258      00
 1259              	.LASF7:
 1260 01bc 6C6F6E67 		.ascii	"long long int\000"
 1260      206C6F6E 
 1260      6720696E 
 1260      7400
 1261              	.LASF29:
 1262 01ca 6973725F 		.ascii	"isr_1_Enable\000"
 1262      315F456E 
 1262      61626C65 
 1262      00
 1263              	.LASF10:
 1264 01d7 63686172 		.ascii	"char\000"
 1264      00
 1265              	.LASF24:
 1266 01dc 72616D56 		.ascii	"ramVectorTable\000"
 1266      6563746F 
 1266      72546162 
 1266      6C6500
ARM GAS  C:\Users\Schuyler\AppData\Local\Temp\ccqUQlh0.s 			page 32


 1267              	.LASF3:
 1268 01eb 73686F72 		.ascii	"short int\000"
 1268      7420696E 
 1268      7400
 1269              	.LASF27:
 1270 01f5 6973725F 		.ascii	"isr_1_GetVector\000"
 1270      315F4765 
 1270      74566563 
 1270      746F7200 
 1271              	.LASF20:
 1272 0205 6973725F 		.ascii	"isr_1_Interrupt\000"
 1272      315F496E 
 1272      74657272 
 1272      75707400 
 1273              	.LASF5:
 1274 0215 6C6F6E67 		.ascii	"long int\000"
 1274      20696E74 
 1274      00
 1275              	.LASF1:
 1276 021e 7369676E 		.ascii	"signed char\000"
 1276      65642063 
 1276      68617200 
 1277              	.LASF21:
 1278 022a 6973725F 		.ascii	"isr_1_StartEx\000"
 1278      315F5374 
 1278      61727445 
 1278      7800
 1279              	.LASF35:
 1280 0238 433A5C55 		.ascii	"C:\\Users\\Schuyler\\Documents\\PSoC Creator\\CANBu"
 1280      73657273 
 1280      5C536368 
 1280      75796C65 
 1280      725C446F 
 1281 0266 73546573 		.ascii	"sTest\\Transmitter\\Design02.cydsn\000"
 1281      745C5472 
 1281      616E736D 
 1281      69747465 
 1281      725C4465 
 1282              	.LASF22:
 1283 0287 6973725F 		.ascii	"isr_1_SetVector\000"
 1283      315F5365 
 1283      74566563 
 1283      746F7200 
 1284              		.ident	"GCC: (GNU Tools for ARM Embedded Processors) 4.8.4 20140526 (release) [ARM/embedded-4_8-br
