ARM GAS  C:\Users\Schuyler\AppData\Local\Temp\ccNS1ffd.s 			page 1


   1              		.syntax unified
   2              		.cpu cortex-m3
   3              		.fpu softvfp
   4              		.eabi_attribute 20, 1
   5              		.eabi_attribute 21, 1
   6              		.eabi_attribute 23, 3
   7              		.eabi_attribute 24, 1
   8              		.eabi_attribute 25, 1
   9              		.eabi_attribute 26, 1
  10              		.eabi_attribute 30, 6
  11              		.eabi_attribute 34, 1
  12              		.eabi_attribute 18, 4
  13              		.thumb
  14              		.file	"main.c"
  15              		.text
  16              	.Ltext0:
  17              		.cfi_sections	.debug_frame
  18              		.global	Tx_Data
  19              		.bss
  20              		.type	Tx_Data, %object
  21              		.size	Tx_Data, 1
  22              	Tx_Data:
  23 0000 00       		.space	1
  24              		.section	.text.main,"ax",%progbits
  25              		.align	2
  26              		.global	main
  27              		.thumb
  28              		.thumb_func
  29              		.type	main, %function
  30              	main:
  31              	.LFB56:
  32              		.file 1 ".\\main.c"
   1:.\main.c      **** /* ========================================
   2:.\main.c      ****  * CAN BUS Transmission Firmware
   3:.\main.c      ****  * Schuyler Alschuler (FRUCD)
   4:.\main.c      ****  * ========================================
   5:.\main.c      **** */
   6:.\main.c      **** #include <project.h>
   7:.\main.c      **** uint8 Tx_Data = 0x0;
   8:.\main.c      **** int main()
   9:.\main.c      **** {
  33              		.loc 1 9 0
  34              		.cfi_startproc
  35              		@ args = 0, pretend = 0, frame = 0
  36              		@ frame_needed = 1, uses_anonymous_args = 0
  37 0000 80B5     		push	{r7, lr}
  38              		.cfi_def_cfa_offset 8
  39              		.cfi_offset 7, -8
  40              		.cfi_offset 14, -4
  41 0002 00AF     		add	r7, sp, #0
  42              		.cfi_def_cfa_register 7
  10:.\main.c      ****  CAN_1_Start();
  43              		.loc 1 10 0
  44 0004 FFF7FEFF 		bl	CAN_1_Start
  11:.\main.c      ****  CyGlobalIntEnable;
  45              		.loc 1 11 0
  46              	@ 11 ".\main.c" 1
ARM GAS  C:\Users\Schuyler\AppData\Local\Temp\ccNS1ffd.s 			page 2


  47 0008 62B6     		CPSIE   i
  48              	@ 0 "" 2
  49              		.thumb
  50              	.L2:
  12:.\main.c      ****  for(;;) /* do forever */
  13:.\main.c      ****  {
  14:.\main.c      ****     CAN_1_SendMsg1(); // Sends message to mailboxes 0 and 1 respectively.
  51              		.loc 1 14 0 discriminator 1
  52 000a FFF7FEFF 		bl	CAN_1_SendMsg1
  15:.\main.c      ****     CAN_1_SendMsg0(); // Sends whatever data is held in Tx_Data
  53              		.loc 1 15 0 discriminator 1
  54 000e FFF7FEFF 		bl	CAN_1_SendMsg0
  16:.\main.c      ****     CyDelay(500);
  55              		.loc 1 16 0 discriminator 1
  56 0012 4FF4FA70 		mov	r0, #500
  57 0016 FFF7FEFF 		bl	CyDelay
  17:.\main.c      ****  }
  58              		.loc 1 17 0 discriminator 1
  59 001a F6E7     		b	.L2
  60              		.cfi_endproc
  61              	.LFE56:
  62              		.size	main, .-main
  63              		.text
  64              	.Letext0:
  65              		.file 2 "c:\\program files (x86)\\cypress\\psoc creator\\3.1\\psoc creator\\import\\gnu_cs\\arm\\4
  66              		.file 3 "c:\\program files (x86)\\cypress\\psoc creator\\3.1\\psoc creator\\import\\gnu_cs\\arm\\4
  67              		.file 4 ".\\Generated_Source\\PSoC5/cytypes.h"
  68              		.file 5 ".\\Generated_Source\\PSoC5/core_cm3.h"
  69              		.section	.debug_info,"",%progbits
  70              	.Ldebug_info0:
  71 0000 DC000000 		.4byte	0xdc
  72 0004 0400     		.2byte	0x4
  73 0006 00000000 		.4byte	.Ldebug_abbrev0
  74 000a 04       		.byte	0x4
  75 000b 01       		.uleb128 0x1
  76 000c 1C010000 		.4byte	.LASF18
  77 0010 01       		.byte	0x1
  78 0011 8D000000 		.4byte	.LASF19
  79 0015 B3000000 		.4byte	.LASF20
  80 0019 00000000 		.4byte	.Ldebug_ranges0+0
  81 001d 00000000 		.4byte	0
  82 0021 00000000 		.4byte	.Ldebug_line0
  83 0025 02       		.uleb128 0x2
  84 0026 01       		.byte	0x1
  85 0027 06       		.byte	0x6
  86 0028 33000000 		.4byte	.LASF0
  87 002c 02       		.uleb128 0x2
  88 002d 01       		.byte	0x1
  89 002e 08       		.byte	0x8
  90 002f 6E000000 		.4byte	.LASF1
  91 0033 02       		.uleb128 0x2
  92 0034 02       		.byte	0x2
  93 0035 05       		.byte	0x5
  94 0036 12010000 		.4byte	.LASF2
  95 003a 02       		.uleb128 0x2
  96 003b 02       		.byte	0x2
  97 003c 07       		.byte	0x7
ARM GAS  C:\Users\Schuyler\AppData\Local\Temp\ccNS1ffd.s 			page 3


  98 003d 0E000000 		.4byte	.LASF3
  99 0041 03       		.uleb128 0x3
 100 0042 02010000 		.4byte	.LASF9
 101 0046 02       		.byte	0x2
 102 0047 37       		.byte	0x37
 103 0048 4C000000 		.4byte	0x4c
 104 004c 02       		.uleb128 0x2
 105 004d 04       		.byte	0x4
 106 004e 05       		.byte	0x5
 107 004f 84000000 		.4byte	.LASF4
 108 0053 02       		.uleb128 0x2
 109 0054 04       		.byte	0x4
 110 0055 07       		.byte	0x7
 111 0056 45000000 		.4byte	.LASF5
 112 005a 02       		.uleb128 0x2
 113 005b 08       		.byte	0x8
 114 005c 05       		.byte	0x5
 115 005d 00000000 		.4byte	.LASF6
 116 0061 02       		.uleb128 0x2
 117 0062 08       		.byte	0x8
 118 0063 07       		.byte	0x7
 119 0064 57000000 		.4byte	.LASF7
 120 0068 04       		.uleb128 0x4
 121 0069 04       		.byte	0x4
 122 006a 05       		.byte	0x5
 123 006b 696E7400 		.ascii	"int\000"
 124 006f 02       		.uleb128 0x2
 125 0070 04       		.byte	0x4
 126 0071 07       		.byte	0x7
 127 0072 21000000 		.4byte	.LASF8
 128 0076 03       		.uleb128 0x3
 129 0077 98010000 		.4byte	.LASF10
 130 007b 03       		.byte	0x3
 131 007c 41       		.byte	0x41
 132 007d 41000000 		.4byte	0x41
 133 0081 03       		.uleb128 0x3
 134 0082 3F000000 		.4byte	.LASF11
 135 0086 04       		.byte	0x4
 136 0087 A1       		.byte	0xa1
 137 0088 2C000000 		.4byte	0x2c
 138 008c 02       		.uleb128 0x2
 139 008d 04       		.byte	0x4
 140 008e 04       		.byte	0x4
 141 008f 0C010000 		.4byte	.LASF12
 142 0093 02       		.uleb128 0x2
 143 0094 08       		.byte	0x8
 144 0095 04       		.byte	0x4
 145 0096 96000000 		.4byte	.LASF13
 146 009a 02       		.uleb128 0x2
 147 009b 01       		.byte	0x1
 148 009c 08       		.byte	0x8
 149 009d A0010000 		.4byte	.LASF14
 150 00a1 02       		.uleb128 0x2
 151 00a2 04       		.byte	0x4
 152 00a3 07       		.byte	0x7
 153 00a4 9D000000 		.4byte	.LASF15
 154 00a8 05       		.uleb128 0x5
ARM GAS  C:\Users\Schuyler\AppData\Local\Temp\ccNS1ffd.s 			page 4


 155 00a9 2E000000 		.4byte	.LASF21
 156 00ad 01       		.byte	0x1
 157 00ae 08       		.byte	0x8
 158 00af 68000000 		.4byte	0x68
 159 00b3 00000000 		.4byte	.LFB56
 160 00b7 1C000000 		.4byte	.LFE56-.LFB56
 161 00bb 01       		.uleb128 0x1
 162 00bc 9C       		.byte	0x9c
 163 00bd 06       		.uleb128 0x6
 164 00be A6000000 		.4byte	.LASF16
 165 00c2 05       		.byte	0x5
 166 00c3 1606     		.2byte	0x616
 167 00c5 C9000000 		.4byte	0xc9
 168 00c9 07       		.uleb128 0x7
 169 00ca 76000000 		.4byte	0x76
 170 00ce 08       		.uleb128 0x8
 171 00cf 7C000000 		.4byte	.LASF17
 172 00d3 01       		.byte	0x1
 173 00d4 07       		.byte	0x7
 174 00d5 81000000 		.4byte	0x81
 175 00d9 05       		.uleb128 0x5
 176 00da 03       		.byte	0x3
 177 00db 00000000 		.4byte	Tx_Data
 178 00df 00       		.byte	0
 179              		.section	.debug_abbrev,"",%progbits
 180              	.Ldebug_abbrev0:
 181 0000 01       		.uleb128 0x1
 182 0001 11       		.uleb128 0x11
 183 0002 01       		.byte	0x1
 184 0003 25       		.uleb128 0x25
 185 0004 0E       		.uleb128 0xe
 186 0005 13       		.uleb128 0x13
 187 0006 0B       		.uleb128 0xb
 188 0007 03       		.uleb128 0x3
 189 0008 0E       		.uleb128 0xe
 190 0009 1B       		.uleb128 0x1b
 191 000a 0E       		.uleb128 0xe
 192 000b 55       		.uleb128 0x55
 193 000c 17       		.uleb128 0x17
 194 000d 11       		.uleb128 0x11
 195 000e 01       		.uleb128 0x1
 196 000f 10       		.uleb128 0x10
 197 0010 17       		.uleb128 0x17
 198 0011 00       		.byte	0
 199 0012 00       		.byte	0
 200 0013 02       		.uleb128 0x2
 201 0014 24       		.uleb128 0x24
 202 0015 00       		.byte	0
 203 0016 0B       		.uleb128 0xb
 204 0017 0B       		.uleb128 0xb
 205 0018 3E       		.uleb128 0x3e
 206 0019 0B       		.uleb128 0xb
 207 001a 03       		.uleb128 0x3
 208 001b 0E       		.uleb128 0xe
 209 001c 00       		.byte	0
 210 001d 00       		.byte	0
 211 001e 03       		.uleb128 0x3
ARM GAS  C:\Users\Schuyler\AppData\Local\Temp\ccNS1ffd.s 			page 5


 212 001f 16       		.uleb128 0x16
 213 0020 00       		.byte	0
 214 0021 03       		.uleb128 0x3
 215 0022 0E       		.uleb128 0xe
 216 0023 3A       		.uleb128 0x3a
 217 0024 0B       		.uleb128 0xb
 218 0025 3B       		.uleb128 0x3b
 219 0026 0B       		.uleb128 0xb
 220 0027 49       		.uleb128 0x49
 221 0028 13       		.uleb128 0x13
 222 0029 00       		.byte	0
 223 002a 00       		.byte	0
 224 002b 04       		.uleb128 0x4
 225 002c 24       		.uleb128 0x24
 226 002d 00       		.byte	0
 227 002e 0B       		.uleb128 0xb
 228 002f 0B       		.uleb128 0xb
 229 0030 3E       		.uleb128 0x3e
 230 0031 0B       		.uleb128 0xb
 231 0032 03       		.uleb128 0x3
 232 0033 08       		.uleb128 0x8
 233 0034 00       		.byte	0
 234 0035 00       		.byte	0
 235 0036 05       		.uleb128 0x5
 236 0037 2E       		.uleb128 0x2e
 237 0038 00       		.byte	0
 238 0039 3F       		.uleb128 0x3f
 239 003a 19       		.uleb128 0x19
 240 003b 03       		.uleb128 0x3
 241 003c 0E       		.uleb128 0xe
 242 003d 3A       		.uleb128 0x3a
 243 003e 0B       		.uleb128 0xb
 244 003f 3B       		.uleb128 0x3b
 245 0040 0B       		.uleb128 0xb
 246 0041 49       		.uleb128 0x49
 247 0042 13       		.uleb128 0x13
 248 0043 11       		.uleb128 0x11
 249 0044 01       		.uleb128 0x1
 250 0045 12       		.uleb128 0x12
 251 0046 06       		.uleb128 0x6
 252 0047 40       		.uleb128 0x40
 253 0048 18       		.uleb128 0x18
 254 0049 9642     		.uleb128 0x2116
 255 004b 19       		.uleb128 0x19
 256 004c 00       		.byte	0
 257 004d 00       		.byte	0
 258 004e 06       		.uleb128 0x6
 259 004f 34       		.uleb128 0x34
 260 0050 00       		.byte	0
 261 0051 03       		.uleb128 0x3
 262 0052 0E       		.uleb128 0xe
 263 0053 3A       		.uleb128 0x3a
 264 0054 0B       		.uleb128 0xb
 265 0055 3B       		.uleb128 0x3b
 266 0056 05       		.uleb128 0x5
 267 0057 49       		.uleb128 0x49
 268 0058 13       		.uleb128 0x13
ARM GAS  C:\Users\Schuyler\AppData\Local\Temp\ccNS1ffd.s 			page 6


 269 0059 3F       		.uleb128 0x3f
 270 005a 19       		.uleb128 0x19
 271 005b 3C       		.uleb128 0x3c
 272 005c 19       		.uleb128 0x19
 273 005d 00       		.byte	0
 274 005e 00       		.byte	0
 275 005f 07       		.uleb128 0x7
 276 0060 35       		.uleb128 0x35
 277 0061 00       		.byte	0
 278 0062 49       		.uleb128 0x49
 279 0063 13       		.uleb128 0x13
 280 0064 00       		.byte	0
 281 0065 00       		.byte	0
 282 0066 08       		.uleb128 0x8
 283 0067 34       		.uleb128 0x34
 284 0068 00       		.byte	0
 285 0069 03       		.uleb128 0x3
 286 006a 0E       		.uleb128 0xe
 287 006b 3A       		.uleb128 0x3a
 288 006c 0B       		.uleb128 0xb
 289 006d 3B       		.uleb128 0x3b
 290 006e 0B       		.uleb128 0xb
 291 006f 49       		.uleb128 0x49
 292 0070 13       		.uleb128 0x13
 293 0071 3F       		.uleb128 0x3f
 294 0072 19       		.uleb128 0x19
 295 0073 02       		.uleb128 0x2
 296 0074 18       		.uleb128 0x18
 297 0075 00       		.byte	0
 298 0076 00       		.byte	0
 299 0077 00       		.byte	0
 300              		.section	.debug_aranges,"",%progbits
 301 0000 1C000000 		.4byte	0x1c
 302 0004 0200     		.2byte	0x2
 303 0006 00000000 		.4byte	.Ldebug_info0
 304 000a 04       		.byte	0x4
 305 000b 00       		.byte	0
 306 000c 0000     		.2byte	0
 307 000e 0000     		.2byte	0
 308 0010 00000000 		.4byte	.LFB56
 309 0014 1C000000 		.4byte	.LFE56-.LFB56
 310 0018 00000000 		.4byte	0
 311 001c 00000000 		.4byte	0
 312              		.section	.debug_ranges,"",%progbits
 313              	.Ldebug_ranges0:
 314 0000 00000000 		.4byte	.LFB56
 315 0004 1C000000 		.4byte	.LFE56
 316 0008 00000000 		.4byte	0
 317 000c 00000000 		.4byte	0
 318              		.section	.debug_line,"",%progbits
 319              	.Ldebug_line0:
 320 0000 7A010000 		.section	.debug_str,"MS",%progbits,1
 320      02005101 
 320      00000201 
 320      FB0E0D00 
 320      01010101 
 321              	.LASF6:
ARM GAS  C:\Users\Schuyler\AppData\Local\Temp\ccNS1ffd.s 			page 7


 322 0000 6C6F6E67 		.ascii	"long long int\000"
 322      206C6F6E 
 322      6720696E 
 322      7400
 323              	.LASF3:
 324 000e 73686F72 		.ascii	"short unsigned int\000"
 324      7420756E 
 324      7369676E 
 324      65642069 
 324      6E7400
 325              	.LASF8:
 326 0021 756E7369 		.ascii	"unsigned int\000"
 326      676E6564 
 326      20696E74 
 326      00
 327              	.LASF21:
 328 002e 6D61696E 		.ascii	"main\000"
 328      00
 329              	.LASF0:
 330 0033 7369676E 		.ascii	"signed char\000"
 330      65642063 
 330      68617200 
 331              	.LASF11:
 332 003f 75696E74 		.ascii	"uint8\000"
 332      3800
 333              	.LASF5:
 334 0045 6C6F6E67 		.ascii	"long unsigned int\000"
 334      20756E73 
 334      69676E65 
 334      6420696E 
 334      7400
 335              	.LASF7:
 336 0057 6C6F6E67 		.ascii	"long long unsigned int\000"
 336      206C6F6E 
 336      6720756E 
 336      7369676E 
 336      65642069 
 337              	.LASF1:
 338 006e 756E7369 		.ascii	"unsigned char\000"
 338      676E6564 
 338      20636861 
 338      7200
 339              	.LASF17:
 340 007c 54785F44 		.ascii	"Tx_Data\000"
 340      61746100 
 341              	.LASF4:
 342 0084 6C6F6E67 		.ascii	"long int\000"
 342      20696E74 
 342      00
 343              	.LASF19:
 344 008d 2E5C6D61 		.ascii	".\\main.c\000"
 344      696E2E63 
 344      00
 345              	.LASF13:
 346 0096 646F7562 		.ascii	"double\000"
 346      6C6500
 347              	.LASF15:
ARM GAS  C:\Users\Schuyler\AppData\Local\Temp\ccNS1ffd.s 			page 8


 348 009d 73697A65 		.ascii	"sizetype\000"
 348      74797065 
 348      00
 349              	.LASF16:
 350 00a6 49544D5F 		.ascii	"ITM_RxBuffer\000"
 350      52784275 
 350      66666572 
 350      00
 351              	.LASF20:
 352 00b3 433A5C55 		.ascii	"C:\\Users\\Schuyler\\Documents\\PSoC Creator\\CANBu"
 352      73657273 
 352      5C536368 
 352      75796C65 
 352      725C446F 
 353 00e1 73546573 		.ascii	"sTest\\Transmitter\\Design02.cydsn\000"
 353      745C5472 
 353      616E736D 
 353      69747465 
 353      725C4465 
 354              	.LASF9:
 355 0102 5F5F696E 		.ascii	"__int32_t\000"
 355      7433325F 
 355      7400
 356              	.LASF12:
 357 010c 666C6F61 		.ascii	"float\000"
 357      7400
 358              	.LASF2:
 359 0112 73686F72 		.ascii	"short int\000"
 359      7420696E 
 359      7400
 360              	.LASF18:
 361 011c 474E5520 		.ascii	"GNU C 4.8.4 20140526 (release) [ARM/embedded-4_8-br"
 361      4320342E 
 361      382E3420 
 361      32303134 
 361      30353236 
 362 014f 616E6368 		.ascii	"anch revision 211358] -mcpu=cortex-m3 -mthumb -g -O"
 362      20726576 
 362      6973696F 
 362      6E203231 
 362      31333538 
 363 0182 30202D66 		.ascii	"0 -ffunction-sections\000"
 363      66756E63 
 363      74696F6E 
 363      2D736563 
 363      74696F6E 
 364              	.LASF10:
 365 0198 696E7433 		.ascii	"int32_t\000"
 365      325F7400 
 366              	.LASF14:
 367 01a0 63686172 		.ascii	"char\000"
 367      00
 368              		.ident	"GCC: (GNU Tools for ARM Embedded Processors) 4.8.4 20140526 (release) [ARM/embedded-4_8-br
